Script started...
Loading data from ./dataset/Frequency_data_SK.pkl...
Filtering full chunks (15 min)...
Processing chunk: 2024-08-15 00:45:00
Chunk shape: (900, 2)
Applying Gaussian filter with sigma=60...
Scaling Factors Used:
  Omega Std: 0.007718826688835438
  dOmega/dt Std: 5.214414219383005e-05
Data saved to chunk_data.txt. Columns: theta, omega_scaled, d_omega_dt_scaled
Scaling factors saved to scaling_factors.txt
Starting AI Feynman run...
Checking for brute force + 

Trying to solve mysteries with brute force...
Trying to solve ./chunk_data.txt_train
Rejection threshold.....    10.000
Bit margin..............     0.000
Checking for brute force * 

Trying to solve mysteries with brute force...
Trying to solve ./chunk_data.txt_train
Rejection threshold.....    10.000
Bit margin..............     0.000
Checking polyfit 

Pareto frontier in the current branch:

Complexity #  MDL Loss #  Expression
44.19 28.79 0.050172271232*pi
44.58 28.55 -0.004878334642*(x1)**(-1)
56.62 28.48 0.059008427497+(x1*(x1*(-x0)))
57.58 28.39 -0.229458615315*(x1*(x0*x0))
58.85 28.16 0.027746549178+(x0*(x1-(exp(x1)-1)))
59.44 28.12 -0.834293443701*(x1*(x1*x0))
106.33 27.75 -0.330037532034*(x1+(x0*(exp(x1)-1)))

Checking for brute force + 

Trying to solve mysteries with brute force...
Trying to solve results/mystery_world_squared/chunk_data.txt_train
Rejection threshold.....    10.000
Bit margin..............     0.000
Checking for brute force * 

Trying to solve mysteries with brute force...
Trying to solve results/mystery_world_squared/chunk_data.txt_train
Rejection threshold.....    10.000
Bit margin..............     0.000
Checking polyfit 

Pareto frontier in the current branch:

Complexity #  MDL Loss #  Expression
44.19 28.79 0.050172271232*pi
44.58 28.55 -0.004878334642*(x1)**(-1)
49.75 28.43 sqrt(0.003082357575+(x1*x1))
50.8 25.42 sqrt(0.000000153292*((x1)**(-1)-1))

Checking for brute force + 

Trying to solve mysteries with brute force...
Trying to solve results/mystery_world_exp/chunk_data.txt_train
Rejection threshold.....    10.000
Bit margin..............     0.000
Checking for brute force * 

Trying to solve mysteries with brute force...
Trying to solve results/mystery_world_exp/chunk_data.txt_train
Rejection threshold.....    10.000
Bit margin..............     0.000
Checking polyfit 

Pareto frontier in the current branch:

Complexity #  MDL Loss #  Expression
44.19 28.79 0.050172271232*pi
44.58 28.55 -0.004878334642*(x1)**(-1)
49.75 28.43 sqrt(0.003082357575+(x1*x1))
50.8 25.42 sqrt(0.000000153292*((x1)**(-1)-1))

Checking for brute force + 

Trying to solve mysteries with brute force...
Trying to solve results/mystery_world_inverse/chunk_data.txt_train
Rejection threshold.....    10.000
Bit margin..............     0.000
Checking for brute force * 

Trying to solve mysteries with brute force...
Trying to solve results/mystery_world_inverse/chunk_data.txt_train
Rejection threshold.....    10.000
Bit margin..............     0.000
Checking polyfit 

Pareto frontier in the current branch:

Complexity #  MDL Loss #  Expression
44.19 28.79 0.050172271232*pi
44.58 28.55 -0.004878334642*(x1)**(-1)
49.75 28.43 sqrt(0.003082357575+(x1*x1))
50.8 25.42 sqrt(0.000000153292*((x1)**(-1)-1))

Checking for brute force + 

Trying to solve mysteries with brute force...
Trying to solve results/mystery_world_squared/chunk_data.txt_train
Rejection threshold.....    10.000
Bit margin..............     0.000
Checking for brute force * 

Trying to solve mysteries with brute force...
Trying to solve results/mystery_world_squared/chunk_data.txt_train
Rejection threshold.....    10.000
Bit margin..............     0.000
Checking polyfit 

Pareto frontier in the current branch:

Complexity #  MDL Loss #  Expression
44.19 28.79 0.050172271232*pi
44.58 28.55 -0.004878334642*(x1)**(-1)
49.75 28.43 sqrt(0.003082357575+(x1*x1))
50.8 25.42 sqrt(0.000000153292*((x1)**(-1)-1))

NN already trained 

Error(s) in loading state_dict for SimpleNet:
	size mismatch for linear1.weight: copying a param with shape torch.Size([128, 3]) from checkpoint, the shape in current model is torch.Size([128, 2]).
NN loss:  100 

Error(s) in loading state_dict for SimpleNet:
	size mismatch for linear1.weight: copying a param with shape torch.Size([128, 3]) from checkpoint, the shape in current model is torch.Size([128, 2]).
Checking for symmetries...
Error(s) in loading state_dict for SimpleNet:
	size mismatch for linear1.weight: copying a param with shape torch.Size([128, 3]) from checkpoint, the shape in current model is torch.Size([128, 2]).
Error(s) in loading state_dict for SimpleNet:
	size mismatch for linear1.weight: copying a param with shape torch.Size([128, 3]) from checkpoint, the shape in current model is torch.Size([128, 2]).
Error(s) in loading state_dict for SimpleNet:
	size mismatch for linear1.weight: copying a param with shape torch.Size([128, 3]) from checkpoint, the shape in current model is torch.Size([128, 2]).
Error(s) in loading state_dict for SimpleNet:
	size mismatch for linear1.weight: copying a param with shape torch.Size([128, 3]) from checkpoint, the shape in current model is torch.Size([128, 2]).

Checking for separabilities...
Error(s) in loading state_dict for SimpleNet:
	size mismatch for linear1.weight: copying a param with shape torch.Size([128, 3]) from checkpoint, the shape in current model is torch.Size([128, 2]).
Error(s) in loading state_dict for SimpleNet:
	size mismatch for linear1.weight: copying a param with shape torch.Size([128, 3]) from checkpoint, the shape in current model is torch.Size([128, 2]).

Checking for compositionality...

Checking for generalized symmetry...


============================= JOB FEEDBACK =============================

NodeName=uc3n002
Job ID: 2944814
Cluster: uc3
User/Group: ka_bj2362/ka_iai
State: COMPLETED (exit code 0)
Nodes: 1
Cores per node: 4
CPU Utilized: 00:05:03
CPU Efficiency: 22.68% of 00:22:16 core-walltime
Job Wall-clock time: 00:05:34
Memory Utilized: 1.43 GB
Memory Efficiency: 18.26% of 7.81 GB (1.95 GB/core)
