Loading data from ./dataset/Frequency_data_SK.pkl...
Filtering full hours...
Processing chunk: 2024-08-15 01:00:00
Chunk shape: (3600, 2)
Applying Gaussian filter with sigma=60...
Data saved to chunk_data.txt. Columns: theta, omega, t, d_omega_dt
Starting AI Feynman run...
Checking for brute force + 

Trying to solve mysteries with brute force...
Trying to solve ./chunk_data.txt_train
Rejection threshold.....    10.000
Bit margin..............     0.000
Checking for brute force * 

Trying to solve mysteries with brute force...
Trying to solve ./chunk_data.txt_train
Rejection threshold.....    10.000
Bit margin..............     0.000
Checking polyfit 

Pareto frontier in the current branch:

Complexity #  MDL Loss #  Expression
30.45 15.95 0.000003658342*pi
30.69 15.89 -0.000000643613*x0
52.32 15.27 -0.000150815722+(x0/(x1*(x0-x2)))
53.34 15.27 -0.000152811516+(x0/(pi-(x2*x1)))
57.48 15.26 -0.000152576419+(x0/(x1*((-x2)-1)))

Checking for brute force + 

Trying to solve mysteries with brute force...
Trying to solve results/mystery_world_squared/chunk_data.txt_train
Rejection threshold.....    10.000
Bit margin..............     0.000
Checking for brute force * 

Trying to solve mysteries with brute force...
Trying to solve results/mystery_world_squared/chunk_data.txt_train
Rejection threshold.....    10.000
Bit margin..............     0.000
Checking polyfit 

Pareto frontier in the current branch:

Complexity #  MDL Loss #  Expression
23.38 38.34 sqrt(-666.000000000000+sqrt(exp(exp(pi))))
30.45 15.95 0.000003658342*pi
30.69 15.89 -0.000000643613*x0
52.32 15.27 -0.000150815722+(x0/(x1*(x0-x2)))
53.34 15.27 -0.000152811516+(x0/(pi-(x2*x1)))
57.48 15.26 -0.000152576419+(x0/(x1*((-x2)-1)))
62.2 13.05 sqrt(666.000000000000*(sqrt(exp(x1)))**(-1))

Checking for brute force + 

Trying to solve mysteries with brute force...
Trying to solve results/mystery_world_exp/chunk_data.txt_train
Rejection threshold.....    10.000
Bit margin..............     0.000
Number of variables.....       3
Functions used..........          +*-/><~\RPLE
 Arity            0 : Pabc
 Arity            1 : ><~\RLE
 Arity            2 : +*-/
Loading mystery data....
        2880  rows read from file mystery.dat                                                                                                                                                                                                                                                     
Number of examples......    2880
Shuffling mystery data..
 Searching for best fit...
     15.948129294936     -2.141581247927                      P               1             0.0000         45930.6124             0.0001             0.0003             1.4827          2880.0000
     15.948129294935      4.141604234098                     P~              13             3.7004         45934.3128             0.0001             0.0003             1.4827           891.9231
     15.939940061545      0.983343629865                     b\              19             4.2479         45911.2753             0.0001             0.0003             1.4981           915.2105
     15.930555114208      0.947645981742                    Pb/              89             6.4757         45886.4745             0.0001             0.0003             1.5601           591.6068
     15.927423022075      0.870903977123                    bR\             199             7.6366         45878.6149             0.0001             0.0003             1.5902           779.4874
     15.925548131251      0.930976064423                   P>b/            1581            10.6266         45876.2052             0.0001             0.0003             1.6078           517.7008
     15.924191680762      0.869814285182                   b<R\            2343            11.1941         45872.8662             0.0001             0.0003             1.6093           672.6022
     15.922488392686     -0.137801802484                   bR\E            2915            11.5093         45868.2759             0.0001             0.0003             1.6376           726.4227
     15.922488392686     -0.137801802484                   b\RE            2939            11.5211         45868.2877             0.0001             0.0003             1.6376           729.3300
     15.832840954914      0.983358088462                  baE+\            8615            13.0726         45611.6546             0.0001             0.0003             1.6124           497.6099
     15.825160421824      1.016699138607                  aEb-\           19250            14.2326         45590.6946             0.0001             0.0003             1.5882           503.2571
     15.716239886329      0.983256710730                 bab/+\           51115            15.6415         45278.4123             0.0001             0.0003             1.6808           503.6448
     15.601093126969      1.000226495894                 bab-*\           51307            15.6469         44946.7951             0.0001             0.0003             1.8384           506.5947
     15.590803153868      0.000067508590                ccPb/+/          405104            18.6279         44920.1410             0.0187             0.9999             2.2567           513.7928
     15.268366005691     -0.000152811259                ccab/+/          405120            18.6280         43991.5221             0.0186             1.0002             1.9702           513.7899
     15.268366005691     -0.000152811259                bbac/+/          405179            18.6282         43991.5223             0.0186             1.0002             1.9702           513.7544
     15.268043272737      0.999849184776                abac-*/          405946            18.6309         43990.5956             0.0003             0.0165             1.9594           513.4747
     15.266878275911      0.999847189297                aPcb*-/          406674            18.6335         43987.2429             0.0001             0.0045             1.9514           512.9478
     15.254707841332      0.999847426001                abc~<*/          449690            18.7786         43952.3372             0.0001             0.0003             1.9759           471.8681
Checking for brute force * 

Trying to solve mysteries with brute force...
Trying to solve results/mystery_world_exp/chunk_data.txt_train
Rejection threshold.....    10.000
Bit margin..............     0.000
Checking polyfit 

Pareto frontier in the current branch:

Complexity #  MDL Loss #  Expression
23.38 38.34 sqrt(-666.000000000000+sqrt(exp(exp(pi))))
30.45 15.95 0.000003658342*pi
30.69 15.89 -0.000000643613*x0
52.32 15.27 -0.000150815722+(x0/(x1*(x0-x2)))
53.34 15.27 -0.000152811516+(x0/(pi-(x2*x1)))
57.48 15.26 -0.000152576419+(x0/(x1*((-x2)-1)))
62.2 13.05 sqrt(666.000000000000*(sqrt(exp(x1)))**(-1))

Checking for brute force + 

Trying to solve mysteries with brute force...
Trying to solve results/mystery_world_inverse/chunk_data.txt_train
Rejection threshold.....    10.000
Bit margin..............     0.000
Checking for brute force * 

Trying to solve mysteries with brute force...
Trying to solve results/mystery_world_inverse/chunk_data.txt_train
Rejection threshold.....    10.000
Bit margin..............     0.000
Checking polyfit 

Pareto frontier in the current branch:

Complexity #  MDL Loss #  Expression
13.38 44.05 1/(666.000000000000*pi)
14.38 44.05 1/(666.000000000000+pi)
16.14 44.05 1/(666.000000000000+(-x1))
23.38 38.34 sqrt(-666.000000000000+sqrt(exp(exp(pi))))
30.45 15.95 0.000003658342*pi
30.69 15.89 -0.000000643613*x0
52.32 15.27 -0.000150815722+(x0/(x1*(x0-x2)))
53.34 15.27 -0.000152811516+(x0/(pi-(x2*x1)))
57.48 15.26 -0.000152576419+(x0/(x1*((-x2)-1)))
62.2 13.05 sqrt(666.000000000000*(sqrt(exp(x1)))**(-1))

Checking for brute force + 

Trying to solve mysteries with brute force...
Trying to solve results/mystery_world_squared/chunk_data.txt_train
Rejection threshold.....    10.000
Bit margin..............     0.000
Checking for brute force * 

Trying to solve mysteries with brute force...
Trying to solve results/mystery_world_squared/chunk_data.txt_train
Rejection threshold.....    10.000
Bit margin..............     0.000
Checking polyfit 

Pareto frontier in the current branch:

Complexity #  MDL Loss #  Expression
13.38 44.05 1/(666.000000000000*pi)
14.38 44.05 1/(666.000000000000+pi)
16.14 44.05 1/(666.000000000000+(-x1))
23.38 38.34 sqrt(-666.000000000000+sqrt(exp(exp(pi))))
30.45 15.95 0.000003658342*pi
30.69 15.89 -0.000000643613*x0
52.32 15.27 -0.000150815722+(x0/(x1*(x0-x2)))
53.34 15.27 -0.000152811516+(x0/(pi-(x2*x1)))
57.48 15.26 -0.000152576419+(x0/(x1*((-x2)-1)))
62.2 13.05 sqrt(666.000000000000*(sqrt(exp(x1)))**(-1))

NN already trained 

NN loss:  tensor(164.5293, grad_fn=<DivBackward0>) 

Checking for symmetries...

Checking for separabilities...

Checking for compositionality...

Checking for generalized symmetry...
identify_decompositions ./ chunk_data.txt_train
Trying (0, 1)
(-0.12124881739284182, (0, 1))
Trying (0, 2)
(9.397940008672037, (0, 2))
Trying (1, 2)
(1.411799359791357, (1, 2))
mask [ True False  True]
Trying to solve mysteries with brute force...
Trying to solve results/gradients_gen_sym_chunk_data.txt_train
Rejection threshold.....    10.000
Bit margin..............     0.000

Generalized symmetry found
Checking for brute force + 

Trying to solve mysteries with brute force...
Trying to solve results/gen_sym/chunk_data.txt_train-gen_sym
Rejection threshold.....    10.000
Bit margin..............     0.000
Checking for brute force * 

Trying to solve mysteries with brute force...
Trying to solve results/gen_sym/chunk_data.txt_train-gen_sym
Rejection threshold.....    10.000
Bit margin..............     0.000
Checking polyfit 

Pareto frontier in the current branch:

Complexity #  MDL Loss #  Expression
30.45 15.95 0.000003658342*pi
35.85 15.95 0.000011493019*(exp(exp(x0)))**(-1)
46.35 15.94 -0.016656370304+(x1)**(-1)
49.26 15.93 0.000270401528*(x1/(x1-(x0/x1)))
50.01 15.93 -0.052354018756+(pi/x1)
50.95 15.91 0.000289219811*exp((x0/exp((pi*pi))))
61.88 15.88 -0.846401230881+sqrt(log(log(sqrt(x1))))

Checking for brute force + 

Trying to solve mysteries with brute force...
Trying to solve results/mystery_world_squared/chunk_data.txt_train-gen_sym
Rejection threshold.....    10.000
Bit margin..............     0.000
Checking for brute force * 

Trying to solve mysteries with brute force...
Trying to solve results/mystery_world_squared/chunk_data.txt_train-gen_sym
Rejection threshold.....    10.000
Bit margin..............     0.000
Checking polyfit 

Pareto frontier in the current branch:

Complexity #  MDL Loss #  Expression
23.38 38.34 sqrt(-666.000000000000+sqrt(exp(exp(pi))))
30.45 15.95 0.000003658342*pi
35.85 15.95 0.000011493019*(exp(exp(x0)))**(-1)
46.35 15.94 -0.016656370304+(x1)**(-1)
49.26 15.93 0.000270401528*(x1/(x1-(x0/x1)))
50.01 15.93 -0.052354018756+(pi/x1)
50.95 15.91 0.000289219811*exp((x0/exp((pi*pi))))
61.88 15.88 -0.846401230881+sqrt(log(log(sqrt(x1))))
62.2 13.05 sqrt(666.000000000000*(sqrt(exp(x1)))**(-1))

Checking for brute force + 

Trying to solve mysteries with brute force...
Trying to solve results/mystery_world_exp/chunk_data.txt_train-gen_sym
Rejection threshold.....    10.000
Bit margin..............     0.000
Checking for brute force * 

Trying to solve mysteries with brute force...
Trying to solve results/mystery_world_exp/chunk_data.txt_train-gen_sym
Rejection threshold.....    10.000
Bit margin..............     0.000
Checking polyfit 

Pareto frontier in the current branch:

Complexity #  MDL Loss #  Expression
23.38 38.34 sqrt(-666.000000000000+sqrt(exp(exp(pi))))
30.45 15.95 0.000003658342*pi
35.85 15.95 0.000011493019*(exp(exp(x0)))**(-1)
46.35 15.94 -0.016656370304+(x1)**(-1)
49.26 15.93 0.000270401528*(x1/(x1-(x0/x1)))
50.01 15.93 -0.052354018756+(pi/x1)
50.95 15.91 0.000289219811*exp((x0/exp((pi*pi))))
61.88 15.88 -0.846401230881+sqrt(log(log(sqrt(x1))))
62.2 13.05 sqrt(666.000000000000*(sqrt(exp(x1)))**(-1))

Checking for brute force + 

Trying to solve mysteries with brute force...
Trying to solve results/mystery_world_inverse/chunk_data.txt_train-gen_sym
Rejection threshold.....    10.000
Bit margin..............     0.000
Checking for brute force * 

Trying to solve mysteries with brute force...
Trying to solve results/mystery_world_inverse/chunk_data.txt_train-gen_sym
Rejection threshold.....    10.000
Bit margin..............     0.000
Checking polyfit 

Pareto frontier in the current branch:

Complexity #  MDL Loss #  Expression
13.38 44.05 1/(666.000000000000*pi)
14.38 44.05 1/(666.000000000000+pi)
16.14 44.05 1/(666.000000000000+(-x1))
23.38 38.34 sqrt(-666.000000000000+sqrt(exp(exp(pi))))
30.45 15.95 0.000003658342*pi
35.85 15.95 0.000011493019*(exp(exp(x0)))**(-1)
46.35 15.94 -0.016656370304+(x1)**(-1)
49.26 15.93 0.000270401528*(x1/(x1-(x0/x1)))
50.01 15.93 -0.052354018756+(pi/x1)
50.95 15.91 0.000289219811*exp((x0/exp((pi*pi))))
61.88 15.88 -0.846401230881+sqrt(log(log(sqrt(x1))))
62.2 13.05 sqrt(666.000000000000*(sqrt(exp(x1)))**(-1))

Checking for brute force + 

Trying to solve mysteries with brute force...
Trying to solve results/mystery_world_squared/chunk_data.txt_train-gen_sym
Rejection threshold.....    10.000
Bit margin..............     0.000
Checking for brute force * 

Trying to solve mysteries with brute force...
Trying to solve results/mystery_world_squared/chunk_data.txt_train-gen_sym
Rejection threshold.....    10.000
Bit margin..............     0.000
Checking polyfit 

Pareto frontier in the current branch:

Complexity #  MDL Loss #  Expression
13.38 44.05 1/(666.000000000000*pi)
14.38 44.05 1/(666.000000000000+pi)
16.14 44.05 1/(666.000000000000+(-x1))
23.38 38.34 sqrt(-666.000000000000+sqrt(exp(exp(pi))))
30.45 15.95 0.000003658342*pi
35.85 15.95 0.000011493019*(exp(exp(x0)))**(-1)
46.35 15.94 -0.016656370304+(x1)**(-1)
49.26 15.93 0.000270401528*(x1/(x1-(x0/x1)))
50.01 15.93 -0.052354018756+(pi/x1)
50.95 15.91 0.000289219811*exp((x0/exp((pi*pi))))
61.88 15.88 -0.846401230881+sqrt(log(log(sqrt(x1))))
62.2 13.05 sqrt(666.000000000000*(sqrt(exp(x1)))**(-1))

NN already trained 

NN loss:  tensor(4.4074, grad_fn=<DivBackward0>) 

Checking for symmetries...

Checking for separabilities...

Checking for compositionality...

Checking for generalized symmetry...

Translational symmetry found for variables: 0 1
Checking for brute force + 

Trying to solve mysteries with brute force...
Trying to solve results/translated_data_plus/chunk_data.txt_train-gen_sym-translated_plus
Rejection threshold.....    10.000
Bit margin..............     0.000
Checking for brute force * 

Trying to solve mysteries with brute force...
Trying to solve results/translated_data_plus/chunk_data.txt_train-gen_sym-translated_plus
Rejection threshold.....    10.000
Bit margin..............     0.000
Checking polyfit 

Pareto frontier in the current branch:

Complexity #  MDL Loss #  Expression
17.72 44.19 -666.000000000000+exp((pi*pi))
30.45 15.95 0.000003658342*pi
40.51 15.93 -0.000003812268+(x0/(x0-exp(exp(pi))))
44.71 15.92 0.000003848779*(x0*(x0/exp(exp(pi))))
46.9 15.9 0.000017499102+((x0+exp((pi*pi))))**(-1)
48.05 15.87 -0.000029194683+(x0/(-exp((exp(pi)-1))))

Checking for brute force + 

Trying to solve mysteries with brute force...
Trying to solve results/mystery_world_squared/chunk_data.txt_train-gen_sym-translated_plus
Rejection threshold.....    10.000
Bit margin..............     0.000
Checking for brute force * 

Trying to solve mysteries with brute force...
Trying to solve results/mystery_world_squared/chunk_data.txt_train-gen_sym-translated_plus
Rejection threshold.....    10.000
Bit margin..............     0.000
Checking polyfit 

Pareto frontier in the current branch:

Complexity #  MDL Loss #  Expression
0.0 2.72 sqrt(-666.000000000000*((x0-(x0+sqrt(pi)))+sqrt(pi)))

Checking for brute force + 

Trying to solve mysteries with brute force...
Trying to solve results/mystery_world_exp/chunk_data.txt_train-gen_sym-translated_plus
Rejection threshold.....    10.000
Bit margin..............     0.000
Checking for brute force * 

Trying to solve mysteries with brute force...
Trying to solve results/mystery_world_exp/chunk_data.txt_train-gen_sym-translated_plus
Rejection threshold.....    10.000
Bit margin..............     0.000
Checking polyfit 

Pareto frontier in the current branch:

Complexity #  MDL Loss #  Expression
0.0 2.72 sqrt(-666.000000000000*((x0-(x0+sqrt(pi)))+sqrt(pi)))

Checking for brute force + 

Trying to solve mysteries with brute force...
Trying to solve results/mystery_world_inverse/chunk_data.txt_train-gen_sym-translated_plus
Rejection threshold.....    10.000
Bit margin..............     0.000
Checking for brute force * 

Trying to solve mysteries with brute force...
Trying to solve results/mystery_world_inverse/chunk_data.txt_train-gen_sym-translated_plus
Rejection threshold.....    10.000
Bit margin..............     0.000
Checking polyfit 

Pareto frontier in the current branch:

Complexity #  MDL Loss #  Expression
0.0 2.72 sqrt(-666.000000000000*((x0-(x0+sqrt(pi)))+sqrt(pi)))

Checking for brute force + 

Trying to solve mysteries with brute force...
Trying to solve results/mystery_world_squared/chunk_data.txt_train-gen_sym-translated_plus
Rejection threshold.....    10.000
Bit margin..............     0.000
Checking for brute force * 

Trying to solve mysteries with brute force...
Trying to solve results/mystery_world_squared/chunk_data.txt_train-gen_sym-translated_plus
Rejection threshold.....    10.000
Bit margin..............     0.000
Checking polyfit 

Pareto frontier in the current branch:

Complexity #  MDL Loss #  Expression
0.0 2.72 sqrt(-666.000000000000*((x0-(x0+sqrt(pi)))+sqrt(pi)))

Just one variable!
Checking for symmetries...
chunk_data.txt_train-gen_sym-translated_plus just one variable for ADD 

chunk_data.txt_train-gen_sym-translated_plus just one variable for ADD 

chunk_data.txt_train-gen_sym-translated_plus just one variable for ADD 

chunk_data.txt_train-gen_sym-translated_plus just one variable for ADD 


Checking for separabilities...
chunk_data.txt_train-gen_sym-translated_plus just one variable for ADD
chunk_data.txt_train-gen_sym-translated_plus just one variable for ADD

Checking for compositionality...

Checking for generalized symmetry...


============================= JOB FEEDBACK =============================

NodeName=uc3n004
Job ID: 2627916
Cluster: uc3
User/Group: ka_bj2362/ka_iai
State: COMPLETED (exit code 0)
Nodes: 1
Cores per node: 4
CPU Utilized: 00:40:12
CPU Efficiency: 24.31% of 02:45:20 core-walltime
Job Wall-clock time: 00:41:20
Memory Utilized: 1.40 GB
Memory Efficiency: 17.92% of 7.81 GB (1.95 GB/core)
