Rejection threshold.....    10.000
Bit margin..............     0.000
Rejection threshold.....    10.000
Bit margin..............     0.000
Rejection threshold.....    10.000
Bit margin..............     0.000
Rejection threshold.....    10.000
Bit margin..............     0.000
Rejection threshold.....    10.000
Bit margin..............     0.000
Rejection threshold.....    10.000
Bit margin..............     0.000
Rejection threshold.....    10.000
Bit margin..............     0.000
Rejection threshold.....    10.000
Bit margin..............     0.000
Rejection threshold.....    10.000
Bit margin..............     0.000
Rejection threshold.....    10.000
Bit margin..............     0.000
Rejection threshold.....    10.000
Bit margin..............     0.000
Rejection threshold.....    10.000
Bit margin..............     0.000
Rejection threshold.....    10.000
Bit margin..............     0.000
Rejection threshold.....    10.000
Bit margin..............     0.000
Rejection threshold.....    10.000
Bit margin..............     0.000
Rejection threshold.....    10.000
Bit margin..............     0.000
Rejection threshold.....    10.000
Bit margin..............     0.000
Rejection threshold.....    10.000
Bit margin..............     0.000
Rejection threshold.....    10.000
Bit margin..............     0.000
Rejection threshold.....    10.000
Bit margin..............     0.000
Rejection threshold.....    10.000
Bit margin..............     0.000
Rejection threshold.....    10.000
Bit margin..............     0.000
Rejection threshold.....    10.000
Bit margin..............     0.000
Rejection threshold.....    10.000
Bit margin..............     0.000
Rejection threshold.....    10.000
Bit margin..............     0.000
Rejection threshold.....    10.000
Bit margin..............     0.000
Rejection threshold.....    10.000
Bit margin..............     0.000
Rejection threshold.....    10.000
Bit margin..............     0.000
Rejection threshold.....    10.000
Bit margin..............     0.000
Rejection threshold.....    10.000
Bit margin..............     0.000
Rejection threshold.....    10.000
Bit margin..............     0.000
Loading data from ./dataset/Frequency_data_SK.pkl...
Filtering full hours...
Processing chunk: 2024-08-15 01:00:00
Chunk shape: (3600, 2)
Applying Gaussian filter with sigma=60...
Data saved to chunk_data.txt. Columns: theta, omega, t, d_omega_dt
Starting AI Feynman run...
Checking for brute force + 

Trying to solve mysteries with brute force...
Trying to solve ./chunk_data.txt_train
Checking for brute force * 

Trying to solve mysteries with brute force...
Trying to solve ./chunk_data.txt_train
Checking polyfit 

Pareto frontier in the current branch:

Complexity #  MDL Loss #  Expression
30.3 15.93 0.000003296319*pi
30.58 15.88 0.000000592461*(-x0)
43.5 15.64 0.000060813379+(x1/((x0/x1)+1))
43.99 15.51 0.000085127876*log(log(log((pi-x0))))

Checking for brute force + 

Trying to solve mysteries with brute force...
Trying to solve results/mystery_world_squared/chunk_data.txt_train
Checking for brute force * 

Trying to solve mysteries with brute force...
Trying to solve results/mystery_world_squared/chunk_data.txt_train
Checking polyfit 

Pareto frontier in the current branch:

Complexity #  MDL Loss #  Expression
22.97 37.09 sqrt(-666.000000000000+exp((pi*pi)))
30.3 15.93 0.000003296319*pi
30.58 15.88 0.000000592461*(-x0)
43.5 15.64 0.000060813379+(x1/((x0/x1)+1))
43.99 15.51 0.000085127876*log(log(log((pi-x0))))

Checking for brute force + 

Trying to solve mysteries with brute force...
Trying to solve results/mystery_world_exp/chunk_data.txt_train
Checking for brute force * 

Trying to solve mysteries with brute force...
Trying to solve results/mystery_world_exp/chunk_data.txt_train
Checking polyfit 

Pareto frontier in the current branch:

Complexity #  MDL Loss #  Expression
22.97 37.09 sqrt(-666.000000000000+exp((pi*pi)))
29.95 30.0 log(1.000010355747*(x1/((x1+1)-1)))
30.3 15.93 0.000003296319*pi
30.58 15.88 0.000000592461*(-x0)
43.5 15.64 0.000060813379+(x1/((x0/x1)+1))
43.99 15.51 0.000085127876*log(log(log((pi-x0))))

Checking for brute force + 

Trying to solve mysteries with brute force...
Trying to solve results/mystery_world_inverse/chunk_data.txt_train
Checking for brute force * 

Trying to solve mysteries with brute force...
Trying to solve results/mystery_world_inverse/chunk_data.txt_train
Checking polyfit 

Pareto frontier in the current branch:

Complexity #  MDL Loss #  Expression
13.38 44.06 1/(666.000000000000*pi)
14.38 44.06 1/(666.000000000000+pi)
16.13 44.06 1/(666.000000000000*exp(x1))
18.14 44.06 1/(666.000000000000+(pi/x1))
22.97 37.09 sqrt(-666.000000000000+exp((pi*pi)))
29.95 30.0 log(1.000010355747*(x1/((x1+1)-1)))
30.3 15.93 0.000003296319*pi
30.58 15.88 0.000000592461*(-x0)
43.5 15.64 0.000060813379+(x1/((x0/x1)+1))
43.99 15.51 0.000085127876*log(log(log((pi-x0))))

Checking for brute force + 

Trying to solve mysteries with brute force...
Trying to solve results/mystery_world_squared/chunk_data.txt_train
Checking for brute force * 

Trying to solve mysteries with brute force...
Trying to solve results/mystery_world_squared/chunk_data.txt_train
Checking polyfit 

Pareto frontier in the current branch:

Complexity #  MDL Loss #  Expression
13.38 44.06 1/(666.000000000000*pi)
14.38 44.06 1/(666.000000000000+pi)
16.13 44.06 1/(666.000000000000*exp(x1))
18.14 44.06 1/(666.000000000000+(pi/x1))
22.97 37.09 sqrt(-666.000000000000+exp((pi*pi)))
29.95 30.0 log(1.000010355747*(x1/((x1+1)-1)))
30.3 15.93 0.000003296319*pi
30.58 15.88 0.000000592461*(-x0)
43.5 15.64 0.000060813379+(x1/((x0/x1)+1))
43.99 15.51 0.000085127876*log(log(log((pi-x0))))

NN already trained 

NN loss:  tensor(1.5266, grad_fn=<DivBackward0>) 

Checking for symmetries...

Checking for separabilities...

Checking for compositionality...

Checking for generalized symmetry...
identify_decompositions ./ chunk_data.txt_train
Trying (0, 1)
(-0.1756997133235877, (0, 1))
Trying (0, 2)
(9.397940008672037, (0, 2))
Trying (1, 2)
(2.1765966677006743, (1, 2))
mask [ True False  True]
Trying to solve mysteries with brute force...
Trying to solve results/gradients_gen_sym_chunk_data.txt_train

Translational symmetry found for variables: 1 2
Checking for brute force + 

Trying to solve mysteries with brute force...
Trying to solve results/translated_data_divide/chunk_data.txt_train-translated_divide
Checking for brute force * 

Trying to solve mysteries with brute force...
Trying to solve results/translated_data_divide/chunk_data.txt_train-translated_divide
Checking polyfit 

Pareto frontier in the current branch:

Complexity #  MDL Loss #  Expression
25.99 46.68 -666.000000000000+sqrt((exp(exp(pi))-x0))
30.3 15.93 0.000003296319*pi
30.58 15.88 0.000000592461*(-x0)
43.99 15.51 0.000085127876*log(log(log((pi-x0))))
83.36 15.49 0.000023507899*((pi*(pi/(x0-1)))+1)

Checking for brute force + 

Trying to solve mysteries with brute force...
Trying to solve results/mystery_world_squared/chunk_data.txt_train-translated_divide
Checking for brute force * 

Trying to solve mysteries with brute force...
Trying to solve results/mystery_world_squared/chunk_data.txt_train-translated_divide
Checking polyfit 

Pareto frontier in the current branch:

Complexity #  MDL Loss #  Expression
0.0 2.71 sqrt(-666.000000000000*((x0/(x0/(pi*(pi)**(-1))))-1))

Checking for brute force + 

Trying to solve mysteries with brute force...
Trying to solve results/mystery_world_exp/chunk_data.txt_train-translated_divide
Checking for brute force * 

Trying to solve mysteries with brute force...
Trying to solve results/mystery_world_exp/chunk_data.txt_train-translated_divide
Checking polyfit 

Pareto frontier in the current branch:

Complexity #  MDL Loss #  Expression
0.0 2.71 sqrt(-666.000000000000*((x0/(x0/(pi*(pi)**(-1))))-1))

Checking for brute force + 

Trying to solve mysteries with brute force...
Trying to solve results/mystery_world_inverse/chunk_data.txt_train-translated_divide
Checking for brute force * 

Trying to solve mysteries with brute force...
Trying to solve results/mystery_world_inverse/chunk_data.txt_train-translated_divide
Checking polyfit 

Pareto frontier in the current branch:

Complexity #  MDL Loss #  Expression
0.0 2.71 sqrt(-666.000000000000*((x0/(x0/(pi*(pi)**(-1))))-1))

Checking for brute force + 

Trying to solve mysteries with brute force...
Trying to solve results/mystery_world_squared/chunk_data.txt_train-translated_divide
Checking for brute force * 

Trying to solve mysteries with brute force...
Trying to solve results/mystery_world_squared/chunk_data.txt_train-translated_divide
Checking polyfit 

Pareto frontier in the current branch:

Complexity #  MDL Loss #  Expression
0.0 2.71 sqrt(-666.000000000000*((x0/(x0/(pi*(pi)**(-1))))-1))

NN already trained 

NN loss:  tensor(nan, grad_fn=<DivBackward0>) 

Checking for symmetries...

Checking for separabilities...

Checking for compositionality...

Checking for generalized symmetry...

Translational symmetry found for variables: -1 -1
Checking for brute force + 

Trying to solve mysteries with brute force...
Trying to solve results/translated_data_plus/chunk_data.txt_train-translated_divide-translated_plus
Checking for brute force * 

Trying to solve mysteries with brute force...
Trying to solve results/translated_data_plus/chunk_data.txt_train-translated_divide-translated_plus
Checking polyfit 

Pareto frontier in the current branch:

Complexity #  MDL Loss #  Expression
16.38 58.85 -666.000000000000+exp((exp(pi)-pi))
18.14 46.68 -666.000000000000+sqrt(exp(exp(pi)))
21.97 45.66 -666.000000000000+exp(((pi*pi)+1))
30.3 15.93 0.000003296319*pi
30.58 15.88 0.000000592461*(-x0)
43.99 15.51 0.000085127876*log(log(log((pi-x0))))
82.98 15.43 -0.000069075257*((pi/sqrt(((-x0)+1)))-1)

Checking for brute force + 

Trying to solve mysteries with brute force...
Trying to solve results/mystery_world_squared/chunk_data.txt_train-translated_divide-translated_plus
Checking for brute force * 

Trying to solve mysteries with brute force...
Trying to solve results/mystery_world_squared/chunk_data.txt_train-translated_divide-translated_plus
Checking polyfit 

Pareto frontier in the current branch:

Complexity #  MDL Loss #  Expression
0.0 2.71 sqrt(-666.000000000000*((x0/(x0/(pi*(pi)**(-1))))-1))

Checking for brute force + 

Trying to solve mysteries with brute force...
Trying to solve results/mystery_world_exp/chunk_data.txt_train-translated_divide-translated_plus
Checking for brute force * 

Trying to solve mysteries with brute force...
Trying to solve results/mystery_world_exp/chunk_data.txt_train-translated_divide-translated_plus
Checking polyfit 

Pareto frontier in the current branch:

Complexity #  MDL Loss #  Expression
0.0 2.71 sqrt(-666.000000000000*((x0/(x0/(pi*(pi)**(-1))))-1))

Checking for brute force + 

Trying to solve mysteries with brute force...
Trying to solve results/mystery_world_inverse/chunk_data.txt_train-translated_divide-translated_plus
Checking for brute force * 

Trying to solve mysteries with brute force...
Trying to solve results/mystery_world_inverse/chunk_data.txt_train-translated_divide-translated_plus
Checking polyfit 

Pareto frontier in the current branch:

Complexity #  MDL Loss #  Expression
0.0 2.71 sqrt(-666.000000000000*((x0/(x0/(pi*(pi)**(-1))))-1))

Checking for brute force + 

Trying to solve mysteries with brute force...
Trying to solve results/mystery_world_squared/chunk_data.txt_train-translated_divide-translated_plus
Checking for brute force * 

Trying to solve mysteries with brute force...
Trying to solve results/mystery_world_squared/chunk_data.txt_train-translated_divide-translated_plus
Checking polyfit 

Pareto frontier in the current branch:

Complexity #  MDL Loss #  Expression
0.0 2.71 sqrt(-666.000000000000*((x0/(x0/(pi*(pi)**(-1))))-1))

Just one variable!
Checking for symmetries...
chunk_data.txt_train-translated_divide-translated_plus just one variable for ADD 

chunk_data.txt_train-translated_divide-translated_plus just one variable for ADD 

chunk_data.txt_train-translated_divide-translated_plus just one variable for ADD 

chunk_data.txt_train-translated_divide-translated_plus just one variable for ADD 


Checking for separabilities...
chunk_data.txt_train-translated_divide-translated_plus just one variable for ADD
chunk_data.txt_train-translated_divide-translated_plus just one variable for ADD

Checking for compositionality...

Checking for generalized symmetry...


============================= JOB FEEDBACK =============================

NodeName=uc3n001
Job ID: 2599619
Cluster: uc3
User/Group: ka_bj2362/ka_iai
State: COMPLETED (exit code 0)
Nodes: 1
Cores per node: 4
CPU Utilized: 00:40:04
CPU Efficiency: 24.41% of 02:44:08 core-walltime
Job Wall-clock time: 00:41:02
Memory Utilized: 1.29 GB
Memory Efficiency: 16.46% of 7.81 GB (1.95 GB/core)
