Script started...
Loading data from ./dataset/Frequency_data_SK.pkl...
Filtering full hours...
Processing chunk: 2024-08-15 01:00:00
Chunk shape: (3600, 2)
Applying Gaussian filter with sigma=60...
Data saved to chunk_data.txt. Columns: theta, omega, t, d_omega_dt
Starting AI Feynman run...
Checking for brute force + 

Trying to solve mysteries with brute force...
Trying to solve ./chunk_data.txt_train
Rejection threshold.....    10.000
Bit margin..............     0.000
Checking for brute force * 

Trying to solve mysteries with brute force...
Trying to solve ./chunk_data.txt_train
Rejection threshold.....    10.000
Bit margin..............     0.000
Checking polyfit 

Pareto frontier in the current branch:

Complexity #  MDL Loss #  Expression
30.54 15.91 0.000003905738*pi
30.84 15.85 -0.000000709632*x0
43.51 15.6 0.000061364910+(x1/((x0/x1)+1))
52.84 15.55 -0.000053934124*log((pi/sqrt((-x0))))

Checking for brute force + 

Trying to solve mysteries with brute force...
Trying to solve results/mystery_world_squared/chunk_data.txt_train
Rejection threshold.....    10.000
Bit margin..............     0.000
Checking for brute force * 

Trying to solve mysteries with brute force...
Trying to solve results/mystery_world_squared/chunk_data.txt_train
Rejection threshold.....    10.000
Bit margin..............     0.000
Checking polyfit 

Pareto frontier in the current branch:

Complexity #  MDL Loss #  Expression
22.97 37.09 sqrt(-666.000000000000+exp((pi*pi)))
30.54 15.91 0.000003905738*pi
30.84 15.85 -0.000000709632*x0
43.51 15.6 0.000061364910+(x1/((x0/x1)+1))
52.84 15.55 -0.000053934124*log((pi/sqrt((-x0))))

Checking for brute force + 

Trying to solve mysteries with brute force...
Trying to solve results/mystery_world_exp/chunk_data.txt_train
Rejection threshold.....    10.000
Bit margin..............     0.000
Checking for brute force * 

Trying to solve mysteries with brute force...
Trying to solve results/mystery_world_exp/chunk_data.txt_train
Rejection threshold.....    10.000
Bit margin..............     0.000
Checking polyfit 

Pareto frontier in the current branch:

Complexity #  MDL Loss #  Expression
22.97 37.09 sqrt(-666.000000000000+exp((pi*pi)))
30.19 30.0 log(-1.000012290945*(x1-(x1+1)))
30.54 15.91 0.000003905738*pi
30.84 15.85 -0.000000709632*x0
43.51 15.6 0.000061364910+(x1/((x0/x1)+1))
52.84 15.55 -0.000053934124*log((pi/sqrt((-x0))))

Checking for brute force + 

Trying to solve mysteries with brute force...
Trying to solve results/mystery_world_inverse/chunk_data.txt_train
Rejection threshold.....    10.000
Bit margin..............     0.000
Checking for brute force * 

Trying to solve mysteries with brute force...
Trying to solve results/mystery_world_inverse/chunk_data.txt_train
Rejection threshold.....    10.000
Bit margin..............     0.000
Checking polyfit 

Pareto frontier in the current branch:

Complexity #  MDL Loss #  Expression
13.38 44.05 1/(666.000000000000*pi)
14.38 44.05 1/(666.000000000000+pi)
22.97 37.09 sqrt(-666.000000000000+exp((pi*pi)))
30.19 30.0 log(-1.000012290945*(x1-(x1+1)))
30.54 15.91 0.000003905738*pi
30.84 15.85 -0.000000709632*x0
43.51 15.6 0.000061364910+(x1/((x0/x1)+1))
52.84 15.55 -0.000053934124*log((pi/sqrt((-x0))))

Checking for brute force + 

Trying to solve mysteries with brute force...
Trying to solve results/mystery_world_squared/chunk_data.txt_train
Rejection threshold.....    10.000
Bit margin..............     0.000
Checking for brute force * 

Trying to solve mysteries with brute force...
Trying to solve results/mystery_world_squared/chunk_data.txt_train
Rejection threshold.....    10.000
Bit margin..............     0.000
Checking polyfit 

Pareto frontier in the current branch:

Complexity #  MDL Loss #  Expression
13.38 44.05 1/(666.000000000000*pi)
14.38 44.05 1/(666.000000000000+pi)
22.97 37.09 sqrt(-666.000000000000+exp((pi*pi)))
30.19 30.0 log(-1.000012290945*(x1-(x1+1)))
30.54 15.91 0.000003905738*pi
30.84 15.85 -0.000000709632*x0
43.51 15.6 0.000061364910+(x1/((x0/x1)+1))
52.84 15.55 -0.000053934124*log((pi/sqrt((-x0))))

NN already trained 

NN loss:  tensor(1.2715, grad_fn=<DivBackward0>) 

Checking for symmetries...

Checking for separabilities...

Checking for compositionality...

Checking for generalized symmetry...
identify_decompositions ./ chunk_data.txt_train
Trying (0, 1)
(-0.1985817398201395, (0, 1))
Trying (0, 2)
(9.397940008672037, (0, 2))
Trying (1, 2)
(2.1669909087706376, (1, 2))
mask [ True False  True]
Trying to solve mysteries with brute force...
Trying to solve results/gradients_gen_sym_chunk_data.txt_train
Rejection threshold.....    10.000
Bit margin..............     0.000

Generalized symmetry found
Checking for brute force + 

Trying to solve mysteries with brute force...
Trying to solve results/gen_sym/chunk_data.txt_train-gen_sym
Rejection threshold.....    10.000
Bit margin..............     0.000
Checking for brute force * 

Trying to solve mysteries with brute force...
Trying to solve results/gen_sym/chunk_data.txt_train-gen_sym
Rejection threshold.....    10.000
Bit margin..............     0.000
Checking polyfit 

Pareto frontier in the current branch:

Complexity #  MDL Loss #  Expression
30.54 15.91 0.000003905738*pi
38.64 15.9 0.001072199792*x0
38.65 15.9 -0.001075298345*(-x0)
39.71 15.32 -0.000110812521+(x0*x0)
41.14 15.32 -0.000112034999+(x0/((x0)**(-1)-1))
48.35 15.22 -0.000219292314+(x0/exp((sqrt(exp(pi))-1)))
58.76 15.22 -0.148851493054+(((pi*(pi-1))-x0))**(-1)
68.99 15.22 -0.978373428049+sqrt((((x0-1)/exp(pi))+1))

Checking for brute force + 

Trying to solve mysteries with brute force...
Trying to solve results/mystery_world_squared/chunk_data.txt_train-gen_sym
Rejection threshold.....    10.000
Bit margin..............     0.000
Checking for brute force * 

Trying to solve mysteries with brute force...
Trying to solve results/mystery_world_squared/chunk_data.txt_train-gen_sym
Rejection threshold.....    10.000
Bit margin..............     0.000
Checking polyfit 

Pareto frontier in the current branch:

Complexity #  MDL Loss #  Expression
22.97 37.09 sqrt(-666.000000000000+exp((pi*pi)))
30.54 15.91 0.000003905738*pi
38.64 15.9 0.001072199792*x0
38.65 15.9 -0.001075298345*(-x0)
39.71 15.32 -0.000110812521+(x0*x0)
41.14 15.32 -0.000112034999+(x0/((x0)**(-1)-1))
48.35 15.22 -0.000219292314+(x0/exp((sqrt(exp(pi))-1)))
58.76 15.22 -0.148851493054+(((pi*(pi-1))-x0))**(-1)
68.99 15.22 -0.978373428049+sqrt((((x0-1)/exp(pi))+1))

Checking for brute force + 

Trying to solve mysteries with brute force...
Trying to solve results/mystery_world_exp/chunk_data.txt_train-gen_sym
Rejection threshold.....    10.000
Bit margin..............     0.000
Checking for brute force * 

Trying to solve mysteries with brute force...
Trying to solve results/mystery_world_exp/chunk_data.txt_train-gen_sym
Rejection threshold.....    10.000
Bit margin..............     0.000
Checking polyfit 

Pareto frontier in the current branch:

Complexity #  MDL Loss #  Expression
22.97 37.09 sqrt(-666.000000000000+exp((pi*pi)))
30.54 15.91 0.000003905738*pi
38.64 15.9 0.001072199792*x0
38.65 15.9 -0.001075298345*(-x0)
39.71 15.32 -0.000110812521+(x0*x0)
41.14 15.32 -0.000112034999+(x0/((x0)**(-1)-1))
48.35 15.22 -0.000219292314+(x0/exp((sqrt(exp(pi))-1)))
58.76 15.22 -0.148851493054+(((pi*(pi-1))-x0))**(-1)
68.99 15.22 -0.978373428049+sqrt((((x0-1)/exp(pi))+1))

Checking for brute force + 

Trying to solve mysteries with brute force...
Trying to solve results/mystery_world_inverse/chunk_data.txt_train-gen_sym
Rejection threshold.....    10.000
Bit margin..............     0.000
Checking for brute force * 

Trying to solve mysteries with brute force...
Trying to solve results/mystery_world_inverse/chunk_data.txt_train-gen_sym
Rejection threshold.....    10.000
Bit margin..............     0.000
Checking polyfit 

Pareto frontier in the current branch:

Complexity #  MDL Loss #  Expression
13.38 44.05 1/(666.000000000000*pi)
14.38 44.05 1/(666.000000000000+pi)
16.14 44.05 1/(666.000000000000+(-x0))
22.97 37.09 sqrt(-666.000000000000+exp((pi*pi)))
30.54 15.91 0.000003905738*pi
38.64 15.9 0.001072199792*x0
38.65 15.9 -0.001075298345*(-x0)
39.71 15.32 -0.000110812521+(x0*x0)
41.14 15.32 -0.000112034999+(x0/((x0)**(-1)-1))
48.35 15.22 -0.000219292314+(x0/exp((sqrt(exp(pi))-1)))
58.76 15.22 -0.148851493054+(((pi*(pi-1))-x0))**(-1)
68.99 15.22 -0.978373428049+sqrt((((x0-1)/exp(pi))+1))

Checking for brute force + 

Trying to solve mysteries with brute force...
Trying to solve results/mystery_world_squared/chunk_data.txt_train-gen_sym
Rejection threshold.....    10.000
Bit margin..............     0.000
Checking for brute force * 

Trying to solve mysteries with brute force...
Trying to solve results/mystery_world_squared/chunk_data.txt_train-gen_sym
Rejection threshold.....    10.000
Bit margin..............     0.000
Checking polyfit 

Pareto frontier in the current branch:

Complexity #  MDL Loss #  Expression
13.38 44.05 1/(666.000000000000*pi)
14.38 44.05 1/(666.000000000000+pi)
16.14 44.05 1/(666.000000000000+(-x0))
22.97 37.09 sqrt(-666.000000000000+exp((pi*pi)))
30.54 15.91 0.000003905738*pi
38.64 15.9 0.001072199792*x0
38.65 15.9 -0.001075298345*(-x0)
39.71 15.32 -0.000110812521+(x0*x0)
41.14 15.32 -0.000112034999+(x0/((x0)**(-1)-1))
48.35 15.22 -0.000219292314+(x0/exp((sqrt(exp(pi))-1)))
58.76 15.22 -0.148851493054+(((pi*(pi-1))-x0))**(-1)
68.99 15.22 -0.978373428049+sqrt((((x0-1)/exp(pi))+1))

NN already trained 

NN loss:  tensor(11.5781, grad_fn=<DivBackward0>) 

Checking for symmetries...

Checking for separabilities...

Checking for compositionality...

Checking for generalized symmetry...

Translational symmetry found for variables: 0 1
Checking for brute force + 

Trying to solve mysteries with brute force...
Trying to solve results/translated_data_plus/chunk_data.txt_train-gen_sym-translated_plus
Rejection threshold.....    10.000
Bit margin..............     0.000
Checking for brute force * 

Trying to solve mysteries with brute force...
Trying to solve results/translated_data_plus/chunk_data.txt_train-gen_sym-translated_plus
Rejection threshold.....    10.000
Bit margin..............     0.000
Checking polyfit 

Pareto frontier in the current branch:

Complexity #  MDL Loss #  Expression
17.72 44.19 -666.000000000000+exp((pi*pi))
21.67 15.89 0.001361073204*(x0*exp((x0+x0)))
49.38 15.73 -0.000048793207+(x0*(x0/sqrt(exp(pi))))

Checking for brute force + 

Trying to solve mysteries with brute force...
Trying to solve results/mystery_world_squared/chunk_data.txt_train-gen_sym-translated_plus
Rejection threshold.....    10.000
Bit margin..............     0.000
Checking for brute force * 

Trying to solve mysteries with brute force...
Trying to solve results/mystery_world_squared/chunk_data.txt_train-gen_sym-translated_plus
Rejection threshold.....    10.000
Bit margin..............     0.000
Checking polyfit 

Pareto frontier in the current branch:

Complexity #  MDL Loss #  Expression
17.72 44.19 -666.000000000000+exp((pi*pi))
21.67 15.89 0.001361073204*(x0*exp((x0+x0)))
49.38 15.73 -0.000048793207+(x0*(x0/sqrt(exp(pi))))

Checking for brute force + 

Trying to solve mysteries with brute force...
Trying to solve results/mystery_world_exp/chunk_data.txt_train-gen_sym-translated_plus
Rejection threshold.....    10.000
Bit margin..............     0.000
Checking for brute force * 

Trying to solve mysteries with brute force...
Trying to solve results/mystery_world_exp/chunk_data.txt_train-gen_sym-translated_plus
Rejection threshold.....    10.000
Bit margin..............     0.000
Checking polyfit 

Pareto frontier in the current branch:

Complexity #  MDL Loss #  Expression
17.72 44.19 -666.000000000000+exp((pi*pi))
21.38 33.4 log(-666.000000000000+sqrt(exp(exp(pi))))
21.67 15.89 0.001361073204*(x0*exp((x0+x0)))
49.38 15.73 -0.000048793207+(x0*(x0/sqrt(exp(pi))))

Checking for brute force + 

Trying to solve mysteries with brute force...
Trying to solve results/mystery_world_inverse/chunk_data.txt_train-gen_sym-translated_plus
Rejection threshold.....    10.000
Bit margin..............     0.000
Checking for brute force * 

Trying to solve mysteries with brute force...
Trying to solve results/mystery_world_inverse/chunk_data.txt_train-gen_sym-translated_plus
Rejection threshold.....    10.000
Bit margin..............     0.000
Checking polyfit 

Pareto frontier in the current branch:

Complexity #  MDL Loss #  Expression
13.38 44.05 1/(666.000000000000*pi)
14.38 44.05 1/(666.000000000000+pi)
16.14 44.05 1/(666.000000000000+(-x0))
21.38 33.4 log(-666.000000000000+sqrt(exp(exp(pi))))
21.67 15.89 0.001361073204*(x0*exp((x0+x0)))
49.38 15.73 -0.000048793207+(x0*(x0/sqrt(exp(pi))))

Checking for brute force + 

Trying to solve mysteries with brute force...
Trying to solve results/mystery_world_squared/chunk_data.txt_train-gen_sym-translated_plus
Rejection threshold.....    10.000
Bit margin..............     0.000
Checking for brute force * 

Trying to solve mysteries with brute force...
Trying to solve results/mystery_world_squared/chunk_data.txt_train-gen_sym-translated_plus
Rejection threshold.....    10.000
Bit margin..............     0.000
Checking polyfit 

Pareto frontier in the current branch:

Complexity #  MDL Loss #  Expression
13.38 44.05 1/(666.000000000000*pi)
14.38 44.05 1/(666.000000000000+pi)
16.14 44.05 1/(666.000000000000+(-x0))
21.38 33.4 log(-666.000000000000+sqrt(exp(exp(pi))))
21.67 15.89 0.001361073204*(x0*exp((x0+x0)))
49.38 15.73 -0.000048793207+(x0*(x0/sqrt(exp(pi))))

Just one variable!
Checking for symmetries...
chunk_data.txt_train-gen_sym-translated_plus just one variable for ADD 

chunk_data.txt_train-gen_sym-translated_plus just one variable for ADD 

chunk_data.txt_train-gen_sym-translated_plus just one variable for ADD 

chunk_data.txt_train-gen_sym-translated_plus just one variable for ADD 


Checking for separabilities...
chunk_data.txt_train-gen_sym-translated_plus just one variable for ADD
chunk_data.txt_train-gen_sym-translated_plus just one variable for ADD

Checking for compositionality...

Checking for generalized symmetry...


============================= JOB FEEDBACK =============================

NodeName=uc3n003
Job ID: 2636661
Cluster: uc3
User/Group: ka_bj2362/ka_iai
State: COMPLETED (exit code 0)
Nodes: 1
Cores per node: 4
CPU Utilized: 00:25:37
CPU Efficiency: 16.43% of 02:35:56 core-walltime
Job Wall-clock time: 00:38:59
Memory Utilized: 1.42 GB
Memory Efficiency: 18.17% of 7.81 GB (1.95 GB/core)
