Script started...
Loading data from ./dataset/Frequency_data_SK.pkl...
Filtering full chunks (15 min)...
Processing chunk: 2024-08-15 00:45:00
Chunk shape: (900, 2)
Applying Gaussian filter with sigma=60...
Scaling Factors Used:
  Omega Std: 0.007718826688835438
  dOmega/dt Std: 5.214414219383005e-05
Data saved to chunk_data.txt. Columns: theta, omega_scaled, d_omega_dt_scaled
Scaling factors saved to scaling_factors.txt
Starting AI Feynman run...
Checking for brute force + 

Trying to solve mysteries with brute force...
Trying to solve ./chunk_data.txt_train
Rejection threshold.....    10.000
Bit margin..............     0.000
Checking for brute force * 

Trying to solve mysteries with brute force...
Trying to solve ./chunk_data.txt_train
Rejection threshold.....    10.000
Bit margin..............     0.000
Checking polyfit 

Pareto frontier in the current branch:

Complexity #  MDL Loss #  Expression
44.15 28.84 0.048883580086*pi
44.58 28.53 -0.004882228182*(x1)**(-1)
53.85 28.43 -0.318034983671+(x1*(x0*(x0-x1)))
57.97 28.12 0.015111512359+(x0*(x1-(exp(x1)-1)))
106.33 27.75 -0.330445508167*(x1+(x0*(exp(x1)-1)))

Checking for brute force + 

Trying to solve mysteries with brute force...
Trying to solve results/mystery_world_squared/chunk_data.txt_train
Rejection threshold.....    10.000
Bit margin..............     0.000
Checking for brute force * 

Trying to solve mysteries with brute force...
Trying to solve results/mystery_world_squared/chunk_data.txt_train
Rejection threshold.....    10.000
Bit margin..............     0.000
Checking polyfit 

Pareto frontier in the current branch:

Complexity #  MDL Loss #  Expression
44.15 28.84 0.048883580086*pi
44.58 28.53 -0.004882228182*(x1)**(-1)
49.71 28.49 sqrt(0.003006432124+(x1*x1))
53.85 28.43 -0.318034983671+(x1*(x0*(x0-x1)))
55.46 28.12 sqrt(0.234411059656*x1)
55.72 25.58 sqrt(-0.000035267876*(x1-((x1)**(-1)-1)))

Checking for brute force + 

Trying to solve mysteries with brute force...
Trying to solve results/mystery_world_exp/chunk_data.txt_train
Rejection threshold.....    10.000
Bit margin..............     0.000
Checking for brute force * 

Trying to solve mysteries with brute force...
Trying to solve results/mystery_world_exp/chunk_data.txt_train
Rejection threshold.....    10.000
Bit margin..............     0.000
Checking polyfit 

Pareto frontier in the current branch:

Complexity #  MDL Loss #  Expression
44.15 28.84 0.048883580086*pi
44.58 28.53 -0.004882228182*(x1)**(-1)
49.71 28.49 sqrt(0.003006432124+(x1*x1))
53.85 28.43 -0.318034983671+(x1*(x0*(x0-x1)))
55.46 28.12 sqrt(0.234411059656*x1)
55.72 25.58 sqrt(-0.000035267876*(x1-((x1)**(-1)-1)))

Checking for brute force + 

Trying to solve mysteries with brute force...
Trying to solve results/mystery_world_inverse/chunk_data.txt_train
Rejection threshold.....    10.000
Bit margin..............     0.000
Checking for brute force * 

Trying to solve mysteries with brute force...
Trying to solve results/mystery_world_inverse/chunk_data.txt_train
Rejection threshold.....    10.000
Bit margin..............     0.000
Checking polyfit 

Pareto frontier in the current branch:

Complexity #  MDL Loss #  Expression
44.15 28.84 0.048883580086*pi
44.58 28.53 -0.004882228182*(x1)**(-1)
49.71 28.49 sqrt(0.003006432124+(x1*x1))
53.85 28.43 -0.318034983671+(x1*(x0*(x0-x1)))
55.46 28.12 sqrt(0.234411059656*x1)
55.72 25.58 sqrt(-0.000035267876*(x1-((x1)**(-1)-1)))

Checking for brute force + 

Trying to solve mysteries with brute force...
Trying to solve results/mystery_world_squared/chunk_data.txt_train
Rejection threshold.....    10.000
Bit margin..............     0.000
Checking for brute force * 

Trying to solve mysteries with brute force...
Trying to solve results/mystery_world_squared/chunk_data.txt_train
Rejection threshold.....    10.000
Bit margin..............     0.000
Checking polyfit 

Pareto frontier in the current branch:

Complexity #  MDL Loss #  Expression
44.15 28.84 0.048883580086*pi
44.58 28.53 -0.004882228182*(x1)**(-1)
49.71 28.49 sqrt(0.003006432124+(x1*x1))
53.85 28.43 -0.318034983671+(x1*(x0*(x0-x1)))
55.46 28.12 sqrt(0.234411059656*x1)
55.72 25.58 sqrt(-0.000035267876*(x1-((x1)**(-1)-1)))

NN already trained 

Error(s) in loading state_dict for SimpleNet:
	size mismatch for linear1.weight: copying a param with shape torch.Size([128, 3]) from checkpoint, the shape in current model is torch.Size([128, 2]).
NN loss:  100 

Error(s) in loading state_dict for SimpleNet:
	size mismatch for linear1.weight: copying a param with shape torch.Size([128, 3]) from checkpoint, the shape in current model is torch.Size([128, 2]).
Checking for symmetries...
Error(s) in loading state_dict for SimpleNet:
	size mismatch for linear1.weight: copying a param with shape torch.Size([128, 3]) from checkpoint, the shape in current model is torch.Size([128, 2]).
Error(s) in loading state_dict for SimpleNet:
	size mismatch for linear1.weight: copying a param with shape torch.Size([128, 3]) from checkpoint, the shape in current model is torch.Size([128, 2]).
Error(s) in loading state_dict for SimpleNet:
	size mismatch for linear1.weight: copying a param with shape torch.Size([128, 3]) from checkpoint, the shape in current model is torch.Size([128, 2]).
Error(s) in loading state_dict for SimpleNet:
	size mismatch for linear1.weight: copying a param with shape torch.Size([128, 3]) from checkpoint, the shape in current model is torch.Size([128, 2]).

Checking for separabilities...
Error(s) in loading state_dict for SimpleNet:
	size mismatch for linear1.weight: copying a param with shape torch.Size([128, 3]) from checkpoint, the shape in current model is torch.Size([128, 2]).
Error(s) in loading state_dict for SimpleNet:
	size mismatch for linear1.weight: copying a param with shape torch.Size([128, 3]) from checkpoint, the shape in current model is torch.Size([128, 2]).

Checking for compositionality...

Checking for generalized symmetry...


============================= JOB FEEDBACK =============================

NodeName=uc3n002
Job ID: 2863915
Cluster: uc3
User/Group: ka_bj2362/ka_iai
State: COMPLETED (exit code 0)
Nodes: 1
Cores per node: 4
CPU Utilized: 00:05:02
CPU Efficiency: 22.74% of 00:22:08 core-walltime
Job Wall-clock time: 00:05:32
Memory Utilized: 1.43 GB
Memory Efficiency: 18.27% of 7.81 GB (1.95 GB/core)
