Script started...
Loading data from ./dataset/Frequency_data_SK.pkl...
Filtering full chunks (15 min)...
Processing chunk: 2024-08-15 00:45:00
Chunk shape: (900, 2)
Applying Gaussian filter with sigma=60...
Data saved to chunk_data.txt. Columns: theta, omega_scaled(x1000), d_omega_dt_scaled(x1e6)
Starting AI Feynman run...
Checking for brute force + 

Trying to solve mysteries with brute force...
Trying to solve ./chunk_data.txt_train
Rejection threshold.....    10.000
Bit margin..............     0.000
Checking for brute force * 

Trying to solve mysteries with brute force...
Trying to solve ./chunk_data.txt_train
Rejection threshold.....    10.000
Bit margin..............     0.000
Checking polyfit 

Pareto frontier in the current branch:

Complexity #  MDL Loss #  Expression
49.79 34.5 2.440397033979*pi
50.69 34.5 4.534634779295+pi
52.14 34.47 6.213667931266+(-x0)
52.33 34.28 -2.100080540724*x1
53.24 34.22 1.965055815127*(-(x1)**(-1))
55.37 33.96 -0.227022932016+(x1*(x0*(pi-x1)))
58.51 33.8 -0.658096419578*(x1*(x0*(x1+1)))
58.82 33.7 -0.811386040617*(x1*(x0*(x1-1)))
59.22 33.64 -0.537231109766*(x1*(pi+(x1*x0)))
63.53 33.62 -0.714339814649*(x1*((x0*(x1-1))+1))

Checking for brute force + 

Trying to solve mysteries with brute force...
Trying to solve results/mystery_world_squared/chunk_data.txt_train
Rejection threshold.....    10.000
Bit margin..............     0.000
Checking for brute force * 

Trying to solve mysteries with brute force...
Trying to solve results/mystery_world_squared/chunk_data.txt_train
Rejection threshold.....    10.000
Bit margin..............     0.000
Checking polyfit 

Pareto frontier in the current branch:

Complexity #  MDL Loss #  Expression
18.14 38.94 sqrt(666.000000000000+pi)
49.79 34.5 2.440397033979*pi
50.69 34.5 4.534634779295+pi
52.14 34.47 6.213667931266+(-x0)
52.33 34.28 -2.100080540724*x1
53.24 34.22 1.965055815127*(-(x1)**(-1))
55.37 33.96 -0.227022932016+(x1*(x0*(pi-x1)))
58.51 33.8 -0.658096419578*(x1*(x0*(x1+1)))
58.82 33.7 -0.811386040617*(x1*(x0*(x1-1)))
59.22 33.64 -0.537231109766*(x1*(pi+(x1*x0)))
63.53 33.62 -0.714339814649*(x1*((x0*(x1-1))+1))

Checking for brute force + 

Trying to solve mysteries with brute force...
Trying to solve results/mystery_world_exp/chunk_data.txt_train
Rejection threshold.....    10.000
Bit margin..............     0.000
Checking for brute force * 

Trying to solve mysteries with brute force...
Trying to solve results/mystery_world_exp/chunk_data.txt_train
Rejection threshold.....    10.000
Bit margin..............     0.000
Checking polyfit 

Pareto frontier in the current branch:

Complexity #  MDL Loss #  Expression
18.14 38.94 sqrt(666.000000000000+pi)
49.79 34.5 2.440397033979*pi
50.69 34.5 4.534634779295+pi
52.14 34.47 6.213667931266+(-x0)
52.33 34.28 -2.100080540724*x1
53.24 34.22 1.965055815127*(-(x1)**(-1))
55.37 33.96 -0.227022932016+(x1*(x0*(pi-x1)))
58.51 33.8 -0.658096419578*(x1*(x0*(x1+1)))
58.82 33.7 -0.811386040617*(x1*(x0*(x1-1)))
59.22 33.64 -0.537231109766*(x1*(pi+(x1*x0)))
63.53 33.62 -0.714339814649*(x1*((x0*(x1-1))+1))

Checking for brute force + 

Trying to solve mysteries with brute force...
Trying to solve results/mystery_world_inverse/chunk_data.txt_train
Rejection threshold.....    10.000
Bit margin..............     0.000
Checking for brute force * 

Trying to solve mysteries with brute force...
Trying to solve results/mystery_world_inverse/chunk_data.txt_train
Rejection threshold.....    10.000
Bit margin..............     0.000
Checking polyfit 

Pareto frontier in the current branch:

Complexity #  MDL Loss #  Expression
18.14 38.94 sqrt(666.000000000000+pi)
21.97 25.66 1/(-666.000000000000+exp((pi*pi)))

Checking for brute force + 

Trying to solve mysteries with brute force...
Trying to solve results/mystery_world_squared/chunk_data.txt_train
Rejection threshold.....    10.000
Bit margin..............     0.000
Checking for brute force * 

Trying to solve mysteries with brute force...
Trying to solve results/mystery_world_squared/chunk_data.txt_train
Rejection threshold.....    10.000
Bit margin..............     0.000
Checking polyfit 

Pareto frontier in the current branch:

Complexity #  MDL Loss #  Expression
18.14 38.94 sqrt(666.000000000000+pi)
21.97 25.66 1/(-666.000000000000+exp((pi*pi)))

NN already trained 

Error(s) in loading state_dict for SimpleNet:
	size mismatch for linear1.weight: copying a param with shape torch.Size([128, 3]) from checkpoint, the shape in current model is torch.Size([128, 2]).
NN loss:  100 

Error(s) in loading state_dict for SimpleNet:
	size mismatch for linear1.weight: copying a param with shape torch.Size([128, 3]) from checkpoint, the shape in current model is torch.Size([128, 2]).
Checking for symmetries...
Error(s) in loading state_dict for SimpleNet:
	size mismatch for linear1.weight: copying a param with shape torch.Size([128, 3]) from checkpoint, the shape in current model is torch.Size([128, 2]).
Error(s) in loading state_dict for SimpleNet:
	size mismatch for linear1.weight: copying a param with shape torch.Size([128, 3]) from checkpoint, the shape in current model is torch.Size([128, 2]).
Error(s) in loading state_dict for SimpleNet:
	size mismatch for linear1.weight: copying a param with shape torch.Size([128, 3]) from checkpoint, the shape in current model is torch.Size([128, 2]).
Error(s) in loading state_dict for SimpleNet:
	size mismatch for linear1.weight: copying a param with shape torch.Size([128, 3]) from checkpoint, the shape in current model is torch.Size([128, 2]).

Checking for separabilities...
Error(s) in loading state_dict for SimpleNet:
	size mismatch for linear1.weight: copying a param with shape torch.Size([128, 3]) from checkpoint, the shape in current model is torch.Size([128, 2]).
Error(s) in loading state_dict for SimpleNet:
	size mismatch for linear1.weight: copying a param with shape torch.Size([128, 3]) from checkpoint, the shape in current model is torch.Size([128, 2]).

Checking for compositionality...

Checking for generalized symmetry...


============================= JOB FEEDBACK =============================

NodeName=uc3n001
Job ID: 2675722
Cluster: uc3
User/Group: ka_bj2362/ka_iai
State: COMPLETED (exit code 0)
Nodes: 1
Cores per node: 4
CPU Utilized: 00:08:33
CPU Efficiency: 6.43% of 02:13:04 core-walltime
Job Wall-clock time: 00:33:16
Memory Utilized: 1.18 GB
Memory Efficiency: 15.12% of 7.81 GB (1.95 GB/core)
