Rejection threshold.....    10.000
Bit margin..............     0.000
Rejection threshold.....    10.000
Bit margin..............     0.000
Rejection threshold.....    10.000
Bit margin..............     0.000
Rejection threshold.....    10.000
Bit margin..............     0.000
Rejection threshold.....    10.000
Bit margin..............     0.000
Rejection threshold.....    10.000
Bit margin..............     0.000
Rejection threshold.....    10.000
Bit margin..............     0.000
Rejection threshold.....    10.000
Bit margin..............     0.000
Rejection threshold.....    10.000
Bit margin..............     0.000
Rejection threshold.....    10.000
Bit margin..............     0.000
Rejection threshold.....    10.000
Bit margin..............     0.000
Number of variables.....       3
Functions used..........        +*-/><~\RPSCLE
 Arity            0 : Pabc
 Arity            1 : ><~\RSCLE
 Arity            2 : +*-/
Loading mystery data....
        2880  rows read from file mystery.dat                                                                                                                                                                                                                                                     
Number of examples......    2880
Shuffling mystery data..
 Searching for best fit...
      1.530241073366     -2.141592743790                      P               1             0.0000          4407.0943             0.0000             0.0000             1.2180          2880.0000
      1.530241073193     -1.141592743790                     P<               9             3.1699          4410.2642             0.0000             0.0000             1.2180           961.3333
      1.530241071415    -22.140694658580                     PE              37             5.2095          4412.3037             0.0000             0.0000             1.2180           779.7838
      1.530241065711     -8.869604953160                    PP*              57             5.8329          4412.9272             0.0000             0.0000             1.2180           607.9649
      1.530241044281      2.000000084646                    PS<             161             7.3309          4414.4251             0.0000             0.0000             1.2180           621.1987
      1.480780386325      0.999999996716                   bPS*             655             9.3554          4274.0029             0.0000             0.0000             1.3424           517.3130
      1.396929785673    666.000000000000                   PPS/             941             9.8781          4033.0358             0.0000             0.0000             1.6978           442.1998
      0.314236106916    666.000000000000                  PEPS/           27313            14.7373           919.7373             0.0000             0.0000             1.2134           329.3998
      0.114583331804   -666.000000000000                  PEP-E           32785            15.0007           345.0007             0.0000             0.0000             0.8212           278.7928
      0.000000000000   -666.000000000000                 PEPL/E          427093            18.7042            18.7042             0.0000             0.0000             0.0000            28.5500
 All done: results in results.dat                                                                                                                                                                                                                                                     
Rejection threshold.....    10.000
Bit margin..............     0.000
Rejection threshold.....    10.000
Bit margin..............     0.000
Rejection threshold.....    10.000
Bit margin..............     0.000
Number of variables.....       3
Functions used..........        +*-/><~\RPSCLE
 Arity            0 : Pabc
 Arity            1 : ><~\RSCLE
 Arity            2 : +*-/
Loading mystery data....
        2880  rows read from file mystery.dat                                                                                                                                                                                                                                                     
Number of examples......    2880
Removing problematically
   1.0001806952535386        1.0001807427595724E-003
           0  out of         2880  data points discarded for being too close to zero
Shuffling mystery data..
 Searching for best fit...
     15.925433017567      0.318313173662                      P               1             0.0000         45865.2471             0.0001             0.0003             1.5030          2880.0000
     15.925433017567      0.241455502335                     P>               5             2.3219         45867.5690             0.0001             0.0003             1.5030          1156.6000
     15.925433017567      0.041424257670                    PE>             137             7.0980         45872.3451             0.0001             0.0003             1.5030           531.8686
     15.925433017561      4.141635630298                    P>\             213             7.7347         45872.9818             0.0001             0.0003             1.5030           606.0469
     15.925433017561      1.188407479206                    P<S             289             8.1749         45873.4220             0.0001             0.0003             1.5030           618.9965
     15.916566916196      0.241465447025                   PbC+             533             9.0580         45848.7707             0.0001             0.0003             1.6266           554.2852
     15.914343575147      1.000012557156                   ba/C            1443            10.4949         45843.8044             0.0089             0.4597             1.6430           399.2342
     15.910085887187      1.000022781528                  bc>/>           11727            13.5175         45834.5649             0.0003             0.0137             1.6281           354.8972
     15.910074317070      1.000022780754                  bc>/E           16335            13.9957         45835.0097             0.0003             0.0136             1.6281           332.2137
     15.907426587350      1.052882690374                  bCP/C           31771            14.9554         45828.3440             0.0001             0.0003             1.5986           312.9087
     15.655685033229      0.318297734577                 PcPS*-           69985            16.0948         45104.4677             0.0001             0.0003             1.9259           410.2498
     15.632005283994      1.000060804873                 bba/*>           83375            16.3473         45036.5225             0.0003             0.0136             1.9897           368.4064
     15.631994001097      1.000060804600                 bba/*E           91567            16.4825         45036.6253             0.0003             0.0136             1.9895           357.2826
     15.630956910168      0.999949630902                 ac>/C\          223314            17.7687         45034.9246             0.0001             0.0003             1.5604           273.5911
     15.373483371817      1.850674374533                 ac>/CC          238866            17.8658         44293.4980             0.0001             0.0002             1.8230           274.6486
     15.362241705346      1.850677239224                acP+/CC         1385478            20.4020         44263.6581             0.0001             0.0002             1.8461           204.9048
     15.362015306750      1.000259684217                ac/EC>S         4517110            22.1070         44264.7111             0.0017             0.0905             1.9677           122.9587
     15.239935401463      1.009057320553                ac/<<EC         4601910            22.1338         43913.1478             0.0002             0.0091             2.0894           126.8701
Rejection threshold.....    10.000
Bit margin..............     0.000
Rejection threshold.....    10.000
Bit margin..............     0.000
Rejection threshold.....    10.000
Bit margin..............     0.000
Rejection threshold.....    10.000
Bit margin..............     0.000
Rejection threshold.....    10.000
Bit margin..............     0.000
Rejection threshold.....    10.000
Bit margin..............     0.000
Rejection threshold.....    10.000
Bit margin..............     0.000
Rejection threshold.....    10.000
Bit margin..............     0.000
Rejection threshold.....    10.000
Bit margin..............     0.000
Rejection threshold.....    10.000
Bit margin..............     0.000
Rejection threshold.....    10.000
Bit margin..............     0.000
Rejection threshold.....    10.000
Bit margin..............     0.000
Rejection threshold.....    10.000
Bit margin..............     0.000
Rejection threshold.....    10.000
Bit margin..............     0.000
Number of variables.....       2
Functions used..........        +*-/><~\RPSCLE
 Arity            0 : Pab
 Arity            1 : ><~\RSCLE
 Arity            2 : +*-/
Loading mystery data....
        2880  rows read from file mystery.dat                                                                                                                                                                                                                                                     
Number of examples......    2880
Shuffling mystery data..
 Searching for best fit...
     15.925459953903     -1.570806789123                      P               1             0.0000         45865.3247             0.0001             0.0003             1.5028          2880.0000
     15.925459953903      2.570785951890                     PC              22             4.4594         45869.7841             0.0001             0.0003             1.5028          1464.7273
     15.925459953854    -21.569908703913                     PE              28             4.8074         45870.1320             0.0001             0.0003             1.5028          1422.1428
     15.912885330588      2.570773362059                    bE~             147             7.1997         45836.3094             0.0186             1.0000             1.6504          1340.9592
     15.912877064671      2.570773362834                    b<\             153             7.2574         45836.3433             0.0186             1.0000             1.6503          1363.8365
     15.911187517700     -1.570851542744                   Pb>/             559             9.1267         45833.3468             0.0585             3.1416             1.8754          1120.9427
     15.910488481629      4.712333832516                   Pb</             568             9.1497         45831.3566             0.0585             3.1415             1.8735          1123.0458
     15.875830329742      4.289025826416                   b>E~            1986            10.9556         45733.3470             0.0507             2.7182             1.8487          1106.8071
     15.875634433914      4.289025826722                   bEE~            2010            10.9730         45732.8001             0.0320             1.7182             1.8464          1109.3353
     15.871318760139      1.159965486915                   b>ES            2715            11.4067         45720.8048             0.0077             0.4108             1.8022          1111.2821
     15.870663546063      1.159965353702                   bEES            2739            11.4194         45718.9304             0.0081             0.4306             1.7991          1114.1753
     15.864377295105      0.570754555689                  bb>+\            7797            12.9287         45702.3353             0.0186             1.0000             1.7813           962.9689
     15.863658851401      2.570754528413                  bb<+\            7806            12.9304         45700.2679             0.0186             1.0000             1.7834           963.3433
     15.863658851400      2.570754528413                  bb+<\           11181            13.4488         45700.7863             0.0186             1.0000             1.7834           928.7903
     15.856582302701     -0.570841420924                  P<b>/           15325            13.9036         45680.8606             0.0399             2.1416             1.8029           899.0370
     15.855462547679      3.712344023632                  P<b</           15406            13.9112         45677.6433             0.0399             2.1416             1.8067           899.6599
     15.795379870672      1.570685308494                  PSa/R           17578            14.1015         45504.7955             0.0002             0.0024             1.9393           883.3628
     15.677465983505      1.570830762170                 aaPS**           42866            15.3875         45166.4896             0.0001             0.0003             1.7079           949.1519
     15.466825307551      1.570694813719                 PSa</R          221698            17.7582         44562.2151             0.0001             0.0003             2.0640           765.8960
Rejection threshold.....    10.000
Bit margin..............     0.000
Rejection threshold.....    10.000
Bit margin..............     0.000
Rejection threshold.....    10.000
Bit margin..............     0.000
Rejection threshold.....    10.000
Bit margin..............     0.000
Rejection threshold.....    10.000
Bit margin..............     0.000
Rejection threshold.....    10.000
Bit margin..............     0.000
Number of variables.....       2
Functions used..........        +*-/><~\RPSCLE
 Arity            0 : Pab
 Arity            1 : ><~\RSCLE
 Arity            2 : +*-/
Loading mystery data....
        2880  rows read from file mystery.dat                                                                                                                                                                                                                                                     
Number of examples......    2880
Shuffling mystery data..
 Searching for best fit...
      1.530241073366     -2.141592743790                      P               1             0.0000          4407.0943             0.0000             0.0000             1.2180          2880.0000
      1.530241073193     -1.141592743790                     P<               7             2.8074          4409.9016             0.0000             0.0000             1.2180          1236.2858
      1.530241071415    -22.140694658580                     PE              28             4.8074          4411.9016             0.0000             0.0000             1.2180          1095.5000
      1.530241065711     -8.869604953160                    PP*              40             5.3219          4412.4162             0.0000             0.0000             1.2180           911.7750
      1.530241044281      2.000000084646                    PS<             109             6.7682          4413.8624             0.0000             0.0000             1.2180           904.9908
      1.396929785673    666.000000000000                   PPS/             598             9.2240          4032.3818             0.0000             0.0000             1.6978           707.2692
      0.314236106916    666.000000000000                  PEPS/           15697            13.9382           918.9382             0.0000             0.0000             1.2134           533.8514
      0.114583331804   -666.000000000000                  PEP-E           18775            14.1965           344.1965             0.0000             0.0000             0.8212           453.1208
      0.000000000000   -666.000000000000                 PEPL/E          233830            17.8351            17.8351             0.0000             0.0000             0.0000            47.9456
 All done: results in results.dat                                                                                                                                                                                                                                                     
Rejection threshold.....    10.000
Bit margin..............     0.000
Rejection threshold.....    10.000
Bit margin..............     0.000
Rejection threshold.....    10.000
Bit margin..............     0.000
Rejection threshold.....    10.000
Bit margin..............     0.000
Rejection threshold.....    10.000
Bit margin..............     0.000
Rejection threshold.....    10.000
Bit margin..............     0.000
Rejection threshold.....    10.000
Bit margin..............     0.000
Rejection threshold.....    10.000
Bit margin..............     0.000
Rejection threshold.....    10.000
Bit margin..............     0.000
Rejection threshold.....    10.000
Bit margin..............     0.000
Rejection threshold.....    10.000
Bit margin..............     0.000
Rejection threshold.....    10.000
Bit margin..............     0.000
Rejection threshold.....    10.000
Bit margin..............     0.000
Rejection threshold.....    10.000
Bit margin..............     0.000
Rejection threshold.....    10.000
Bit margin..............     0.000
Rejection threshold.....    10.000
Bit margin..............     0.000
Rejection threshold.....    10.000
Bit margin..............     0.000
Rejection threshold.....    10.000
Bit margin..............     0.000
Rejection threshold.....    10.000
Bit margin..............     0.000
Rejection threshold.....    10.000
Bit margin..............     0.000
Rejection threshold.....    10.000
Bit margin..............     0.000
Rejection threshold.....    10.000
Bit margin..............     0.000
Number of variables.....       1
Functions used..........        +*-/><~\RPSCLE
 Arity            0 : Pa
 Arity            1 : ><~\RSCLE
 Arity            2 : +*-/
Loading mystery data....
        2880  rows read from file mystery.dat                                                                                                                                                                                                                                                     
Number of examples......    2880
Shuffling mystery data..
 Searching for best fit...
      1.530241073366     -2.141592743790                      P               1             0.0000          4407.0943             0.0000             0.0000             1.2180          2880.0000
      1.530241073193     -1.141592743790                     P<               5             2.3219          4409.4162             0.0000             0.0000             1.2180          1728.8000
      1.530241071415    -22.140694658580                     PE              19             4.2479          4411.3422             0.0000             0.0000             1.2180          1516.6316
      1.530241065711     -8.869604953160                    PP*              25             4.6439          4411.7381             0.0000             0.0000             1.2180          1383.6400
      1.530241044281      2.000000084646                    PS<              65             6.0224          4413.1166             0.0000             0.0000             1.2180          1374.7230
      1.396929785673    666.000000000000                   PPS/             327             8.3531          4031.5109             0.0000             0.0000             1.6978          1128.7554
      0.314236106916    666.000000000000                  PEPS/            7401            12.8535           917.8535             0.0000             0.0000             1.2134           900.2537
      0.114583331804   -666.000000000000                  PEP-E            8769            13.0982           343.0982             0.0000             0.0000             0.8212           770.7490
      0.000000000000   -666.000000000000                 PEPL/E          103539            16.6598            16.6598             0.0000             0.0000             0.0000            82.6889
 All done: results in results.dat                                                                                                                                                                                                                                                     
Rejection threshold.....    10.000
Bit margin..............     0.000
Rejection threshold.....    10.000
Bit margin..............     0.000
Rejection threshold.....    10.000
Bit margin..............     0.000
Rejection threshold.....    10.000
Bit margin..............     0.000
Rejection threshold.....    10.000
Bit margin..............     0.000
Rejection threshold.....    10.000
Bit margin..............     0.000
Rejection threshold.....    10.000
Bit margin..............     0.000
Rejection threshold.....    10.000
Bit margin..............     0.000
Rejection threshold.....    10.000
Bit margin..............     0.000
Rejection threshold.....    10.000
Bit margin..............     0.000
Rejection threshold.....    10.000
Bit margin..............     0.000
Loading data from ./dataset/Frequency_data_SK.pkl...
Filtering full hours...
Processing chunk: 2024-08-15 01:00:00
Chunk shape: (3600, 2)
Applying Gaussian filter with sigma=60...
Data saved to chunk_data.txt. Columns: theta, omega, t, d_omega_dt
Starting AI Feynman run...
Checking for brute force + 

Trying to solve mysteries with brute force...
Trying to solve ./chunk_data.txt_train
Checking for brute force * 

Trying to solve mysteries with brute force...
Trying to solve ./chunk_data.txt_train
Checking polyfit 

Pareto frontier in the current branch:

Complexity #  MDL Loss #  Expression
29.69 15.93 0.000008669160+(x0*sin(pi))
29.95 15.93 1.000010355693+cos(pi)
30.58 15.87 -0.000000592802*x0
37.14 15.6 0.000002967244*(x0*cos((x0-1)))
47.8 15.57 0.000048994446*sin((x0/sqrt(pi)))
51.99 15.53 -0.000059759148*cos((x0/(pi+1)))
52.69 15.3 -0.000097356256*cos((x0/(pi-1)))
57.78 15.28 -0.000094127744*cos((x0/sqrt((pi+1))))

Checking for brute force + 

Trying to solve mysteries with brute force...
Trying to solve results/mystery_world_squared/chunk_data.txt_train
Checking for brute force * 

Trying to solve mysteries with brute force...
Trying to solve results/mystery_world_squared/chunk_data.txt_train
Checking polyfit 

Pareto frontier in the current branch:

Complexity #  MDL Loss #  Expression
0.0 2.7 sqrt(-0.064245188854*sin(pi))

Checking for brute force + 

Trying to solve mysteries with brute force...
Trying to solve results/mystery_world_acos/chunk_data.txt_train
Checking for brute force * 

Trying to solve mysteries with brute force...
Trying to solve results/mystery_world_acos/chunk_data.txt_train
Checking polyfit 

Pareto frontier in the current branch:

Complexity #  MDL Loss #  Expression
0.0 2.7 sqrt(-0.064245188854*sin(pi))

Checking for brute force + 

Trying to solve mysteries with brute force...
Trying to solve results/mystery_world_asin/chunk_data.txt_train
Checking for brute force * 

Trying to solve mysteries with brute force...
Trying to solve results/mystery_world_asin/chunk_data.txt_train
Checking polyfit 

Pareto frontier in the current branch:

Complexity #  MDL Loss #  Expression
0.0 2.7 sqrt(-0.064245188854*sin(pi))

Checking for brute force + 

Trying to solve mysteries with brute force...
Trying to solve results/mystery_world_atan/chunk_data.txt_train
Checking for brute force * 

Trying to solve mysteries with brute force...
Trying to solve results/mystery_world_atan/chunk_data.txt_train
Checking polyfit 

Pareto frontier in the current branch:

Complexity #  MDL Loss #  Expression
0.0 2.7 sqrt(-0.064245188854*sin(pi))

Checking for brute force + 

Trying to solve mysteries with brute force...
Trying to solve results/mystery_world_cos/chunk_data.txt_train
Checking for brute force * 

Trying to solve mysteries with brute force...
Trying to solve results/mystery_world_cos/chunk_data.txt_train
Checking polyfit 

Pareto frontier in the current branch:

Complexity #  MDL Loss #  Expression
0.0 2.7 sqrt(-0.064245188854*sin(pi))

Checking for brute force + 

Trying to solve mysteries with brute force...
Trying to solve results/mystery_world_exp/chunk_data.txt_train
Checking for brute force * 

Trying to solve mysteries with brute force...
Trying to solve results/mystery_world_exp/chunk_data.txt_train
Checking polyfit 

Pareto frontier in the current branch:

Complexity #  MDL Loss #  Expression
0.0 2.7 sqrt(-0.064245188854*sin(pi))

Checking for brute force + 

Trying to solve mysteries with brute force...
Trying to solve results/mystery_world_inverse/chunk_data.txt_train
Checking for brute force * 

Trying to solve mysteries with brute force...
Trying to solve results/mystery_world_inverse/chunk_data.txt_train
Checking polyfit 

Pareto frontier in the current branch:

Complexity #  MDL Loss #  Expression
0.0 2.7 sqrt(-0.064245188854*sin(pi))

Checking for brute force + 

Trying to solve mysteries with brute force...
Trying to solve results/mystery_world_sin/chunk_data.txt_train
Checking for brute force * 

Trying to solve mysteries with brute force...
Trying to solve results/mystery_world_sin/chunk_data.txt_train
Checking polyfit 

Pareto frontier in the current branch:

Complexity #  MDL Loss #  Expression
0.0 2.7 sqrt(-0.064245188854*sin(pi))

Checking for brute force + 

Trying to solve mysteries with brute force...
Trying to solve results/mystery_world_squared/chunk_data.txt_train
Checking for brute force * 

Trying to solve mysteries with brute force...
Trying to solve results/mystery_world_squared/chunk_data.txt_train
Checking polyfit 

Pareto frontier in the current branch:

Complexity #  MDL Loss #  Expression
0.0 2.7 sqrt(-0.064245188854*sin(pi))

Checking for brute force + 

Trying to solve mysteries with brute force...
Trying to solve results/mystery_world_tan/chunk_data.txt_train
Checking for brute force * 

Trying to solve mysteries with brute force...
Trying to solve results/mystery_world_tan/chunk_data.txt_train
Checking polyfit 

Pareto frontier in the current branch:

Complexity #  MDL Loss #  Expression
0.0 2.7 sqrt(-0.064245188854*sin(pi))

NN already trained 

NN loss:  tensor(1.5050, grad_fn=<DivBackward0>) 

Checking for symmetries...

Checking for separabilities...

Checking for compositionality...

Checking for generalized symmetry...
identify_decompositions ./ chunk_data.txt_train
Trying (0, 1)
(-0.16508806754163213, (0, 1))
Trying (0, 2)
(9.397940008672037, (0, 2))
Trying (1, 2)
(2.1327160117439456, (1, 2))
mask [ True False  True]
Trying to solve mysteries with brute force...
Trying to solve results/gradients_gen_sym_chunk_data.txt_train

Translational symmetry found for variables: 1 2
Checking for brute force + 

Trying to solve mysteries with brute force...
Trying to solve results/translated_data_divide/chunk_data.txt_train-translated_divide
Checking for brute force * 

Trying to solve mysteries with brute force...
Trying to solve results/translated_data_divide/chunk_data.txt_train-translated_divide
Checking polyfit 

Pareto frontier in the current branch:

Complexity #  MDL Loss #  Expression
14.14 16.3 0.000110729695+(-sqrt((sin(pi)/x0)))
29.95 15.93 1.000010355693+cos(pi)
30.58 15.87 -0.000000592802*x0
37.14 15.6 0.000002967244*(x0*cos((x0-1)))
47.8 15.57 0.000048994446*sin((x0/sqrt(pi)))
51.99 15.53 -0.000059759148*cos((x0/(pi+1)))
52.69 15.3 -0.000097356256*cos((x0/(pi-1)))
57.78 15.28 -0.000094127744*cos((x0/sqrt((pi+1))))

Checking for brute force + 

Trying to solve mysteries with brute force...
Trying to solve results/mystery_world_squared/chunk_data.txt_train-translated_divide
Checking for brute force * 

Trying to solve mysteries with brute force...
Trying to solve results/mystery_world_squared/chunk_data.txt_train-translated_divide
Checking polyfit 

Pareto frontier in the current branch:

Complexity #  MDL Loss #  Expression
0.0 2.7 sqrt(-0.064245188854*sin(pi))

Checking for brute force + 

Trying to solve mysteries with brute force...
Trying to solve results/mystery_world_acos/chunk_data.txt_train-translated_divide
Checking for brute force * 

Trying to solve mysteries with brute force...
Trying to solve results/mystery_world_acos/chunk_data.txt_train-translated_divide
Checking polyfit 

Pareto frontier in the current branch:

Complexity #  MDL Loss #  Expression
0.0 2.7 sqrt(-0.064245188854*sin(pi))

Checking for brute force + 

Trying to solve mysteries with brute force...
Trying to solve results/mystery_world_asin/chunk_data.txt_train-translated_divide
Checking for brute force * 

Trying to solve mysteries with brute force...
Trying to solve results/mystery_world_asin/chunk_data.txt_train-translated_divide
Checking polyfit 

Pareto frontier in the current branch:

Complexity #  MDL Loss #  Expression
0.0 2.7 sqrt(-0.064245188854*sin(pi))

Checking for brute force + 

Trying to solve mysteries with brute force...
Trying to solve results/mystery_world_atan/chunk_data.txt_train-translated_divide
Checking for brute force * 

Trying to solve mysteries with brute force...
Trying to solve results/mystery_world_atan/chunk_data.txt_train-translated_divide
Checking polyfit 

Pareto frontier in the current branch:

Complexity #  MDL Loss #  Expression
0.0 2.7 sqrt(-0.064245188854*sin(pi))

Checking for brute force + 

Trying to solve mysteries with brute force...
Trying to solve results/mystery_world_cos/chunk_data.txt_train-translated_divide
Checking for brute force * 

Trying to solve mysteries with brute force...
Trying to solve results/mystery_world_cos/chunk_data.txt_train-translated_divide
Checking polyfit 

Pareto frontier in the current branch:

Complexity #  MDL Loss #  Expression
0.0 2.7 sqrt(-0.064245188854*sin(pi))

Checking for brute force + 

Trying to solve mysteries with brute force...
Trying to solve results/mystery_world_exp/chunk_data.txt_train-translated_divide
Checking for brute force * 

Trying to solve mysteries with brute force...
Trying to solve results/mystery_world_exp/chunk_data.txt_train-translated_divide
Checking polyfit 

Pareto frontier in the current branch:

Complexity #  MDL Loss #  Expression
0.0 2.7 sqrt(-0.064245188854*sin(pi))

Checking for brute force + 

Trying to solve mysteries with brute force...
Trying to solve results/mystery_world_inverse/chunk_data.txt_train-translated_divide
Checking for brute force * 

Trying to solve mysteries with brute force...
Trying to solve results/mystery_world_inverse/chunk_data.txt_train-translated_divide
Checking polyfit 

Pareto frontier in the current branch:

Complexity #  MDL Loss #  Expression
0.0 2.7 sqrt(-0.064245188854*sin(pi))

Checking for brute force + 

Trying to solve mysteries with brute force...
Trying to solve results/mystery_world_sin/chunk_data.txt_train-translated_divide
Checking for brute force * 

Trying to solve mysteries with brute force...
Trying to solve results/mystery_world_sin/chunk_data.txt_train-translated_divide
Checking polyfit 

Pareto frontier in the current branch:

Complexity #  MDL Loss #  Expression
0.0 2.7 sqrt(-0.064245188854*sin(pi))

Checking for brute force + 

Trying to solve mysteries with brute force...
Trying to solve results/mystery_world_squared/chunk_data.txt_train-translated_divide
Checking for brute force * 

Trying to solve mysteries with brute force...
Trying to solve results/mystery_world_squared/chunk_data.txt_train-translated_divide
Checking polyfit 

Pareto frontier in the current branch:

Complexity #  MDL Loss #  Expression
0.0 2.7 sqrt(-0.064245188854*sin(pi))

Checking for brute force + 

Trying to solve mysteries with brute force...
Trying to solve results/mystery_world_tan/chunk_data.txt_train-translated_divide
Checking for brute force * 

Trying to solve mysteries with brute force...
Trying to solve results/mystery_world_tan/chunk_data.txt_train-translated_divide
Checking polyfit 

Pareto frontier in the current branch:

Complexity #  MDL Loss #  Expression
0.0 2.7 sqrt(-0.064245188854*sin(pi))

Found pretrained NN 

NN loss after training:  (tensor(nan, grad_fn=<DivBackward0>), SimpleNet(
  (linear1): Linear(in_features=2, out_features=128, bias=True)
  (linear2): Linear(in_features=128, out_features=128, bias=True)
  (linear3): Linear(in_features=128, out_features=64, bias=True)
  (linear4): Linear(in_features=64, out_features=64, bias=True)
  (linear5): Linear(in_features=64, out_features=1, bias=True)
)) 

Checking for symmetries...

Checking for separabilities...

Checking for compositionality...

Checking for generalized symmetry...

Translational symmetry found for variables: -1 -1
Checking for brute force + 

Trying to solve mysteries with brute force...
Trying to solve results/translated_data_plus/chunk_data.txt_train-translated_divide-translated_plus
Checking for brute force * 

Trying to solve mysteries with brute force...
Trying to solve results/translated_data_plus/chunk_data.txt_train-translated_divide-translated_plus
Checking polyfit 

Pareto frontier in the current branch:

Complexity #  MDL Loss #  Expression
14.14 16.3 0.000110729695+(-sqrt((sin(pi)/x0)))
29.03 15.94 0.000005474850+(x0*(pi*sin(pi)))
29.69 15.93 -0.999991330840+((x0*sin(pi))+1)
29.69 15.93 0.000008669160+(x0*sin(pi))
29.95 15.93 1.000010355693+cos(pi)
30.58 15.87 -0.000000592802*x0
37.14 15.6 0.000002967244*(x0*cos((x0-1)))
47.8 15.57 0.000048994446*sin((x0/sqrt(pi)))
51.99 15.53 -0.000059759148*cos((x0/(pi+1)))
52.69 15.3 -0.000097356256*cos((x0/(pi-1)))
57.78 15.28 -0.000094127744*cos((x0/sqrt((pi+1))))

Checking for brute force + 

Trying to solve mysteries with brute force...
Trying to solve results/mystery_world_squared/chunk_data.txt_train-translated_divide-translated_plus
Checking for brute force * 

Trying to solve mysteries with brute force...
Trying to solve results/mystery_world_squared/chunk_data.txt_train-translated_divide-translated_plus
Checking polyfit 

Pareto frontier in the current branch:

Complexity #  MDL Loss #  Expression
0.0 2.7 sqrt(-0.064245188854*sin(pi))

Checking for brute force + 

Trying to solve mysteries with brute force...
Trying to solve results/mystery_world_acos/chunk_data.txt_train-translated_divide-translated_plus
Checking for brute force * 

Trying to solve mysteries with brute force...
Trying to solve results/mystery_world_acos/chunk_data.txt_train-translated_divide-translated_plus
Checking polyfit 

Pareto frontier in the current branch:

Complexity #  MDL Loss #  Expression
0.0 2.7 sqrt(-0.064245188854*sin(pi))

Checking for brute force + 

Trying to solve mysteries with brute force...
Trying to solve results/mystery_world_asin/chunk_data.txt_train-translated_divide-translated_plus
Checking for brute force * 

Trying to solve mysteries with brute force...
Trying to solve results/mystery_world_asin/chunk_data.txt_train-translated_divide-translated_plus
Checking polyfit 

Pareto frontier in the current branch:

Complexity #  MDL Loss #  Expression
0.0 2.7 sqrt(-0.064245188854*sin(pi))

Checking for brute force + 

Trying to solve mysteries with brute force...
Trying to solve results/mystery_world_atan/chunk_data.txt_train-translated_divide-translated_plus
Checking for brute force * 

Trying to solve mysteries with brute force...
Trying to solve results/mystery_world_atan/chunk_data.txt_train-translated_divide-translated_plus
Checking polyfit 

Pareto frontier in the current branch:

Complexity #  MDL Loss #  Expression
0.0 2.7 sqrt(-0.064245188854*sin(pi))

Checking for brute force + 

Trying to solve mysteries with brute force...
Trying to solve results/mystery_world_cos/chunk_data.txt_train-translated_divide-translated_plus
Checking for brute force * 

Trying to solve mysteries with brute force...
Trying to solve results/mystery_world_cos/chunk_data.txt_train-translated_divide-translated_plus
Checking polyfit 

Pareto frontier in the current branch:

Complexity #  MDL Loss #  Expression
0.0 2.7 sqrt(-0.064245188854*sin(pi))

Checking for brute force + 

Trying to solve mysteries with brute force...
Trying to solve results/mystery_world_exp/chunk_data.txt_train-translated_divide-translated_plus
Checking for brute force * 

Trying to solve mysteries with brute force...
Trying to solve results/mystery_world_exp/chunk_data.txt_train-translated_divide-translated_plus
Checking polyfit 

Pareto frontier in the current branch:

Complexity #  MDL Loss #  Expression
0.0 2.7 sqrt(-0.064245188854*sin(pi))

Checking for brute force + 

Trying to solve mysteries with brute force...
Trying to solve results/mystery_world_inverse/chunk_data.txt_train-translated_divide-translated_plus
Checking for brute force * 

Trying to solve mysteries with brute force...
Trying to solve results/mystery_world_inverse/chunk_data.txt_train-translated_divide-translated_plus
Checking polyfit 

Pareto frontier in the current branch:

Complexity #  MDL Loss #  Expression
0.0 2.7 sqrt(-0.064245188854*sin(pi))

Checking for brute force + 

Trying to solve mysteries with brute force...
Trying to solve results/mystery_world_sin/chunk_data.txt_train-translated_divide-translated_plus
Checking for brute force * 

Trying to solve mysteries with brute force...
Trying to solve results/mystery_world_sin/chunk_data.txt_train-translated_divide-translated_plus
Checking polyfit 

Pareto frontier in the current branch:

Complexity #  MDL Loss #  Expression
0.0 2.7 sqrt(-0.064245188854*sin(pi))

Checking for brute force + 

Trying to solve mysteries with brute force...
Trying to solve results/mystery_world_squared/chunk_data.txt_train-translated_divide-translated_plus
Checking for brute force * 

Trying to solve mysteries with brute force...
Trying to solve results/mystery_world_squared/chunk_data.txt_train-translated_divide-translated_plus
Checking polyfit 

Pareto frontier in the current branch:

Complexity #  MDL Loss #  Expression
0.0 2.7 sqrt(-0.064245188854*sin(pi))

Checking for brute force + 

Trying to solve mysteries with brute force...
Trying to solve results/mystery_world_tan/chunk_data.txt_train-translated_divide-translated_plus
Checking for brute force * 

Trying to solve mysteries with brute force...
Trying to solve results/mystery_world_tan/chunk_data.txt_train-translated_divide-translated_plus
Checking polyfit 

Pareto frontier in the current branch:

Complexity #  MDL Loss #  Expression
0.0 2.7 sqrt(-0.064245188854*sin(pi))

Just one variable!
Checking for symmetries...
chunk_data.txt_train-translated_divide-translated_plus just one variable for ADD 

chunk_data.txt_train-translated_divide-translated_plus just one variable for ADD 

chunk_data.txt_train-translated_divide-translated_plus just one variable for ADD 

chunk_data.txt_train-translated_divide-translated_plus just one variable for ADD 


Checking for separabilities...
chunk_data.txt_train-translated_divide-translated_plus just one variable for ADD
chunk_data.txt_train-translated_divide-translated_plus just one variable for ADD

Checking for compositionality...

Checking for generalized symmetry...


============================= JOB FEEDBACK =============================

NodeName=uc3n001
Job ID: 2599482
Cluster: uc3
User/Group: ka_bj2362/ka_iai
State: COMPLETED (exit code 0)
Nodes: 1
Cores per node: 4
CPU Utilized: 01:14:56
CPU Efficiency: 24.43% of 05:06:44 core-walltime
Job Wall-clock time: 01:16:41
Memory Utilized: 1.39 GB
Memory Efficiency: 17.81% of 7.81 GB (1.95 GB/core)
