Script started...
Loading data from ./dataset/Frequency_data_SK.pkl...
Filtering full chunks (15 min)...
Processing chunk: 2024-08-15 00:45:00
Chunk shape: (900, 2)
Applying Gaussian filter with sigma=60...
Data saved to chunk_data.txt. Columns: theta, omega, d_omega_dt
Starting AI Feynman run...
Checking for brute force + 

Trying to solve mysteries with brute force...
Trying to solve ./chunk_data.txt_train
Rejection threshold.....    10.000
Bit margin..............     0.000
Checking for brute force * 

Trying to solve mysteries with brute force...
Trying to solve ./chunk_data.txt_train
Checking polyfit 

Pareto frontier in the current branch:

Complexity #  MDL Loss #  Expression
36.33 14.58 0.000008009222+(x1*(x1*x1))
41.82 14.11 -0.000000207811+(x0*(log((x1+1))-x1))
41.82 14.11 -0.000000207861+(x0*(x1+log(((-x1)+1))))
52.26 14.1 -0.000005455841+(x1*(x1*((exp(x0))**(-1)-1)))

Checking for brute force + 

Trying to solve mysteries with brute force...
Trying to solve results/mystery_world_squared/chunk_data.txt_train
Checking for brute force * 

Trying to solve mysteries with brute force...
Trying to solve results/mystery_world_squared/chunk_data.txt_train
Rejection threshold.....    10.000
Bit margin..............     0.000
Checking polyfit 

Pareto frontier in the current branch:

Complexity #  MDL Loss #  Expression
0.0 1.42 sqrt(-666.000000000000*(pi-((pi)**(-1))**(-1)))

Checking for brute force + 

Trying to solve mysteries with brute force...
Trying to solve results/mystery_world_exp/chunk_data.txt_train
Rejection threshold.....    10.000
Bit margin..............     0.000
Checking for brute force * 

Trying to solve mysteries with brute force...
Trying to solve results/mystery_world_exp/chunk_data.txt_train
Rejection threshold.....    10.000
Bit margin..............     0.000
Checking polyfit 

Pareto frontier in the current branch:

Complexity #  MDL Loss #  Expression
0.0 1.42 sqrt(-666.000000000000*(pi-((pi)**(-1))**(-1)))

Checking for brute force + 

Trying to solve mysteries with brute force...
Trying to solve results/mystery_world_inverse/chunk_data.txt_train
Rejection threshold.....    10.000
Bit margin..............     0.000
Checking for brute force * 

Trying to solve mysteries with brute force...
Trying to solve results/mystery_world_inverse/chunk_data.txt_train
Rejection threshold.....    10.000
Bit margin..............     0.000
Checking polyfit 

Pareto frontier in the current branch:

Complexity #  MDL Loss #  Expression
0.0 1.42 sqrt(-666.000000000000*(pi-((pi)**(-1))**(-1)))

Checking for brute force + 

Trying to solve mysteries with brute force...
Trying to solve results/mystery_world_squared/chunk_data.txt_train
Rejection threshold.....    10.000
Bit margin..............     0.000
Number of variables.....       2
Functions used..........           +*-/><~\PLE
 Arity            0 : Pab
 Arity            1 : ><~\LE
 Arity            2 : +*-/
Loading mystery data....
         720  rows read from file mystery.dat                                                                                                                                                                                                                                                     
Number of examples......     720
Shuffling mystery data..
 Searching for best fit...
      1.027298920723     -3.141592740287                      P               1             0.0000           739.6552             0.0000             0.0000             1.4042           720.0000
      1.027298831568    -23.140694655078                     PE              19             4.2479           743.9031             0.0000             0.0000             1.4042           266.7368
      1.027298826172     -9.869604949658                    PP*              31             4.9542           744.6094             0.0000             0.0000             1.4042           210.6774
      1.027298805926    -62.902929780064                    P>E             148             7.2095           746.8646             0.0000             0.0000             1.4042           220.4730
      1.027297855363     -0.999999999275                  bb<>/            2883            11.4934           751.1478             0.0000             0.0000             1.4042           135.8637
      1.025968003686      0.000000000772                  aPEE/            3182            11.6357           750.3327             0.0000             0.0000             1.4092           132.7794
      0.000000000000   -666.000000000000                  PEP-E            8713            13.0890            13.0890             0.0000             0.0000             0.0000           119.0488
 All done: results in results.dat                                                                                                                                                                                                                                                     
Checking for brute force * 

Trying to solve mysteries with brute force...
Trying to solve results/mystery_world_squared/chunk_data.txt_train
Rejection threshold.....    10.000
Bit margin..............     0.000
Checking polyfit 

Pareto frontier in the current branch:

Complexity #  MDL Loss #  Expression
0.0 1.42 sqrt(-666.000000000000*(pi-((pi)**(-1))**(-1)))

NN already trained 

Error(s) in loading state_dict for SimpleNet:
	size mismatch for linear1.weight: copying a param with shape torch.Size([128, 3]) from checkpoint, the shape in current model is torch.Size([128, 2]).
NN loss:  100 

Error(s) in loading state_dict for SimpleNet:
	size mismatch for linear1.weight: copying a param with shape torch.Size([128, 3]) from checkpoint, the shape in current model is torch.Size([128, 2]).
Checking for symmetries...
Error(s) in loading state_dict for SimpleNet:
	size mismatch for linear1.weight: copying a param with shape torch.Size([128, 3]) from checkpoint, the shape in current model is torch.Size([128, 2]).
Error(s) in loading state_dict for SimpleNet:
	size mismatch for linear1.weight: copying a param with shape torch.Size([128, 3]) from checkpoint, the shape in current model is torch.Size([128, 2]).
Error(s) in loading state_dict for SimpleNet:
	size mismatch for linear1.weight: copying a param with shape torch.Size([128, 3]) from checkpoint, the shape in current model is torch.Size([128, 2]).
Error(s) in loading state_dict for SimpleNet:
	size mismatch for linear1.weight: copying a param with shape torch.Size([128, 3]) from checkpoint, the shape in current model is torch.Size([128, 2]).

Checking for separabilities...
Error(s) in loading state_dict for SimpleNet:
	size mismatch for linear1.weight: copying a param with shape torch.Size([128, 3]) from checkpoint, the shape in current model is torch.Size([128, 2]).
Error(s) in loading state_dict for SimpleNet:
	size mismatch for linear1.weight: copying a param with shape torch.Size([128, 3]) from checkpoint, the shape in current model is torch.Size([128, 2]).

Checking for compositionality...

Checking for generalized symmetry...


============================= JOB FEEDBACK =============================

NodeName=uc3n001
Job ID: 2675636
Cluster: uc3
User/Group: ka_bj2362/ka_iai
State: COMPLETED (exit code 0)
Nodes: 1
Cores per node: 4
CPU Utilized: 00:03:20
CPU Efficiency: 11.99% of 00:27:48 core-walltime
Job Wall-clock time: 00:06:57
Memory Utilized: 1.37 GB
Memory Efficiency: 17.48% of 7.81 GB (1.95 GB/core)
