Loading data from /pfs/data6/home/ka/ka_iai/ka_bj2362/dsr/svise/../dataset/Frequency_data_SK.pkl...
Filtering for valid 5-minute chunks in the 9:00-10:00 window...
Found 3 valid 9:00-10:00 chunks (max requested: 3).

============================================================
HYPERPARAMETER GRID SEARCH
============================================================
Total hyperparameter combinations: 120
Chunks per combination: 3
Total training runs: 360
Early stopping: patience=300, max_epochs=10000
============================================================


============================================================
Combo 1/120: {'model': 'integrator', 'sigma': 0, 'degree': 2, 'tau': 0.5, 'lr': 0.1}
============================================================
/pfs/data6/home/ka/ka_iai/ka_bj2362/dsr/svise/svise/sde_learning/_marginal_sde.py:284: UserWarning: torch.triangular_solve is deprecated in favor of torch.linalg.solve_triangularand will be removed in a future PyTorch release.
torch.linalg.solve_triangular has its arguments reversed and does not return a copy of one of the inputs.
X = torch.triangular_solve(B, A).solution
should be replaced with
X = torch.linalg.solve_triangular(A, B). (Triggered internally at ../aten/src/ATen/native/BatchLinearAlgebra.cpp:2192.)
  return torch.triangular_solve(self.raw_w, self.C.t()).solution
/pfs/data6/home/ka/ka_iai/ka_bj2362/dsr/svise/svise/quadrature/_unbiased_quadrature.py:196: UserWarning: Interp is nan, reducing interp degree.
  warnings.warn("Interp is nan, reducing interp degree.")
/pfs/data6/home/ka/ka_iai/ka_bj2362/dsr/svise/svise/quadrature/_unbiased_quadrature.py:174: UserWarning: NaN detected in fxq (quadrature node evaluations). Clamping to 0.
  warnings.warn("NaN detected in fxq (quadrature node evaluations). Clamping to 0.")
/pfs/data6/home/ka/ka_iai/ka_bj2362/dsr/svise/svise/quadrature/_unbiased_quadrature.py:177: UserWarning: NaN detected in fmc (Monte-Carlo node evaluations). Clamping to 0.
  warnings.warn("NaN detected in fmc (Monte-Carlo node evaluations). Clamping to 0.")
    Chunk 1/3: running mean RMSE = 0.032135 (1 valid)
    Chunk 2/3: running mean RMSE = 0.032135 (1 valid)
    Chunk 3/3: running mean RMSE = 0.021752 (2 valid)
  => Mean RMSE (omega): 0.021752 (2/3 chunks succeeded)

============================================================
Combo 2/120: {'model': 'integrator', 'sigma': 0, 'degree': 2, 'tau': 0.5, 'lr': 0.001}
============================================================
    Chunk 1/3: running mean RMSE = nan (0 valid)
    Chunk 2/3: running mean RMSE = 0.009851 (1 valid)
    Chunk 3/3: running mean RMSE = 0.010446 (2 valid)
  => Mean RMSE (omega): 0.010446 (2/3 chunks succeeded)

============================================================
Combo 3/120: {'model': 'integrator', 'sigma': 0, 'degree': 2, 'tau': 0.5, 'lr': 1e-05}
============================================================
    Chunk 1/3: running mean RMSE = 0.109395 (1 valid)
    Chunk 2/3: running mean RMSE = 0.099512 (2 valid)
    Chunk 3/3: running mean RMSE = 0.086167 (3 valid)
  => Mean RMSE (omega): 0.086167 (3/3 chunks succeeded)

============================================================
Combo 4/120: {'model': 'integrator', 'sigma': 0, 'degree': 2, 'tau': 0.1, 'lr': 0.1}
============================================================
    Chunk 1/3: running mean RMSE = 0.019042 (1 valid)
    Chunk 2/3: running mean RMSE = 0.014947 (2 valid)
    Chunk 3/3: running mean RMSE = 0.014947 (2 valid)
  => Mean RMSE (omega): 0.014947 (2/3 chunks succeeded)

============================================================
Combo 5/120: {'model': 'integrator', 'sigma': 0, 'degree': 2, 'tau': 0.1, 'lr': 0.001}
============================================================
    Chunk 1/3: running mean RMSE = 0.013527 (1 valid)
    Chunk 2/3: running mean RMSE = 0.012050 (2 valid)
    Chunk 3/3: running mean RMSE = 0.011718 (3 valid)
  => Mean RMSE (omega): 0.011718 (3/3 chunks succeeded)

============================================================
Combo 6/120: {'model': 'integrator', 'sigma': 0, 'degree': 2, 'tau': 0.1, 'lr': 1e-05}
============================================================
    Chunk 1/3: running mean RMSE = 0.059807 (1 valid)
    Chunk 2/3: running mean RMSE = 0.071000 (2 valid)
    Chunk 3/3: running mean RMSE = 0.072534 (3 valid)
  => Mean RMSE (omega): 0.072534 (3/3 chunks succeeded)

============================================================
Combo 7/120: {'model': 'integrator', 'sigma': 0, 'degree': 2, 'tau': 0.01, 'lr': 0.1}
============================================================
    Chunk 1/3: running mean RMSE = 0.013724 (1 valid)
    Chunk 2/3: running mean RMSE = 0.012384 (2 valid)
    Chunk 3/3: running mean RMSE = 0.011998 (3 valid)
  => Mean RMSE (omega): 0.011998 (3/3 chunks succeeded)

============================================================
Combo 8/120: {'model': 'integrator', 'sigma': 0, 'degree': 2, 'tau': 0.01, 'lr': 0.001}
============================================================
    Chunk 1/3: running mean RMSE = 0.013523 (1 valid)
    Chunk 2/3: running mean RMSE = 0.011702 (2 valid)
    Chunk 3/3: running mean RMSE = 0.011474 (3 valid)
  => Mean RMSE (omega): 0.011474 (3/3 chunks succeeded)

============================================================
Combo 9/120: {'model': 'integrator', 'sigma': 0, 'degree': 2, 'tau': 0.01, 'lr': 1e-05}
============================================================
    Chunk 1/3: running mean RMSE = 0.081311 (1 valid)
    Chunk 2/3: running mean RMSE = 0.069391 (2 valid)
    Chunk 3/3: running mean RMSE = 0.066778 (3 valid)
  => Mean RMSE (omega): 0.066778 (3/3 chunks succeeded)

============================================================
Combo 10/120: {'model': 'integrator', 'sigma': 0, 'degree': 2, 'tau': 0.001, 'lr': 0.1}
============================================================
    Chunk 1/3: running mean RMSE = 0.047845 (1 valid)
    Chunk 2/3: running mean RMSE = 0.029090 (2 valid)
    Chunk 3/3: running mean RMSE = 0.029090 (2 valid)
  => Mean RMSE (omega): 0.029090 (2/3 chunks succeeded)

============================================================
Combo 11/120: {'model': 'integrator', 'sigma': 0, 'degree': 2, 'tau': 0.001, 'lr': 0.001}
============================================================
    Chunk 1/3: running mean RMSE = 0.013532 (1 valid)
    Chunk 2/3: running mean RMSE = 0.013532 (1 valid)
    Chunk 3/3: running mean RMSE = 0.012301 (2 valid)
  => Mean RMSE (omega): 0.012301 (2/3 chunks succeeded)

============================================================
Combo 12/120: {'model': 'integrator', 'sigma': 0, 'degree': 2, 'tau': 0.001, 'lr': 1e-05}
============================================================
    Chunk 1/3: running mean RMSE = 0.086546 (1 valid)
    Chunk 2/3: running mean RMSE = 0.095535 (2 valid)
    Chunk 3/3: running mean RMSE = 0.080446 (3 valid)
  => Mean RMSE (omega): 0.080446 (3/3 chunks succeeded)

============================================================
Combo 13/120: {'model': 'integrator', 'sigma': 0, 'degree': 2, 'tau': 1e-05, 'lr': 0.1}
============================================================
    Chunk 1/3: running mean RMSE = 0.013712 (1 valid)
    Chunk 2/3: running mean RMSE = 0.012426 (2 valid)
    Chunk 3/3: running mean RMSE = 0.012007 (3 valid)
  => Mean RMSE (omega): 0.012007 (3/3 chunks succeeded)

============================================================
Combo 14/120: {'model': 'integrator', 'sigma': 0, 'degree': 2, 'tau': 1e-05, 'lr': 0.001}
============================================================
    Chunk 1/3: running mean RMSE = nan (0 valid)
    Chunk 2/3: running mean RMSE = 0.010975 (1 valid)
    Chunk 3/3: running mean RMSE = 0.011009 (2 valid)
  => Mean RMSE (omega): 0.011009 (2/3 chunks succeeded)

============================================================
Combo 15/120: {'model': 'integrator', 'sigma': 0, 'degree': 2, 'tau': 1e-05, 'lr': 1e-05}
============================================================
    Chunk 1/3: running mean RMSE = 0.078897 (1 valid)
    Chunk 2/3: running mean RMSE = 0.084778 (2 valid)
    Chunk 3/3: running mean RMSE = 0.081855 (3 valid)
  => Mean RMSE (omega): 0.081855 (3/3 chunks succeeded)

============================================================
Combo 16/120: {'model': 'integrator', 'sigma': 0, 'degree': 3, 'tau': 0.5, 'lr': 0.1}
============================================================
    Chunk 1/3: running mean RMSE = nan (0 valid)
    Chunk 2/3: running mean RMSE = 0.010472 (1 valid)
    Chunk 3/3: running mean RMSE = 0.018502 (2 valid)
  => Mean RMSE (omega): 0.018502 (2/3 chunks succeeded)

============================================================
Combo 17/120: {'model': 'integrator', 'sigma': 0, 'degree': 3, 'tau': 0.5, 'lr': 0.001}
============================================================
    Chunk 1/3: running mean RMSE = 0.013474 (1 valid)
    Chunk 2/3: running mean RMSE = 0.011709 (2 valid)
    Chunk 3/3: running mean RMSE = 0.011578 (3 valid)
  => Mean RMSE (omega): 0.011578 (3/3 chunks succeeded)

============================================================
Combo 18/120: {'model': 'integrator', 'sigma': 0, 'degree': 3, 'tau': 0.5, 'lr': 1e-05}
============================================================
    Chunk 1/3: running mean RMSE = 0.067152 (1 valid)
    Chunk 2/3: running mean RMSE = 0.081355 (2 valid)
    Chunk 3/3: running mean RMSE = 0.078183 (3 valid)
  => Mean RMSE (omega): 0.078183 (3/3 chunks succeeded)

============================================================
Combo 19/120: {'model': 'integrator', 'sigma': 0, 'degree': 3, 'tau': 0.1, 'lr': 0.1}
============================================================
    Chunk 1/3: running mean RMSE = 0.014293 (1 valid)
    Chunk 2/3: running mean RMSE = 0.012476 (2 valid)
    Chunk 3/3: running mean RMSE = 0.012036 (3 valid)
  => Mean RMSE (omega): 0.012036 (3/3 chunks succeeded)

============================================================
Combo 20/120: {'model': 'integrator', 'sigma': 0, 'degree': 3, 'tau': 0.1, 'lr': 0.001}
============================================================
    Chunk 1/3: running mean RMSE = 0.013612 (1 valid)
    Chunk 2/3: running mean RMSE = 0.012249 (2 valid)
    Chunk 3/3: running mean RMSE = 0.011847 (3 valid)
  => Mean RMSE (omega): 0.011847 (3/3 chunks succeeded)

============================================================
Combo 21/120: {'model': 'integrator', 'sigma': 0, 'degree': 3, 'tau': 0.1, 'lr': 1e-05}
============================================================
    Chunk 1/3: running mean RMSE = 0.102360 (1 valid)
    Chunk 2/3: running mean RMSE = 0.111454 (2 valid)
    Chunk 3/3: running mean RMSE = 0.093996 (3 valid)
  => Mean RMSE (omega): 0.093996 (3/3 chunks succeeded)

============================================================
Combo 22/120: {'model': 'integrator', 'sigma': 0, 'degree': 3, 'tau': 0.01, 'lr': 0.1}
============================================================
    Chunk 1/3: running mean RMSE = 0.013790 (1 valid)
    Chunk 2/3: running mean RMSE = 0.013790 (1 valid)
    Chunk 3/3: running mean RMSE = 0.012519 (2 valid)
  => Mean RMSE (omega): 0.012519 (2/3 chunks succeeded)

============================================================
Combo 23/120: {'model': 'integrator', 'sigma': 0, 'degree': 3, 'tau': 0.01, 'lr': 0.001}
============================================================
    Chunk 1/3: running mean RMSE = 0.013495 (1 valid)
    Chunk 2/3: running mean RMSE = 0.012086 (2 valid)
    Chunk 3/3: running mean RMSE = 0.011754 (3 valid)
  => Mean RMSE (omega): 0.011754 (3/3 chunks succeeded)

============================================================
Combo 24/120: {'model': 'integrator', 'sigma': 0, 'degree': 3, 'tau': 0.01, 'lr': 1e-05}
============================================================
    Chunk 1/3: running mean RMSE = 0.072841 (1 valid)
    Chunk 2/3: running mean RMSE = 0.089551 (2 valid)
    Chunk 3/3: running mean RMSE = 0.078298 (3 valid)
  => Mean RMSE (omega): 0.078298 (3/3 chunks succeeded)

============================================================
Combo 25/120: {'model': 'integrator', 'sigma': 0, 'degree': 3, 'tau': 0.001, 'lr': 0.1}
============================================================
    Chunk 1/3: running mean RMSE = 0.013894 (1 valid)
    Chunk 2/3: running mean RMSE = 0.012046 (2 valid)
    Chunk 3/3: running mean RMSE = 0.011752 (3 valid)
  => Mean RMSE (omega): 0.011752 (3/3 chunks succeeded)

============================================================
Combo 26/120: {'model': 'integrator', 'sigma': 0, 'degree': 3, 'tau': 0.001, 'lr': 0.001}
============================================================
    Chunk 1/3: running mean RMSE = 0.013606 (1 valid)
    Chunk 2/3: running mean RMSE = 0.011775 (2 valid)
    Chunk 3/3: running mean RMSE = 0.011533 (3 valid)
  => Mean RMSE (omega): 0.011533 (3/3 chunks succeeded)

============================================================
Combo 27/120: {'model': 'integrator', 'sigma': 0, 'degree': 3, 'tau': 0.001, 'lr': 1e-05}
============================================================
    Chunk 1/3: running mean RMSE = 0.069786 (1 valid)
    Chunk 2/3: running mean RMSE = 0.077558 (2 valid)
    Chunk 3/3: running mean RMSE = 0.069576 (3 valid)
  => Mean RMSE (omega): 0.069576 (3/3 chunks succeeded)

============================================================
Combo 28/120: {'model': 'integrator', 'sigma': 0, 'degree': 3, 'tau': 1e-05, 'lr': 0.1}
============================================================
    Chunk 1/3: running mean RMSE = 0.013662 (1 valid)
    Chunk 2/3: running mean RMSE = 0.012094 (2 valid)
    Chunk 3/3: running mean RMSE = 0.013515 (3 valid)
  => Mean RMSE (omega): 0.013515 (3/3 chunks succeeded)

============================================================
Combo 29/120: {'model': 'integrator', 'sigma': 0, 'degree': 3, 'tau': 1e-05, 'lr': 0.001}
============================================================
    Chunk 1/3: running mean RMSE = nan (0 valid)
    Chunk 2/3: running mean RMSE = 0.009885 (1 valid)
    Chunk 3/3: running mean RMSE = 0.010463 (2 valid)
  => Mean RMSE (omega): 0.010463 (2/3 chunks succeeded)

============================================================
Combo 30/120: {'model': 'integrator', 'sigma': 0, 'degree': 3, 'tau': 1e-05, 'lr': 1e-05}
============================================================
    Chunk 1/3: running mean RMSE = 0.064577 (1 valid)
    Chunk 2/3: running mean RMSE = 0.082185 (2 valid)
    Chunk 3/3: running mean RMSE = 0.076856 (3 valid)
  => Mean RMSE (omega): 0.076856 (3/3 chunks succeeded)

============================================================
Combo 31/120: {'model': 'integrator', 'sigma': 5, 'degree': 2, 'tau': 0.5, 'lr': 0.1}
============================================================
    Chunk 1/3: running mean RMSE = nan (0 valid)
    Chunk 2/3: running mean RMSE = 0.001382 (1 valid)
    Chunk 3/3: running mean RMSE = 0.001300 (2 valid)
  => Mean RMSE (omega): 0.001300 (2/3 chunks succeeded)

============================================================
Combo 32/120: {'model': 'integrator', 'sigma': 5, 'degree': 2, 'tau': 0.5, 'lr': 0.001}
============================================================
    Chunk 1/3: running mean RMSE = nan (0 valid)
    Chunk 2/3: running mean RMSE = 0.001198 (1 valid)
    Chunk 3/3: running mean RMSE = 0.001100 (2 valid)
  => Mean RMSE (omega): 0.001100 (2/3 chunks succeeded)

============================================================
Combo 33/120: {'model': 'integrator', 'sigma': 5, 'degree': 2, 'tau': 0.5, 'lr': 1e-05}
============================================================
    Chunk 1/3: running mean RMSE = 0.101210 (1 valid)
    Chunk 2/3: running mean RMSE = 0.108781 (2 valid)
    Chunk 3/3: running mean RMSE = 0.090487 (3 valid)
  => Mean RMSE (omega): 0.090487 (3/3 chunks succeeded)

============================================================
Combo 34/120: {'model': 'integrator', 'sigma': 5, 'degree': 2, 'tau': 0.1, 'lr': 0.1}
============================================================
    Chunk 1/3: running mean RMSE = nan (0 valid)
    Chunk 2/3: running mean RMSE = 0.002371 (1 valid)
    Chunk 3/3: running mean RMSE = 0.001943 (2 valid)
  => Mean RMSE (omega): 0.001943 (2/3 chunks succeeded)

============================================================
Combo 35/120: {'model': 'integrator', 'sigma': 5, 'degree': 2, 'tau': 0.1, 'lr': 0.001}
============================================================
    Chunk 1/3: running mean RMSE = nan (0 valid)
    Chunk 2/3: running mean RMSE = 0.001009 (1 valid)
    Chunk 3/3: running mean RMSE = 0.001019 (2 valid)
  => Mean RMSE (omega): 0.001019 (2/3 chunks succeeded)

============================================================
Combo 36/120: {'model': 'integrator', 'sigma': 5, 'degree': 2, 'tau': 0.1, 'lr': 1e-05}
============================================================
    Chunk 1/3: running mean RMSE = 0.060352 (1 valid)
    Chunk 2/3: running mean RMSE = 0.090646 (2 valid)
    Chunk 3/3: running mean RMSE = 0.076294 (3 valid)
  => Mean RMSE (omega): 0.076294 (3/3 chunks succeeded)

============================================================
Combo 37/120: {'model': 'integrator', 'sigma': 5, 'degree': 2, 'tau': 0.01, 'lr': 0.1}
============================================================
    Chunk 1/3: running mean RMSE = 0.001418 (1 valid)
    Chunk 2/3: running mean RMSE = 0.001418 (1 valid)
    Chunk 3/3: running mean RMSE = 0.001295 (2 valid)
  => Mean RMSE (omega): 0.001295 (2/3 chunks succeeded)

============================================================
Combo 38/120: {'model': 'integrator', 'sigma': 5, 'degree': 2, 'tau': 0.01, 'lr': 0.001}
============================================================
    Chunk 1/3: running mean RMSE = nan (0 valid)
    Chunk 2/3: running mean RMSE = 0.011543 (1 valid)
    Chunk 3/3: running mean RMSE = 0.006328 (2 valid)
  => Mean RMSE (omega): 0.006328 (2/3 chunks succeeded)

============================================================
Combo 39/120: {'model': 'integrator', 'sigma': 5, 'degree': 2, 'tau': 0.01, 'lr': 1e-05}
============================================================
    Chunk 1/3: running mean RMSE = 0.098538 (1 valid)
    Chunk 2/3: running mean RMSE = 0.104302 (2 valid)
    Chunk 3/3: running mean RMSE = 0.088136 (3 valid)
  => Mean RMSE (omega): 0.088136 (3/3 chunks succeeded)

============================================================
Combo 40/120: {'model': 'integrator', 'sigma': 5, 'degree': 2, 'tau': 0.001, 'lr': 0.1}
============================================================
    Chunk 1/3: running mean RMSE = 0.004711 (1 valid)
    Chunk 2/3: running mean RMSE = 0.004097 (2 valid)
    Chunk 3/3: running mean RMSE = 0.003075 (3 valid)
  => Mean RMSE (omega): 0.003075 (3/3 chunks succeeded)

============================================================
Combo 41/120: {'model': 'integrator', 'sigma': 5, 'degree': 2, 'tau': 0.001, 'lr': 0.001}
============================================================
    Chunk 1/3: running mean RMSE = nan (0 valid)
    Chunk 2/3: running mean RMSE = 0.001099 (1 valid)
    Chunk 3/3: running mean RMSE = 0.001023 (2 valid)
  => Mean RMSE (omega): 0.001023 (2/3 chunks succeeded)

============================================================
Combo 42/120: {'model': 'integrator', 'sigma': 5, 'degree': 2, 'tau': 0.001, 'lr': 1e-05}
============================================================
    Chunk 1/3: running mean RMSE = 0.088463 (1 valid)
    Chunk 2/3: running mean RMSE = 0.085464 (2 valid)
    Chunk 3/3: running mean RMSE = 0.074265 (3 valid)
  => Mean RMSE (omega): 0.074265 (3/3 chunks succeeded)

============================================================
Combo 43/120: {'model': 'integrator', 'sigma': 5, 'degree': 2, 'tau': 1e-05, 'lr': 0.1}
============================================================
    Chunk 1/3: running mean RMSE = 0.001435 (1 valid)
    Chunk 2/3: running mean RMSE = 0.001877 (2 valid)
    Chunk 3/3: running mean RMSE = 0.001661 (3 valid)
  => Mean RMSE (omega): 0.001661 (3/3 chunks succeeded)

============================================================
Combo 44/120: {'model': 'integrator', 'sigma': 5, 'degree': 2, 'tau': 1e-05, 'lr': 0.001}
============================================================
    Chunk 1/3: running mean RMSE = 0.000992 (1 valid)
    Chunk 2/3: running mean RMSE = 0.001215 (2 valid)
    Chunk 3/3: running mean RMSE = 0.001166 (3 valid)
  => Mean RMSE (omega): 0.001166 (3/3 chunks succeeded)

============================================================
Combo 45/120: {'model': 'integrator', 'sigma': 5, 'degree': 2, 'tau': 1e-05, 'lr': 1e-05}
============================================================
    Chunk 1/3: running mean RMSE = 0.060381 (1 valid)
    Chunk 2/3: running mean RMSE = 0.090043 (2 valid)
    Chunk 3/3: running mean RMSE = 0.081054 (3 valid)
  => Mean RMSE (omega): 0.081054 (3/3 chunks succeeded)

============================================================
Combo 46/120: {'model': 'integrator', 'sigma': 5, 'degree': 3, 'tau': 0.5, 'lr': 0.1}
============================================================
    Chunk 1/3: running mean RMSE = nan (0 valid)
    Chunk 2/3: running mean RMSE = 0.001442 (1 valid)
    Chunk 3/3: running mean RMSE = 0.003167 (2 valid)
  => Mean RMSE (omega): 0.003167 (2/3 chunks succeeded)

============================================================
Combo 47/120: {'model': 'integrator', 'sigma': 5, 'degree': 3, 'tau': 0.5, 'lr': 0.001}
============================================================
    Chunk 1/3: running mean RMSE = nan (0 valid)
    Chunk 2/3: running mean RMSE = nan (0 valid)
    Chunk 3/3: running mean RMSE = 0.000824 (1 valid)
  => Mean RMSE (omega): 0.000824 (1/3 chunks succeeded)

============================================================
Combo 48/120: {'model': 'integrator', 'sigma': 5, 'degree': 3, 'tau': 0.5, 'lr': 1e-05}
============================================================
    Chunk 1/3: running mean RMSE = 0.057815 (1 valid)
    Chunk 2/3: running mean RMSE = 0.081529 (2 valid)
    Chunk 3/3: running mean RMSE = 0.069996 (3 valid)
  => Mean RMSE (omega): 0.069996 (3/3 chunks succeeded)

============================================================
Combo 49/120: {'model': 'integrator', 'sigma': 5, 'degree': 3, 'tau': 0.1, 'lr': 0.1}
============================================================
    Chunk 1/3: running mean RMSE = nan (0 valid)
    Chunk 2/3: running mean RMSE = 0.001694 (1 valid)
    Chunk 3/3: running mean RMSE = 0.001545 (2 valid)
  => Mean RMSE (omega): 0.001545 (2/3 chunks succeeded)

============================================================
Combo 50/120: {'model': 'integrator', 'sigma': 5, 'degree': 3, 'tau': 0.1, 'lr': 0.001}
============================================================
    Chunk 1/3: running mean RMSE = nan (0 valid)
    Chunk 2/3: running mean RMSE = nan (0 valid)
    Chunk 3/3: running mean RMSE = 0.000925 (1 valid)
  => Mean RMSE (omega): 0.000925 (1/3 chunks succeeded)

============================================================
Combo 51/120: {'model': 'integrator', 'sigma': 5, 'degree': 3, 'tau': 0.1, 'lr': 1e-05}
============================================================
    Chunk 1/3: running mean RMSE = 0.066608 (1 valid)
    Chunk 2/3: running mean RMSE = 0.105772 (2 valid)
    Chunk 3/3: running mean RMSE = 0.088431 (3 valid)
  => Mean RMSE (omega): 0.088431 (3/3 chunks succeeded)

============================================================
Combo 52/120: {'model': 'integrator', 'sigma': 5, 'degree': 3, 'tau': 0.01, 'lr': 0.1}
============================================================
    Chunk 1/3: running mean RMSE = 0.001842 (1 valid)
    Chunk 2/3: running mean RMSE = 0.003078 (2 valid)
    Chunk 3/3: running mean RMSE = 0.003961 (3 valid)
  => Mean RMSE (omega): 0.003961 (3/3 chunks succeeded)

============================================================
Combo 53/120: {'model': 'integrator', 'sigma': 5, 'degree': 3, 'tau': 0.01, 'lr': 0.001}
============================================================
    Chunk 1/3: running mean RMSE = 0.001091 (1 valid)
    Chunk 2/3: running mean RMSE = 0.001012 (2 valid)
    Chunk 3/3: running mean RMSE = 0.000989 (3 valid)
  => Mean RMSE (omega): 0.000989 (3/3 chunks succeeded)

============================================================
Combo 54/120: {'model': 'integrator', 'sigma': 5, 'degree': 3, 'tau': 0.01, 'lr': 1e-05}
============================================================
    Chunk 1/3: running mean RMSE = 0.062884 (1 valid)
    Chunk 2/3: running mean RMSE = 0.078144 (2 valid)
    Chunk 3/3: running mean RMSE = 0.069870 (3 valid)
  => Mean RMSE (omega): 0.069870 (3/3 chunks succeeded)

============================================================
Combo 55/120: {'model': 'integrator', 'sigma': 5, 'degree': 3, 'tau': 0.001, 'lr': 0.1}
============================================================
    Chunk 1/3: running mean RMSE = nan (0 valid)
    Chunk 2/3: running mean RMSE = 0.001871 (1 valid)
    Chunk 3/3: running mean RMSE = 0.001674 (2 valid)
  => Mean RMSE (omega): 0.001674 (2/3 chunks succeeded)

============================================================
Combo 56/120: {'model': 'integrator', 'sigma': 5, 'degree': 3, 'tau': 0.001, 'lr': 0.001}
============================================================
    Chunk 1/3: running mean RMSE = 0.000840 (1 valid)
    Chunk 2/3: running mean RMSE = 0.000840 (1 valid)
    Chunk 3/3: running mean RMSE = 0.000840 (1 valid)
  => Mean RMSE (omega): 0.000840 (1/3 chunks succeeded)

============================================================
Combo 57/120: {'model': 'integrator', 'sigma': 5, 'degree': 3, 'tau': 0.001, 'lr': 1e-05}
============================================================
    Chunk 1/3: running mean RMSE = 0.091766 (1 valid)
    Chunk 2/3: running mean RMSE = 0.095922 (2 valid)
    Chunk 3/3: running mean RMSE = 0.080660 (3 valid)
  => Mean RMSE (omega): 0.080660 (3/3 chunks succeeded)

============================================================
Combo 58/120: {'model': 'integrator', 'sigma': 5, 'degree': 3, 'tau': 1e-05, 'lr': 0.1}
============================================================
    Chunk 1/3: running mean RMSE = 0.017742 (1 valid)
    Chunk 2/3: running mean RMSE = 0.009671 (2 valid)
    Chunk 3/3: running mean RMSE = 0.006870 (3 valid)
  => Mean RMSE (omega): 0.006870 (3/3 chunks succeeded)

============================================================
Combo 59/120: {'model': 'integrator', 'sigma': 5, 'degree': 3, 'tau': 1e-05, 'lr': 0.001}
============================================================
    Chunk 1/3: running mean RMSE = nan (0 valid)
    Chunk 2/3: running mean RMSE = nan (0 valid)
    Chunk 3/3: running mean RMSE = 0.000930 (1 valid)
  => Mean RMSE (omega): 0.000930 (1/3 chunks succeeded)

============================================================
Combo 60/120: {'model': 'integrator', 'sigma': 5, 'degree': 3, 'tau': 1e-05, 'lr': 1e-05}
============================================================
    Chunk 1/3: running mean RMSE = 0.058154 (1 valid)
    Chunk 2/3: running mean RMSE = 0.062323 (2 valid)
    Chunk 3/3: running mean RMSE = 0.061370 (3 valid)
  => Mean RMSE (omega): 0.061370 (3/3 chunks succeeded)

============================================================
Combo 61/120: {'model': 'integrator', 'sigma': 20, 'degree': 2, 'tau': 0.5, 'lr': 0.1}
============================================================
    Chunk 1/3: running mean RMSE = nan (0 valid)
    Chunk 2/3: running mean RMSE = 0.000434 (1 valid)
    Chunk 3/3: running mean RMSE = 0.000983 (2 valid)
  => Mean RMSE (omega): 0.000983 (2/3 chunks succeeded)

============================================================
Combo 62/120: {'model': 'integrator', 'sigma': 20, 'degree': 2, 'tau': 0.5, 'lr': 0.001}
============================================================
    Chunk 1/3: running mean RMSE = nan (0 valid)
    Chunk 2/3: running mean RMSE = 0.000772 (1 valid)
    Chunk 3/3: running mean RMSE = 0.000502 (2 valid)
  => Mean RMSE (omega): 0.000502 (2/3 chunks succeeded)

============================================================
Combo 63/120: {'model': 'integrator', 'sigma': 20, 'degree': 2, 'tau': 0.5, 'lr': 1e-05}
============================================================
    Chunk 1/3: running mean RMSE = 0.050015 (1 valid)
    Chunk 2/3: running mean RMSE = 0.071924 (2 valid)
    Chunk 3/3: running mean RMSE = 0.057769 (3 valid)
  => Mean RMSE (omega): 0.057769 (3/3 chunks succeeded)

============================================================
Combo 64/120: {'model': 'integrator', 'sigma': 20, 'degree': 2, 'tau': 0.1, 'lr': 0.1}
============================================================
    Chunk 1/3: running mean RMSE = 0.001524 (1 valid)
    Chunk 2/3: running mean RMSE = 0.003452 (2 valid)
    Chunk 3/3: running mean RMSE = 0.002437 (3 valid)
  => Mean RMSE (omega): 0.002437 (3/3 chunks succeeded)

============================================================
Combo 65/120: {'model': 'integrator', 'sigma': 20, 'degree': 2, 'tau': 0.1, 'lr': 0.001}
============================================================
    Chunk 1/3: running mean RMSE = nan (0 valid)
    Chunk 2/3: running mean RMSE = 0.001412 (1 valid)
    Chunk 3/3: running mean RMSE = 0.000833 (2 valid)
  => Mean RMSE (omega): 0.000833 (2/3 chunks succeeded)

============================================================
Combo 66/120: {'model': 'integrator', 'sigma': 20, 'degree': 2, 'tau': 0.1, 'lr': 1e-05}
============================================================
    Chunk 1/3: running mean RMSE = 0.061246 (1 valid)
    Chunk 2/3: running mean RMSE = 0.059561 (2 valid)
    Chunk 3/3: running mean RMSE = 0.049451 (3 valid)
  => Mean RMSE (omega): 0.049451 (3/3 chunks succeeded)

============================================================
Combo 67/120: {'model': 'integrator', 'sigma': 20, 'degree': 2, 'tau': 0.01, 'lr': 0.1}
============================================================
    Chunk 1/3: running mean RMSE = 0.028715 (1 valid)
    Chunk 2/3: running mean RMSE = 0.015370 (2 valid)
    Chunk 3/3: running mean RMSE = 0.010626 (3 valid)
  => Mean RMSE (omega): 0.010626 (3/3 chunks succeeded)

============================================================
Combo 68/120: {'model': 'integrator', 'sigma': 20, 'degree': 2, 'tau': 0.01, 'lr': 0.001}
============================================================
    Chunk 1/3: running mean RMSE = nan (0 valid)
    Chunk 2/3: running mean RMSE = 0.000534 (1 valid)
    Chunk 3/3: running mean RMSE = 0.000359 (2 valid)
  => Mean RMSE (omega): 0.000359 (2/3 chunks succeeded)

============================================================
Combo 69/120: {'model': 'integrator', 'sigma': 20, 'degree': 2, 'tau': 0.01, 'lr': 1e-05}
============================================================
    Chunk 1/3: running mean RMSE = 0.050796 (1 valid)
    Chunk 2/3: running mean RMSE = 0.053828 (2 valid)
    Chunk 3/3: running mean RMSE = 0.046735 (3 valid)
  => Mean RMSE (omega): 0.046735 (3/3 chunks succeeded)

============================================================
Combo 70/120: {'model': 'integrator', 'sigma': 20, 'degree': 2, 'tau': 0.001, 'lr': 0.1}
============================================================
    Chunk 1/3: running mean RMSE = 0.001705 (1 valid)
    Chunk 2/3: running mean RMSE = 0.001970 (2 valid)
    Chunk 3/3: running mean RMSE = 0.001504 (3 valid)
  => Mean RMSE (omega): 0.001504 (3/3 chunks succeeded)

============================================================
Combo 71/120: {'model': 'integrator', 'sigma': 20, 'degree': 2, 'tau': 0.001, 'lr': 0.001}
============================================================
    Chunk 1/3: running mean RMSE = nan (0 valid)
    Chunk 2/3: running mean RMSE = 0.001848 (1 valid)
    Chunk 3/3: running mean RMSE = 0.001050 (2 valid)
  => Mean RMSE (omega): 0.001050 (2/3 chunks succeeded)

============================================================
Combo 72/120: {'model': 'integrator', 'sigma': 20, 'degree': 2, 'tau': 0.001, 'lr': 1e-05}
============================================================
    Chunk 1/3: running mean RMSE = 0.058015 (1 valid)
    Chunk 2/3: running mean RMSE = 0.081917 (2 valid)
    Chunk 3/3: running mean RMSE = 0.064375 (3 valid)
  => Mean RMSE (omega): 0.064375 (3/3 chunks succeeded)

============================================================
Combo 73/120: {'model': 'integrator', 'sigma': 20, 'degree': 2, 'tau': 1e-05, 'lr': 0.1}
============================================================
    Chunk 1/3: running mean RMSE = nan (0 valid)
    Chunk 2/3: running mean RMSE = nan (0 valid)
    Chunk 3/3: running mean RMSE = nan (0 valid)
  => Mean RMSE (omega): nan (0/3 chunks succeeded)

============================================================
Combo 74/120: {'model': 'integrator', 'sigma': 20, 'degree': 2, 'tau': 1e-05, 'lr': 0.001}
============================================================
    Chunk 1/3: running mean RMSE = nan (0 valid)
    Chunk 2/3: running mean RMSE = 0.001666 (1 valid)
    Chunk 3/3: running mean RMSE = 0.000941 (2 valid)
  => Mean RMSE (omega): 0.000941 (2/3 chunks succeeded)

============================================================
Combo 75/120: {'model': 'integrator', 'sigma': 20, 'degree': 2, 'tau': 1e-05, 'lr': 1e-05}
============================================================
    Chunk 1/3: running mean RMSE = 0.066660 (1 valid)
    Chunk 2/3: running mean RMSE = 0.066809 (2 valid)
    Chunk 3/3: running mean RMSE = 0.055192 (3 valid)
  => Mean RMSE (omega): 0.055192 (3/3 chunks succeeded)

============================================================
Combo 76/120: {'model': 'integrator', 'sigma': 20, 'degree': 3, 'tau': 0.5, 'lr': 0.1}
============================================================
    Chunk 1/3: running mean RMSE = nan (0 valid)
    Chunk 2/3: running mean RMSE = nan (0 valid)
    Chunk 3/3: running mean RMSE = 0.000138 (1 valid)
  => Mean RMSE (omega): 0.000138 (1/3 chunks succeeded)

============================================================
Combo 77/120: {'model': 'integrator', 'sigma': 20, 'degree': 3, 'tau': 0.5, 'lr': 0.001}
============================================================
    Chunk 1/3: running mean RMSE = nan (0 valid)
    Chunk 2/3: running mean RMSE = 0.000376 (1 valid)
    Chunk 3/3: running mean RMSE = 0.000293 (2 valid)
  => Mean RMSE (omega): 0.000293 (2/3 chunks succeeded)

============================================================
Combo 78/120: {'model': 'integrator', 'sigma': 20, 'degree': 3, 'tau': 0.5, 'lr': 1e-05}
============================================================
    Chunk 1/3: running mean RMSE = 0.036798 (1 valid)
    Chunk 2/3: running mean RMSE = 0.068457 (2 valid)
    Chunk 3/3: running mean RMSE = 0.054071 (3 valid)
  => Mean RMSE (omega): 0.054071 (3/3 chunks succeeded)

============================================================
Combo 79/120: {'model': 'integrator', 'sigma': 20, 'degree': 3, 'tau': 0.1, 'lr': 0.1}
============================================================
    Chunk 1/3: running mean RMSE = 0.003205 (1 valid)
    Chunk 2/3: running mean RMSE = 0.003205 (1 valid)
    Chunk 3/3: running mean RMSE = 0.002844 (2 valid)
  => Mean RMSE (omega): 0.002844 (2/3 chunks succeeded)

============================================================
Combo 80/120: {'model': 'integrator', 'sigma': 20, 'degree': 3, 'tau': 0.1, 'lr': 0.001}
============================================================
    Chunk 1/3: running mean RMSE = nan (0 valid)
    Chunk 2/3: running mean RMSE = 0.001089 (1 valid)
    Chunk 3/3: running mean RMSE = 0.000632 (2 valid)
  => Mean RMSE (omega): 0.000632 (2/3 chunks succeeded)

============================================================
Combo 81/120: {'model': 'integrator', 'sigma': 20, 'degree': 3, 'tau': 0.1, 'lr': 1e-05}
============================================================
    Chunk 1/3: running mean RMSE = 0.067379 (1 valid)
    Chunk 2/3: running mean RMSE = 0.060016 (2 valid)
    Chunk 3/3: running mean RMSE = 0.050349 (3 valid)
  => Mean RMSE (omega): 0.050349 (3/3 chunks succeeded)

============================================================
Combo 82/120: {'model': 'integrator', 'sigma': 20, 'degree': 3, 'tau': 0.01, 'lr': 0.1}
============================================================
    Chunk 1/3: running mean RMSE = 0.001680 (1 valid)
    Chunk 2/3: running mean RMSE = 0.001680 (1 valid)
    Chunk 3/3: running mean RMSE = 0.001680 (1 valid)
  => Mean RMSE (omega): 0.001680 (1/3 chunks succeeded)

============================================================
Combo 83/120: {'model': 'integrator', 'sigma': 20, 'degree': 3, 'tau': 0.01, 'lr': 0.001}
============================================================
    Chunk 1/3: running mean RMSE = nan (0 valid)
    Chunk 2/3: running mean RMSE = nan (0 valid)
    Chunk 3/3: running mean RMSE = 0.000201 (1 valid)
  => Mean RMSE (omega): 0.000201 (1/3 chunks succeeded)

============================================================
Combo 84/120: {'model': 'integrator', 'sigma': 20, 'degree': 3, 'tau': 0.01, 'lr': 1e-05}
============================================================
    Chunk 1/3: running mean RMSE = 0.036042 (1 valid)
    Chunk 2/3: running mean RMSE = 0.050221 (2 valid)
    Chunk 3/3: running mean RMSE = 0.044738 (3 valid)
  => Mean RMSE (omega): 0.044738 (3/3 chunks succeeded)

============================================================
Combo 85/120: {'model': 'integrator', 'sigma': 20, 'degree': 3, 'tau': 0.001, 'lr': 0.1}
============================================================
    Chunk 1/3: running mean RMSE = nan (0 valid)
    Chunk 2/3: running mean RMSE = 0.018047 (1 valid)
    Chunk 3/3: running mean RMSE = 0.009404 (2 valid)
  => Mean RMSE (omega): 0.009404 (2/3 chunks succeeded)

============================================================
Combo 86/120: {'model': 'integrator', 'sigma': 20, 'degree': 3, 'tau': 0.001, 'lr': 0.001}
============================================================
    Chunk 1/3: running mean RMSE = 0.006634 (1 valid)
    Chunk 2/3: running mean RMSE = 0.003526 (2 valid)
    Chunk 3/3: running mean RMSE = 0.002448 (3 valid)
  => Mean RMSE (omega): 0.002448 (3/3 chunks succeeded)

============================================================
Combo 87/120: {'model': 'integrator', 'sigma': 20, 'degree': 3, 'tau': 0.001, 'lr': 1e-05}
============================================================
    Chunk 1/3: running mean RMSE = 0.051875 (1 valid)
    Chunk 2/3: running mean RMSE = 0.074646 (2 valid)
    Chunk 3/3: running mean RMSE = 0.057534 (3 valid)
  => Mean RMSE (omega): 0.057534 (3/3 chunks succeeded)

============================================================
Combo 88/120: {'model': 'integrator', 'sigma': 20, 'degree': 3, 'tau': 1e-05, 'lr': 0.1}
============================================================
    Chunk 1/3: running mean RMSE = nan (0 valid)
    Chunk 2/3: running mean RMSE = 0.004404 (1 valid)
    Chunk 3/3: running mean RMSE = 0.002466 (2 valid)
  => Mean RMSE (omega): 0.002466 (2/3 chunks succeeded)

============================================================
Combo 89/120: {'model': 'integrator', 'sigma': 20, 'degree': 3, 'tau': 1e-05, 'lr': 0.001}
============================================================
    Chunk 1/3: running mean RMSE = nan (0 valid)
    Chunk 2/3: running mean RMSE = 0.000399 (1 valid)
    Chunk 3/3: running mean RMSE = 0.000399 (1 valid)
  => Mean RMSE (omega): 0.000399 (1/3 chunks succeeded)

============================================================
Combo 90/120: {'model': 'integrator', 'sigma': 20, 'degree': 3, 'tau': 1e-05, 'lr': 1e-05}
============================================================
    Chunk 1/3: running mean RMSE = 0.068012 (1 valid)
    Chunk 2/3: running mean RMSE = 0.058306 (2 valid)
    Chunk 3/3: running mean RMSE = 0.051442 (3 valid)
  => Mean RMSE (omega): 0.051442 (3/3 chunks succeeded)

============================================================
Combo 91/120: {'model': 'integrator', 'sigma': 60, 'degree': 2, 'tau': 0.5, 'lr': 0.1}
============================================================
    Chunk 1/3: running mean RMSE = nan (0 valid)
    Chunk 2/3: running mean RMSE = 0.000943 (1 valid)
    Chunk 3/3: running mean RMSE = 0.000943 (1 valid)
  => Mean RMSE (omega): 0.000943 (1/3 chunks succeeded)

============================================================
Combo 92/120: {'model': 'integrator', 'sigma': 60, 'degree': 2, 'tau': 0.5, 'lr': 0.001}
============================================================
    Chunk 1/3: running mean RMSE = nan (0 valid)
    Chunk 2/3: running mean RMSE = 0.000645 (1 valid)
    Chunk 3/3: running mean RMSE = 0.000374 (2 valid)
  => Mean RMSE (omega): 0.000374 (2/3 chunks succeeded)

============================================================
Combo 93/120: {'model': 'integrator', 'sigma': 60, 'degree': 2, 'tau': 0.5, 'lr': 1e-05}
============================================================
    Chunk 1/3: running mean RMSE = 0.042991 (1 valid)
    Chunk 2/3: running mean RMSE = 0.047962 (2 valid)
    Chunk 3/3: running mean RMSE = 0.036048 (3 valid)
  => Mean RMSE (omega): 0.036048 (3/3 chunks succeeded)

============================================================
Combo 94/120: {'model': 'integrator', 'sigma': 60, 'degree': 2, 'tau': 0.1, 'lr': 0.1}
============================================================
    Chunk 1/3: running mean RMSE = 0.001456 (1 valid)
    Chunk 2/3: running mean RMSE = 0.001456 (1 valid)
    Chunk 3/3: running mean RMSE = 0.000932 (2 valid)
  => Mean RMSE (omega): 0.000932 (2/3 chunks succeeded)

============================================================
Combo 95/120: {'model': 'integrator', 'sigma': 60, 'degree': 2, 'tau': 0.1, 'lr': 0.001}
============================================================
    Chunk 1/3: running mean RMSE = nan (0 valid)
    Chunk 2/3: running mean RMSE = nan (0 valid)
    Chunk 3/3: running mean RMSE = nan (0 valid)
  => Mean RMSE (omega): nan (0/3 chunks succeeded)

============================================================
Combo 96/120: {'model': 'integrator', 'sigma': 60, 'degree': 2, 'tau': 0.1, 'lr': 1e-05}
============================================================
    Chunk 1/3: running mean RMSE = 0.067208 (1 valid)
    Chunk 2/3: running mean RMSE = 0.059940 (2 valid)
    Chunk 3/3: running mean RMSE = 0.044060 (3 valid)
  => Mean RMSE (omega): 0.044060 (3/3 chunks succeeded)

============================================================
Combo 97/120: {'model': 'integrator', 'sigma': 60, 'degree': 2, 'tau': 0.01, 'lr': 0.1}
============================================================
    Chunk 1/3: running mean RMSE = 0.001382 (1 valid)
    Chunk 2/3: running mean RMSE = 0.002759 (2 valid)
    Chunk 3/3: running mean RMSE = 0.001983 (3 valid)
  => Mean RMSE (omega): 0.001983 (3/3 chunks succeeded)

============================================================
Combo 98/120: {'model': 'integrator', 'sigma': 60, 'degree': 2, 'tau': 0.01, 'lr': 0.001}
============================================================
    Chunk 1/3: running mean RMSE = nan (0 valid)
    Chunk 2/3: running mean RMSE = nan (0 valid)
    Chunk 3/3: running mean RMSE = nan (0 valid)
  => Mean RMSE (omega): nan (0/3 chunks succeeded)

============================================================
Combo 99/120: {'model': 'integrator', 'sigma': 60, 'degree': 2, 'tau': 0.01, 'lr': 1e-05}
============================================================
    Chunk 1/3: running mean RMSE = 0.044504 (1 valid)
    Chunk 2/3: running mean RMSE = 0.054290 (2 valid)
    Chunk 3/3: running mean RMSE = 0.040950 (3 valid)
  => Mean RMSE (omega): 0.040950 (3/3 chunks succeeded)

============================================================
Combo 100/120: {'model': 'integrator', 'sigma': 60, 'degree': 2, 'tau': 0.001, 'lr': 0.1}
============================================================
    Chunk 1/3: running mean RMSE = 0.004895 (1 valid)
    Chunk 2/3: running mean RMSE = 0.003560 (2 valid)
    Chunk 3/3: running mean RMSE = 0.003560 (2 valid)
  => Mean RMSE (omega): 0.003560 (2/3 chunks succeeded)

============================================================
Combo 101/120: {'model': 'integrator', 'sigma': 60, 'degree': 2, 'tau': 0.001, 'lr': 0.001}
============================================================
    Chunk 1/3: running mean RMSE = nan (0 valid)
    Chunk 2/3: running mean RMSE = nan (0 valid)
    Chunk 3/3: running mean RMSE = nan (0 valid)
  => Mean RMSE (omega): nan (0/3 chunks succeeded)

============================================================
Combo 102/120: {'model': 'integrator', 'sigma': 60, 'degree': 2, 'tau': 0.001, 'lr': 1e-05}
============================================================
    Chunk 1/3: running mean RMSE = 0.043165 (1 valid)
    Chunk 2/3: running mean RMSE = 0.053128 (2 valid)
    Chunk 3/3: running mean RMSE = 0.042221 (3 valid)
  => Mean RMSE (omega): 0.042221 (3/3 chunks succeeded)

============================================================
Combo 103/120: {'model': 'integrator', 'sigma': 60, 'degree': 2, 'tau': 1e-05, 'lr': 0.1}
============================================================
    Chunk 1/3: running mean RMSE = nan (0 valid)
    Chunk 2/3: running mean RMSE = nan (0 valid)
    Chunk 3/3: running mean RMSE = nan (0 valid)
  => Mean RMSE (omega): nan (0/3 chunks succeeded)

============================================================
Combo 104/120: {'model': 'integrator', 'sigma': 60, 'degree': 2, 'tau': 1e-05, 'lr': 0.001}
============================================================
    Chunk 1/3: running mean RMSE = nan (0 valid)
    Chunk 2/3: running mean RMSE = 0.000414 (1 valid)
    Chunk 3/3: running mean RMSE = 0.000414 (1 valid)
  => Mean RMSE (omega): 0.000414 (1/3 chunks succeeded)

============================================================
Combo 105/120: {'model': 'integrator', 'sigma': 60, 'degree': 2, 'tau': 1e-05, 'lr': 1e-05}
============================================================
    Chunk 1/3: running mean RMSE = 0.060281 (1 valid)
    Chunk 2/3: running mean RMSE = 0.062583 (2 valid)
    Chunk 3/3: running mean RMSE = 0.046577 (3 valid)
  => Mean RMSE (omega): 0.046577 (3/3 chunks succeeded)

============================================================
Combo 106/120: {'model': 'integrator', 'sigma': 60, 'degree': 3, 'tau': 0.5, 'lr': 0.1}
============================================================
    Chunk 1/3: running mean RMSE = 0.003041 (1 valid)
    Chunk 2/3: running mean RMSE = 0.002497 (2 valid)
    Chunk 3/3: running mean RMSE = 0.001850 (3 valid)
  => Mean RMSE (omega): 0.001850 (3/3 chunks succeeded)

============================================================
Combo 107/120: {'model': 'integrator', 'sigma': 60, 'degree': 3, 'tau': 0.5, 'lr': 0.001}
============================================================
    Chunk 1/3: running mean RMSE = nan (0 valid)
    Chunk 2/3: running mean RMSE = nan (0 valid)
    Chunk 3/3: running mean RMSE = 0.000145 (1 valid)
  => Mean RMSE (omega): 0.000145 (1/3 chunks succeeded)

============================================================
Combo 108/120: {'model': 'integrator', 'sigma': 60, 'degree': 3, 'tau': 0.5, 'lr': 1e-05}
============================================================
    Chunk 1/3: running mean RMSE = 0.048245 (1 valid)
    Chunk 2/3: running mean RMSE = 0.049767 (2 valid)
    Chunk 3/3: running mean RMSE = 0.038188 (3 valid)
  => Mean RMSE (omega): 0.038188 (3/3 chunks succeeded)

============================================================
Combo 109/120: {'model': 'integrator', 'sigma': 60, 'degree': 3, 'tau': 0.1, 'lr': 0.1}
============================================================
    Chunk 1/3: running mean RMSE = nan (0 valid)
    Chunk 2/3: running mean RMSE = 0.001629 (1 valid)
    Chunk 3/3: running mean RMSE = 0.002397 (2 valid)
  => Mean RMSE (omega): 0.002397 (2/3 chunks succeeded)

============================================================
Combo 110/120: {'model': 'integrator', 'sigma': 60, 'degree': 3, 'tau': 0.1, 'lr': 0.001}
============================================================
    Chunk 1/3: running mean RMSE = nan (0 valid)
    Chunk 2/3: running mean RMSE = 0.000549 (1 valid)
    Chunk 3/3: running mean RMSE = 0.000346 (2 valid)
  => Mean RMSE (omega): 0.000346 (2/3 chunks succeeded)

============================================================
Combo 111/120: {'model': 'integrator', 'sigma': 60, 'degree': 3, 'tau': 0.1, 'lr': 1e-05}
============================================================
    Chunk 1/3: running mean RMSE = 0.038865 (1 valid)
    Chunk 2/3: running mean RMSE = 0.044351 (2 valid)
    Chunk 3/3: running mean RMSE = 0.034109 (3 valid)
  => Mean RMSE (omega): 0.034109 (3/3 chunks succeeded)

============================================================
Combo 112/120: {'model': 'integrator', 'sigma': 60, 'degree': 3, 'tau': 0.01, 'lr': 0.1}
============================================================
    Chunk 1/3: running mean RMSE = 0.003350 (1 valid)
    Chunk 2/3: running mean RMSE = 0.002221 (2 valid)
    Chunk 3/3: running mean RMSE = 0.002221 (2 valid)
  => Mean RMSE (omega): 0.002221 (2/3 chunks succeeded)

============================================================
Combo 113/120: {'model': 'integrator', 'sigma': 60, 'degree': 3, 'tau': 0.01, 'lr': 0.001}
============================================================
    Chunk 1/3: running mean RMSE = nan (0 valid)
    Chunk 2/3: running mean RMSE = 0.000241 (1 valid)
    Chunk 3/3: running mean RMSE = 0.000241 (1 valid)
  => Mean RMSE (omega): 0.000241 (1/3 chunks succeeded)

============================================================
Combo 114/120: {'model': 'integrator', 'sigma': 60, 'degree': 3, 'tau': 0.01, 'lr': 1e-05}
============================================================
    Chunk 1/3: running mean RMSE = 0.060724 (1 valid)
    Chunk 2/3: running mean RMSE = 0.053303 (2 valid)
[2026-02-25T05:52:22.005] error: *** JOB 3281234 ON uc3n023 CANCELLED AT 2026-02-25T05:52:22 DUE TO TIME LIMIT ***

============================= JOB FEEDBACK =============================

NodeName=uc3n023
Job ID: 3281234
Cluster: uc3
User/Group: ka_bj2362/ka_iai
State: TIMEOUT (exit code 0)
Nodes: 1
Cores per node: 8
CPU Utilized: 00:00:00
CPU Efficiency: 0.00% of 3-08:00:00 core-walltime
Job Wall-clock time: 10:00:00
Memory Utilized: 747.96 MB
Memory Efficiency: 0.29% of 256.00 GB (32.00 GB/core)
