Loading data from /pfs/data6/home/ka/ka_iai/ka_bj2362/dsr/svise/../dataset/Frequency_data_SK.pkl...
Filtering for valid 5-minute chunks in the 9:00-10:00 window...
Found 3 valid 9:00-10:00 chunks (max requested: 3).

============================================================
HYPERPARAMETER GRID SEARCH
============================================================
Total hyperparameter combinations: 120
Chunks per combination: 3
Total training runs: 360
Early stopping: patience=300, max_epochs=10000
============================================================


============================================================
Combo 1/120: {'model': 'integrator', 'sigma': 0, 'degree': 2, 'tau': 0.5, 'lr': 0.1}
============================================================
/pfs/data6/home/ka/ka_iai/ka_bj2362/dsr/svise/svise/sde_learning/_marginal_sde.py:284: UserWarning: torch.triangular_solve is deprecated in favor of torch.linalg.solve_triangularand will be removed in a future PyTorch release.
torch.linalg.solve_triangular has its arguments reversed and does not return a copy of one of the inputs.
X = torch.triangular_solve(B, A).solution
should be replaced with
X = torch.linalg.solve_triangular(A, B). (Triggered internally at ../aten/src/ATen/native/BatchLinearAlgebra.cpp:2192.)
  return torch.triangular_solve(self.raw_w, self.C.t()).solution
/pfs/data6/home/ka/ka_iai/ka_bj2362/dsr/svise/svise/quadrature/_unbiased_quadrature.py:196: UserWarning: Interp is nan, reducing interp degree.
  warnings.warn("Interp is nan, reducing interp degree.")
    Chunk 1/3: running mean RMSE = 0.013811 (1 valid)
/pfs/data6/home/ka/ka_iai/ka_bj2362/dsr/svise/svise/quadrature/_unbiased_quadrature.py:174: UserWarning: NaN detected in fxq (quadrature node evaluations). Clamping to 0.
  warnings.warn("NaN detected in fxq (quadrature node evaluations). Clamping to 0.")
/pfs/data6/home/ka/ka_iai/ka_bj2362/dsr/svise/svise/quadrature/_unbiased_quadrature.py:177: UserWarning: NaN detected in fmc (Monte-Carlo node evaluations). Clamping to 0.
  warnings.warn("NaN detected in fmc (Monte-Carlo node evaluations). Clamping to 0.")
    Chunk 2/3: running mean RMSE = 0.022396 (2 valid)
    Chunk 3/3: running mean RMSE = 0.018847 (3 valid)
  => Mean RMSE (omega): 0.018847 (3/3 chunks succeeded)

============================================================
Combo 2/120: {'model': 'integrator', 'sigma': 0, 'degree': 2, 'tau': 0.5, 'lr': 0.001}
============================================================
    Chunk 1/3: running mean RMSE = 0.013574 (1 valid)
    Chunk 2/3: running mean RMSE = 0.011736 (2 valid)
    Chunk 3/3: running mean RMSE = 0.011506 (3 valid)
  => Mean RMSE (omega): 0.011506 (3/3 chunks succeeded)

============================================================
Combo 3/120: {'model': 'integrator', 'sigma': 0, 'degree': 2, 'tau': 0.5, 'lr': 1e-05}
============================================================
    Chunk 1/3: running mean RMSE = 0.075321 (1 valid)
    Chunk 2/3: running mean RMSE = 0.094625 (2 valid)
    Chunk 3/3: running mean RMSE = 0.086350 (3 valid)
  => Mean RMSE (omega): 0.086350 (3/3 chunks succeeded)

============================================================
Combo 4/120: {'model': 'integrator', 'sigma': 0, 'degree': 2, 'tau': 0.1, 'lr': 0.1}
============================================================
    Chunk 1/3: running mean RMSE = 0.013726 (1 valid)
    Chunk 2/3: running mean RMSE = 0.021022 (2 valid)
    Chunk 3/3: running mean RMSE = 0.021022 (2 valid)
  => Mean RMSE (omega): 0.021022 (2/3 chunks succeeded)

============================================================
Combo 5/120: {'model': 'integrator', 'sigma': 0, 'degree': 2, 'tau': 0.1, 'lr': 0.001}
============================================================
    Chunk 1/3: running mean RMSE = 0.013508 (1 valid)
    Chunk 2/3: running mean RMSE = 0.011711 (2 valid)
    Chunk 3/3: running mean RMSE = 0.011485 (3 valid)
  => Mean RMSE (omega): 0.011485 (3/3 chunks succeeded)

============================================================
Combo 6/120: {'model': 'integrator', 'sigma': 0, 'degree': 2, 'tau': 0.1, 'lr': 1e-05}
============================================================
    Chunk 1/3: running mean RMSE = 0.084255 (1 valid)
    Chunk 2/3: running mean RMSE = 0.074568 (2 valid)
    Chunk 3/3: running mean RMSE = 0.073001 (3 valid)
  => Mean RMSE (omega): 0.073001 (3/3 chunks succeeded)

============================================================
Combo 7/120: {'model': 'integrator', 'sigma': 0, 'degree': 2, 'tau': 0.01, 'lr': 0.1}
============================================================
    Chunk 1/3: running mean RMSE = 0.031951 (1 valid)
    Chunk 2/3: running mean RMSE = 0.021067 (2 valid)
    Chunk 3/3: running mean RMSE = 0.017775 (3 valid)
  => Mean RMSE (omega): 0.017775 (3/3 chunks succeeded)

============================================================
Combo 8/120: {'model': 'integrator', 'sigma': 0, 'degree': 2, 'tau': 0.01, 'lr': 0.001}
============================================================
    Chunk 1/3: running mean RMSE = nan (0 valid)
    Chunk 2/3: running mean RMSE = 0.009905 (1 valid)
    Chunk 3/3: running mean RMSE = 0.010502 (2 valid)
  => Mean RMSE (omega): 0.010502 (2/3 chunks succeeded)

============================================================
Combo 9/120: {'model': 'integrator', 'sigma': 0, 'degree': 2, 'tau': 0.01, 'lr': 1e-05}
============================================================
    Chunk 1/3: running mean RMSE = 0.088935 (1 valid)
    Chunk 2/3: running mean RMSE = 0.101117 (2 valid)
    Chunk 3/3: running mean RMSE = 0.091846 (3 valid)
  => Mean RMSE (omega): 0.091846 (3/3 chunks succeeded)

============================================================
Combo 10/120: {'model': 'integrator', 'sigma': 0, 'degree': 2, 'tau': 0.001, 'lr': 0.1}
============================================================
    Chunk 1/3: running mean RMSE = 0.040888 (1 valid)
    Chunk 2/3: running mean RMSE = 0.025393 (2 valid)
    Chunk 3/3: running mean RMSE = 0.020673 (3 valid)
  => Mean RMSE (omega): 0.020673 (3/3 chunks succeeded)

============================================================
Combo 11/120: {'model': 'integrator', 'sigma': 0, 'degree': 2, 'tau': 0.001, 'lr': 0.001}
============================================================
    Chunk 1/3: running mean RMSE = 0.013610 (1 valid)
    Chunk 2/3: running mean RMSE = 0.012179 (2 valid)
    Chunk 3/3: running mean RMSE = 0.011807 (3 valid)
  => Mean RMSE (omega): 0.011807 (3/3 chunks succeeded)

============================================================
Combo 12/120: {'model': 'integrator', 'sigma': 0, 'degree': 2, 'tau': 0.001, 'lr': 1e-05}
============================================================
    Chunk 1/3: running mean RMSE = 0.076178 (1 valid)
    Chunk 2/3: running mean RMSE = 0.076697 (2 valid)
    Chunk 3/3: running mean RMSE = 0.078455 (3 valid)
  => Mean RMSE (omega): 0.078455 (3/3 chunks succeeded)

============================================================
Combo 13/120: {'model': 'integrator', 'sigma': 0, 'degree': 2, 'tau': 1e-05, 'lr': 0.1}
============================================================
    Chunk 1/3: running mean RMSE = nan (0 valid)
    Chunk 2/3: running mean RMSE = 0.010284 (1 valid)
    Chunk 3/3: running mean RMSE = 0.010284 (1 valid)
  => Mean RMSE (omega): 0.010284 (1/3 chunks succeeded)

============================================================
Combo 14/120: {'model': 'integrator', 'sigma': 0, 'degree': 2, 'tau': 1e-05, 'lr': 0.001}
============================================================
    Chunk 1/3: running mean RMSE = 0.013491 (1 valid)
    Chunk 2/3: running mean RMSE = 0.012056 (2 valid)
    Chunk 3/3: running mean RMSE = 0.011712 (3 valid)
  => Mean RMSE (omega): 0.011712 (3/3 chunks succeeded)

============================================================
Combo 15/120: {'model': 'integrator', 'sigma': 0, 'degree': 2, 'tau': 1e-05, 'lr': 1e-05}
============================================================
    Chunk 1/3: running mean RMSE = 0.082265 (1 valid)
    Chunk 2/3: running mean RMSE = 0.085845 (2 valid)
    Chunk 3/3: running mean RMSE = 0.078988 (3 valid)
  => Mean RMSE (omega): 0.078988 (3/3 chunks succeeded)

============================================================
Combo 16/120: {'model': 'integrator', 'sigma': 0, 'degree': 3, 'tau': 0.5, 'lr': 0.1}
============================================================
    Chunk 1/3: running mean RMSE = nan (0 valid)
    Chunk 2/3: running mean RMSE = 0.038242 (1 valid)
    Chunk 3/3: running mean RMSE = 0.038242 (1 valid)
  => Mean RMSE (omega): 0.038242 (1/3 chunks succeeded)

============================================================
Combo 17/120: {'model': 'integrator', 'sigma': 0, 'degree': 3, 'tau': 0.5, 'lr': 0.001}
============================================================
    Chunk 1/3: running mean RMSE = 0.013528 (1 valid)
    Chunk 2/3: running mean RMSE = 0.011734 (2 valid)
    Chunk 3/3: running mean RMSE = 0.011508 (3 valid)
  => Mean RMSE (omega): 0.011508 (3/3 chunks succeeded)

============================================================
Combo 18/120: {'model': 'integrator', 'sigma': 0, 'degree': 3, 'tau': 0.5, 'lr': 1e-05}
============================================================
    Chunk 1/3: running mean RMSE = 0.086964 (1 valid)
    Chunk 2/3: running mean RMSE = 0.073043 (2 valid)
    Chunk 3/3: running mean RMSE = 0.069762 (3 valid)
  => Mean RMSE (omega): 0.069762 (3/3 chunks succeeded)

============================================================
Combo 19/120: {'model': 'integrator', 'sigma': 0, 'degree': 3, 'tau': 0.1, 'lr': 0.1}
============================================================
    Chunk 1/3: running mean RMSE = 0.014146 (1 valid)
    Chunk 2/3: running mean RMSE = 0.012565 (2 valid)
    Chunk 3/3: running mean RMSE = 0.012154 (3 valid)
  => Mean RMSE (omega): 0.012154 (3/3 chunks succeeded)

============================================================
Combo 20/120: {'model': 'integrator', 'sigma': 0, 'degree': 3, 'tau': 0.1, 'lr': 0.001}
============================================================
    Chunk 1/3: running mean RMSE = 0.013493 (1 valid)
    Chunk 2/3: running mean RMSE = 0.011687 (2 valid)
    Chunk 3/3: running mean RMSE = 0.011473 (3 valid)
  => Mean RMSE (omega): 0.011473 (3/3 chunks succeeded)

============================================================
Combo 21/120: {'model': 'integrator', 'sigma': 0, 'degree': 3, 'tau': 0.1, 'lr': 1e-05}
============================================================
    Chunk 1/3: running mean RMSE = 0.080964 (1 valid)
    Chunk 2/3: running mean RMSE = 0.092844 (2 valid)
    Chunk 3/3: running mean RMSE = 0.083582 (3 valid)
  => Mean RMSE (omega): 0.083582 (3/3 chunks succeeded)

============================================================
Combo 22/120: {'model': 'integrator', 'sigma': 0, 'degree': 3, 'tau': 0.01, 'lr': 0.1}
============================================================
    Chunk 1/3: running mean RMSE = 0.050657 (1 valid)
    Chunk 2/3: running mean RMSE = 0.030387 (2 valid)
    Chunk 3/3: running mean RMSE = 0.024047 (3 valid)
  => Mean RMSE (omega): 0.024047 (3/3 chunks succeeded)

============================================================
Combo 23/120: {'model': 'integrator', 'sigma': 0, 'degree': 3, 'tau': 0.01, 'lr': 0.001}
============================================================
    Chunk 1/3: running mean RMSE = 0.013488 (1 valid)
    Chunk 2/3: running mean RMSE = 0.012010 (2 valid)
    Chunk 3/3: running mean RMSE = 0.011682 (3 valid)
  => Mean RMSE (omega): 0.011682 (3/3 chunks succeeded)

============================================================
Combo 24/120: {'model': 'integrator', 'sigma': 0, 'degree': 3, 'tau': 0.01, 'lr': 1e-05}
============================================================
    Chunk 1/3: running mean RMSE = 0.095204 (1 valid)
    Chunk 2/3: running mean RMSE = 0.095151 (2 valid)
    Chunk 3/3: running mean RMSE = 0.084698 (3 valid)
  => Mean RMSE (omega): 0.084698 (3/3 chunks succeeded)

============================================================
Combo 25/120: {'model': 'integrator', 'sigma': 0, 'degree': 3, 'tau': 0.001, 'lr': 0.1}
============================================================
    Chunk 1/3: running mean RMSE = nan (0 valid)
    Chunk 2/3: running mean RMSE = 0.010787 (1 valid)
    Chunk 3/3: running mean RMSE = 0.010787 (1 valid)
  => Mean RMSE (omega): 0.010787 (1/3 chunks succeeded)

============================================================
Combo 26/120: {'model': 'integrator', 'sigma': 0, 'degree': 3, 'tau': 0.001, 'lr': 0.001}
============================================================
    Chunk 1/3: running mean RMSE = nan (0 valid)
    Chunk 2/3: running mean RMSE = 0.009860 (1 valid)
    Chunk 3/3: running mean RMSE = 0.010465 (2 valid)
  => Mean RMSE (omega): 0.010465 (2/3 chunks succeeded)

============================================================
Combo 27/120: {'model': 'integrator', 'sigma': 0, 'degree': 3, 'tau': 0.001, 'lr': 1e-05}
============================================================
    Chunk 1/3: running mean RMSE = 0.085155 (1 valid)
    Chunk 2/3: running mean RMSE = 0.095099 (2 valid)
    Chunk 3/3: running mean RMSE = 0.087732 (3 valid)
  => Mean RMSE (omega): 0.087732 (3/3 chunks succeeded)

============================================================
Combo 28/120: {'model': 'integrator', 'sigma': 0, 'degree': 3, 'tau': 1e-05, 'lr': 0.1}
============================================================
    Chunk 1/3: running mean RMSE = nan (0 valid)
    Chunk 2/3: running mean RMSE = 0.010229 (1 valid)
    Chunk 3/3: running mean RMSE = 0.010707 (2 valid)
  => Mean RMSE (omega): 0.010707 (2/3 chunks succeeded)

============================================================
Combo 29/120: {'model': 'integrator', 'sigma': 0, 'degree': 3, 'tau': 1e-05, 'lr': 0.001}
============================================================
    Chunk 1/3: running mean RMSE = nan (0 valid)
    Chunk 2/3: running mean RMSE = 0.009881 (1 valid)
    Chunk 3/3: running mean RMSE = 0.010469 (2 valid)
  => Mean RMSE (omega): 0.010469 (2/3 chunks succeeded)

============================================================
Combo 30/120: {'model': 'integrator', 'sigma': 0, 'degree': 3, 'tau': 1e-05, 'lr': 1e-05}
============================================================
    Chunk 1/3: running mean RMSE = 0.068230 (1 valid)
    Chunk 2/3: running mean RMSE = 0.077947 (2 valid)
    Chunk 3/3: running mean RMSE = 0.073147 (3 valid)
  => Mean RMSE (omega): 0.073147 (3/3 chunks succeeded)

============================================================
Combo 31/120: {'model': 'integrator', 'sigma': 5, 'degree': 2, 'tau': 0.5, 'lr': 0.1}
============================================================
    Chunk 1/3: running mean RMSE = 0.001106 (1 valid)
    Chunk 2/3: running mean RMSE = 0.001432 (2 valid)
    Chunk 3/3: running mean RMSE = 0.001414 (3 valid)
  => Mean RMSE (omega): 0.001414 (3/3 chunks succeeded)

============================================================
Combo 32/120: {'model': 'integrator', 'sigma': 5, 'degree': 2, 'tau': 0.5, 'lr': 0.001}
============================================================
    Chunk 1/3: running mean RMSE = 0.000833 (1 valid)
    Chunk 2/3: running mean RMSE = 0.000970 (2 valid)
    Chunk 3/3: running mean RMSE = 0.000934 (3 valid)
  => Mean RMSE (omega): 0.000934 (3/3 chunks succeeded)

============================================================
Combo 33/120: {'model': 'integrator', 'sigma': 5, 'degree': 2, 'tau': 0.5, 'lr': 1e-05}
============================================================
    Chunk 1/3: running mean RMSE = 0.084139 (1 valid)
    Chunk 2/3: running mean RMSE = 0.101311 (2 valid)
    Chunk 3/3: running mean RMSE = 0.084538 (3 valid)
  => Mean RMSE (omega): 0.084538 (3/3 chunks succeeded)

============================================================
Combo 34/120: {'model': 'integrator', 'sigma': 5, 'degree': 2, 'tau': 0.1, 'lr': 0.1}
============================================================
    Chunk 1/3: running mean RMSE = 0.017266 (1 valid)
    Chunk 2/3: running mean RMSE = 0.009027 (2 valid)
    Chunk 3/3: running mean RMSE = 0.006545 (3 valid)
  => Mean RMSE (omega): 0.006545 (3/3 chunks succeeded)

============================================================
Combo 35/120: {'model': 'integrator', 'sigma': 5, 'degree': 2, 'tau': 0.1, 'lr': 0.001}
============================================================
    Chunk 1/3: running mean RMSE = 0.000812 (1 valid)
    Chunk 2/3: running mean RMSE = 0.000911 (2 valid)
    Chunk 3/3: running mean RMSE = 0.000915 (3 valid)
  => Mean RMSE (omega): 0.000915 (3/3 chunks succeeded)

============================================================
Combo 36/120: {'model': 'integrator', 'sigma': 5, 'degree': 2, 'tau': 0.1, 'lr': 1e-05}
============================================================
    Chunk 1/3: running mean RMSE = 0.096630 (1 valid)
    Chunk 2/3: running mean RMSE = 0.106736 (2 valid)
    Chunk 3/3: running mean RMSE = 0.085233 (3 valid)
  => Mean RMSE (omega): 0.085233 (3/3 chunks succeeded)

============================================================
Combo 37/120: {'model': 'integrator', 'sigma': 5, 'degree': 2, 'tau': 0.01, 'lr': 0.1}
============================================================
    Chunk 1/3: running mean RMSE = 0.001929 (1 valid)
    Chunk 2/3: running mean RMSE = 0.002206 (2 valid)
    Chunk 3/3: running mean RMSE = 0.001814 (3 valid)
  => Mean RMSE (omega): 0.001814 (3/3 chunks succeeded)

============================================================
Combo 38/120: {'model': 'integrator', 'sigma': 5, 'degree': 2, 'tau': 0.01, 'lr': 0.001}
============================================================
    Chunk 1/3: running mean RMSE = 0.000829 (1 valid)
    Chunk 2/3: running mean RMSE = 0.000845 (2 valid)
    Chunk 3/3: running mean RMSE = 0.000842 (3 valid)
  => Mean RMSE (omega): 0.000842 (3/3 chunks succeeded)

============================================================
Combo 39/120: {'model': 'integrator', 'sigma': 5, 'degree': 2, 'tau': 0.01, 'lr': 1e-05}
============================================================
    Chunk 1/3: running mean RMSE = 0.045926 (1 valid)
    Chunk 2/3: running mean RMSE = 0.050175 (2 valid)
    Chunk 3/3: running mean RMSE = 0.048703 (3 valid)
  => Mean RMSE (omega): 0.048703 (3/3 chunks succeeded)

============================================================
Combo 40/120: {'model': 'integrator', 'sigma': 5, 'degree': 2, 'tau': 0.001, 'lr': 0.1}
============================================================
    Chunk 1/3: running mean RMSE = 0.032879 (1 valid)
    Chunk 2/3: running mean RMSE = 0.038588 (2 valid)
    Chunk 3/3: running mean RMSE = 0.026059 (3 valid)
  => Mean RMSE (omega): 0.026059 (3/3 chunks succeeded)

============================================================
Combo 41/120: {'model': 'integrator', 'sigma': 5, 'degree': 2, 'tau': 0.001, 'lr': 0.001}
============================================================
    Chunk 1/3: running mean RMSE = 0.000851 (1 valid)
    Chunk 2/3: running mean RMSE = 0.000779 (2 valid)
    Chunk 3/3: running mean RMSE = 0.000768 (3 valid)
  => Mean RMSE (omega): 0.000768 (3/3 chunks succeeded)

============================================================
Combo 42/120: {'model': 'integrator', 'sigma': 5, 'degree': 2, 'tau': 0.001, 'lr': 1e-05}
============================================================
    Chunk 1/3: running mean RMSE = 0.064854 (1 valid)
    Chunk 2/3: running mean RMSE = 0.072868 (2 valid)
    Chunk 3/3: running mean RMSE = 0.074011 (3 valid)
  => Mean RMSE (omega): 0.074011 (3/3 chunks succeeded)

============================================================
Combo 43/120: {'model': 'integrator', 'sigma': 5, 'degree': 2, 'tau': 1e-05, 'lr': 0.1}
============================================================
    Chunk 1/3: running mean RMSE = 0.001518 (1 valid)
    Chunk 2/3: running mean RMSE = 0.022127 (2 valid)
    Chunk 3/3: running mean RMSE = 0.016037 (3 valid)
  => Mean RMSE (omega): 0.016037 (3/3 chunks succeeded)

============================================================
Combo 44/120: {'model': 'integrator', 'sigma': 5, 'degree': 2, 'tau': 1e-05, 'lr': 0.001}
============================================================
    Chunk 1/3: running mean RMSE = nan (0 valid)
    Chunk 2/3: running mean RMSE = nan (0 valid)
    Chunk 3/3: running mean RMSE = 0.000873 (1 valid)
  => Mean RMSE (omega): 0.000873 (1/3 chunks succeeded)

============================================================
Combo 45/120: {'model': 'integrator', 'sigma': 5, 'degree': 2, 'tau': 1e-05, 'lr': 1e-05}
============================================================
    Chunk 1/3: running mean RMSE = 0.065551 (1 valid)
    Chunk 2/3: running mean RMSE = 0.078034 (2 valid)
    Chunk 3/3: running mean RMSE = 0.069732 (3 valid)
  => Mean RMSE (omega): 0.069732 (3/3 chunks succeeded)

============================================================
Combo 46/120: {'model': 'integrator', 'sigma': 5, 'degree': 3, 'tau': 0.5, 'lr': 0.1}
============================================================
    Chunk 1/3: running mean RMSE = nan (0 valid)
    Chunk 2/3: running mean RMSE = 0.003538 (1 valid)
    Chunk 3/3: running mean RMSE = 0.002797 (2 valid)
  => Mean RMSE (omega): 0.002797 (2/3 chunks succeeded)

============================================================
Combo 47/120: {'model': 'integrator', 'sigma': 5, 'degree': 3, 'tau': 0.5, 'lr': 0.001}
============================================================
    Chunk 1/3: running mean RMSE = 0.000845 (1 valid)
    Chunk 2/3: running mean RMSE = 0.000845 (2 valid)
    Chunk 3/3: running mean RMSE = 0.000801 (3 valid)
  => Mean RMSE (omega): 0.000801 (3/3 chunks succeeded)

============================================================
Combo 48/120: {'model': 'integrator', 'sigma': 5, 'degree': 3, 'tau': 0.5, 'lr': 1e-05}
============================================================
    Chunk 1/3: running mean RMSE = 0.058201 (1 valid)
    Chunk 2/3: running mean RMSE = 0.067381 (2 valid)
    Chunk 3/3: running mean RMSE = 0.063406 (3 valid)
  => Mean RMSE (omega): 0.063406 (3/3 chunks succeeded)

============================================================
Combo 49/120: {'model': 'integrator', 'sigma': 5, 'degree': 3, 'tau': 0.1, 'lr': 0.1}
============================================================
    Chunk 1/3: running mean RMSE = 0.001163 (1 valid)
    Chunk 2/3: running mean RMSE = 0.001183 (2 valid)
    Chunk 3/3: running mean RMSE = 0.001191 (3 valid)
  => Mean RMSE (omega): 0.001191 (3/3 chunks succeeded)

============================================================
Combo 50/120: {'model': 'integrator', 'sigma': 5, 'degree': 3, 'tau': 0.1, 'lr': 0.001}
============================================================
    Chunk 1/3: running mean RMSE = nan (0 valid)
    Chunk 2/3: running mean RMSE = 0.000867 (1 valid)
    Chunk 3/3: running mean RMSE = 0.000907 (2 valid)
  => Mean RMSE (omega): 0.000907 (2/3 chunks succeeded)

============================================================
Combo 51/120: {'model': 'integrator', 'sigma': 5, 'degree': 3, 'tau': 0.1, 'lr': 1e-05}
============================================================
    Chunk 1/3: running mean RMSE = 0.071005 (1 valid)
    Chunk 2/3: running mean RMSE = 0.080021 (2 valid)
    Chunk 3/3: running mean RMSE = 0.071517 (3 valid)
  => Mean RMSE (omega): 0.071517 (3/3 chunks succeeded)

============================================================
Combo 52/120: {'model': 'integrator', 'sigma': 5, 'degree': 3, 'tau': 0.01, 'lr': 0.1}
============================================================
    Chunk 1/3: running mean RMSE = 0.002112 (1 valid)
    Chunk 2/3: running mean RMSE = 0.001823 (2 valid)
    Chunk 3/3: running mean RMSE = 0.001717 (3 valid)
  => Mean RMSE (omega): 0.001717 (3/3 chunks succeeded)

============================================================
Combo 53/120: {'model': 'integrator', 'sigma': 5, 'degree': 3, 'tau': 0.01, 'lr': 0.001}
============================================================
    Chunk 1/3: running mean RMSE = nan (0 valid)
    Chunk 2/3: running mean RMSE = 0.001517 (1 valid)
    Chunk 3/3: running mean RMSE = 0.001205 (2 valid)
  => Mean RMSE (omega): 0.001205 (2/3 chunks succeeded)

============================================================
Combo 54/120: {'model': 'integrator', 'sigma': 5, 'degree': 3, 'tau': 0.01, 'lr': 1e-05}
============================================================
    Chunk 1/3: running mean RMSE = 0.086984 (1 valid)
    Chunk 2/3: running mean RMSE = 0.076682 (2 valid)
    Chunk 3/3: running mean RMSE = 0.073123 (3 valid)
  => Mean RMSE (omega): 0.073123 (3/3 chunks succeeded)

============================================================
Combo 55/120: {'model': 'integrator', 'sigma': 5, 'degree': 3, 'tau': 0.001, 'lr': 0.1}
============================================================
    Chunk 1/3: running mean RMSE = 0.003009 (1 valid)
    Chunk 2/3: running mean RMSE = 0.008989 (2 valid)
    Chunk 3/3: running mean RMSE = 0.008989 (2 valid)
  => Mean RMSE (omega): 0.008989 (2/3 chunks succeeded)

============================================================
Combo 56/120: {'model': 'integrator', 'sigma': 5, 'degree': 3, 'tau': 0.001, 'lr': 0.001}
============================================================
    Chunk 1/3: running mean RMSE = 0.001019 (1 valid)
    Chunk 2/3: running mean RMSE = 0.001019 (1 valid)
    Chunk 3/3: running mean RMSE = 0.000951 (2 valid)
  => Mean RMSE (omega): 0.000951 (2/3 chunks succeeded)

============================================================
Combo 57/120: {'model': 'integrator', 'sigma': 5, 'degree': 3, 'tau': 0.001, 'lr': 1e-05}
============================================================
    Chunk 1/3: running mean RMSE = 0.054624 (1 valid)
    Chunk 2/3: running mean RMSE = 0.083044 (2 valid)
    Chunk 3/3: running mean RMSE = 0.075285 (3 valid)
  => Mean RMSE (omega): 0.075285 (3/3 chunks succeeded)

============================================================
Combo 58/120: {'model': 'integrator', 'sigma': 5, 'degree': 3, 'tau': 1e-05, 'lr': 0.1}
============================================================
    Chunk 1/3: running mean RMSE = 0.002114 (1 valid)
    Chunk 2/3: running mean RMSE = 0.001861 (2 valid)
    Chunk 3/3: running mean RMSE = 0.001563 (3 valid)
  => Mean RMSE (omega): 0.001563 (3/3 chunks succeeded)

============================================================
Combo 59/120: {'model': 'integrator', 'sigma': 5, 'degree': 3, 'tau': 1e-05, 'lr': 0.001}
============================================================
    Chunk 1/3: running mean RMSE = nan (0 valid)
    Chunk 2/3: running mean RMSE = nan (0 valid)
    Chunk 3/3: running mean RMSE = 0.000970 (1 valid)
  => Mean RMSE (omega): 0.000970 (1/3 chunks succeeded)

============================================================
Combo 60/120: {'model': 'integrator', 'sigma': 5, 'degree': 3, 'tau': 1e-05, 'lr': 1e-05}
============================================================
    Chunk 1/3: running mean RMSE = 0.105814 (1 valid)
    Chunk 2/3: running mean RMSE = 0.086290 (2 valid)
    Chunk 3/3: running mean RMSE = 0.072408 (3 valid)
  => Mean RMSE (omega): 0.072408 (3/3 chunks succeeded)

============================================================
Combo 61/120: {'model': 'integrator', 'sigma': 20, 'degree': 2, 'tau': 0.5, 'lr': 0.1}
============================================================
    Chunk 1/3: running mean RMSE = nan (0 valid)
    Chunk 2/3: running mean RMSE = nan (0 valid)
    Chunk 3/3: running mean RMSE = 0.003354 (1 valid)
  => Mean RMSE (omega): 0.003354 (1/3 chunks succeeded)

============================================================
Combo 62/120: {'model': 'integrator', 'sigma': 20, 'degree': 2, 'tau': 0.5, 'lr': 0.001}
============================================================
    Chunk 1/3: running mean RMSE = nan (0 valid)
    Chunk 2/3: running mean RMSE = nan (0 valid)
    Chunk 3/3: running mean RMSE = 0.000201 (1 valid)
  => Mean RMSE (omega): 0.000201 (1/3 chunks succeeded)

============================================================
Combo 63/120: {'model': 'integrator', 'sigma': 20, 'degree': 2, 'tau': 0.5, 'lr': 1e-05}
============================================================
    Chunk 1/3: running mean RMSE = 0.054837 (1 valid)
    Chunk 2/3: running mean RMSE = 0.056502 (2 valid)
    Chunk 3/3: running mean RMSE = 0.051791 (3 valid)
  => Mean RMSE (omega): 0.051791 (3/3 chunks succeeded)

============================================================
Combo 64/120: {'model': 'integrator', 'sigma': 20, 'degree': 2, 'tau': 0.1, 'lr': 0.1}
============================================================
    Chunk 1/3: running mean RMSE = nan (0 valid)
    Chunk 2/3: running mean RMSE = nan (0 valid)
    Chunk 3/3: running mean RMSE = 0.000795 (1 valid)
  => Mean RMSE (omega): 0.000795 (1/3 chunks succeeded)

============================================================
Combo 65/120: {'model': 'integrator', 'sigma': 20, 'degree': 2, 'tau': 0.1, 'lr': 0.001}
============================================================
    Chunk 1/3: running mean RMSE = nan (0 valid)
    Chunk 2/3: running mean RMSE = 0.000803 (1 valid)
    Chunk 3/3: running mean RMSE = 0.000542 (2 valid)
  => Mean RMSE (omega): 0.000542 (2/3 chunks succeeded)

============================================================
Combo 66/120: {'model': 'integrator', 'sigma': 20, 'degree': 2, 'tau': 0.1, 'lr': 1e-05}
============================================================
    Chunk 1/3: running mean RMSE = 0.042988 (1 valid)
    Chunk 2/3: running mean RMSE = 0.047282 (2 valid)
    Chunk 3/3: running mean RMSE = 0.041824 (3 valid)
  => Mean RMSE (omega): 0.041824 (3/3 chunks succeeded)

============================================================
Combo 67/120: {'model': 'integrator', 'sigma': 20, 'degree': 2, 'tau': 0.01, 'lr': 0.1}
============================================================
    Chunk 1/3: running mean RMSE = 0.001850 (1 valid)
    Chunk 2/3: running mean RMSE = 0.001850 (1 valid)
    Chunk 3/3: running mean RMSE = 0.001315 (2 valid)
  => Mean RMSE (omega): 0.001315 (2/3 chunks succeeded)

============================================================
Combo 68/120: {'model': 'integrator', 'sigma': 20, 'degree': 2, 'tau': 0.01, 'lr': 0.001}
============================================================
    Chunk 1/3: running mean RMSE = nan (0 valid)
    Chunk 2/3: running mean RMSE = 0.000460 (1 valid)
    Chunk 3/3: running mean RMSE = 0.000292 (2 valid)
  => Mean RMSE (omega): 0.000292 (2/3 chunks succeeded)

============================================================
Combo 69/120: {'model': 'integrator', 'sigma': 20, 'degree': 2, 'tau': 0.01, 'lr': 1e-05}
============================================================
    Chunk 1/3: running mean RMSE = 0.036640 (1 valid)
    Chunk 2/3: running mean RMSE = 0.039719 (2 valid)
    Chunk 3/3: running mean RMSE = 0.032256 (3 valid)
  => Mean RMSE (omega): 0.032256 (3/3 chunks succeeded)

============================================================
Combo 70/120: {'model': 'integrator', 'sigma': 20, 'degree': 2, 'tau': 0.001, 'lr': 0.1}
============================================================
    Chunk 1/3: running mean RMSE = 0.000885 (1 valid)
    Chunk 2/3: running mean RMSE = 0.001432 (2 valid)
    Chunk 3/3: running mean RMSE = 0.001103 (3 valid)
  => Mean RMSE (omega): 0.001103 (3/3 chunks succeeded)

============================================================
Combo 71/120: {'model': 'integrator', 'sigma': 20, 'degree': 2, 'tau': 0.001, 'lr': 0.001}
============================================================
    Chunk 1/3: running mean RMSE = nan (0 valid)
    Chunk 2/3: running mean RMSE = 0.000615 (1 valid)
    Chunk 3/3: running mean RMSE = 0.000447 (2 valid)
  => Mean RMSE (omega): 0.000447 (2/3 chunks succeeded)

============================================================
Combo 72/120: {'model': 'integrator', 'sigma': 20, 'degree': 2, 'tau': 0.001, 'lr': 1e-05}
============================================================
    Chunk 1/3: running mean RMSE = 0.038949 (1 valid)
    Chunk 2/3: running mean RMSE = 0.038508 (2 valid)
    Chunk 3/3: running mean RMSE = 0.036502 (3 valid)
  => Mean RMSE (omega): 0.036502 (3/3 chunks succeeded)

============================================================
Combo 73/120: {'model': 'integrator', 'sigma': 20, 'degree': 2, 'tau': 1e-05, 'lr': 0.1}
============================================================
    Chunk 1/3: running mean RMSE = 0.001419 (1 valid)
    Chunk 2/3: running mean RMSE = 0.001507 (2 valid)
    Chunk 3/3: running mean RMSE = 0.001326 (3 valid)
  => Mean RMSE (omega): 0.001326 (3/3 chunks succeeded)

============================================================
Combo 74/120: {'model': 'integrator', 'sigma': 20, 'degree': 2, 'tau': 1e-05, 'lr': 0.001}
============================================================
    Chunk 1/3: running mean RMSE = nan (0 valid)
    Chunk 2/3: running mean RMSE = 0.000484 (1 valid)
    Chunk 3/3: running mean RMSE = 0.000484 (1 valid)
  => Mean RMSE (omega): 0.000484 (1/3 chunks succeeded)

============================================================
Combo 75/120: {'model': 'integrator', 'sigma': 20, 'degree': 2, 'tau': 1e-05, 'lr': 1e-05}
============================================================
    Chunk 1/3: running mean RMSE = 0.037392 (1 valid)
    Chunk 2/3: running mean RMSE = 0.050347 (2 valid)
    Chunk 3/3: running mean RMSE = 0.044582 (3 valid)
  => Mean RMSE (omega): 0.044582 (3/3 chunks succeeded)

============================================================
Combo 76/120: {'model': 'integrator', 'sigma': 20, 'degree': 3, 'tau': 0.5, 'lr': 0.1}
============================================================
    Chunk 1/3: running mean RMSE = 0.001717 (1 valid)
    Chunk 2/3: running mean RMSE = 0.003903 (2 valid)
    Chunk 3/3: running mean RMSE = 0.002881 (3 valid)
  => Mean RMSE (omega): 0.002881 (3/3 chunks succeeded)

============================================================
Combo 77/120: {'model': 'integrator', 'sigma': 20, 'degree': 3, 'tau': 0.5, 'lr': 0.001}
============================================================
    Chunk 1/3: running mean RMSE = nan (0 valid)
    Chunk 2/3: running mean RMSE = 0.000959 (1 valid)
    Chunk 3/3: running mean RMSE = 0.000593 (2 valid)
  => Mean RMSE (omega): 0.000593 (2/3 chunks succeeded)

============================================================
Combo 78/120: {'model': 'integrator', 'sigma': 20, 'degree': 3, 'tau': 0.5, 'lr': 1e-05}
============================================================
    Chunk 1/3: running mean RMSE = 0.068150 (1 valid)
    Chunk 2/3: running mean RMSE = 0.088477 (2 valid)
    Chunk 3/3: running mean RMSE = 0.073228 (3 valid)
  => Mean RMSE (omega): 0.073228 (3/3 chunks succeeded)

============================================================
Combo 79/120: {'model': 'integrator', 'sigma': 20, 'degree': 3, 'tau': 0.1, 'lr': 0.1}
============================================================
    Chunk 1/3: running mean RMSE = 0.006183 (1 valid)
    Chunk 2/3: running mean RMSE = 0.003989 (2 valid)
    Chunk 3/3: running mean RMSE = 0.002956 (3 valid)
  => Mean RMSE (omega): 0.002956 (3/3 chunks succeeded)

============================================================
Combo 80/120: {'model': 'integrator', 'sigma': 20, 'degree': 3, 'tau': 0.1, 'lr': 0.001}
============================================================
    Chunk 1/3: running mean RMSE = nan (0 valid)
    Chunk 2/3: running mean RMSE = 0.000344 (1 valid)
    Chunk 3/3: running mean RMSE = 0.000283 (2 valid)
  => Mean RMSE (omega): 0.000283 (2/3 chunks succeeded)

============================================================
Combo 81/120: {'model': 'integrator', 'sigma': 20, 'degree': 3, 'tau': 0.1, 'lr': 1e-05}
============================================================
    Chunk 1/3: running mean RMSE = 0.073475 (1 valid)
    Chunk 2/3: running mean RMSE = 0.081955 (2 valid)
    Chunk 3/3: running mean RMSE = 0.061182 (3 valid)
  => Mean RMSE (omega): 0.061182 (3/3 chunks succeeded)

============================================================
Combo 82/120: {'model': 'integrator', 'sigma': 20, 'degree': 3, 'tau': 0.01, 'lr': 0.1}
============================================================
    Chunk 1/3: running mean RMSE = 0.001664 (1 valid)
    Chunk 2/3: running mean RMSE = 0.001923 (2 valid)
    Chunk 3/3: running mean RMSE = 0.001647 (3 valid)
  => Mean RMSE (omega): 0.001647 (3/3 chunks succeeded)

============================================================
Combo 83/120: {'model': 'integrator', 'sigma': 20, 'degree': 3, 'tau': 0.01, 'lr': 0.001}
============================================================
    Chunk 1/3: running mean RMSE = nan (0 valid)
    Chunk 2/3: running mean RMSE = 0.000380 (1 valid)
    Chunk 3/3: running mean RMSE = 0.000305 (2 valid)
  => Mean RMSE (omega): 0.000305 (2/3 chunks succeeded)

============================================================
Combo 84/120: {'model': 'integrator', 'sigma': 20, 'degree': 3, 'tau': 0.01, 'lr': 1e-05}
============================================================
    Chunk 1/3: running mean RMSE = 0.067626 (1 valid)
    Chunk 2/3: running mean RMSE = 0.091377 (2 valid)
    Chunk 3/3: running mean RMSE = 0.071876 (3 valid)
  => Mean RMSE (omega): 0.071876 (3/3 chunks succeeded)

============================================================
Combo 85/120: {'model': 'integrator', 'sigma': 20, 'degree': 3, 'tau': 0.001, 'lr': 0.1}
============================================================
    Chunk 1/3: running mean RMSE = nan (0 valid)
    Chunk 2/3: running mean RMSE = 0.007306 (1 valid)
    Chunk 3/3: running mean RMSE = 0.003910 (2 valid)
  => Mean RMSE (omega): 0.003910 (2/3 chunks succeeded)

============================================================
Combo 86/120: {'model': 'integrator', 'sigma': 20, 'degree': 3, 'tau': 0.001, 'lr': 0.001}
============================================================
    Chunk 1/3: running mean RMSE = nan (0 valid)
    Chunk 2/3: running mean RMSE = 0.000619 (1 valid)
    Chunk 3/3: running mean RMSE = 0.000385 (2 valid)
  => Mean RMSE (omega): 0.000385 (2/3 chunks succeeded)

============================================================
Combo 87/120: {'model': 'integrator', 'sigma': 20, 'degree': 3, 'tau': 0.001, 'lr': 1e-05}
============================================================
    Chunk 1/3: running mean RMSE = 0.060707 (1 valid)
    Chunk 2/3: running mean RMSE = 0.063841 (2 valid)
    Chunk 3/3: running mean RMSE = 0.053700 (3 valid)
  => Mean RMSE (omega): 0.053700 (3/3 chunks succeeded)

============================================================
Combo 88/120: {'model': 'integrator', 'sigma': 20, 'degree': 3, 'tau': 1e-05, 'lr': 0.1}
============================================================
    Chunk 1/3: running mean RMSE = 0.002619 (1 valid)
    Chunk 2/3: running mean RMSE = 0.002253 (2 valid)
    Chunk 3/3: running mean RMSE = 0.001958 (3 valid)
  => Mean RMSE (omega): 0.001958 (3/3 chunks succeeded)

============================================================
Combo 89/120: {'model': 'integrator', 'sigma': 20, 'degree': 3, 'tau': 1e-05, 'lr': 0.001}
============================================================
    Chunk 1/3: running mean RMSE = nan (0 valid)
    Chunk 2/3: running mean RMSE = 0.009018 (1 valid)
    Chunk 3/3: running mean RMSE = 0.004684 (2 valid)
  => Mean RMSE (omega): 0.004684 (2/3 chunks succeeded)

============================================================
Combo 90/120: {'model': 'integrator', 'sigma': 20, 'degree': 3, 'tau': 1e-05, 'lr': 1e-05}
============================================================
    Chunk 1/3: running mean RMSE = 0.066217 (1 valid)
    Chunk 2/3: running mean RMSE = 0.061081 (2 valid)
    Chunk 3/3: running mean RMSE = 0.049517 (3 valid)
  => Mean RMSE (omega): 0.049517 (3/3 chunks succeeded)

============================================================
Combo 91/120: {'model': 'integrator', 'sigma': 60, 'degree': 2, 'tau': 0.5, 'lr': 0.1}
============================================================
    Chunk 1/3: running mean RMSE = nan (0 valid)
    Chunk 2/3: running mean RMSE = nan (0 valid)
    Chunk 3/3: running mean RMSE = 0.000283 (1 valid)
  => Mean RMSE (omega): 0.000283 (1/3 chunks succeeded)

============================================================
Combo 92/120: {'model': 'integrator', 'sigma': 60, 'degree': 2, 'tau': 0.5, 'lr': 0.001}
============================================================
    Chunk 1/3: running mean RMSE = nan (0 valid)
    Chunk 2/3: running mean RMSE = nan (0 valid)
    Chunk 3/3: running mean RMSE = nan (0 valid)
  => Mean RMSE (omega): nan (0/3 chunks succeeded)

============================================================
Combo 93/120: {'model': 'integrator', 'sigma': 60, 'degree': 2, 'tau': 0.5, 'lr': 1e-05}
============================================================
    Chunk 1/3: running mean RMSE = 0.046993 (1 valid)
    Chunk 2/3: running mean RMSE = 0.055445 (2 valid)
    Chunk 3/3: running mean RMSE = 0.040607 (3 valid)
  => Mean RMSE (omega): 0.040607 (3/3 chunks succeeded)

============================================================
Combo 94/120: {'model': 'integrator', 'sigma': 60, 'degree': 2, 'tau': 0.1, 'lr': 0.1}
============================================================
    Chunk 1/3: running mean RMSE = nan (0 valid)
    Chunk 2/3: running mean RMSE = nan (0 valid)
    Chunk 3/3: running mean RMSE = nan (0 valid)
  => Mean RMSE (omega): nan (0/3 chunks succeeded)

============================================================
Combo 95/120: {'model': 'integrator', 'sigma': 60, 'degree': 2, 'tau': 0.1, 'lr': 0.001}
============================================================
    Chunk 1/3: running mean RMSE = nan (0 valid)
    Chunk 2/3: running mean RMSE = 0.000411 (1 valid)
    Chunk 3/3: running mean RMSE = 0.000250 (2 valid)
  => Mean RMSE (omega): 0.000250 (2/3 chunks succeeded)

============================================================
Combo 96/120: {'model': 'integrator', 'sigma': 60, 'degree': 2, 'tau': 0.1, 'lr': 1e-05}
============================================================
    Chunk 1/3: running mean RMSE = 0.049752 (1 valid)
    Chunk 2/3: running mean RMSE = 0.053826 (2 valid)
    Chunk 3/3: running mean RMSE = 0.039725 (3 valid)
  => Mean RMSE (omega): 0.039725 (3/3 chunks succeeded)

============================================================
Combo 97/120: {'model': 'integrator', 'sigma': 60, 'degree': 2, 'tau': 0.01, 'lr': 0.1}
============================================================
    Chunk 1/3: running mean RMSE = 0.006133 (1 valid)
    Chunk 2/3: running mean RMSE = 0.006133 (1 valid)
    Chunk 3/3: running mean RMSE = 0.003470 (2 valid)
  => Mean RMSE (omega): 0.003470 (2/3 chunks succeeded)

============================================================
Combo 98/120: {'model': 'integrator', 'sigma': 60, 'degree': 2, 'tau': 0.01, 'lr': 0.001}
============================================================
    Chunk 1/3: running mean RMSE = nan (0 valid)
    Chunk 2/3: running mean RMSE = 0.000236 (1 valid)
    Chunk 3/3: running mean RMSE = 0.000236 (1 valid)
  => Mean RMSE (omega): 0.000236 (1/3 chunks succeeded)

============================================================
Combo 99/120: {'model': 'integrator', 'sigma': 60, 'degree': 2, 'tau': 0.01, 'lr': 1e-05}
============================================================
    Chunk 1/3: running mean RMSE = 0.058471 (1 valid)
    Chunk 2/3: running mean RMSE = 0.047471 (2 valid)
    Chunk 3/3: running mean RMSE = 0.036251 (3 valid)
  => Mean RMSE (omega): 0.036251 (3/3 chunks succeeded)

============================================================
Combo 100/120: {'model': 'integrator', 'sigma': 60, 'degree': 2, 'tau': 0.001, 'lr': 0.1}
============================================================
    Chunk 1/3: running mean RMSE = 0.000263 (1 valid)
    Chunk 2/3: running mean RMSE = 0.000263 (1 valid)
    Chunk 3/3: running mean RMSE = 0.000705 (2 valid)
  => Mean RMSE (omega): 0.000705 (2/3 chunks succeeded)

============================================================
Combo 101/120: {'model': 'integrator', 'sigma': 60, 'degree': 2, 'tau': 0.001, 'lr': 0.001}
============================================================
    Chunk 1/3: running mean RMSE = nan (0 valid)
    Chunk 2/3: running mean RMSE = nan (0 valid)
    Chunk 3/3: running mean RMSE = nan (0 valid)
  => Mean RMSE (omega): nan (0/3 chunks succeeded)

============================================================
Combo 102/120: {'model': 'integrator', 'sigma': 60, 'degree': 2, 'tau': 0.001, 'lr': 1e-05}
============================================================
    Chunk 1/3: running mean RMSE = 0.066155 (1 valid)
    Chunk 2/3: running mean RMSE = 0.062976 (2 valid)
    Chunk 3/3: running mean RMSE = 0.045630 (3 valid)
  => Mean RMSE (omega): 0.045630 (3/3 chunks succeeded)

============================================================
Combo 103/120: {'model': 'integrator', 'sigma': 60, 'degree': 2, 'tau': 1e-05, 'lr': 0.1}
============================================================
    Chunk 1/3: running mean RMSE = nan (0 valid)
    Chunk 2/3: running mean RMSE = 0.000332 (1 valid)
    Chunk 3/3: running mean RMSE = 0.000332 (1 valid)
  => Mean RMSE (omega): 0.000332 (1/3 chunks succeeded)

============================================================
Combo 104/120: {'model': 'integrator', 'sigma': 60, 'degree': 2, 'tau': 1e-05, 'lr': 0.001}
============================================================
    Chunk 1/3: running mean RMSE = nan (0 valid)
    Chunk 2/3: running mean RMSE = 0.000257 (1 valid)
    Chunk 3/3: running mean RMSE = 0.000174 (2 valid)
  => Mean RMSE (omega): 0.000174 (2/3 chunks succeeded)

============================================================
Combo 105/120: {'model': 'integrator', 'sigma': 60, 'degree': 2, 'tau': 1e-05, 'lr': 1e-05}
============================================================
    Chunk 1/3: running mean RMSE = 0.048121 (1 valid)
    Chunk 2/3: running mean RMSE = 0.061233 (2 valid)
    Chunk 3/3: running mean RMSE = 0.045225 (3 valid)
  => Mean RMSE (omega): 0.045225 (3/3 chunks succeeded)

============================================================
Combo 106/120: {'model': 'integrator', 'sigma': 60, 'degree': 3, 'tau': 0.5, 'lr': 0.1}
============================================================
    Chunk 1/3: running mean RMSE = 0.014166 (1 valid)
    Chunk 2/3: running mean RMSE = 0.011540 (2 valid)
    Chunk 3/3: running mean RMSE = 0.007911 (3 valid)
  => Mean RMSE (omega): 0.007911 (3/3 chunks succeeded)

============================================================
Combo 107/120: {'model': 'integrator', 'sigma': 60, 'degree': 3, 'tau': 0.5, 'lr': 0.001}
============================================================
    Chunk 1/3: running mean RMSE = nan (0 valid)
    Chunk 2/3: running mean RMSE = nan (0 valid)
    Chunk 3/3: running mean RMSE = nan (0 valid)
  => Mean RMSE (omega): nan (0/3 chunks succeeded)

============================================================
Combo 108/120: {'model': 'integrator', 'sigma': 60, 'degree': 3, 'tau': 0.5, 'lr': 1e-05}
============================================================
    Chunk 1/3: running mean RMSE = 0.057804 (1 valid)
    Chunk 2/3: running mean RMSE = 0.053358 (2 valid)
[2026-02-25T05:50:52.198] error: *** JOB 3281666 ON uc3n009 CANCELLED AT 2026-02-25T05:50:52 DUE TO TIME LIMIT ***

============================= JOB FEEDBACK =============================

NodeName=uc3n009
Job ID: 3281666
Cluster: uc3
User/Group: ka_bj2362/ka_iai
State: TIMEOUT (exit code 0)
Nodes: 1
Cores per node: 8
CPU Utilized: 00:00:00
CPU Efficiency: 0.00% of 3-08:01:28 core-walltime
Job Wall-clock time: 10:00:11
Memory Utilized: 759.66 MB
Memory Efficiency: 2.32% of 32.00 GB (32.00 GB/node)
