Loading data from /pfs/data6/home/ka/ka_iai/ka_bj2362/dsr/svise/../dataset/Frequency_data_SK.pkl...
Filtering for valid 5-minute chunks in the 9:00-10:00 window...
Found 3 valid 9:00-10:00 chunks (max requested: 3).

============================================================
HYPERPARAMETER GRID SEARCH
============================================================
Total hyperparameter combinations: 120
Chunks per combination: 3
Total training runs: 360
Early stopping: patience=300, max_epochs=10000
============================================================


============================================================
Combo 1/120: {'model': 'integrator', 'sigma': 0, 'degree': 2, 'tau': 0.5, 'lr': 0.1}
============================================================
/pfs/data6/home/ka/ka_iai/ka_bj2362/dsr/svise/svise/sde_learning/_marginal_sde.py:284: UserWarning: torch.triangular_solve is deprecated in favor of torch.linalg.solve_triangularand will be removed in a future PyTorch release.
torch.linalg.solve_triangular has its arguments reversed and does not return a copy of one of the inputs.
X = torch.triangular_solve(B, A).solution
should be replaced with
X = torch.linalg.solve_triangular(A, B). (Triggered internally at ../aten/src/ATen/native/BatchLinearAlgebra.cpp:2192.)
  return torch.triangular_solve(self.raw_w, self.C.t()).solution
/pfs/data6/home/ka/ka_iai/ka_bj2362/dsr/svise/svise/quadrature/_unbiased_quadrature.py:196: UserWarning: Interp is nan, reducing interp degree.
  warnings.warn("Interp is nan, reducing interp degree.")
/pfs/data6/home/ka/ka_iai/ka_bj2362/dsr/svise/svise/quadrature/_unbiased_quadrature.py:174: UserWarning: NaN detected in fxq (quadrature node evaluations). Clamping to 0.
  warnings.warn("NaN detected in fxq (quadrature node evaluations). Clamping to 0.")
/pfs/data6/home/ka/ka_iai/ka_bj2362/dsr/svise/svise/quadrature/_unbiased_quadrature.py:177: UserWarning: NaN detected in fmc (Monte-Carlo node evaluations). Clamping to 0.
  warnings.warn("NaN detected in fmc (Monte-Carlo node evaluations). Clamping to 0.")
    Chunk 1/3: running mean RMSE = 0.031115 (1 valid)
    Chunk 2/3: running mean RMSE = 0.020583 (2 valid)
    Chunk 3/3: running mean RMSE = 0.017447 (3 valid)
  => Mean RMSE (omega): 0.017447 (3/3 chunks succeeded)

============================================================
Combo 2/120: {'model': 'integrator', 'sigma': 0, 'degree': 2, 'tau': 0.5, 'lr': 0.001}
============================================================
    Chunk 1/3: running mean RMSE = nan (0 valid)
    Chunk 2/3: running mean RMSE = 0.009901 (1 valid)
    Chunk 3/3: running mean RMSE = 0.010466 (2 valid)
  => Mean RMSE (omega): 0.010466 (2/3 chunks succeeded)

============================================================
Combo 3/120: {'model': 'integrator', 'sigma': 0, 'degree': 2, 'tau': 0.5, 'lr': 1e-05}
============================================================
    Chunk 1/3: running mean RMSE = 0.092097 (1 valid)
    Chunk 2/3: running mean RMSE = 0.093785 (2 valid)
    Chunk 3/3: running mean RMSE = 0.080671 (3 valid)
  => Mean RMSE (omega): 0.080671 (3/3 chunks succeeded)

============================================================
Combo 4/120: {'model': 'integrator', 'sigma': 0, 'degree': 2, 'tau': 0.1, 'lr': 0.1}
============================================================
    Chunk 1/3: running mean RMSE = 0.013749 (1 valid)
    Chunk 2/3: running mean RMSE = 0.011975 (2 valid)
    Chunk 3/3: running mean RMSE = 0.011717 (3 valid)
  => Mean RMSE (omega): 0.011717 (3/3 chunks succeeded)

============================================================
Combo 5/120: {'model': 'integrator', 'sigma': 0, 'degree': 2, 'tau': 0.1, 'lr': 0.001}
============================================================
    Chunk 1/3: running mean RMSE = 0.013509 (1 valid)
    Chunk 2/3: running mean RMSE = 0.011705 (2 valid)
    Chunk 3/3: running mean RMSE = 0.011492 (3 valid)
  => Mean RMSE (omega): 0.011492 (3/3 chunks succeeded)

============================================================
Combo 6/120: {'model': 'integrator', 'sigma': 0, 'degree': 2, 'tau': 0.1, 'lr': 1e-05}
============================================================
    Chunk 1/3: running mean RMSE = 0.108631 (1 valid)
    Chunk 2/3: running mean RMSE = 0.110087 (2 valid)
    Chunk 3/3: running mean RMSE = 0.094851 (3 valid)
  => Mean RMSE (omega): 0.094851 (3/3 chunks succeeded)

============================================================
Combo 7/120: {'model': 'integrator', 'sigma': 0, 'degree': 2, 'tau': 0.01, 'lr': 0.1}
============================================================
    Chunk 1/3: running mean RMSE = 0.067184 (1 valid)
    Chunk 2/3: running mean RMSE = 0.039060 (2 valid)
    Chunk 3/3: running mean RMSE = 0.029768 (3 valid)
  => Mean RMSE (omega): 0.029768 (3/3 chunks succeeded)

============================================================
Combo 8/120: {'model': 'integrator', 'sigma': 0, 'degree': 2, 'tau': 0.01, 'lr': 0.001}
============================================================
    Chunk 1/3: running mean RMSE = 0.013506 (1 valid)
    Chunk 2/3: running mean RMSE = 0.011698 (2 valid)
    Chunk 3/3: running mean RMSE = 0.011479 (3 valid)
  => Mean RMSE (omega): 0.011479 (3/3 chunks succeeded)

============================================================
Combo 9/120: {'model': 'integrator', 'sigma': 0, 'degree': 2, 'tau': 0.01, 'lr': 1e-05}
============================================================
    Chunk 1/3: running mean RMSE = 0.071591 (1 valid)
    Chunk 2/3: running mean RMSE = 0.081125 (2 valid)
    Chunk 3/3: running mean RMSE = 0.079884 (3 valid)
  => Mean RMSE (omega): 0.079884 (3/3 chunks succeeded)

============================================================
Combo 10/120: {'model': 'integrator', 'sigma': 0, 'degree': 2, 'tau': 0.001, 'lr': 0.1}
============================================================
    Chunk 1/3: running mean RMSE = 0.013717 (1 valid)
    Chunk 2/3: running mean RMSE = 0.011929 (2 valid)
    Chunk 3/3: running mean RMSE = 0.011668 (3 valid)
  => Mean RMSE (omega): 0.011668 (3/3 chunks succeeded)

============================================================
Combo 11/120: {'model': 'integrator', 'sigma': 0, 'degree': 2, 'tau': 0.001, 'lr': 0.001}
============================================================
    Chunk 1/3: running mean RMSE = nan (0 valid)
    Chunk 2/3: running mean RMSE = 0.010500 (1 valid)
    Chunk 3/3: running mean RMSE = 0.010771 (2 valid)
  => Mean RMSE (omega): 0.010771 (2/3 chunks succeeded)

============================================================
Combo 12/120: {'model': 'integrator', 'sigma': 0, 'degree': 2, 'tau': 0.001, 'lr': 1e-05}
============================================================
    Chunk 1/3: running mean RMSE = 0.065503 (1 valid)
    Chunk 2/3: running mean RMSE = 0.072121 (2 valid)
    Chunk 3/3: running mean RMSE = 0.068224 (3 valid)
  => Mean RMSE (omega): 0.068224 (3/3 chunks succeeded)

============================================================
Combo 13/120: {'model': 'integrator', 'sigma': 0, 'degree': 2, 'tau': 1e-05, 'lr': 0.1}
============================================================
    Chunk 1/3: running mean RMSE = 0.013822 (1 valid)
    Chunk 2/3: running mean RMSE = 0.011948 (2 valid)
    Chunk 3/3: running mean RMSE = 0.011666 (3 valid)
  => Mean RMSE (omega): 0.011666 (3/3 chunks succeeded)

============================================================
Combo 14/120: {'model': 'integrator', 'sigma': 0, 'degree': 2, 'tau': 1e-05, 'lr': 0.001}
============================================================
    Chunk 1/3: running mean RMSE = nan (0 valid)
    Chunk 2/3: running mean RMSE = 0.009905 (1 valid)
    Chunk 3/3: running mean RMSE = 0.010475 (2 valid)
  => Mean RMSE (omega): 0.010475 (2/3 chunks succeeded)

============================================================
Combo 15/120: {'model': 'integrator', 'sigma': 0, 'degree': 2, 'tau': 1e-05, 'lr': 1e-05}
============================================================
    Chunk 1/3: running mean RMSE = 0.061215 (1 valid)
    Chunk 2/3: running mean RMSE = 0.090638 (2 valid)
    Chunk 3/3: running mean RMSE = 0.080723 (3 valid)
  => Mean RMSE (omega): 0.080723 (3/3 chunks succeeded)

============================================================
Combo 16/120: {'model': 'integrator', 'sigma': 0, 'degree': 3, 'tau': 0.5, 'lr': 0.1}
============================================================
    Chunk 1/3: running mean RMSE = nan (0 valid)
    Chunk 2/3: running mean RMSE = 0.010510 (1 valid)
    Chunk 3/3: running mean RMSE = 0.010907 (2 valid)
  => Mean RMSE (omega): 0.010907 (2/3 chunks succeeded)

============================================================
Combo 17/120: {'model': 'integrator', 'sigma': 0, 'degree': 3, 'tau': 0.5, 'lr': 0.001}
============================================================
    Chunk 1/3: running mean RMSE = 0.013511 (1 valid)
    Chunk 2/3: running mean RMSE = 0.011702 (2 valid)
    Chunk 3/3: running mean RMSE = 0.011473 (3 valid)
  => Mean RMSE (omega): 0.011473 (3/3 chunks succeeded)

============================================================
Combo 18/120: {'model': 'integrator', 'sigma': 0, 'degree': 3, 'tau': 0.5, 'lr': 1e-05}
============================================================
    Chunk 1/3: running mean RMSE = 0.069422 (1 valid)
    Chunk 2/3: running mean RMSE = 0.076850 (2 valid)
    Chunk 3/3: running mean RMSE = 0.074080 (3 valid)
  => Mean RMSE (omega): 0.074080 (3/3 chunks succeeded)

============================================================
Combo 19/120: {'model': 'integrator', 'sigma': 0, 'degree': 3, 'tau': 0.1, 'lr': 0.1}
============================================================
    Chunk 1/3: running mean RMSE = 0.037908 (1 valid)
    Chunk 2/3: running mean RMSE = 0.037908 (1 valid)
    Chunk 3/3: running mean RMSE = 0.024550 (2 valid)
  => Mean RMSE (omega): 0.024550 (2/3 chunks succeeded)

============================================================
Combo 20/120: {'model': 'integrator', 'sigma': 0, 'degree': 3, 'tau': 0.1, 'lr': 0.001}
============================================================
    Chunk 1/3: running mean RMSE = nan (0 valid)
    Chunk 2/3: running mean RMSE = 0.009895 (1 valid)
    Chunk 3/3: running mean RMSE = 0.010468 (2 valid)
  => Mean RMSE (omega): 0.010468 (2/3 chunks succeeded)

============================================================
Combo 21/120: {'model': 'integrator', 'sigma': 0, 'degree': 3, 'tau': 0.1, 'lr': 1e-05}
============================================================
    Chunk 1/3: running mean RMSE = 0.074309 (1 valid)
    Chunk 2/3: running mean RMSE = 0.086858 (2 valid)
    Chunk 3/3: running mean RMSE = 0.088071 (3 valid)
  => Mean RMSE (omega): 0.088071 (3/3 chunks succeeded)

============================================================
Combo 22/120: {'model': 'integrator', 'sigma': 0, 'degree': 3, 'tau': 0.01, 'lr': 0.1}
============================================================
    Chunk 1/3: running mean RMSE = nan (0 valid)
    Chunk 2/3: running mean RMSE = 0.026757 (1 valid)
    Chunk 3/3: running mean RMSE = 0.026757 (1 valid)
  => Mean RMSE (omega): 0.026757 (1/3 chunks succeeded)

============================================================
Combo 23/120: {'model': 'integrator', 'sigma': 0, 'degree': 3, 'tau': 0.01, 'lr': 0.001}
============================================================
    Chunk 1/3: running mean RMSE = nan (0 valid)
    Chunk 2/3: running mean RMSE = 0.009940 (1 valid)
    Chunk 3/3: running mean RMSE = 0.010501 (2 valid)
  => Mean RMSE (omega): 0.010501 (2/3 chunks succeeded)

============================================================
Combo 24/120: {'model': 'integrator', 'sigma': 0, 'degree': 3, 'tau': 0.01, 'lr': 1e-05}
============================================================
    Chunk 1/3: running mean RMSE = 0.073937 (1 valid)
    Chunk 2/3: running mean RMSE = 0.085519 (2 valid)
    Chunk 3/3: running mean RMSE = 0.083288 (3 valid)
  => Mean RMSE (omega): 0.083288 (3/3 chunks succeeded)

============================================================
Combo 25/120: {'model': 'integrator', 'sigma': 0, 'degree': 3, 'tau': 0.001, 'lr': 0.1}
============================================================
    Chunk 1/3: running mean RMSE = 0.013724 (1 valid)
    Chunk 2/3: running mean RMSE = 0.012020 (2 valid)
    Chunk 3/3: running mean RMSE = 0.011738 (3 valid)
  => Mean RMSE (omega): 0.011738 (3/3 chunks succeeded)

============================================================
Combo 26/120: {'model': 'integrator', 'sigma': 0, 'degree': 3, 'tau': 0.001, 'lr': 0.001}
============================================================
    Chunk 1/3: running mean RMSE = nan (0 valid)
    Chunk 2/3: running mean RMSE = 0.010834 (1 valid)
    Chunk 3/3: running mean RMSE = 0.010946 (2 valid)
  => Mean RMSE (omega): 0.010946 (2/3 chunks succeeded)

============================================================
Combo 27/120: {'model': 'integrator', 'sigma': 0, 'degree': 3, 'tau': 0.001, 'lr': 1e-05}
============================================================
    Chunk 1/3: running mean RMSE = 0.079410 (1 valid)
    Chunk 2/3: running mean RMSE = 0.083917 (2 valid)
    Chunk 3/3: running mean RMSE = 0.073082 (3 valid)
  => Mean RMSE (omega): 0.073082 (3/3 chunks succeeded)

============================================================
Combo 28/120: {'model': 'integrator', 'sigma': 0, 'degree': 3, 'tau': 1e-05, 'lr': 0.1}
============================================================
    Chunk 1/3: running mean RMSE = nan (0 valid)
    Chunk 2/3: running mean RMSE = 0.025396 (1 valid)
    Chunk 3/3: running mean RMSE = 0.018424 (2 valid)
  => Mean RMSE (omega): 0.018424 (2/3 chunks succeeded)

============================================================
Combo 29/120: {'model': 'integrator', 'sigma': 0, 'degree': 3, 'tau': 1e-05, 'lr': 0.001}
============================================================
    Chunk 1/3: running mean RMSE = nan (0 valid)
    Chunk 2/3: running mean RMSE = 0.009893 (1 valid)
    Chunk 3/3: running mean RMSE = 0.010458 (2 valid)
  => Mean RMSE (omega): 0.010458 (2/3 chunks succeeded)

============================================================
Combo 30/120: {'model': 'integrator', 'sigma': 0, 'degree': 3, 'tau': 1e-05, 'lr': 1e-05}
============================================================
    Chunk 1/3: running mean RMSE = 0.085803 (1 valid)
    Chunk 2/3: running mean RMSE = 0.088621 (2 valid)
    Chunk 3/3: running mean RMSE = 0.078304 (3 valid)
  => Mean RMSE (omega): 0.078304 (3/3 chunks succeeded)

============================================================
Combo 31/120: {'model': 'integrator', 'sigma': 5, 'degree': 2, 'tau': 0.5, 'lr': 0.1}
============================================================
    Chunk 1/3: running mean RMSE = 0.002550 (1 valid)
    Chunk 2/3: running mean RMSE = 0.006482 (2 valid)
    Chunk 3/3: running mean RMSE = 0.006482 (2 valid)
  => Mean RMSE (omega): 0.006482 (2/3 chunks succeeded)

============================================================
Combo 32/120: {'model': 'integrator', 'sigma': 5, 'degree': 2, 'tau': 0.5, 'lr': 0.001}
============================================================
    Chunk 1/3: running mean RMSE = nan (0 valid)
    Chunk 2/3: running mean RMSE = 0.000838 (1 valid)
    Chunk 3/3: running mean RMSE = 0.000844 (2 valid)
  => Mean RMSE (omega): 0.000844 (2/3 chunks succeeded)

============================================================
Combo 33/120: {'model': 'integrator', 'sigma': 5, 'degree': 2, 'tau': 0.5, 'lr': 1e-05}
============================================================
    Chunk 1/3: running mean RMSE = 0.043865 (1 valid)
    Chunk 2/3: running mean RMSE = 0.060583 (2 valid)
    Chunk 3/3: running mean RMSE = 0.063502 (3 valid)
  => Mean RMSE (omega): 0.063502 (3/3 chunks succeeded)

============================================================
Combo 34/120: {'model': 'integrator', 'sigma': 5, 'degree': 2, 'tau': 0.1, 'lr': 0.1}
============================================================
    Chunk 1/3: running mean RMSE = 0.001726 (1 valid)
    Chunk 2/3: running mean RMSE = 0.002405 (2 valid)
    Chunk 3/3: running mean RMSE = 0.001969 (3 valid)
  => Mean RMSE (omega): 0.001969 (3/3 chunks succeeded)

============================================================
Combo 35/120: {'model': 'integrator', 'sigma': 5, 'degree': 2, 'tau': 0.1, 'lr': 0.001}
============================================================
    Chunk 1/3: running mean RMSE = 0.000824 (1 valid)
    Chunk 2/3: running mean RMSE = 0.000878 (2 valid)
    Chunk 3/3: running mean RMSE = 0.000842 (3 valid)
  => Mean RMSE (omega): 0.000842 (3/3 chunks succeeded)

============================================================
Combo 36/120: {'model': 'integrator', 'sigma': 5, 'degree': 2, 'tau': 0.1, 'lr': 1e-05}
============================================================
    Chunk 1/3: running mean RMSE = 0.051174 (1 valid)
    Chunk 2/3: running mean RMSE = 0.055761 (2 valid)
    Chunk 3/3: running mean RMSE = 0.053436 (3 valid)
  => Mean RMSE (omega): 0.053436 (3/3 chunks succeeded)

============================================================
Combo 37/120: {'model': 'integrator', 'sigma': 5, 'degree': 2, 'tau': 0.01, 'lr': 0.1}
============================================================
    Chunk 1/3: running mean RMSE = nan (0 valid)
    Chunk 2/3: running mean RMSE = nan (0 valid)
    Chunk 3/3: running mean RMSE = 0.001222 (1 valid)
  => Mean RMSE (omega): 0.001222 (1/3 chunks succeeded)

============================================================
Combo 38/120: {'model': 'integrator', 'sigma': 5, 'degree': 2, 'tau': 0.01, 'lr': 0.001}
============================================================
    Chunk 1/3: running mean RMSE = nan (0 valid)
    Chunk 2/3: running mean RMSE = 0.001760 (1 valid)
    Chunk 3/3: running mean RMSE = 0.001369 (2 valid)
  => Mean RMSE (omega): 0.001369 (2/3 chunks succeeded)

============================================================
Combo 39/120: {'model': 'integrator', 'sigma': 5, 'degree': 2, 'tau': 0.01, 'lr': 1e-05}
============================================================
    Chunk 1/3: running mean RMSE = 0.064756 (1 valid)
    Chunk 2/3: running mean RMSE = 0.080094 (2 valid)
    Chunk 3/3: running mean RMSE = 0.071930 (3 valid)
  => Mean RMSE (omega): 0.071930 (3/3 chunks succeeded)

============================================================
Combo 40/120: {'model': 'integrator', 'sigma': 5, 'degree': 2, 'tau': 0.001, 'lr': 0.1}
============================================================
    Chunk 1/3: running mean RMSE = 0.002222 (1 valid)
    Chunk 2/3: running mean RMSE = 0.006834 (2 valid)
    Chunk 3/3: running mean RMSE = 0.005254 (3 valid)
  => Mean RMSE (omega): 0.005254 (3/3 chunks succeeded)

============================================================
Combo 41/120: {'model': 'integrator', 'sigma': 5, 'degree': 2, 'tau': 0.001, 'lr': 0.001}
============================================================
    Chunk 1/3: running mean RMSE = 0.001392 (1 valid)
    Chunk 2/3: running mean RMSE = 0.001392 (1 valid)
    Chunk 3/3: running mean RMSE = 0.001084 (2 valid)
  => Mean RMSE (omega): 0.001084 (2/3 chunks succeeded)

============================================================
Combo 42/120: {'model': 'integrator', 'sigma': 5, 'degree': 2, 'tau': 0.001, 'lr': 1e-05}
============================================================
    Chunk 1/3: running mean RMSE = 0.094545 (1 valid)
    Chunk 2/3: running mean RMSE = 0.093519 (2 valid)
    Chunk 3/3: running mean RMSE = 0.082734 (3 valid)
  => Mean RMSE (omega): 0.082734 (3/3 chunks succeeded)

============================================================
Combo 43/120: {'model': 'integrator', 'sigma': 5, 'degree': 2, 'tau': 1e-05, 'lr': 0.1}
============================================================
    Chunk 1/3: running mean RMSE = nan (0 valid)
    Chunk 2/3: running mean RMSE = 0.005692 (1 valid)
    Chunk 3/3: running mean RMSE = 0.004064 (2 valid)
  => Mean RMSE (omega): 0.004064 (2/3 chunks succeeded)

============================================================
Combo 44/120: {'model': 'integrator', 'sigma': 5, 'degree': 2, 'tau': 1e-05, 'lr': 0.001}
============================================================
    Chunk 1/3: running mean RMSE = 0.000974 (1 valid)
    Chunk 2/3: running mean RMSE = 0.000974 (1 valid)
    Chunk 3/3: running mean RMSE = 0.000974 (1 valid)
  => Mean RMSE (omega): 0.000974 (1/3 chunks succeeded)

============================================================
Combo 45/120: {'model': 'integrator', 'sigma': 5, 'degree': 2, 'tau': 1e-05, 'lr': 1e-05}
============================================================
    Chunk 1/3: running mean RMSE = 0.077462 (1 valid)
    Chunk 2/3: running mean RMSE = 0.066591 (2 valid)
    Chunk 3/3: running mean RMSE = 0.058894 (3 valid)
  => Mean RMSE (omega): 0.058894 (3/3 chunks succeeded)

============================================================
Combo 46/120: {'model': 'integrator', 'sigma': 5, 'degree': 3, 'tau': 0.5, 'lr': 0.1}
============================================================
    Chunk 1/3: running mean RMSE = 0.002033 (1 valid)
    Chunk 2/3: running mean RMSE = 0.007129 (2 valid)
    Chunk 3/3: running mean RMSE = 0.005586 (3 valid)
  => Mean RMSE (omega): 0.005586 (3/3 chunks succeeded)

============================================================
Combo 47/120: {'model': 'integrator', 'sigma': 5, 'degree': 3, 'tau': 0.5, 'lr': 0.001}
============================================================
    Chunk 1/3: running mean RMSE = nan (0 valid)
    Chunk 2/3: running mean RMSE = 0.000969 (1 valid)
    Chunk 3/3: running mean RMSE = 0.001000 (2 valid)
  => Mean RMSE (omega): 0.001000 (2/3 chunks succeeded)

============================================================
Combo 48/120: {'model': 'integrator', 'sigma': 5, 'degree': 3, 'tau': 0.5, 'lr': 1e-05}
============================================================
    Chunk 1/3: running mean RMSE = 0.055765 (1 valid)
    Chunk 2/3: running mean RMSE = 0.072415 (2 valid)
    Chunk 3/3: running mean RMSE = 0.068593 (3 valid)
  => Mean RMSE (omega): 0.068593 (3/3 chunks succeeded)

============================================================
Combo 49/120: {'model': 'integrator', 'sigma': 5, 'degree': 3, 'tau': 0.1, 'lr': 0.1}
============================================================
    Chunk 1/3: running mean RMSE = 0.034416 (1 valid)
    Chunk 2/3: running mean RMSE = 0.018007 (2 valid)
    Chunk 3/3: running mean RMSE = 0.012391 (3 valid)
  => Mean RMSE (omega): 0.012391 (3/3 chunks succeeded)

============================================================
Combo 50/120: {'model': 'integrator', 'sigma': 5, 'degree': 3, 'tau': 0.1, 'lr': 0.001}
============================================================
    Chunk 1/3: running mean RMSE = nan (0 valid)
    Chunk 2/3: running mean RMSE = 0.000911 (1 valid)
    Chunk 3/3: running mean RMSE = 0.000904 (2 valid)
  => Mean RMSE (omega): 0.000904 (2/3 chunks succeeded)

============================================================
Combo 51/120: {'model': 'integrator', 'sigma': 5, 'degree': 3, 'tau': 0.1, 'lr': 1e-05}
============================================================
    Chunk 1/3: running mean RMSE = 0.084474 (1 valid)
    Chunk 2/3: running mean RMSE = 0.072471 (2 valid)
    Chunk 3/3: running mean RMSE = 0.067099 (3 valid)
  => Mean RMSE (omega): 0.067099 (3/3 chunks succeeded)

============================================================
Combo 52/120: {'model': 'integrator', 'sigma': 5, 'degree': 3, 'tau': 0.01, 'lr': 0.1}
============================================================
    Chunk 1/3: running mean RMSE = nan (0 valid)
    Chunk 2/3: running mean RMSE = 0.002655 (1 valid)
    Chunk 3/3: running mean RMSE = 0.001830 (2 valid)
  => Mean RMSE (omega): 0.001830 (2/3 chunks succeeded)

============================================================
Combo 53/120: {'model': 'integrator', 'sigma': 5, 'degree': 3, 'tau': 0.01, 'lr': 0.001}
============================================================
    Chunk 1/3: running mean RMSE = 0.000831 (1 valid)
    Chunk 2/3: running mean RMSE = 0.000874 (2 valid)
    Chunk 3/3: running mean RMSE = 0.000909 (3 valid)
  => Mean RMSE (omega): 0.000909 (3/3 chunks succeeded)

============================================================
Combo 54/120: {'model': 'integrator', 'sigma': 5, 'degree': 3, 'tau': 0.01, 'lr': 1e-05}
============================================================
    Chunk 1/3: running mean RMSE = 0.076197 (1 valid)
    Chunk 2/3: running mean RMSE = 0.081692 (2 valid)
    Chunk 3/3: running mean RMSE = 0.068704 (3 valid)
  => Mean RMSE (omega): 0.068704 (3/3 chunks succeeded)

============================================================
Combo 55/120: {'model': 'integrator', 'sigma': 5, 'degree': 3, 'tau': 0.001, 'lr': 0.1}
============================================================
    Chunk 1/3: running mean RMSE = 0.001432 (1 valid)
    Chunk 2/3: running mean RMSE = 0.001741 (2 valid)
    Chunk 3/3: running mean RMSE = 0.001672 (3 valid)
  => Mean RMSE (omega): 0.001672 (3/3 chunks succeeded)

============================================================
Combo 56/120: {'model': 'integrator', 'sigma': 5, 'degree': 3, 'tau': 0.001, 'lr': 0.001}
============================================================
    Chunk 1/3: running mean RMSE = nan (0 valid)
    Chunk 2/3: running mean RMSE = 0.000858 (1 valid)
    Chunk 3/3: running mean RMSE = 0.001043 (2 valid)
  => Mean RMSE (omega): 0.001043 (2/3 chunks succeeded)

============================================================
Combo 57/120: {'model': 'integrator', 'sigma': 5, 'degree': 3, 'tau': 0.001, 'lr': 1e-05}
============================================================
    Chunk 1/3: running mean RMSE = 0.085638 (1 valid)
    Chunk 2/3: running mean RMSE = 0.102788 (2 valid)
    Chunk 3/3: running mean RMSE = 0.088129 (3 valid)
  => Mean RMSE (omega): 0.088129 (3/3 chunks succeeded)

============================================================
Combo 58/120: {'model': 'integrator', 'sigma': 5, 'degree': 3, 'tau': 1e-05, 'lr': 0.1}
============================================================
    Chunk 1/3: running mean RMSE = nan (0 valid)
    Chunk 2/3: running mean RMSE = nan (0 valid)
    Chunk 3/3: running mean RMSE = 0.001176 (1 valid)
  => Mean RMSE (omega): 0.001176 (1/3 chunks succeeded)

============================================================
Combo 59/120: {'model': 'integrator', 'sigma': 5, 'degree': 3, 'tau': 1e-05, 'lr': 0.001}
============================================================
    Chunk 1/3: running mean RMSE = nan (0 valid)
    Chunk 2/3: running mean RMSE = 0.001121 (1 valid)
    Chunk 3/3: running mean RMSE = 0.001034 (2 valid)
  => Mean RMSE (omega): 0.001034 (2/3 chunks succeeded)

============================================================
Combo 60/120: {'model': 'integrator', 'sigma': 5, 'degree': 3, 'tau': 1e-05, 'lr': 1e-05}
============================================================
    Chunk 1/3: running mean RMSE = 0.068422 (1 valid)
    Chunk 2/3: running mean RMSE = 0.083575 (2 valid)
    Chunk 3/3: running mean RMSE = 0.072755 (3 valid)
  => Mean RMSE (omega): 0.072755 (3/3 chunks succeeded)

============================================================
Combo 61/120: {'model': 'integrator', 'sigma': 20, 'degree': 2, 'tau': 0.5, 'lr': 0.1}
============================================================
    Chunk 1/3: running mean RMSE = 0.001752 (1 valid)
    Chunk 2/3: running mean RMSE = 0.004381 (2 valid)
    Chunk 3/3: running mean RMSE = 0.003101 (3 valid)
  => Mean RMSE (omega): 0.003101 (3/3 chunks succeeded)

============================================================
Combo 62/120: {'model': 'integrator', 'sigma': 20, 'degree': 2, 'tau': 0.5, 'lr': 0.001}
============================================================
    Chunk 1/3: running mean RMSE = nan (0 valid)
    Chunk 2/3: running mean RMSE = 0.000488 (1 valid)
    Chunk 3/3: running mean RMSE = 0.000306 (2 valid)
  => Mean RMSE (omega): 0.000306 (2/3 chunks succeeded)

============================================================
Combo 63/120: {'model': 'integrator', 'sigma': 20, 'degree': 2, 'tau': 0.5, 'lr': 1e-05}
============================================================
    Chunk 1/3: running mean RMSE = 0.054670 (1 valid)
    Chunk 2/3: running mean RMSE = 0.066335 (2 valid)
    Chunk 3/3: running mean RMSE = 0.056478 (3 valid)
  => Mean RMSE (omega): 0.056478 (3/3 chunks succeeded)

============================================================
Combo 64/120: {'model': 'integrator', 'sigma': 20, 'degree': 2, 'tau': 0.1, 'lr': 0.1}
============================================================
    Chunk 1/3: running mean RMSE = nan (0 valid)
    Chunk 2/3: running mean RMSE = nan (0 valid)
    Chunk 3/3: running mean RMSE = 0.000704 (1 valid)
  => Mean RMSE (omega): 0.000704 (1/3 chunks succeeded)

============================================================
Combo 65/120: {'model': 'integrator', 'sigma': 20, 'degree': 2, 'tau': 0.1, 'lr': 0.001}
============================================================
    Chunk 1/3: running mean RMSE = nan (0 valid)
    Chunk 2/3: running mean RMSE = 0.000601 (1 valid)
    Chunk 3/3: running mean RMSE = 0.000431 (2 valid)
  => Mean RMSE (omega): 0.000431 (2/3 chunks succeeded)

============================================================
Combo 66/120: {'model': 'integrator', 'sigma': 20, 'degree': 2, 'tau': 0.1, 'lr': 1e-05}
============================================================
    Chunk 1/3: running mean RMSE = 0.051812 (1 valid)
    Chunk 2/3: running mean RMSE = 0.069887 (2 valid)
    Chunk 3/3: running mean RMSE = 0.059652 (3 valid)
  => Mean RMSE (omega): 0.059652 (3/3 chunks succeeded)

============================================================
Combo 67/120: {'model': 'integrator', 'sigma': 20, 'degree': 2, 'tau': 0.01, 'lr': 0.1}
============================================================
    Chunk 1/3: running mean RMSE = nan (0 valid)
    Chunk 2/3: running mean RMSE = 0.008597 (1 valid)
    Chunk 3/3: running mean RMSE = 0.004499 (2 valid)
  => Mean RMSE (omega): 0.004499 (2/3 chunks succeeded)

============================================================
Combo 68/120: {'model': 'integrator', 'sigma': 20, 'degree': 2, 'tau': 0.01, 'lr': 0.001}
============================================================
    Chunk 1/3: running mean RMSE = 0.006112 (1 valid)
    Chunk 2/3: running mean RMSE = 0.003334 (2 valid)
    Chunk 3/3: running mean RMSE = 0.002288 (3 valid)
  => Mean RMSE (omega): 0.002288 (3/3 chunks succeeded)

============================================================
Combo 69/120: {'model': 'integrator', 'sigma': 20, 'degree': 2, 'tau': 0.01, 'lr': 1e-05}
============================================================
    Chunk 1/3: running mean RMSE = 0.069304 (1 valid)
    Chunk 2/3: running mean RMSE = 0.076516 (2 valid)
    Chunk 3/3: running mean RMSE = 0.064254 (3 valid)
  => Mean RMSE (omega): 0.064254 (3/3 chunks succeeded)

============================================================
Combo 70/120: {'model': 'integrator', 'sigma': 20, 'degree': 2, 'tau': 0.001, 'lr': 0.1}
============================================================
    Chunk 1/3: running mean RMSE = 0.002137 (1 valid)
    Chunk 2/3: running mean RMSE = 0.001771 (2 valid)
    Chunk 3/3: running mean RMSE = 0.001651 (3 valid)
  => Mean RMSE (omega): 0.001651 (3/3 chunks succeeded)

============================================================
Combo 71/120: {'model': 'integrator', 'sigma': 20, 'degree': 2, 'tau': 0.001, 'lr': 0.001}
============================================================
    Chunk 1/3: running mean RMSE = nan (0 valid)
    Chunk 2/3: running mean RMSE = 0.000608 (1 valid)
    Chunk 3/3: running mean RMSE = 0.000424 (2 valid)
  => Mean RMSE (omega): 0.000424 (2/3 chunks succeeded)

============================================================
Combo 72/120: {'model': 'integrator', 'sigma': 20, 'degree': 2, 'tau': 0.001, 'lr': 1e-05}
============================================================
    Chunk 1/3: running mean RMSE = 0.071903 (1 valid)
    Chunk 2/3: running mean RMSE = 0.066564 (2 valid)
    Chunk 3/3: running mean RMSE = 0.053827 (3 valid)
  => Mean RMSE (omega): 0.053827 (3/3 chunks succeeded)

============================================================
Combo 73/120: {'model': 'integrator', 'sigma': 20, 'degree': 2, 'tau': 1e-05, 'lr': 0.1}
============================================================
    Chunk 1/3: running mean RMSE = 0.004025 (1 valid)
    Chunk 2/3: running mean RMSE = 0.004025 (1 valid)
    Chunk 3/3: running mean RMSE = 0.002242 (2 valid)
  => Mean RMSE (omega): 0.002242 (2/3 chunks succeeded)

============================================================
Combo 74/120: {'model': 'integrator', 'sigma': 20, 'degree': 2, 'tau': 1e-05, 'lr': 0.001}
============================================================
    Chunk 1/3: running mean RMSE = nan (0 valid)
    Chunk 2/3: running mean RMSE = nan (0 valid)
    Chunk 3/3: running mean RMSE = 0.000719 (1 valid)
  => Mean RMSE (omega): 0.000719 (1/3 chunks succeeded)

============================================================
Combo 75/120: {'model': 'integrator', 'sigma': 20, 'degree': 2, 'tau': 1e-05, 'lr': 1e-05}
============================================================
    Chunk 1/3: running mean RMSE = 0.074716 (1 valid)
    Chunk 2/3: running mean RMSE = 0.072476 (2 valid)
    Chunk 3/3: running mean RMSE = 0.058351 (3 valid)
  => Mean RMSE (omega): 0.058351 (3/3 chunks succeeded)

============================================================
Combo 76/120: {'model': 'integrator', 'sigma': 20, 'degree': 3, 'tau': 0.5, 'lr': 0.1}
============================================================
    Chunk 1/3: running mean RMSE = 0.005332 (1 valid)
    Chunk 2/3: running mean RMSE = 0.003831 (2 valid)
    Chunk 3/3: running mean RMSE = 0.003245 (3 valid)
  => Mean RMSE (omega): 0.003245 (3/3 chunks succeeded)

============================================================
Combo 77/120: {'model': 'integrator', 'sigma': 20, 'degree': 3, 'tau': 0.5, 'lr': 0.001}
============================================================
    Chunk 1/3: running mean RMSE = nan (0 valid)
    Chunk 2/3: running mean RMSE = 0.000533 (1 valid)
    Chunk 3/3: running mean RMSE = 0.000342 (2 valid)
  => Mean RMSE (omega): 0.000342 (2/3 chunks succeeded)

============================================================
Combo 78/120: {'model': 'integrator', 'sigma': 20, 'degree': 3, 'tau': 0.5, 'lr': 1e-05}
============================================================
    Chunk 1/3: running mean RMSE = 0.057203 (1 valid)
    Chunk 2/3: running mean RMSE = 0.055873 (2 valid)
    Chunk 3/3: running mean RMSE = 0.046864 (3 valid)
  => Mean RMSE (omega): 0.046864 (3/3 chunks succeeded)

============================================================
Combo 79/120: {'model': 'integrator', 'sigma': 20, 'degree': 3, 'tau': 0.1, 'lr': 0.1}
============================================================
    Chunk 1/3: running mean RMSE = nan (0 valid)
    Chunk 2/3: running mean RMSE = nan (0 valid)
    Chunk 3/3: running mean RMSE = 0.000820 (1 valid)
  => Mean RMSE (omega): 0.000820 (1/3 chunks succeeded)

============================================================
Combo 80/120: {'model': 'integrator', 'sigma': 20, 'degree': 3, 'tau': 0.1, 'lr': 0.001}
============================================================
    Chunk 1/3: running mean RMSE = nan (0 valid)
    Chunk 2/3: running mean RMSE = nan (0 valid)
    Chunk 3/3: running mean RMSE = 0.000303 (1 valid)
  => Mean RMSE (omega): 0.000303 (1/3 chunks succeeded)

============================================================
Combo 81/120: {'model': 'integrator', 'sigma': 20, 'degree': 3, 'tau': 0.1, 'lr': 1e-05}
============================================================
    Chunk 1/3: running mean RMSE = 0.050511 (1 valid)
    Chunk 2/3: running mean RMSE = 0.060792 (2 valid)
    Chunk 3/3: running mean RMSE = 0.054496 (3 valid)
  => Mean RMSE (omega): 0.054496 (3/3 chunks succeeded)

============================================================
Combo 82/120: {'model': 'integrator', 'sigma': 20, 'degree': 3, 'tau': 0.01, 'lr': 0.1}
============================================================
    Chunk 1/3: running mean RMSE = nan (0 valid)
    Chunk 2/3: running mean RMSE = 0.009196 (1 valid)
    Chunk 3/3: running mean RMSE = 0.005147 (2 valid)
  => Mean RMSE (omega): 0.005147 (2/3 chunks succeeded)

============================================================
Combo 83/120: {'model': 'integrator', 'sigma': 20, 'degree': 3, 'tau': 0.01, 'lr': 0.001}
============================================================
    Chunk 1/3: running mean RMSE = nan (0 valid)
    Chunk 2/3: running mean RMSE = 0.000466 (1 valid)
    Chunk 3/3: running mean RMSE = 0.000355 (2 valid)
  => Mean RMSE (omega): 0.000355 (2/3 chunks succeeded)

============================================================
Combo 84/120: {'model': 'integrator', 'sigma': 20, 'degree': 3, 'tau': 0.01, 'lr': 1e-05}
============================================================
    Chunk 1/3: running mean RMSE = 0.088327 (1 valid)
    Chunk 2/3: running mean RMSE = 0.075226 (2 valid)
    Chunk 3/3: running mean RMSE = 0.061350 (3 valid)
  => Mean RMSE (omega): 0.061350 (3/3 chunks succeeded)

============================================================
Combo 85/120: {'model': 'integrator', 'sigma': 20, 'degree': 3, 'tau': 0.001, 'lr': 0.1}
============================================================
    Chunk 1/3: running mean RMSE = nan (0 valid)
    Chunk 2/3: running mean RMSE = 0.001279 (1 valid)
    Chunk 3/3: running mean RMSE = 0.001279 (1 valid)
  => Mean RMSE (omega): 0.001279 (1/3 chunks succeeded)

============================================================
Combo 86/120: {'model': 'integrator', 'sigma': 20, 'degree': 3, 'tau': 0.001, 'lr': 0.001}
============================================================
    Chunk 1/3: running mean RMSE = nan (0 valid)
    Chunk 2/3: running mean RMSE = nan (0 valid)
    Chunk 3/3: running mean RMSE = 0.000206 (1 valid)
  => Mean RMSE (omega): 0.000206 (1/3 chunks succeeded)

============================================================
Combo 87/120: {'model': 'integrator', 'sigma': 20, 'degree': 3, 'tau': 0.001, 'lr': 1e-05}
============================================================
    Chunk 1/3: running mean RMSE = 0.042399 (1 valid)
    Chunk 2/3: running mean RMSE = 0.047471 (2 valid)
    Chunk 3/3: running mean RMSE = 0.044683 (3 valid)
  => Mean RMSE (omega): 0.044683 (3/3 chunks succeeded)

============================================================
Combo 88/120: {'model': 'integrator', 'sigma': 20, 'degree': 3, 'tau': 1e-05, 'lr': 0.1}
============================================================
    Chunk 1/3: running mean RMSE = nan (0 valid)
    Chunk 2/3: running mean RMSE = nan (0 valid)
    Chunk 3/3: running mean RMSE = 0.001315 (1 valid)
  => Mean RMSE (omega): 0.001315 (1/3 chunks succeeded)

============================================================
Combo 89/120: {'model': 'integrator', 'sigma': 20, 'degree': 3, 'tau': 1e-05, 'lr': 0.001}
============================================================
    Chunk 1/3: running mean RMSE = nan (0 valid)
    Chunk 2/3: running mean RMSE = 0.000533 (1 valid)
    Chunk 3/3: running mean RMSE = 0.000533 (1 valid)
  => Mean RMSE (omega): 0.000533 (1/3 chunks succeeded)

============================================================
Combo 90/120: {'model': 'integrator', 'sigma': 20, 'degree': 3, 'tau': 1e-05, 'lr': 1e-05}
============================================================
    Chunk 1/3: running mean RMSE = 0.075246 (1 valid)
    Chunk 2/3: running mean RMSE = 0.060904 (2 valid)
    Chunk 3/3: running mean RMSE = 0.056659 (3 valid)
  => Mean RMSE (omega): 0.056659 (3/3 chunks succeeded)

============================================================
Combo 91/120: {'model': 'integrator', 'sigma': 60, 'degree': 2, 'tau': 0.5, 'lr': 0.1}
============================================================
    Chunk 1/3: running mean RMSE = nan (0 valid)
    Chunk 2/3: running mean RMSE = nan (0 valid)
    Chunk 3/3: running mean RMSE = 0.000424 (1 valid)
  => Mean RMSE (omega): 0.000424 (1/3 chunks succeeded)

============================================================
Combo 92/120: {'model': 'integrator', 'sigma': 60, 'degree': 2, 'tau': 0.5, 'lr': 0.001}
============================================================
    Chunk 1/3: running mean RMSE = nan (0 valid)
    Chunk 2/3: running mean RMSE = 0.000441 (1 valid)
    Chunk 3/3: running mean RMSE = 0.000441 (1 valid)
  => Mean RMSE (omega): 0.000441 (1/3 chunks succeeded)

============================================================
Combo 93/120: {'model': 'integrator', 'sigma': 60, 'degree': 2, 'tau': 0.5, 'lr': 1e-05}
============================================================
    Chunk 1/3: running mean RMSE = 0.058738 (1 valid)
    Chunk 2/3: running mean RMSE = 0.056774 (2 valid)
    Chunk 3/3: running mean RMSE = 0.044766 (3 valid)
  => Mean RMSE (omega): 0.044766 (3/3 chunks succeeded)

============================================================
Combo 94/120: {'model': 'integrator', 'sigma': 60, 'degree': 2, 'tau': 0.1, 'lr': 0.1}
============================================================
    Chunk 1/3: running mean RMSE = 0.001120 (1 valid)
    Chunk 2/3: running mean RMSE = 0.001261 (2 valid)
    Chunk 3/3: running mean RMSE = 0.000893 (3 valid)
  => Mean RMSE (omega): 0.000893 (3/3 chunks succeeded)

============================================================
Combo 95/120: {'model': 'integrator', 'sigma': 60, 'degree': 2, 'tau': 0.1, 'lr': 0.001}
============================================================
    Chunk 1/3: running mean RMSE = nan (0 valid)
    Chunk 2/3: running mean RMSE = nan (0 valid)
    Chunk 3/3: running mean RMSE = 0.000154 (1 valid)
  => Mean RMSE (omega): 0.000154 (1/3 chunks succeeded)

============================================================
Combo 96/120: {'model': 'integrator', 'sigma': 60, 'degree': 2, 'tau': 0.1, 'lr': 1e-05}
============================================================
    Chunk 1/3: running mean RMSE = 0.051441 (1 valid)
    Chunk 2/3: running mean RMSE = 0.049189 (2 valid)
    Chunk 3/3: running mean RMSE = 0.037950 (3 valid)
  => Mean RMSE (omega): 0.037950 (3/3 chunks succeeded)

============================================================
Combo 97/120: {'model': 'integrator', 'sigma': 60, 'degree': 2, 'tau': 0.01, 'lr': 0.1}
============================================================
    Chunk 1/3: running mean RMSE = nan (0 valid)
    Chunk 2/3: running mean RMSE = nan (0 valid)
    Chunk 3/3: running mean RMSE = 0.001260 (1 valid)
  => Mean RMSE (omega): 0.001260 (1/3 chunks succeeded)

============================================================
Combo 98/120: {'model': 'integrator', 'sigma': 60, 'degree': 2, 'tau': 0.01, 'lr': 0.001}
============================================================
    Chunk 1/3: running mean RMSE = nan (0 valid)
    Chunk 2/3: running mean RMSE = 0.000389 (1 valid)
    Chunk 3/3: running mean RMSE = 0.000250 (2 valid)
  => Mean RMSE (omega): 0.000250 (2/3 chunks succeeded)

============================================================
Combo 99/120: {'model': 'integrator', 'sigma': 60, 'degree': 2, 'tau': 0.01, 'lr': 1e-05}
============================================================
    Chunk 1/3: running mean RMSE = 0.063724 (1 valid)
    Chunk 2/3: running mean RMSE = 0.052249 (2 valid)
    Chunk 3/3: running mean RMSE = 0.037340 (3 valid)
  => Mean RMSE (omega): 0.037340 (3/3 chunks succeeded)

============================================================
Combo 100/120: {'model': 'integrator', 'sigma': 60, 'degree': 2, 'tau': 0.001, 'lr': 0.1}
============================================================
    Chunk 1/3: running mean RMSE = nan (0 valid)
    Chunk 2/3: running mean RMSE = 0.000242 (1 valid)
    Chunk 3/3: running mean RMSE = 0.000395 (2 valid)
  => Mean RMSE (omega): 0.000395 (2/3 chunks succeeded)

============================================================
Combo 101/120: {'model': 'integrator', 'sigma': 60, 'degree': 2, 'tau': 0.001, 'lr': 0.001}
============================================================
    Chunk 1/3: running mean RMSE = nan (0 valid)
    Chunk 2/3: running mean RMSE = nan (0 valid)
    Chunk 3/3: running mean RMSE = nan (0 valid)
  => Mean RMSE (omega): nan (0/3 chunks succeeded)

============================================================
Combo 102/120: {'model': 'integrator', 'sigma': 60, 'degree': 2, 'tau': 0.001, 'lr': 1e-05}
============================================================
    Chunk 1/3: running mean RMSE = nan (0 valid)
    Chunk 2/3: running mean RMSE = 0.045285 (1 valid)
    Chunk 3/3: running mean RMSE = 0.031856 (2 valid)
  => Mean RMSE (omega): 0.031856 (2/3 chunks succeeded)

============================================================
Combo 103/120: {'model': 'integrator', 'sigma': 60, 'degree': 2, 'tau': 1e-05, 'lr': 0.1}
============================================================
    Chunk 1/3: running mean RMSE = 0.002737 (1 valid)
    Chunk 2/3: running mean RMSE = 0.002737 (1 valid)
    Chunk 3/3: running mean RMSE = 0.002737 (1 valid)
  => Mean RMSE (omega): 0.002737 (1/3 chunks succeeded)

============================================================
Combo 104/120: {'model': 'integrator', 'sigma': 60, 'degree': 2, 'tau': 1e-05, 'lr': 0.001}
============================================================
    Chunk 1/3: running mean RMSE = nan (0 valid)
    Chunk 2/3: running mean RMSE = 0.000341 (1 valid)
    Chunk 3/3: running mean RMSE = 0.000341 (1 valid)
  => Mean RMSE (omega): 0.000341 (1/3 chunks succeeded)

============================================================
Combo 105/120: {'model': 'integrator', 'sigma': 60, 'degree': 2, 'tau': 1e-05, 'lr': 1e-05}
============================================================
    Chunk 1/3: running mean RMSE = 0.052154 (1 valid)
    Chunk 2/3: running mean RMSE = 0.050777 (2 valid)
    Chunk 3/3: running mean RMSE = 0.037830 (3 valid)
  => Mean RMSE (omega): 0.037830 (3/3 chunks succeeded)

============================================================
Combo 106/120: {'model': 'integrator', 'sigma': 60, 'degree': 3, 'tau': 0.5, 'lr': 0.1}
============================================================
    Chunk 1/3: running mean RMSE = nan (0 valid)
    Chunk 2/3: running mean RMSE = nan (0 valid)
    Chunk 3/3: running mean RMSE = 0.001169 (1 valid)
  => Mean RMSE (omega): 0.001169 (1/3 chunks succeeded)

============================================================
Combo 107/120: {'model': 'integrator', 'sigma': 60, 'degree': 3, 'tau': 0.5, 'lr': 0.001}
============================================================
    Chunk 1/3: running mean RMSE = nan (0 valid)
    Chunk 2/3: running mean RMSE = 0.000420 (1 valid)
    Chunk 3/3: running mean RMSE = 0.000238 (2 valid)
  => Mean RMSE (omega): 0.000238 (2/3 chunks succeeded)

============================================================
Combo 108/120: {'model': 'integrator', 'sigma': 60, 'degree': 3, 'tau': 0.5, 'lr': 1e-05}
============================================================
    Chunk 1/3: running mean RMSE = 0.052541 (1 valid)
    Chunk 2/3: running mean RMSE = 0.061164 (2 valid)
    Chunk 3/3: running mean RMSE = 0.046484 (3 valid)
  => Mean RMSE (omega): 0.046484 (3/3 chunks succeeded)

============================================================
Combo 109/120: {'model': 'integrator', 'sigma': 60, 'degree': 3, 'tau': 0.1, 'lr': 0.1}
============================================================
    Chunk 1/3: running mean RMSE = nan (0 valid)
    Chunk 2/3: running mean RMSE = 0.001122 (1 valid)
    Chunk 3/3: running mean RMSE = 0.000714 (2 valid)
  => Mean RMSE (omega): 0.000714 (2/3 chunks succeeded)

============================================================
Combo 110/120: {'model': 'integrator', 'sigma': 60, 'degree': 3, 'tau': 0.1, 'lr': 0.001}
============================================================
    Chunk 1/3: running mean RMSE = nan (0 valid)
    Chunk 2/3: running mean RMSE = nan (0 valid)
    Chunk 3/3: running mean RMSE = nan (0 valid)
  => Mean RMSE (omega): nan (0/3 chunks succeeded)

============================================================
Combo 111/120: {'model': 'integrator', 'sigma': 60, 'degree': 3, 'tau': 0.1, 'lr': 1e-05}
============================================================
    Chunk 1/3: running mean RMSE = nan (0 valid)
    Chunk 2/3: running mean RMSE = 0.079805 (1 valid)
    Chunk 3/3: running mean RMSE = 0.049557 (2 valid)
  => Mean RMSE (omega): 0.049557 (2/3 chunks succeeded)

============================================================
Combo 112/120: {'model': 'integrator', 'sigma': 60, 'degree': 3, 'tau': 0.01, 'lr': 0.1}
============================================================
    Chunk 1/3: running mean RMSE = 0.001723 (1 valid)
    Chunk 2/3: running mean RMSE = 0.004381 (2 valid)
    Chunk 3/3: running mean RMSE = 0.004381 (2 valid)
  => Mean RMSE (omega): 0.004381 (2/3 chunks succeeded)

============================================================
Combo 113/120: {'model': 'integrator', 'sigma': 60, 'degree': 3, 'tau': 0.01, 'lr': 0.001}
============================================================
    Chunk 1/3: running mean RMSE = nan (0 valid)
    Chunk 2/3: running mean RMSE = 0.000176 (1 valid)
    Chunk 3/3: running mean RMSE = 0.000176 (1 valid)
  => Mean RMSE (omega): 0.000176 (1/3 chunks succeeded)

============================================================
Combo 114/120: {'model': 'integrator', 'sigma': 60, 'degree': 3, 'tau': 0.01, 'lr': 1e-05}
============================================================
    Chunk 1/3: running mean RMSE = 0.064468 (1 valid)
    Chunk 2/3: running mean RMSE = 0.083224 (2 valid)
    Chunk 3/3: running mean RMSE = 0.058726 (3 valid)
  => Mean RMSE (omega): 0.058726 (3/3 chunks succeeded)

============================================================
Combo 115/120: {'model': 'integrator', 'sigma': 60, 'degree': 3, 'tau': 0.001, 'lr': 0.1}
============================================================
    Chunk 1/3: running mean RMSE = 0.001242 (1 valid)
    Chunk 2/3: running mean RMSE = 0.001242 (1 valid)
    Chunk 3/3: running mean RMSE = 0.001242 (1 valid)
  => Mean RMSE (omega): 0.001242 (1/3 chunks succeeded)

============================================================
Combo 116/120: {'model': 'integrator', 'sigma': 60, 'degree': 3, 'tau': 0.001, 'lr': 0.001}
============================================================
    Chunk 1/3: running mean RMSE = nan (0 valid)
    Chunk 2/3: running mean RMSE = nan (0 valid)
    Chunk 3/3: running mean RMSE = 0.000257 (1 valid)
  => Mean RMSE (omega): 0.000257 (1/3 chunks succeeded)

============================================================
Combo 117/120: {'model': 'integrator', 'sigma': 60, 'degree': 3, 'tau': 0.001, 'lr': 1e-05}
============================================================
    Chunk 1/3: running mean RMSE = 0.044705 (1 valid)
    Chunk 2/3: running mean RMSE = 0.043481 (2 valid)
    Chunk 3/3: running mean RMSE = 0.034804 (3 valid)
  => Mean RMSE (omega): 0.034804 (3/3 chunks succeeded)

============================================================
Combo 118/120: {'model': 'integrator', 'sigma': 60, 'degree': 3, 'tau': 1e-05, 'lr': 0.1}
============================================================
    Chunk 1/3: running mean RMSE = 0.003685 (1 valid)
    Chunk 2/3: running mean RMSE = 0.003195 (2 valid)
    Chunk 3/3: running mean RMSE = 0.002198 (3 valid)
  => Mean RMSE (omega): 0.002198 (3/3 chunks succeeded)

============================================================
Combo 119/120: {'model': 'integrator', 'sigma': 60, 'degree': 3, 'tau': 1e-05, 'lr': 0.001}
============================================================
    Chunk 1/3: running mean RMSE = nan (0 valid)
    Chunk 2/3: running mean RMSE = 0.000519 (1 valid)
    Chunk 3/3: running mean RMSE = 0.000519 (1 valid)
  => Mean RMSE (omega): 0.000519 (1/3 chunks succeeded)

============================================================
Combo 120/120: {'model': 'integrator', 'sigma': 60, 'degree': 3, 'tau': 1e-05, 'lr': 1e-05}
============================================================
    Chunk 1/3: running mean RMSE = 0.063771 (1 valid)
    Chunk 2/3: running mean RMSE = 0.070200 (2 valid)
    Chunk 3/3: running mean RMSE = 0.050455 (3 valid)
  => Mean RMSE (omega): 0.050455 (3/3 chunks succeeded)

============================================================
GRID SEARCH COMPLETE
============================================================
Results saved to: /pfs/data6/home/ka/ka_iai/ka_bj2362/dsr/svise/results_hp_tuning/hp_tuning_20260224_203009.csv

Best combination (combo #95):
  model: integrator
  sigma: 60
  degree: 2
  tau: 0.1
  lr: 0.001
  Mean RMSE (omega): 0.000154
Best hyperparams saved to: /pfs/data6/home/ka/ka_iai/ka_bj2362/dsr/svise/results_hp_tuning/best_hyperparams_20260224_203009.json
============================================================

============================= JOB FEEDBACK =============================

NodeName=uc3n008
Job ID: 3283665
Cluster: uc3
User/Group: ka_bj2362/ka_iai
State: COMPLETED (exit code 0)
Nodes: 1
Cores per node: 8
CPU Utilized: 11:22:31
CPU Efficiency: 12.40% of 3-19:44:00 core-walltime
Job Wall-clock time: 11:28:00
Memory Utilized: 533.48 MB
Memory Efficiency: 1.63% of 32.00 GB (32.00 GB/node)
