Loading data from /pfs/data6/home/ka/ka_iai/ka_bj2362/dsr/svise/../dataset/Frequency_data_SK.pkl...
Filtering for valid 5-minute chunks in the 9:00-10:00 window...
Found 5 valid 9:00-10:00 chunks (max requested: 5).

============================================================
HYPERPARAMETER RANDOMIZED SEARCH
============================================================
Total search space: 4050 combinations
Evaluating: 60 combinations (RANDOMIZED)
Chunks per combination: 5
Total training runs: 300
Early stopping: patience=300, max_epochs=10000
Random seed: 42
============================================================


============================================================
Combo 1/60: {'model': 'integrator', 'sigma': 0, 'degree': 3, 'tau': 0.1, 'lr': 0.001, 'n_tau': 200, 'measurement_noise': 1e-05, 'n_reparam_samples': 30}
============================================================
/pfs/data6/home/ka/ka_iai/ka_bj2362/dsr/svise/svise/sde_learning/_marginal_sde.py:284: UserWarning: torch.triangular_solve is deprecated in favor of torch.linalg.solve_triangularand will be removed in a future PyTorch release.
torch.linalg.solve_triangular has its arguments reversed and does not return a copy of one of the inputs.
X = torch.triangular_solve(B, A).solution
should be replaced with
X = torch.linalg.solve_triangular(A, B). (Triggered internally at ../aten/src/ATen/native/BatchLinearAlgebra.cpp:2192.)
  return torch.triangular_solve(self.raw_w, self.C.t()).solution
/pfs/data6/home/ka/ka_iai/ka_bj2362/dsr/svise/svise/quadrature/_unbiased_quadrature.py:196: UserWarning: Interp is nan, reducing interp degree.
  warnings.warn("Interp is nan, reducing interp degree.")
    Chunk 1/5: running mean RMSE = 0.003380 (1 valid)
    Chunk 2/5: running mean RMSE = 0.003466 (2 valid)
[2026-03-03T02:00:26.942] error: *** JOB 3362303 ON uc3n002 CANCELLED AT 2026-03-03T02:00:26 DUE to SIGNAL Terminated ***

============================= JOB FEEDBACK =============================

NodeName=uc3n002
Job ID: 3362303
Cluster: uc3
User/Group: ka_bj2362/ka_iai
State: CANCELLED (exit code 0)
Nodes: 1
Cores per node: 8
CPU Utilized: 00:00:00
CPU Efficiency: 0.00% of 01:33:36 core-walltime
Job Wall-clock time: 00:11:42
Memory Utilized: 863.47 MB
Memory Efficiency: 2.64% of 32.00 GB (32.00 GB/node)
