Loading data from /pfs/data6/home/ka/ka_iai/ka_bj2362/dsr/svise/../dataset/Frequency_data_SK.pkl...
Filtering for valid 5-minute chunks in the 9:00-10:00 window...
Found 5 valid 9:00-10:00 chunks (max requested: 5).

============================================================
HYPERPARAMETER RANDOMIZED SEARCH
============================================================
Total search space: 4050 combinations
Evaluating: 60 combinations (RANDOMIZED)
Chunks per combination: 5
Total training runs: 300
Early stopping: patience=300, max_epochs=10000
Random seed: 42
============================================================


============================================================
Combo 1/60: {'model': 'integrator', 'sigma': 0, 'degree': 3, 'tau': 0.1, 'lr': 0.001, 'n_tau': 200, 'measurement_noise': 1e-05, 'n_reparam_samples': 30}
============================================================
/pfs/data6/home/ka/ka_iai/ka_bj2362/dsr/svise/svise/sde_learning/_marginal_sde.py:284: UserWarning: torch.triangular_solve is deprecated in favor of torch.linalg.solve_triangularand will be removed in a future PyTorch release.
torch.linalg.solve_triangular has its arguments reversed and does not return a copy of one of the inputs.
X = torch.triangular_solve(B, A).solution
should be replaced with
X = torch.linalg.solve_triangular(A, B). (Triggered internally at ../aten/src/ATen/native/BatchLinearAlgebra.cpp:2192.)
  return torch.triangular_solve(self.raw_w, self.C.t()).solution
/pfs/data6/home/ka/ka_iai/ka_bj2362/dsr/svise/svise/quadrature/_unbiased_quadrature.py:196: UserWarning: Interp is nan, reducing interp degree.
  warnings.warn("Interp is nan, reducing interp degree.")
    Chunk 1/5: running mean RMSE = 0.003403 (1 valid)
/pfs/data6/home/ka/ka_iai/ka_bj2362/dsr/svise/svise/quadrature/_unbiased_quadrature.py:174: UserWarning: NaN detected in fxq (quadrature node evaluations). Clamping to 0.
  warnings.warn("NaN detected in fxq (quadrature node evaluations). Clamping to 0.")
/pfs/data6/home/ka/ka_iai/ka_bj2362/dsr/svise/svise/quadrature/_unbiased_quadrature.py:177: UserWarning: NaN detected in fmc (Monte-Carlo node evaluations). Clamping to 0.
  warnings.warn("NaN detected in fmc (Monte-Carlo node evaluations). Clamping to 0.")
    Chunk 2/5: running mean RMSE = 0.003403 (1 valid)
    Chunk 3/5: running mean RMSE = 0.003034 (2 valid)
    Chunk 4/5: running mean RMSE = 0.007312 (3 valid)
    Chunk 5/5: running mean RMSE = 0.009427 (4 valid)
  => Mean RMSE (omega): 0.009427 (4/5 chunks succeeded)

============================================================
Combo 2/60: {'model': 'integrator', 'sigma': 0, 'degree': 2, 'tau': 0.1, 'lr': 0.1, 'n_tau': 50, 'measurement_noise': 0.0001, 'n_reparam_samples': 15}
============================================================
    Chunk 1/5: running mean RMSE = 0.013775 (1 valid)
    Chunk 2/5: running mean RMSE = 0.011849 (2 valid)
    Chunk 3/5: running mean RMSE = 0.011595 (3 valid)
    Chunk 4/5: running mean RMSE = 0.014404 (4 valid)
    Chunk 5/5: running mean RMSE = 0.015871 (5 valid)
  => Mean RMSE (omega): 0.015871 (5/5 chunks succeeded)

============================================================
Combo 3/60: {'model': 'integrator', 'sigma': 0, 'degree': 2, 'tau': 0.01, 'lr': 0.0001, 'n_tau': 50, 'measurement_noise': 0.001, 'n_reparam_samples': 15}
============================================================
    Chunk 1/5: running mean RMSE = 0.043712 (1 valid)
    Chunk 2/5: running mean RMSE = 0.041764 (2 valid)
    Chunk 3/5: running mean RMSE = 0.041664 (3 valid)
    Chunk 4/5: running mean RMSE = 0.041061 (4 valid)
    Chunk 5/5: running mean RMSE = 0.042742 (5 valid)
  => Mean RMSE (omega): 0.042742 (5/5 chunks succeeded)

============================================================
Combo 4/60: {'model': 'integrator', 'sigma': 5, 'degree': 2, 'tau': 0.1, 'lr': 0.01, 'n_tau': 200, 'measurement_noise': 0.001, 'n_reparam_samples': 50}
============================================================
    Chunk 1/5: running mean RMSE = nan (0 valid)
    Chunk 2/5: running mean RMSE = 0.011283 (1 valid)
    Chunk 3/5: running mean RMSE = 0.011283 (1 valid)
    Chunk 4/5: running mean RMSE = 0.006147 (2 valid)
    Chunk 5/5: running mean RMSE = 0.009317 (3 valid)
  => Mean RMSE (omega): 0.009317 (3/5 chunks succeeded)

============================================================
Combo 5/60: {'model': 'integrator', 'sigma': 5, 'degree': 3, 'tau': 0.01, 'lr': 0.001, 'n_tau': 100, 'measurement_noise': 1e-05, 'n_reparam_samples': 15}
============================================================
    Chunk 1/5: running mean RMSE = nan (0 valid)
    Chunk 2/5: running mean RMSE = 0.000671 (1 valid)
    Chunk 3/5: running mean RMSE = 0.000520 (2 valid)
    Chunk 4/5: running mean RMSE = 0.000520 (3 valid)
    Chunk 5/5: running mean RMSE = 0.000520 (4 valid)
  => Mean RMSE (omega): 0.000520 (4/5 chunks succeeded)

============================================================
Combo 6/60: {'model': 'integrator', 'sigma': 5, 'degree': 2, 'tau': 0.01, 'lr': 0.0001, 'n_tau': 50, 'measurement_noise': 1e-05, 'n_reparam_samples': 15}
============================================================
    Chunk 1/5: running mean RMSE = 0.024549 (1 valid)
    Chunk 2/5: running mean RMSE = 0.027663 (2 valid)
    Chunk 3/5: running mean RMSE = 0.024254 (3 valid)
    Chunk 4/5: running mean RMSE = 0.025217 (4 valid)
    Chunk 5/5: running mean RMSE = 0.027868 (5 valid)
  => Mean RMSE (omega): 0.027868 (5/5 chunks succeeded)

============================================================
Combo 7/60: {'model': 'integrator', 'sigma': 10, 'degree': 2, 'tau': 0.01, 'lr': 0.1, 'n_tau': 50, 'measurement_noise': 1e-05, 'n_reparam_samples': 15}
============================================================
    Chunk 1/5: running mean RMSE = nan (0 valid)
    Chunk 2/5: running mean RMSE = 0.036571 (1 valid)
    Chunk 3/5: running mean RMSE = 0.018611 (2 valid)
    Chunk 4/5: running mean RMSE = 0.021814 (3 valid)
    Chunk 5/5: running mean RMSE = 0.021814 (3 valid)
  => Mean RMSE (omega): 0.021814 (3/5 chunks succeeded)

============================================================
Combo 8/60: {'model': 'integrator', 'sigma': 5, 'degree': 2, 'tau': 0.5, 'lr': 1e-05, 'n_tau': 50, 'measurement_noise': 0.0001, 'n_reparam_samples': 15}
============================================================
    Chunk 1/5: running mean RMSE = 0.092757 (1 valid)
    Chunk 2/5: running mean RMSE = 0.107221 (2 valid)
    Chunk 3/5: running mean RMSE = 0.094241 (3 valid)
    Chunk 4/5: running mean RMSE = 0.095104 (4 valid)
    Chunk 5/5: running mean RMSE = 0.089210 (5 valid)
  => Mean RMSE (omega): 0.089210 (5/5 chunks succeeded)

============================================================
Combo 9/60: {'model': 'integrator', 'sigma': 5, 'degree': 3, 'tau': 0.01, 'lr': 0.1, 'n_tau': 200, 'measurement_noise': 0.001, 'n_reparam_samples': 50}
============================================================
    Chunk 1/5: running mean RMSE = 0.013686 (1 valid)
    Chunk 2/5: running mean RMSE = 0.013686 (1 valid)
    Chunk 3/5: running mean RMSE = 0.017643 (2 valid)
    Chunk 4/5: running mean RMSE = 0.012231 (3 valid)
    Chunk 5/5: running mean RMSE = 0.012231 (3 valid)
  => Mean RMSE (omega): 0.012231 (3/5 chunks succeeded)

============================================================
Combo 10/60: {'model': 'integrator', 'sigma': 10, 'degree': 3, 'tau': 1e-05, 'lr': 0.0001, 'n_tau': 200, 'measurement_noise': 0.001, 'n_reparam_samples': 15}
============================================================
    Chunk 1/5: running mean RMSE = 0.004584 (1 valid)
    Chunk 2/5: running mean RMSE = 0.003396 (2 valid)
    Chunk 3/5: running mean RMSE = 0.002956 (3 valid)
    Chunk 4/5: running mean RMSE = 0.003148 (4 valid)
    Chunk 5/5: running mean RMSE = 0.003148 (4 valid)
  => Mean RMSE (omega): 0.003148 (4/5 chunks succeeded)

============================================================
Combo 11/60: {'model': 'integrator', 'sigma': 10, 'degree': 3, 'tau': 0.1, 'lr': 0.001, 'n_tau': 50, 'measurement_noise': 0.001, 'n_reparam_samples': 50}
============================================================
    Chunk 1/5: running mean RMSE = 0.000855 (1 valid)
    Chunk 2/5: running mean RMSE = 0.001007 (2 valid)
    Chunk 3/5: running mean RMSE = 0.000782 (3 valid)
    Chunk 4/5: running mean RMSE = 0.000782 (3 valid)
    Chunk 5/5: running mean RMSE = 0.000854 (4 valid)
  => Mean RMSE (omega): 0.000854 (4/5 chunks succeeded)

============================================================
Combo 12/60: {'model': 'integrator', 'sigma': 0, 'degree': 3, 'tau': 0.5, 'lr': 0.01, 'n_tau': 200, 'measurement_noise': 0.001, 'n_reparam_samples': 50}
============================================================
    Chunk 1/5: running mean RMSE = nan (0 valid)
    Chunk 2/5: running mean RMSE = nan (0 valid)
    Chunk 3/5: running mean RMSE = nan (0 valid)
    Chunk 4/5: running mean RMSE = nan (0 valid)
    Chunk 5/5: running mean RMSE = nan (0 valid)
  => Mean RMSE (omega): nan (0/5 chunks succeeded)

============================================================
Combo 13/60: {'model': 'integrator', 'sigma': 0, 'degree': 2, 'tau': 1e-05, 'lr': 0.01, 'n_tau': 50, 'measurement_noise': 1e-05, 'n_reparam_samples': 50}
============================================================
    Chunk 1/5: running mean RMSE = nan (0 valid)
    Chunk 2/5: running mean RMSE = 0.009875 (1 valid)
    Chunk 3/5: running mean RMSE = 0.010395 (2 valid)
    Chunk 4/5: running mean RMSE = 0.018422 (3 valid)
    Chunk 5/5: running mean RMSE = 0.018422 (3 valid)
  => Mean RMSE (omega): 0.018422 (3/5 chunks succeeded)

============================================================
Combo 14/60: {'model': 'integrator', 'sigma': 5, 'degree': 2, 'tau': 0.01, 'lr': 1e-05, 'n_tau': 200, 'measurement_noise': 0.0001, 'n_reparam_samples': 30}
============================================================
    Chunk 1/5: running mean RMSE = 0.086845 (1 valid)
    Chunk 2/5: running mean RMSE = 0.060249 (2 valid)
    Chunk 3/5: running mean RMSE = 0.056326 (3 valid)
    Chunk 4/5: running mean RMSE = 0.057019 (4 valid)
    Chunk 5/5: running mean RMSE = 0.055899 (5 valid)
  => Mean RMSE (omega): 0.055899 (5/5 chunks succeeded)

============================================================
Combo 15/60: {'model': 'integrator', 'sigma': 10, 'degree': 2, 'tau': 1e-05, 'lr': 0.01, 'n_tau': 200, 'measurement_noise': 0.001, 'n_reparam_samples': 15}
============================================================
    Chunk 1/5: running mean RMSE = 0.000594 (1 valid)
    Chunk 2/5: running mean RMSE = 0.001758 (2 valid)
    Chunk 3/5: running mean RMSE = 0.001289 (3 valid)
    Chunk 4/5: running mean RMSE = 0.001128 (4 valid)
    Chunk 5/5: running mean RMSE = 0.001128 (4 valid)
  => Mean RMSE (omega): 0.001128 (4/5 chunks succeeded)

============================================================
Combo 16/60: {'model': 'integrator', 'sigma': 0, 'degree': 2, 'tau': 0.001, 'lr': 0.1, 'n_tau': 100, 'measurement_noise': 1e-05, 'n_reparam_samples': 30}
============================================================
    Chunk 1/5: running mean RMSE = nan (0 valid)
    Chunk 2/5: running mean RMSE = 0.005420 (1 valid)
    Chunk 3/5: running mean RMSE = 0.005420 (1 valid)
    Chunk 4/5: running mean RMSE = 0.005420 (1 valid)
    Chunk 5/5: running mean RMSE = 0.011965 (2 valid)
  => Mean RMSE (omega): 0.011965 (2/5 chunks succeeded)

============================================================
Combo 17/60: {'model': 'integrator', 'sigma': 0, 'degree': 2, 'tau': 0.001, 'lr': 0.001, 'n_tau': 200, 'measurement_noise': 0.001, 'n_reparam_samples': 30}
============================================================
    Chunk 1/5: running mean RMSE = 0.004730 (1 valid)
    Chunk 2/5: running mean RMSE = 0.004730 (1 valid)
    Chunk 3/5: running mean RMSE = 0.004751 (2 valid)
    Chunk 4/5: running mean RMSE = 0.004751 (2 valid)
    Chunk 5/5: running mean RMSE = 0.010671 (3 valid)
  => Mean RMSE (omega): 0.010671 (3/5 chunks succeeded)

============================================================
Combo 18/60: {'model': 'integrator', 'sigma': 5, 'degree': 3, 'tau': 0.1, 'lr': 1e-05, 'n_tau': 50, 'measurement_noise': 0.001, 'n_reparam_samples': 15}
============================================================
    Chunk 1/5: running mean RMSE = 0.080678 (1 valid)
    Chunk 2/5: running mean RMSE = 0.087707 (2 valid)
    Chunk 3/5: running mean RMSE = 0.079792 (3 valid)
    Chunk 4/5: running mean RMSE = 0.078045 (4 valid)
    Chunk 5/5: running mean RMSE = 0.082656 (5 valid)
  => Mean RMSE (omega): 0.082656 (5/5 chunks succeeded)

============================================================
Combo 19/60: {'model': 'integrator', 'sigma': 10, 'degree': 2, 'tau': 0.5, 'lr': 1e-05, 'n_tau': 50, 'measurement_noise': 0.001, 'n_reparam_samples': 15}
============================================================
    Chunk 1/5: running mean RMSE = 0.062928 (1 valid)
    Chunk 2/5: running mean RMSE = 0.062146 (2 valid)
    Chunk 3/5: running mean RMSE = 0.054651 (3 valid)
    Chunk 4/5: running mean RMSE = 0.060459 (4 valid)
    Chunk 5/5: running mean RMSE = 0.059883 (5 valid)
  => Mean RMSE (omega): 0.059883 (5/5 chunks succeeded)

============================================================
Combo 20/60: {'model': 'integrator', 'sigma': 10, 'degree': 3, 'tau': 0.001, 'lr': 0.001, 'n_tau': 200, 'measurement_noise': 0.001, 'n_reparam_samples': 15}
============================================================
    Chunk 1/5: running mean RMSE = nan (0 valid)
    Chunk 2/5: running mean RMSE = nan (0 valid)
    Chunk 3/5: running mean RMSE = 0.000464 (1 valid)
    Chunk 4/5: running mean RMSE = 0.000778 (2 valid)
    Chunk 5/5: running mean RMSE = 0.000736 (3 valid)
  => Mean RMSE (omega): 0.000736 (3/5 chunks succeeded)

============================================================
Combo 21/60: {'model': 'integrator', 'sigma': 5, 'degree': 2, 'tau': 1e-05, 'lr': 1e-05, 'n_tau': 200, 'measurement_noise': 0.0001, 'n_reparam_samples': 15}
============================================================
    Chunk 1/5: running mean RMSE = 0.055704 (1 valid)
    Chunk 2/5: running mean RMSE = 0.073768 (2 valid)
    Chunk 3/5: running mean RMSE = 0.073768 (2 valid)
    Chunk 4/5: running mean RMSE = 0.081914 (3 valid)
    Chunk 5/5: running mean RMSE = 0.078966 (4 valid)
  => Mean RMSE (omega): 0.078966 (4/5 chunks succeeded)

============================================================
Combo 22/60: {'model': 'integrator', 'sigma': 5, 'degree': 3, 'tau': 0.001, 'lr': 0.01, 'n_tau': 50, 'measurement_noise': 1e-05, 'n_reparam_samples': 15}
============================================================
    Chunk 1/5: running mean RMSE = nan (0 valid)
    Chunk 2/5: running mean RMSE = 0.001245 (1 valid)
    Chunk 3/5: running mean RMSE = 0.001084 (2 valid)
    Chunk 4/5: running mean RMSE = 0.007322 (3 valid)
    Chunk 5/5: running mean RMSE = 0.005670 (4 valid)
  => Mean RMSE (omega): 0.005670 (4/5 chunks succeeded)

============================================================
Combo 23/60: {'model': 'integrator', 'sigma': 10, 'degree': 3, 'tau': 1e-05, 'lr': 0.0001, 'n_tau': 100, 'measurement_noise': 0.0001, 'n_reparam_samples': 30}
============================================================
    Chunk 1/5: running mean RMSE = 0.009535 (1 valid)
    Chunk 2/5: running mean RMSE = 0.007148 (2 valid)
    Chunk 3/5: running mean RMSE = 0.007690 (3 valid)
    Chunk 4/5: running mean RMSE = 0.007544 (4 valid)
    Chunk 5/5: running mean RMSE = 0.007182 (5 valid)
  => Mean RMSE (omega): 0.007182 (5/5 chunks succeeded)

============================================================
Combo 24/60: {'model': 'integrator', 'sigma': 10, 'degree': 3, 'tau': 0.5, 'lr': 0.001, 'n_tau': 100, 'measurement_noise': 1e-05, 'n_reparam_samples': 30}
============================================================
    Chunk 1/5: running mean RMSE = 0.000255 (1 valid)
    Chunk 2/5: running mean RMSE = 0.000372 (2 valid)
    Chunk 3/5: running mean RMSE = 0.000356 (3 valid)
    Chunk 4/5: running mean RMSE = 0.000356 (3 valid)
    Chunk 5/5: running mean RMSE = 0.000333 (4 valid)
  => Mean RMSE (omega): 0.000333 (4/5 chunks succeeded)

============================================================
Combo 25/60: {'model': 'integrator', 'sigma': 0, 'degree': 2, 'tau': 0.001, 'lr': 0.0001, 'n_tau': 50, 'measurement_noise': 0.001, 'n_reparam_samples': 15}
============================================================
    Chunk 1/5: running mean RMSE = 0.037525 (1 valid)
    Chunk 2/5: running mean RMSE = 0.036519 (2 valid)
    Chunk 3/5: running mean RMSE = 0.035555 (3 valid)
    Chunk 4/5: running mean RMSE = 0.035802 (4 valid)
    Chunk 5/5: running mean RMSE = 0.035901 (5 valid)
  => Mean RMSE (omega): 0.035901 (5/5 chunks succeeded)

============================================================
Combo 26/60: {'model': 'integrator', 'sigma': 0, 'degree': 2, 'tau': 0.001, 'lr': 0.01, 'n_tau': 50, 'measurement_noise': 1e-05, 'n_reparam_samples': 30}
============================================================
    Chunk 1/5: running mean RMSE = nan (0 valid)
    Chunk 2/5: running mean RMSE = 0.009844 (1 valid)
    Chunk 3/5: running mean RMSE = 0.010428 (2 valid)
    Chunk 4/5: running mean RMSE = 0.010428 (2 valid)
    Chunk 5/5: running mean RMSE = 0.014125 (3 valid)
  => Mean RMSE (omega): 0.014125 (3/5 chunks succeeded)

============================================================
Combo 27/60: {'model': 'integrator', 'sigma': 5, 'degree': 3, 'tau': 0.5, 'lr': 0.001, 'n_tau': 200, 'measurement_noise': 0.0001, 'n_reparam_samples': 15}
============================================================
    Chunk 1/5: running mean RMSE = 0.000809 (1 valid)
    Chunk 2/5: running mean RMSE = 0.000858 (2 valid)
    Chunk 3/5: running mean RMSE = 0.000891 (3 valid)
    Chunk 4/5: running mean RMSE = 0.000891 (3 valid)
    Chunk 5/5: running mean RMSE = 0.000942 (4 valid)
  => Mean RMSE (omega): 0.000942 (4/5 chunks succeeded)

============================================================
Combo 28/60: {'model': 'integrator', 'sigma': 5, 'degree': 3, 'tau': 0.001, 'lr': 0.001, 'n_tau': 100, 'measurement_noise': 0.001, 'n_reparam_samples': 50}
============================================================
    Chunk 1/5: running mean RMSE = 0.001777 (1 valid)
    Chunk 2/5: running mean RMSE = 0.001777 (1 valid)
    Chunk 3/5: running mean RMSE = 0.001376 (2 valid)
    Chunk 4/5: running mean RMSE = 0.001362 (3 valid)
    Chunk 5/5: running mean RMSE = 0.010219 (4 valid)
  => Mean RMSE (omega): 0.010219 (4/5 chunks succeeded)

============================================================
Combo 29/60: {'model': 'integrator', 'sigma': 0, 'degree': 3, 'tau': 0.001, 'lr': 0.0001, 'n_tau': 200, 'measurement_noise': 1e-05, 'n_reparam_samples': 30}
============================================================
    Chunk 1/5: running mean RMSE = 0.028633 (1 valid)
    Chunk 2/5: running mean RMSE = 0.025452 (2 valid)
    Chunk 3/5: running mean RMSE = 0.022760 (3 valid)
    Chunk 4/5: running mean RMSE = 0.023330 (4 valid)
    Chunk 5/5: running mean RMSE = 0.023486 (5 valid)
  => Mean RMSE (omega): 0.023486 (5/5 chunks succeeded)

============================================================
Combo 30/60: {'model': 'integrator', 'sigma': 5, 'degree': 3, 'tau': 0.001, 'lr': 0.1, 'n_tau': 100, 'measurement_noise': 0.001, 'n_reparam_samples': 50}
============================================================
    Chunk 1/5: running mean RMSE = 0.001375 (1 valid)
    Chunk 2/5: running mean RMSE = 0.001336 (2 valid)
    Chunk 3/5: running mean RMSE = 0.001336 (2 valid)
    Chunk 4/5: running mean RMSE = 0.001470 (3 valid)
    Chunk 5/5: running mean RMSE = 0.001523 (4 valid)
  => Mean RMSE (omega): 0.001523 (4/5 chunks succeeded)

============================================================
Combo 31/60: {'model': 'integrator', 'sigma': 0, 'degree': 2, 'tau': 0.01, 'lr': 1e-05, 'n_tau': 200, 'measurement_noise': 0.0001, 'n_reparam_samples': 30}
============================================================
    Chunk 1/5: running mean RMSE = 0.074637 (1 valid)
    Chunk 2/5: running mean RMSE = 0.083351 (2 valid)
    Chunk 3/5: running mean RMSE = 0.074493 (3 valid)
    Chunk 4/5: running mean RMSE = 0.079955 (4 valid)
    Chunk 5/5: running mean RMSE = 0.079955 (4 valid)
  => Mean RMSE (omega): 0.079955 (4/5 chunks succeeded)

============================================================
Combo 32/60: {'model': 'integrator', 'sigma': 10, 'degree': 2, 'tau': 0.1, 'lr': 0.001, 'n_tau': 200, 'measurement_noise': 0.001, 'n_reparam_samples': 30}
============================================================
    Chunk 1/5: running mean RMSE = 0.003933 (1 valid)
    Chunk 2/5: running mean RMSE = 0.002722 (2 valid)
    Chunk 3/5: running mean RMSE = 0.002012 (3 valid)
    Chunk 4/5: running mean RMSE = 0.001687 (4 valid)
    Chunk 5/5: running mean RMSE = 0.001547 (5 valid)
  => Mean RMSE (omega): 0.001547 (5/5 chunks succeeded)

============================================================
Combo 33/60: {'model': 'integrator', 'sigma': 10, 'degree': 2, 'tau': 0.5, 'lr': 0.1, 'n_tau': 50, 'measurement_noise': 1e-05, 'n_reparam_samples': 15}
============================================================
    Chunk 1/5: running mean RMSE = 0.002459 (1 valid)
    Chunk 2/5: running mean RMSE = 0.002703 (2 valid)
    Chunk 3/5: running mean RMSE = 0.002703 (2 valid)
    Chunk 4/5: running mean RMSE = 0.003895 (3 valid)
    Chunk 5/5: running mean RMSE = 0.003164 (4 valid)
  => Mean RMSE (omega): 0.003164 (4/5 chunks succeeded)

============================================================
Combo 34/60: {'model': 'integrator', 'sigma': 0, 'degree': 3, 'tau': 0.1, 'lr': 0.01, 'n_tau': 50, 'measurement_noise': 0.0001, 'n_reparam_samples': 30}
============================================================
    Chunk 1/5: running mean RMSE = 0.013513 (1 valid)
    Chunk 2/5: running mean RMSE = 0.011701 (2 valid)
    Chunk 3/5: running mean RMSE = 0.011479 (3 valid)
    Chunk 4/5: running mean RMSE = 0.011479 (3 valid)
    Chunk 5/5: running mean RMSE = 0.011479 (3 valid)
  => Mean RMSE (omega): 0.011479 (3/5 chunks succeeded)

============================================================
Combo 35/60: {'model': 'integrator', 'sigma': 5, 'degree': 2, 'tau': 0.01, 'lr': 0.1, 'n_tau': 100, 'measurement_noise': 1e-05, 'n_reparam_samples': 30}
============================================================
    Chunk 1/5: running mean RMSE = 0.003387 (1 valid)
    Chunk 2/5: running mean RMSE = 0.002526 (2 valid)
    Chunk 3/5: running mean RMSE = 0.001977 (3 valid)
    Chunk 4/5: running mean RMSE = 0.006141 (4 valid)
    Chunk 5/5: running mean RMSE = 0.005013 (5 valid)
  => Mean RMSE (omega): 0.005013 (5/5 chunks succeeded)

============================================================
Combo 36/60: {'model': 'integrator', 'sigma': 10, 'degree': 3, 'tau': 1e-05, 'lr': 0.001, 'n_tau': 100, 'measurement_noise': 1e-05, 'n_reparam_samples': 15}
============================================================
    Chunk 1/5: running mean RMSE = 0.000359 (1 valid)
    Chunk 2/5: running mean RMSE = 0.000495 (2 valid)
    Chunk 3/5: running mean RMSE = 0.000421 (3 valid)
    Chunk 4/5: running mean RMSE = 0.000421 (3 valid)
    Chunk 5/5: running mean RMSE = 0.000425 (4 valid)
  => Mean RMSE (omega): 0.000425 (4/5 chunks succeeded)

============================================================
Combo 37/60: {'model': 'integrator', 'sigma': 0, 'degree': 3, 'tau': 0.01, 'lr': 0.1, 'n_tau': 100, 'measurement_noise': 0.0001, 'n_reparam_samples': 50}
============================================================
    Chunk 1/5: running mean RMSE = 0.004852 (1 valid)
    Chunk 2/5: running mean RMSE = 0.005449 (2 valid)
    Chunk 3/5: running mean RMSE = 0.004998 (3 valid)
    Chunk 4/5: running mean RMSE = 0.009146 (4 valid)
    Chunk 5/5: running mean RMSE = 0.011021 (5 valid)
  => Mean RMSE (omega): 0.011021 (5/5 chunks succeeded)

============================================================
Combo 38/60: {'model': 'integrator', 'sigma': 10, 'degree': 2, 'tau': 0.001, 'lr': 0.0001, 'n_tau': 200, 'measurement_noise': 0.0001, 'n_reparam_samples': 50}
============================================================
    Chunk 1/5: running mean RMSE = nan (0 valid)
    Chunk 2/5: running mean RMSE = 0.002834 (1 valid)
    Chunk 3/5: running mean RMSE = 0.003913 (2 valid)
    Chunk 4/5: running mean RMSE = 0.004042 (3 valid)
    Chunk 5/5: running mean RMSE = 0.003548 (4 valid)
  => Mean RMSE (omega): 0.003548 (4/5 chunks succeeded)

============================================================
Combo 39/60: {'model': 'integrator', 'sigma': 10, 'degree': 2, 'tau': 1e-05, 'lr': 0.1, 'n_tau': 50, 'measurement_noise': 0.001, 'n_reparam_samples': 15}
============================================================
    Chunk 1/5: running mean RMSE = 0.001841 (1 valid)
    Chunk 2/5: running mean RMSE = 0.001784 (2 valid)
    Chunk 3/5: running mean RMSE = 0.001465 (3 valid)
    Chunk 4/5: running mean RMSE = 0.001465 (3 valid)
    Chunk 5/5: running mean RMSE = 0.001267 (4 valid)
  => Mean RMSE (omega): 0.001267 (4/5 chunks succeeded)

============================================================
Combo 40/60: {'model': 'integrator', 'sigma': 0, 'degree': 2, 'tau': 0.001, 'lr': 0.0001, 'n_tau': 200, 'measurement_noise': 0.001, 'n_reparam_samples': 50}
============================================================
    Chunk 1/5: running mean RMSE = 0.030095 (1 valid)
    Chunk 2/5: running mean RMSE = 0.024121 (2 valid)
    Chunk 3/5: running mean RMSE = 0.024121 (2 valid)
    Chunk 4/5: running mean RMSE = 0.025741 (3 valid)
    Chunk 5/5: running mean RMSE = 0.025707 (4 valid)
  => Mean RMSE (omega): 0.025707 (4/5 chunks succeeded)

============================================================
Combo 41/60: {'model': 'integrator', 'sigma': 0, 'degree': 2, 'tau': 0.5, 'lr': 0.1, 'n_tau': 100, 'measurement_noise': 0.0001, 'n_reparam_samples': 50}
============================================================
    Chunk 1/5: running mean RMSE = 0.005099 (1 valid)
    Chunk 2/5: running mean RMSE = 0.004835 (2 valid)
    Chunk 3/5: running mean RMSE = 0.004580 (3 valid)
    Chunk 4/5: running mean RMSE = 0.008293 (4 valid)
    Chunk 5/5: running mean RMSE = 0.010336 (5 valid)
  => Mean RMSE (omega): 0.010336 (5/5 chunks succeeded)

============================================================
Combo 42/60: {'model': 'integrator', 'sigma': 10, 'degree': 3, 'tau': 0.001, 'lr': 0.01, 'n_tau': 100, 'measurement_noise': 0.0001, 'n_reparam_samples': 15}
============================================================
    Chunk 1/5: running mean RMSE = nan (0 valid)
    Chunk 2/5: running mean RMSE = 0.000679 (1 valid)
    Chunk 3/5: running mean RMSE = 0.000445 (2 valid)
    Chunk 4/5: running mean RMSE = 0.000512 (3 valid)
    Chunk 5/5: running mean RMSE = 0.000480 (4 valid)
  => Mean RMSE (omega): 0.000480 (4/5 chunks succeeded)

============================================================
Combo 43/60: {'model': 'integrator', 'sigma': 0, 'degree': 3, 'tau': 0.1, 'lr': 0.1, 'n_tau': 100, 'measurement_noise': 0.001, 'n_reparam_samples': 50}
============================================================
    Chunk 1/5: running mean RMSE = 0.005811 (1 valid)
    Chunk 2/5: running mean RMSE = 0.028712 (2 valid)
    Chunk 3/5: running mean RMSE = 0.021520 (3 valid)
    Chunk 4/5: running mean RMSE = 0.051307 (4 valid)
    Chunk 5/5: running mean RMSE = 0.044777 (5 valid)
  => Mean RMSE (omega): 0.044777 (5/5 chunks succeeded)

============================================================
Combo 44/60: {'model': 'integrator', 'sigma': 0, 'degree': 3, 'tau': 0.001, 'lr': 0.001, 'n_tau': 200, 'measurement_noise': 0.001, 'n_reparam_samples': 30}
============================================================
    Chunk 1/5: running mean RMSE = 0.005942 (1 valid)
    Chunk 2/5: running mean RMSE = 0.009657 (2 valid)
    Chunk 3/5: running mean RMSE = 0.009905 (3 valid)
    Chunk 4/5: running mean RMSE = 0.011624 (4 valid)
    Chunk 5/5: running mean RMSE = 0.014546 (5 valid)
  => Mean RMSE (omega): 0.014546 (5/5 chunks succeeded)

============================================================
Combo 45/60: {'model': 'integrator', 'sigma': 5, 'degree': 2, 'tau': 0.01, 'lr': 0.01, 'n_tau': 50, 'measurement_noise': 0.001, 'n_reparam_samples': 30}
============================================================
    Chunk 1/5: running mean RMSE = 0.001196 (1 valid)
    Chunk 2/5: running mean RMSE = 0.001193 (2 valid)
    Chunk 3/5: running mean RMSE = 0.001092 (3 valid)
    Chunk 4/5: running mean RMSE = 0.001202 (4 valid)
    Chunk 5/5: running mean RMSE = 0.001213 (5 valid)
  => Mean RMSE (omega): 0.001213 (5/5 chunks succeeded)

============================================================
Combo 46/60: {'model': 'integrator', 'sigma': 5, 'degree': 3, 'tau': 1e-05, 'lr': 0.001, 'n_tau': 100, 'measurement_noise': 1e-05, 'n_reparam_samples': 15}
============================================================
    Chunk 1/5: running mean RMSE = 0.000472 (1 valid)
    Chunk 2/5: running mean RMSE = 0.000575 (2 valid)
    Chunk 3/5: running mean RMSE = 0.000502 (3 valid)
    Chunk 4/5: running mean RMSE = 0.000502 (3 valid)
    Chunk 5/5: running mean RMSE = 0.000528 (4 valid)
  => Mean RMSE (omega): 0.000528 (4/5 chunks succeeded)

============================================================
Combo 47/60: {'model': 'integrator', 'sigma': 0, 'degree': 2, 'tau': 0.1, 'lr': 0.01, 'n_tau': 100, 'measurement_noise': 0.0001, 'n_reparam_samples': 15}
============================================================
    Chunk 1/5: running mean RMSE = 0.004503 (1 valid)
    Chunk 2/5: running mean RMSE = 0.004353 (2 valid)
    Chunk 3/5: running mean RMSE = 0.004192 (3 valid)
    Chunk 4/5: running mean RMSE = 0.007946 (4 valid)
    Chunk 5/5: running mean RMSE = 0.010056 (5 valid)
  => Mean RMSE (omega): 0.010056 (5/5 chunks succeeded)

============================================================
Combo 48/60: {'model': 'integrator', 'sigma': 10, 'degree': 3, 'tau': 0.1, 'lr': 1e-05, 'n_tau': 200, 'measurement_noise': 0.0001, 'n_reparam_samples': 15}
============================================================
    Chunk 1/5: running mean RMSE = 0.071720 (1 valid)
    Chunk 2/5: running mean RMSE = 0.058668 (2 valid)
    Chunk 3/5: running mean RMSE = 0.058316 (3 valid)
    Chunk 4/5: running mean RMSE = 0.064610 (4 valid)
    Chunk 5/5: running mean RMSE = 0.063971 (5 valid)
  => Mean RMSE (omega): 0.063971 (5/5 chunks succeeded)

============================================================
Combo 49/60: {'model': 'integrator', 'sigma': 10, 'degree': 2, 'tau': 0.001, 'lr': 0.1, 'n_tau': 200, 'measurement_noise': 1e-05, 'n_reparam_samples': 50}
============================================================
    Chunk 1/5: running mean RMSE = 0.001637 (1 valid)
    Chunk 2/5: running mean RMSE = 0.001433 (2 valid)
    Chunk 3/5: running mean RMSE = 0.002277 (3 valid)
    Chunk 4/5: running mean RMSE = 0.002719 (4 valid)
    Chunk 5/5: running mean RMSE = 0.003076 (5 valid)
  => Mean RMSE (omega): 0.003076 (5/5 chunks succeeded)

============================================================
Combo 50/60: {'model': 'integrator', 'sigma': 5, 'degree': 2, 'tau': 0.1, 'lr': 1e-05, 'n_tau': 200, 'measurement_noise': 0.001, 'n_reparam_samples': 50}
============================================================
    Chunk 1/5: running mean RMSE = 0.066656 (1 valid)
    Chunk 2/5: running mean RMSE = 0.062388 (2 valid)
    Chunk 3/5: running mean RMSE = 0.060109 (3 valid)
    Chunk 4/5: running mean RMSE = 0.058299 (4 valid)
    Chunk 5/5: running mean RMSE = 0.063926 (5 valid)
  => Mean RMSE (omega): 0.063926 (5/5 chunks succeeded)

============================================================
Combo 51/60: {'model': 'integrator', 'sigma': 5, 'degree': 3, 'tau': 1e-05, 'lr': 0.1, 'n_tau': 50, 'measurement_noise': 0.001, 'n_reparam_samples': 30}
============================================================
    Chunk 1/5: running mean RMSE = nan (0 valid)
    Chunk 2/5: running mean RMSE = 0.001794 (1 valid)
    Chunk 3/5: running mean RMSE = 0.001575 (2 valid)
    Chunk 4/5: running mean RMSE = 0.001575 (2 valid)
    Chunk 5/5: running mean RMSE = 0.001499 (3 valid)
  => Mean RMSE (omega): 0.001499 (3/5 chunks succeeded)

============================================================
Combo 52/60: {'model': 'integrator', 'sigma': 5, 'degree': 3, 'tau': 1e-05, 'lr': 0.0001, 'n_tau': 200, 'measurement_noise': 0.001, 'n_reparam_samples': 15}
============================================================
    Chunk 1/5: running mean RMSE = 0.017846 (1 valid)
    Chunk 2/5: running mean RMSE = 0.012947 (2 valid)
    Chunk 3/5: running mean RMSE = 0.009588 (3 valid)
    Chunk 4/5: running mean RMSE = 0.010351 (4 valid)
    Chunk 5/5: running mean RMSE = 0.009772 (5 valid)
  => Mean RMSE (omega): 0.009772 (5/5 chunks succeeded)

============================================================
Combo 53/60: {'model': 'integrator', 'sigma': 5, 'degree': 2, 'tau': 0.001, 'lr': 0.001, 'n_tau': 200, 'measurement_noise': 0.001, 'n_reparam_samples': 15}
============================================================
    Chunk 1/5: running mean RMSE = 0.001648 (1 valid)
    Chunk 2/5: running mean RMSE = 0.001595 (2 valid)
    Chunk 3/5: running mean RMSE = 0.001404 (3 valid)
    Chunk 4/5: running mean RMSE = 0.001379 (4 valid)
    Chunk 5/5: running mean RMSE = 0.002486 (5 valid)
  => Mean RMSE (omega): 0.002486 (5/5 chunks succeeded)

============================================================
Combo 54/60: {'model': 'integrator', 'sigma': 10, 'degree': 2, 'tau': 1e-05, 'lr': 0.01, 'n_tau': 100, 'measurement_noise': 0.001, 'n_reparam_samples': 30}
============================================================
    Chunk 1/5: running mean RMSE = 0.000564 (1 valid)
    Chunk 2/5: running mean RMSE = 0.000556 (2 valid)
    Chunk 3/5: running mean RMSE = 0.000463 (3 valid)
    Chunk 4/5: running mean RMSE = 0.000463 (3 valid)
    Chunk 5/5: running mean RMSE = 0.000470 (4 valid)
  => Mean RMSE (omega): 0.000470 (4/5 chunks succeeded)

============================================================
Combo 55/60: {'model': 'integrator', 'sigma': 0, 'degree': 2, 'tau': 0.1, 'lr': 0.0001, 'n_tau': 200, 'measurement_noise': 0.001, 'n_reparam_samples': 15}
============================================================
    Chunk 1/5: running mean RMSE = 0.027847 (1 valid)
    Chunk 2/5: running mean RMSE = 0.024209 (2 valid)
    Chunk 3/5: running mean RMSE = 0.021719 (3 valid)
    Chunk 4/5: running mean RMSE = 0.023336 (4 valid)
    Chunk 5/5: running mean RMSE = 0.023551 (5 valid)
  => Mean RMSE (omega): 0.023551 (5/5 chunks succeeded)

============================================================
Combo 56/60: {'model': 'integrator', 'sigma': 0, 'degree': 2, 'tau': 0.5, 'lr': 1e-05, 'n_tau': 50, 'measurement_noise': 0.001, 'n_reparam_samples': 30}
============================================================
    Chunk 1/5: running mean RMSE = 0.058442 (1 valid)
    Chunk 2/5: running mean RMSE = 0.062224 (2 valid)
    Chunk 3/5: running mean RMSE = 0.065873 (3 valid)
    Chunk 4/5: running mean RMSE = 0.073215 (4 valid)
    Chunk 5/5: running mean RMSE = 0.075207 (5 valid)
  => Mean RMSE (omega): 0.075207 (5/5 chunks succeeded)

============================================================
Combo 57/60: {'model': 'integrator', 'sigma': 0, 'degree': 3, 'tau': 0.001, 'lr': 0.1, 'n_tau': 200, 'measurement_noise': 0.0001, 'n_reparam_samples': 50}
============================================================
    Chunk 1/5: running mean RMSE = 0.004798 (1 valid)
    Chunk 2/5: running mean RMSE = 0.004798 (1 valid)
    Chunk 3/5: running mean RMSE = 1.354846 (2 valid)
    Chunk 4/5: running mean RMSE = 0.914963 (3 valid)
    Chunk 5/5: running mean RMSE = 0.914963 (3 valid)
  => Mean RMSE (omega): 0.914963 (3/5 chunks succeeded)

============================================================
Combo 58/60: {'model': 'integrator', 'sigma': 5, 'degree': 3, 'tau': 1e-05, 'lr': 0.01, 'n_tau': 50, 'measurement_noise': 0.001, 'n_reparam_samples': 30}
============================================================
    Chunk 1/5: running mean RMSE = 0.001392 (1 valid)
    Chunk 2/5: running mean RMSE = 0.001182 (2 valid)
    Chunk 3/5: running mean RMSE = 0.001098 (3 valid)
    Chunk 4/5: running mean RMSE = 0.001070 (4 valid)
    Chunk 5/5: running mean RMSE = 0.001742 (5 valid)
  => Mean RMSE (omega): 0.001742 (5/5 chunks succeeded)

============================================================
Combo 59/60: {'model': 'integrator', 'sigma': 0, 'degree': 2, 'tau': 0.01, 'lr': 0.001, 'n_tau': 100, 'measurement_noise': 1e-05, 'n_reparam_samples': 30}
============================================================
    Chunk 1/5: running mean RMSE = nan (0 valid)
    Chunk 2/5: running mean RMSE = 0.004138 (1 valid)
    Chunk 3/5: running mean RMSE = 0.004017 (2 valid)
    Chunk 4/5: running mean RMSE = 0.009126 (3 valid)
    Chunk 5/5: running mean RMSE = 0.011466 (4 valid)
  => Mean RMSE (omega): 0.011466 (4/5 chunks succeeded)

============================================================
Combo 60/60: {'model': 'integrator', 'sigma': 0, 'degree': 3, 'tau': 0.5, 'lr': 0.01, 'n_tau': 100, 'measurement_noise': 1e-05, 'n_reparam_samples': 15}
============================================================
    Chunk 1/5: running mean RMSE = 0.004268 (1 valid)
    Chunk 2/5: running mean RMSE = 0.004268 (1 valid)
    Chunk 3/5: running mean RMSE = 0.004078 (2 valid)
    Chunk 4/5: running mean RMSE = 0.009123 (3 valid)
    Chunk 5/5: running mean RMSE = 0.011465 (4 valid)
  => Mean RMSE (omega): 0.011465 (4/5 chunks succeeded)

============================================================
RANDOMIZED SEARCH COMPLETE
============================================================
Results saved to: /pfs/data6/home/ka/ka_iai/ka_bj2362/dsr/svise/results_hp_tuning/hp_tuning_20260303_020514.csv

Best combination (combo #24):
  model: integrator
  sigma: 10
  degree: 3
  tau: 0.5
  lr: 0.001
  n_tau: 100
  measurement_noise: 1e-05
  n_reparam_samples: 30
  Mean RMSE (omega): 0.000333
Best hyperparams saved to: /pfs/data6/home/ka/ka_iai/ka_bj2362/dsr/svise/results_hp_tuning/best_hyperparams_20260303_020514.json
============================================================

============================= JOB FEEDBACK =============================

NodeName=uc3n010
Job ID: 3362334
Cluster: uc3
User/Group: ka_bj2362/ka_iai
State: COMPLETED (exit code 0)
Nodes: 1
Cores per node: 16
CPU Utilized: 09:28:06
CPU Efficiency: 6.20% of 6-08:39:12 core-walltime
Job Wall-clock time: 09:32:27
Memory Utilized: 531.25 MB
Memory Efficiency: 0.81% of 64.00 GB (64.00 GB/node)
