Configuration:
{
  "model": "integrator",
  "sigma": 5.0,
  "degree": 2,
  "lr": 0.001,
  "tau": 1e-05,
  "epochs": 10000,
  "chunk": 5
}
Loading data from /pfs/data6/home/ka/ka_iai/ka_bj2362/dsr/svise/../dataset/Frequency_data_SK.pkl...
Filtering for valid 5-minute chunks...
Found 31760 valid 5-minute chunks. Using chunk 5.
Enforcing scaling constraints for Integrator model...
Adjusted Means: tensor([-4.2346,  0.0000]), Stds: tensor([0.0873, 0.0873])
Data Scaled. Means: tensor([-4.2346,  0.0000]), Stds: tensor([0.0873, 0.0873])
Initializing integrator...
/pfs/data6/home/ka/ka_iai/ka_bj2362/dsr/svise/svise/sde_learning/_marginal_sde.py:284: UserWarning: torch.triangular_solve is deprecated in favor of torch.linalg.solve_triangularand will be removed in a future PyTorch release.
torch.linalg.solve_triangular has its arguments reversed and does not return a copy of one of the inputs.
X = torch.triangular_solve(B, A).solution
should be replaced with
X = torch.linalg.solve_triangular(A, B). (Triggered internally at ../aten/src/ATen/native/BatchLinearAlgebra.cpp:2192.)
  return torch.triangular_solve(self.raw_w, self.C.t()).solution
Starting training for 10000 epochs...
/pfs/data6/home/ka/ka_iai/ka_bj2362/dsr/svise/svise/quadrature/_unbiased_quadrature.py:196: UserWarning: Interp is nan, reducing interp degree.
  warnings.warn("Interp is nan, reducing interp degree.")
Epoch 0: Loss = 6719790.5
/pfs/data6/home/ka/ka_iai/ka_bj2362/dsr/svise/svise/quadrature/_unbiased_quadrature.py:174: UserWarning: NaN detected in fxq (quadrature node evaluations). Clamping to 0.
  warnings.warn("NaN detected in fxq (quadrature node evaluations). Clamping to 0.")
/pfs/data6/home/ka/ka_iai/ka_bj2362/dsr/svise/svise/quadrature/_unbiased_quadrature.py:177: UserWarning: NaN detected in fmc (Monte-Carlo node evaluations). Clamping to 0.
  warnings.warn("NaN detected in fmc (Monte-Carlo node evaluations). Clamping to 0.")
Epoch 1: NaN/Inf detected! Restoring checkpoint from epoch 0. Reducing LR: 1.0e-03 -> 5.0e-04 (recovery 1/5)
Epoch 2: NaN/Inf detected! Restoring checkpoint from epoch 0. Reducing LR: 5.0e-04 -> 2.5e-04 (recovery 2/5)
Epoch 3: NaN/Inf detected! Restoring checkpoint from epoch 0. Reducing LR: 2.5e-04 -> 1.3e-04 (recovery 3/5)
Epoch 4: NaN/Inf detected! Restoring checkpoint from epoch 0. Reducing LR: 1.3e-04 -> 6.3e-05 (recovery 4/5)
Epoch 5: NaN/Inf detected! Restoring checkpoint from epoch 0. Reducing LR: 6.3e-05 -> 3.1e-05 (recovery 5/5)
Aborting training: exhausted 5 NaN recovery attempts. Model restored to last stable checkpoint (epoch 0).

Training Complete.
Learned Drift Parameters (Equation terms):
dx_0/dt = 1.00000omega
dx_1/dt = nan1 + nantheta + nanomega + nantheta^2 + nantheta omega + nanomega^2

RMSE (original units):
  Theta (phase): nan rad
  Omega (freq deviation): nan rad/s
  Combined: nan
Detailed results saved to /pfs/data6/home/ka/ka_iai/ka_bj2362/dsr/svise/results_5min/20260223_222114/model.json
Summary appended to /pfs/data6/home/ka/ka_iai/ka_bj2362/dsr/svise/experiments_log_5min.csv

============================= JOB FEEDBACK =============================

NodeName=uc3n006
Job ID: 3248958
Cluster: uc3
User/Group: ka_bj2362/ka_iai
State: COMPLETED (exit code 0)
Nodes: 1
Cores per node: 4
CPU Utilized: 00:00:12
CPU Efficiency: 8.57% of 00:02:20 core-walltime
Job Wall-clock time: 00:00:35
Memory Utilized: 287.71 MB
Memory Efficiency: 3.60% of 7.81 GB (1.95 GB/core)
