Configuration:
{
  "model": "integrator",
  "sigma": 5.0,
  "degree": 3,
  "lr": 0.0001,
  "tau": 1e-25,
  "epochs": 10000,
  "chunk": 0
}
Loading data from /pfs/data6/home/ka/ka_iai/ka_bj2362/dsr/svise/../dataset/Frequency_data_SK.pkl...
Filtering for valid 5-minute chunks...
Found 31760 valid 5-minute chunks. Using chunk 0.
Enforcing scaling constraints for Integrator model...
Adjusted Means: tensor([3.0060, 0.0000]), Stds: tensor([3.9342, 0.1311])
Data Scaled. Means: tensor([3.0060, 0.0000]), Stds: tensor([3.9342, 0.1311])
Initializing integrator...
/pfs/data6/home/ka/ka_iai/ka_bj2362/dsr/svise/svise/sde_learning/_marginal_sde.py:284: UserWarning: torch.triangular_solve is deprecated in favor of torch.linalg.solve_triangularand will be removed in a future PyTorch release.
torch.linalg.solve_triangular has its arguments reversed and does not return a copy of one of the inputs.
X = torch.triangular_solve(B, A).solution
should be replaced with
X = torch.linalg.solve_triangular(A, B). (Triggered internally at ../aten/src/ATen/native/BatchLinearAlgebra.cpp:2192.)
  return torch.triangular_solve(self.raw_w, self.C.t()).solution
Starting training for 10000 epochs...
/pfs/data6/home/ka/ka_iai/ka_bj2362/dsr/svise/svise/quadrature/_unbiased_quadrature.py:196: UserWarning: Interp is nan, reducing interp degree.
  warnings.warn("Interp is nan, reducing interp degree.")
Epoch 0: Loss = 6.131752223656546e+21
Epoch 100: Loss = 6.131752223656546e+21
Epoch 200: Loss = 6.131752223656546e+21
Epoch 300: Loss = 6.131752223656546e+21
Epoch 400: Loss = 6.131752223656546e+21
Epoch 500: Loss = 6.131752223656546e+21
Epoch 600: Loss = 6.131752223656546e+21
Epoch 700: Loss = 6.131752223656546e+21
Epoch 800: Loss = 6.131752223656546e+21
Epoch 900: Loss = 6.131752223656546e+21
Epoch 1000: Loss = 6.131752223656546e+21
Epoch 1100: Loss = 6.131752223656546e+21
Epoch 1200: Loss = 6.131752223656546e+21
/pfs/data6/home/ka/ka_iai/ka_bj2362/dsr/svise/svise/quadrature/_unbiased_quadrature.py:177: UserWarning: NaN detected in fmc (Monte-Carlo node evaluations). Clamping to 0.
  warnings.warn("NaN detected in fmc (Monte-Carlo node evaluations). Clamping to 0.")
/pfs/data6/home/ka/ka_iai/ka_bj2362/dsr/svise/svise/quadrature/_unbiased_quadrature.py:174: UserWarning: NaN detected in fxq (quadrature node evaluations). Clamping to 0.
  warnings.warn("NaN detected in fxq (quadrature node evaluations). Clamping to 0.")
Epoch 1257: NaN/Inf detected! Restoring checkpoint from epoch 1200. Reducing LR: 1.0e-04 -> 5.0e-05 (recovery 1/5)
Epoch 1300: Loss = 6.131752223656546e+21
Epoch 1357: 100 stable epochs since last NaN. Resetting recovery counter.
Epoch 1400: Loss = 6.131752223656546e+21
Epoch 1500: Loss = 6.131752223656546e+21
Epoch 1600: Loss = 6.131752223656546e+21
Epoch 1700: Loss = 6.131752223656546e+21
Epoch 1800: Loss = 6.131752223656546e+21
Epoch 1900: Loss = 6.131752223656546e+21
Epoch 2000: Loss = 6.131752223656546e+21
Epoch 2100: Loss = 6.131752223656546e+21
Epoch 2200: Loss = 6.131752223656546e+21
Epoch 2300: Loss = 6.131752223656546e+21
Epoch 2400: Loss = 6.131752223656546e+21
Epoch 2500: Loss = 6.131752223656546e+21
Epoch 2600: Loss = 6.131752223656546e+21
Epoch 2700: Loss = 6.131752223656546e+21
Epoch 2800: Loss = 6.131752223656546e+21
Epoch 2900: Loss = 6.131752223656546e+21
Epoch 3000: Loss = 6.131752223656546e+21
Epoch 3100: Loss = 6.131752223656546e+21
Epoch 3200: Loss = 6.131752223656546e+21
Epoch 3300: Loss = 6.131752223656546e+21
Epoch 3400: Loss = 6.131752223656546e+21
Epoch 3500: Loss = 6.131752223656546e+21
Epoch 3600: Loss = 6.131752223656546e+21
Epoch 3700: Loss = 6.131752223656546e+21
Epoch 3800: Loss = 6.131752223656546e+21
Epoch 3900: Loss = 6.131752223656546e+21
Epoch 4000: Loss = 6.131752223656546e+21
Epoch 4100: Loss = 6.131752223656546e+21
Epoch 4200: Loss = 6.131752223656546e+21
Epoch 4300: Loss = 6.131752223656546e+21
Epoch 4400: Loss = 6.131752223656546e+21
Epoch 4500: Loss = 6.131752223656546e+21
Epoch 4600: Loss = 6.131752223656546e+21
Epoch 4700: Loss = 6.131752223656546e+21
Epoch 4800: Loss = 6.131752223656546e+21
Epoch 4900: Loss = 6.131752223656546e+21
Epoch 5000: Loss = 6.131752223656546e+21
Epoch 5100: Loss = 6.131752223656546e+21
Epoch 5200: Loss = 6.131752223656546e+21
Epoch 5300: Loss = 6.131752223656546e+21
Epoch 5400: Loss = 6.131752223656546e+21
Epoch 5500: Loss = 6.131752223656546e+21
Epoch 5600: Loss = 6.131752223656546e+21
Epoch 5700: Loss = 6.131752223656546e+21
Epoch 5800: Loss = 6.131752223656546e+21
Epoch 5900: Loss = 6.131752223656546e+21
Epoch 6000: Loss = 6.131752223656546e+21
Epoch 6100: Loss = 6.131752223656546e+21
Epoch 6200: Loss = 6.131752223656546e+21
Epoch 6300: Loss = 6.131752223656546e+21
Epoch 6400: Loss = 6.131752223656546e+21
Epoch 6500: Loss = 6.131752223656546e+21
Epoch 6600: Loss = 6.131752223656546e+21
Epoch 6700: Loss = 6.131752223656546e+21
Epoch 6800: Loss = 6.131752223656546e+21
Epoch 6900: Loss = 6.131752223656546e+21
Epoch 7000: Loss = 6.131752223656546e+21
Epoch 7100: Loss = 6.131752223656546e+21
Epoch 7200: Loss = 6.131752223656546e+21
Epoch 7300: Loss = 6.131752223656546e+21
Epoch 7400: Loss = 6.131752223656546e+21
Epoch 7500: Loss = 6.131752223656546e+21
Epoch 7600: Loss = 6.131752223656546e+21
Epoch 7700: Loss = 6.131752223656546e+21
Epoch 7800: Loss = 6.131752223656546e+21
Epoch 7900: Loss = 6.131752223656546e+21
Epoch 8000: Loss = 6.131752223656546e+21
Epoch 8100: Loss = 6.131752223656546e+21
Epoch 8200: Loss = 6.131752223656546e+21
Epoch 8300: Loss = 6.131752223656546e+21
Epoch 8400: Loss = 6.131752223656546e+21
Epoch 8500: Loss = 6.131752223656546e+21
Epoch 8600: Loss = 6.131752223656546e+21
Epoch 8700: Loss = 6.131752223656546e+21
Epoch 8800: Loss = 6.131752223656546e+21
Epoch 8900: Loss = 6.131752223656546e+21
Epoch 9000: Loss = 6.131752223656546e+21
Epoch 9100: Loss = 6.131752223656546e+21
Epoch 9200: Loss = 6.131752223656546e+21
Epoch 9300: Loss = 6.131752223656546e+21
Epoch 9400: Loss = 6.131752223656546e+21
Epoch 9500: Loss = 6.131752223656546e+21
Epoch 9600: Loss = 6.131752223656546e+21
Epoch 9700: Loss = 6.131752223656546e+21
Epoch 9800: Loss = 6.131752223656546e+21
Epoch 9900: Loss = 6.131752223656546e+21

Training Complete.
Learned Drift Parameters (Equation terms):
dx_0/dt = 1.00000omega
dx_1/dt = 0.000001 + -0.00000theta + 0.00000omega + 0.00000theta^2 + -0.00000theta omega + -0.00000omega^2 + -0.00000theta^3 + -0.00000theta^2 omega + 0.00000theta omega^2 + 0.00000omega^3

RMSE (original units):
  Theta (phase): 8.744168 rad
  Omega (freq deviation): 0.225551 rad/s
  Combined: 6.185117
Detailed results saved to /pfs/data6/home/ka/ka_iai/ka_bj2362/dsr/svise/results_5min/20260223_224035/model.json
Summary appended to /pfs/data6/home/ka/ka_iai/ka_bj2362/dsr/svise/experiments_log_5min.csv

============================= JOB FEEDBACK =============================

NodeName=uc3n001
Job ID: 3249982
Cluster: uc3
User/Group: ka_bj2362/ka_iai
State: COMPLETED (exit code 0)
Nodes: 1
Cores per node: 4
CPU Utilized: 00:03:41
CPU Efficiency: 23.12% of 00:15:56 core-walltime
Job Wall-clock time: 00:03:59
Memory Utilized: 401.39 MB
Memory Efficiency: 5.02% of 7.81 GB (1.95 GB/core)
