Loading data from /pfs/data6/home/ka/ka_iai/ka_bj2362/dsr/svise/../dataset/Frequency_data_SK.pkl...
Filtering for valid 15-minute chunks...
/pfs/data6/home/ka/ka_iai/ka_bj2362/dsr/svise/run_analysis.py:37: FutureWarning: 'T' is deprecated and will be removed in a future version, please use 'min' instead.
  chunk_groups = data_filtered.groupby(data_filtered.index.floor('15T'))
Found 10543 valid chunks. Using the first one.
Data Scaled. Means: tensor([-1.1127,  0.0016]), Stds: tensor([1.0855, 0.0122])
Initializing SparsePolynomialSDE...
/pfs/data6/home/ka/ka_iai/ka_bj2362/dsr/svise/svise/sde_learning/_marginal_sde.py:284: UserWarning: torch.triangular_solve is deprecated in favor of torch.linalg.solve_triangularand will be removed in a future PyTorch release.
torch.linalg.solve_triangular has its arguments reversed and does not return a copy of one of the inputs.
X = torch.triangular_solve(B, A).solution
should be replaced with
X = torch.linalg.solve_triangular(A, B). (Triggered internally at ../aten/src/ATen/native/BatchLinearAlgebra.cpp:2192.)
  return torch.triangular_solve(self.raw_w, self.C.t()).solution
Starting training for 1000 epochs...
/pfs/data6/home/ka/ka_iai/ka_bj2362/dsr/svise/svise/quadrature/_unbiased_quadrature.py:178: UserWarning: Interp is nan, reducing interp degree.
  warnings.warn("Interp is nan, reducing interp degree.")
Epoch 0: Loss = 1189.901123046875
Traceback (most recent call last):
  File "/pfs/data6/home/ka/ka_iai/ka_bj2362/dsr/svise/run_analysis.py", line 173, in <module>
    main()
  File "/pfs/data6/home/ka/ka_iai/ka_bj2362/dsr/svise/run_analysis.py", line 153, in main
    loss = -model.elbo(train_t, train_x_scaled, beta=1.0, N=len(train_t))
  File "/pfs/data6/home/ka/ka_iai/ka_bj2362/dsr/svise/svise/sde_learning/_sde_learner.py", line 298, in elbo
    return super().elbo(t, x, beta, N, print_loss=print_loss)
  File "/pfs/data6/home/ka/ka_iai/ka_bj2362/dsr/svise/svise/sde_learning/_sde_learner.py", line 126, in elbo
    residual_loss = self.quad_scheme(self.residual_loss)
  File "/pfs/data6/home/ka/ka_iai/ka_bj2362/dsr/.venv_svise/lib64/python3.9/site-packages/torch/nn/modules/module.py", line 1511, in _wrapped_call_impl
    return self._call_impl(*args, **kwargs)
  File "/pfs/data6/home/ka/ka_iai/ka_bj2362/dsr/.venv_svise/lib64/python3.9/site-packages/torch/nn/modules/module.py", line 1520, in _call_impl
    return forward_call(*args, **kwargs)
  File "/pfs/data6/home/ka/ka_iai/ka_bj2362/dsr/svise/svise/quadrature/_unbiased_quadrature.py", line 180, in forward
    interp = BarycentricInterpolate(self.xq[::divisor], fxq[::divisor])
  File "/pfs/data6/home/ka/ka_iai/ka_bj2362/dsr/svise/svise/quadrature/_barycentric_interp.py", line 24, in __init__
    self.wi[0] = 1
IndexError: index 0 is out of bounds for dimension 0 with size 0

============================= JOB FEEDBACK =============================

NodeName=uc3n001
Job ID: 2876124
Cluster: uc3
User/Group: ka_bj2362/ka_iai
State: FAILED (exit code 1)
Nodes: 1
Cores per node: 4
CPU Utilized: 00:00:06
CPU Efficiency: 4.69% of 00:02:08 core-walltime
Job Wall-clock time: 00:00:32
Memory Utilized: 424.75 MB
Memory Efficiency: 5.31% of 7.81 GB (1.95 GB/core)
