Configuration:
{
  "model": "integrator",
  "sigma": 5.0,
  "degree": 2,
  "lr": 0.001,
  "tau": 1e-10,
  "epochs": 30000
}
Loading data from /pfs/data6/home/ka/ka_iai/ka_bj2362/dsr/svise/../dataset/Frequency_data_SK.pkl...
Filtering for valid 15-minute chunks...
/pfs/data6/home/ka/ka_iai/ka_bj2362/dsr/svise/run_analysis.py:42: FutureWarning: 'T' is deprecated and will be removed in a future version, please use 'min' instead.
  chunk_groups = data_filtered.groupby(data_filtered.index.floor('15T'))
Found 10543 valid chunks. Using the first one.
Enforcing scaling constraints for Integrator model...
Adjusted Means: tensor([-6.9911,  0.0000]), Stds: tensor([6.8712, 0.0763])
Data Scaled. Means: tensor([-6.9911,  0.0000]), Stds: tensor([6.8712, 0.0763])
Initializing integrator...
/pfs/data6/home/ka/ka_iai/ka_bj2362/dsr/svise/svise/sde_learning/_marginal_sde.py:284: UserWarning: torch.triangular_solve is deprecated in favor of torch.linalg.solve_triangularand will be removed in a future PyTorch release.
torch.linalg.solve_triangular has its arguments reversed and does not return a copy of one of the inputs.
X = torch.triangular_solve(B, A).solution
should be replaced with
X = torch.linalg.solve_triangular(A, B). (Triggered internally at ../aten/src/ATen/native/BatchLinearAlgebra.cpp:2192.)
  return torch.triangular_solve(self.raw_w, self.C.t()).solution
Starting training for 30000 epochs...
/pfs/data6/home/ka/ka_iai/ka_bj2362/dsr/svise/svise/quadrature/_unbiased_quadrature.py:196: UserWarning: Interp is nan, reducing interp degree.
  warnings.warn("Interp is nan, reducing interp degree.")
Epoch 0: Loss = 2070552.25
Epoch 100: Loss = 1866769.625
Epoch 200: Loss = 1685705.75
Epoch 300: Loss = 1523044.25
Epoch 400: Loss = 1376455.875
Epoch 500: Loss = 1244234.625
Epoch 600: Loss = 1125134.375
Epoch 700: Loss = 1017903.5625
Epoch 800: Loss = 921132.5625
Epoch 900: Loss = 833640.0
Epoch 1000: Loss = 754496.5625
Epoch 1100: Loss = 682894.125
Epoch 1200: Loss = 618106.5
Epoch 1300: Loss = 559480.125
Epoch 1400: Loss = 506424.59375
Epoch 1500: Loss = 458406.5625
Epoch 1600: Loss = 414943.9375
Epoch 1700: Loss = 375598.90625
Epoch 1800: Loss = 339968.40625
Epoch 1900: Loss = 307682.9375
Epoch 2000: Loss = 278431.40625
Epoch 2100: Loss = 251958.796875
Epoch 2200: Loss = 228015.578125
Epoch 2300: Loss = 206359.890625
Epoch 2400: Loss = 186767.71875
Epoch 2500: Loss = 169033.359375
Epoch 2600: Loss = 152964.75
Epoch 2700: Loss = 138394.59375
Epoch 2800: Loss = 125222.4921875
Epoch 2900: Loss = 113331.5234375
Epoch 3000: Loss = 102583.6796875
Epoch 3100: Loss = 92861.9140625
Epoch 3200: Loss = 84064.1953125
Epoch 3300: Loss = 76100.8984375
Epoch 3400: Loss = 68890.0625
Epoch 3500: Loss = 62358.328125
Epoch 3600: Loss = 56439.11328125
Epoch 3700: Loss = 51072.97265625
Epoch 3800: Loss = 46207.4765625
Epoch 3900: Loss = 41797.875
Epoch 4000: Loss = 37804.1171875
Epoch 4100: Loss = 34189.47265625
Epoch 4200: Loss = 30925.125
Epoch 4300: Loss = 27980.005859375
Epoch 4400: Loss = 25322.900390625
Epoch 4500: Loss = 22923.62890625
Epoch 4600: Loss = 20757.330078125
Epoch 4700: Loss = 18798.806640625
Epoch 4800: Loss = 17027.76953125
Epoch 4900: Loss = 15425.1865234375
Epoch 5000: Loss = 13975.455078125
Epoch 5100: Loss = 12663.380859375
Epoch 5200: Loss = 11475.9091796875
Epoch 5300: Loss = 10400.9765625
Epoch 5400: Loss = 9428.560546875
Epoch 5500: Loss = 8547.7685546875
Epoch 5600: Loss = 7750.43212890625
Epoch 5700: Loss = 7029.623046875
Epoch 5800: Loss = 6378.248046875
Epoch 5900: Loss = 5788.5439453125
Epoch 6000: Loss = 5254.61767578125
Epoch 6100: Loss = 4772.38134765625
Epoch 6200: Loss = 4335.5537109375
Epoch 6300: Loss = 3940.633544921875
Epoch 6400: Loss = 3582.724853515625
Epoch 6500: Loss = 3258.793701171875
Epoch 6600: Loss = 2965.947998046875
Epoch 6700: Loss = 2701.139404296875
Epoch 6800: Loss = 2461.030029296875
Epoch 6900: Loss = 2243.689697265625
Epoch 7000: Loss = 2047.21875
Epoch 7100: Loss = 1869.9830322265625
Epoch 7200: Loss = 1708.6439208984375
Epoch 7300: Loss = 1563.473876953125
Epoch 7400: Loss = 1431.7210693359375
Epoch 7500: Loss = 1312.2021484375
Epoch 7600: Loss = 1204.126708984375
Epoch 7700: Loss = 1106.601318359375
Epoch 7800: Loss = 1018.294921875
Epoch 7900: Loss = 938.5060424804688
Epoch 8000: Loss = 865.765380859375
Epoch 8100: Loss = 800.32958984375
Epoch 8200: Loss = 740.8112182617188
Epoch 8300: Loss = 687.37548828125
Epoch 8400: Loss = 638.7716064453125
Epoch 8500: Loss = 594.489501953125
Epoch 8600: Loss = 554.6565551757812
/pfs/data6/home/ka/ka_iai/ka_bj2362/dsr/svise/svise/quadrature/_unbiased_quadrature.py:174: UserWarning: NaN detected in fxq (quadrature node evaluations). Clamping to 0.
  warnings.warn("NaN detected in fxq (quadrature node evaluations). Clamping to 0.")
/pfs/data6/home/ka/ka_iai/ka_bj2362/dsr/svise/svise/quadrature/_unbiased_quadrature.py:177: UserWarning: NaN detected in fmc (Monte-Carlo node evaluations). Clamping to 0.
  warnings.warn("NaN detected in fmc (Monte-Carlo node evaluations). Clamping to 0.")
Epoch 8700: NaN/Inf detected! Restoring checkpoint from epoch 8600. Reducing LR: 1.0e-03 -> 5.0e-04 (recovery 1/5)
Epoch 8800: 100 stable epochs since last NaN. Resetting recovery counter.
Epoch 8800: Loss = 535.9170532226562
Epoch 8900: Loss = 518.9473266601562
Epoch 9000: Loss = 502.030029296875
Epoch 9100: Loss = 485.77471923828125
Epoch 9200: Loss = 470.44927978515625
Epoch 9300: Loss = 456.4173278808594
Epoch 9400: Loss = 442.42803955078125
Epoch 9500: Loss = 429.1103820800781
Epoch 9600: Loss = 416.8756103515625
Epoch 9700: Loss = 404.9515075683594
Epoch 9800: Loss = 393.6587219238281
Epoch 9900: Loss = 383.0318908691406
Epoch 10000: Loss = 372.5542297363281
Epoch 10100: Loss = 362.96014404296875
Epoch 10200: Loss = 353.1325378417969
Epoch 10300: Loss = 344.4176940917969
Epoch 10400: Loss = 335.7242431640625
Epoch 10500: Loss = 327.8568115234375
Epoch 10600: Loss = 320.001708984375
Epoch 10700: Loss = 312.7239990234375
Epoch 10800: Loss = 306.5165100097656
Epoch 10900: Loss = 299.56488037109375
Epoch 11000: Loss = 293.2216796875
Epoch 11100: Loss = 287.3114013671875
Epoch 11200: Loss = 281.5697326660156
Epoch 11300: Loss = 276.1805419921875
Epoch 11400: Loss = 270.98931884765625
Epoch 11500: Loss = 266.27276611328125
Epoch 11600: Loss = 261.56658935546875
Epoch 11700: Loss = 257.60247802734375
Epoch 11800: Loss = 253.36178588867188
Epoch 11900: Loss = 249.37513732910156
Epoch 12000: Loss = 245.72314453125
Epoch 12100: Loss = 242.1063232421875
Epoch 12200: Loss = 239.04129028320312
Epoch 12300: Loss = 236.00997924804688
Epoch 12400: Loss = 233.1930694580078
Epoch 12500: Loss = 230.365234375
Epoch 12600: Loss = 227.69740295410156
Epoch 12700: Loss = 225.25555419921875
Epoch 12800: Loss = 222.9174346923828
Epoch 12900: Loss = 220.5552978515625
Epoch 13000: Loss = 218.61599731445312
Epoch 13100: Loss = 216.26614379882812
Epoch 13200: Loss = 215.06072998046875
Epoch 13300: Loss = 212.97750854492188
Epoch 13400: Loss = 211.23809814453125
Epoch 13500: Loss = 209.5179443359375
Epoch 13600: Loss = 208.03997802734375
Epoch 13700: Loss = 206.6771697998047
Epoch 13800: Loss = 205.39120483398438
Epoch 13900: Loss = 204.05215454101562
Epoch 14000: Loss = 202.75888061523438
Epoch 14100: Loss = 201.4114227294922
Epoch 14200: Loss = 200.08253479003906
Epoch 14300: Loss = 199.36973571777344
Epoch 14400: Loss = 197.87088012695312
Epoch 14500: Loss = 197.10682678222656
Epoch 14600: Loss = 195.7409210205078
Epoch 14700: Loss = 194.97744750976562
Epoch 14800: Loss = 193.75852966308594
Epoch 14900: Loss = 193.1264190673828
Epoch 15000: Loss = 192.1900634765625
Epoch 15100: Loss = 191.23382568359375
Epoch 15200: Loss = 190.4201202392578
Epoch 15300: Loss = 189.5155487060547
Epoch 15400: Loss = 188.68460083007812
Epoch 15500: Loss = 188.10357666015625
Epoch 15600: Loss = 187.39337158203125
Epoch 15700: Loss = 186.6964569091797
Epoch 15800: Loss = 185.97528076171875
Epoch 15900: Loss = 184.95155334472656
Epoch 16000: Loss = 184.5788116455078
Epoch 16100: Loss = 183.97157287597656
Epoch 16200: Loss = 183.48521423339844
Epoch 16300: Loss = 182.88897705078125
Epoch 16400: Loss = 182.1986846923828
Epoch 16500: Loss = 181.5558624267578
Epoch 16600: Loss = 181.13441467285156
Epoch 16700: Loss = 180.6993865966797
Epoch 16800: Loss = 180.25332641601562
Epoch 16900: Loss = 179.4243621826172
Epoch 17000: Loss = 179.25271606445312
Epoch 17016: NaN/Inf detected! Restoring checkpoint from epoch 17000. Reducing LR: 5.0e-04 -> 2.5e-04 (recovery 1/5)
Epoch 17100: Loss = 178.5126190185547
Epoch 17116: 100 stable epochs since last NaN. Resetting recovery counter.
Epoch 17200: Loss = 177.925537109375
Epoch 17300: Loss = 177.48574829101562
Epoch 17400: Loss = 177.15948486328125
Epoch 17500: Loss = 176.7723846435547
Epoch 17600: Loss = 176.17739868164062
Epoch 17700: Loss = 176.04954528808594
Epoch 17800: Loss = 175.34886169433594
Epoch 17900: Loss = 175.1080780029297
Epoch 18000: Loss = 174.9052276611328
Epoch 18100: Loss = 174.52210998535156
Epoch 18200: Loss = 174.33230590820312
Epoch 18300: Loss = 173.9259033203125
Epoch 18400: Loss = 173.60665893554688
Epoch 18500: Loss = 173.01194763183594
Epoch 18600: Loss = 172.69508361816406
Epoch 18700: Loss = 172.5808563232422
Epoch 18800: Loss = 171.99000549316406
Epoch 18900: Loss = 171.83895874023438
Epoch 19000: Loss = 171.50205993652344
Epoch 19100: Loss = 171.6055908203125
Epoch 19200: Loss = 170.8617401123047
Epoch 19300: Loss = 171.1442413330078
Epoch 19400: Loss = 170.6231689453125
Epoch 19500: Loss = 170.19068908691406
Epoch 19600: Loss = 170.2600555419922
Epoch 19700: Loss = 169.8702850341797
Epoch 19800: Loss = 169.9181671142578
Epoch 19900: Loss = 169.50807189941406
Epoch 20000: Loss = 169.41957092285156
Epoch 20100: Loss = 168.9815216064453
Epoch 20200: Loss = 168.725830078125
Epoch 20300: Loss = 168.74942016601562
Epoch 20400: Loss = 168.49005126953125
Epoch 20500: Loss = 168.31198120117188
Epoch 20600: Loss = 167.9635467529297
Epoch 20700: Loss = 167.96778869628906
Epoch 20800: Loss = 167.55662536621094
Epoch 20900: Loss = 167.63119506835938
Epoch 21000: Loss = 166.99484252929688
Epoch 21100: Loss = 167.0806884765625
Epoch 21200: Loss = 166.9434051513672
Epoch 21300: Loss = 166.65078735351562
Epoch 21400: Loss = 166.5050811767578
Epoch 21500: Loss = 166.40219116210938
Epoch 21600: Loss = 165.96983337402344
Epoch 21700: Loss = 165.9532470703125
Epoch 21800: Loss = 165.8020782470703
Epoch 21900: Loss = 165.62637329101562
Epoch 22000: Loss = 165.3373565673828
Epoch 22100: Loss = 165.45498657226562
Epoch 22200: Loss = 165.33677673339844
Epoch 22300: Loss = 164.82191467285156
Epoch 22400: Loss = 164.57765197753906
Epoch 22500: Loss = 164.6795196533203
Epoch 22600: Loss = 164.65231323242188
Epoch 22700: Loss = 164.36122131347656
Epoch 22800: Loss = 164.28175354003906
Epoch 22900: Loss = 164.45245361328125
Epoch 23000: Loss = 164.10488891601562
Epoch 23100: Loss = 164.08547973632812
Epoch 23200: Loss = 163.9181365966797
Epoch 23300: Loss = 163.54910278320312
Epoch 23400: Loss = 163.7428741455078
Epoch 23500: Loss = 163.1662139892578
Epoch 23600: Loss = 163.06637573242188
Epoch 23700: Loss = 163.15025329589844
Epoch 23800: Loss = 162.9632568359375
Epoch 23900: Loss = 162.70947265625
Epoch 24000: Loss = 162.59921264648438
Epoch 24100: Loss = 162.5956268310547
Epoch 24200: Loss = 162.63278198242188
Epoch 24300: Loss = 162.1693115234375
Epoch 24400: Loss = 162.34268188476562
Epoch 24500: Loss = 161.99830627441406
Epoch 24600: Loss = 161.97621154785156
Epoch 24700: Loss = 162.39761352539062
Epoch 24800: Loss = 161.7607421875
Epoch 24900: Loss = 161.7644500732422
Epoch 25000: Loss = 161.1832733154297
Epoch 25100: Loss = 161.5147247314453
Epoch 25200: Loss = 161.14781188964844
Epoch 25300: Loss = 161.1920623779297
Epoch 25400: Loss = 161.00448608398438
Epoch 25500: Loss = 161.04042053222656
Epoch 25600: Loss = 160.7298583984375
Epoch 25700: Loss = 160.76943969726562
Epoch 25800: Loss = 161.1304931640625
Epoch 25900: Loss = 160.51878356933594
Epoch 26000: Loss = 160.37985229492188
Epoch 26100: Loss = 160.30819702148438
Epoch 26200: Loss = 160.59103393554688
Epoch 26300: Loss = 160.6099853515625
Epoch 26400: Loss = 160.19679260253906
Epoch 26500: Loss = 160.4594268798828
Epoch 26600: Loss = 160.01296997070312
Epoch 26700: Loss = 159.7748565673828
Epoch 26800: Loss = 159.79823303222656
Epoch 26900: Loss = 159.8646240234375
Epoch 27000: Loss = 160.0166778564453
Epoch 27100: Loss = 159.94387817382812
Epoch 27200: Loss = 159.86717224121094
Epoch 27300: Loss = 159.21730041503906
Epoch 27400: Loss = 159.63597106933594
Epoch 27500: Loss = 159.2552947998047
Epoch 27600: Loss = 159.47979736328125
Epoch 27700: Loss = 159.4473114013672
Epoch 27800: Loss = 158.9468536376953
Epoch 27900: Loss = 158.99256896972656
Epoch 28000: Loss = 158.97433471679688
Epoch 28100: Loss = 158.61834716796875
Epoch 28200: Loss = 158.73133850097656
Epoch 28300: Loss = 158.59915161132812
Epoch 28400: Loss = 158.19317626953125
Epoch 28500: Loss = 158.24508666992188
Epoch 28600: Loss = 158.69317626953125
Epoch 28700: Loss = 158.20846557617188
Epoch 28800: Loss = 158.45797729492188
Epoch 28900: Loss = 158.212890625
Epoch 29000: Loss = 158.23300170898438
Epoch 29100: Loss = 158.35781860351562
Epoch 29200: Loss = 158.058349609375
Epoch 29300: Loss = 158.26739501953125
Epoch 29400: Loss = 157.99655151367188
Epoch 29500: Loss = 157.843505859375
Epoch 29600: Loss = 157.7919464111328
Epoch 29700: Loss = 157.91436767578125
Epoch 29800: Loss = 157.4043731689453
Epoch 29900: Loss = 157.9375457763672

Training Complete.
Learned Drift Parameters (Equation terms):
dx_0/dt = 1.00000omega
dx_1/dt = -0.000011 + 0.00000theta + -0.00000omega + -0.00000theta^2 + 0.00001theta omega + -0.00001omega^2

RMSE (original units):
  Theta (phase): 0.104499 rad
  Omega (freq deviation): 0.013598 rad/s
  Combined: 0.074515
Detailed results saved to /pfs/data6/home/ka/ka_iai/ka_bj2362/dsr/svise/results/20260223_212506/model.json
Summary appended to /pfs/data6/home/ka/ka_iai/ka_bj2362/dsr/svise/experiments_log.csv

============================= JOB FEEDBACK =============================

NodeName=uc3n001
Job ID: 3244993
Cluster: uc3
User/Group: ka_bj2362/ka_iai
State: COMPLETED (exit code 0)
Nodes: 1
Cores per node: 4
CPU Utilized: 00:12:52
CPU Efficiency: 24.28% of 00:53:00 core-walltime
Job Wall-clock time: 00:13:15
Memory Utilized: 371.67 MB
Memory Efficiency: 4.65% of 7.81 GB (1.95 GB/core)
