Configuration:
{
  "model": "integrator",
  "sigma": 5.0,
  "degree": 2,
  "lr": 0.001,
  "tau": 1e-10,
  "epochs": 30000
}
Loading data from /pfs/data6/home/ka/ka_iai/ka_bj2362/dsr/svise/../dataset/Frequency_data_SK.pkl...
Filtering for valid 15-minute chunks...
/pfs/data6/home/ka/ka_iai/ka_bj2362/dsr/svise/run_analysis.py:42: FutureWarning: 'T' is deprecated and will be removed in a future version, please use 'min' instead.
  chunk_groups = data_filtered.groupby(data_filtered.index.floor('15T'))
Found 10543 valid chunks. Using the first one.
Enforcing scaling constraints for Integrator model...
Adjusted Means: tensor([-6.9911,  0.0000]), Stds: tensor([6.8712, 0.0763])
Data Scaled. Means: tensor([-6.9911,  0.0000]), Stds: tensor([6.8712, 0.0763])
Initializing integrator...
/pfs/data6/home/ka/ka_iai/ka_bj2362/dsr/svise/svise/sde_learning/_marginal_sde.py:284: UserWarning: torch.triangular_solve is deprecated in favor of torch.linalg.solve_triangularand will be removed in a future PyTorch release.
torch.linalg.solve_triangular has its arguments reversed and does not return a copy of one of the inputs.
X = torch.triangular_solve(B, A).solution
should be replaced with
X = torch.linalg.solve_triangular(A, B). (Triggered internally at ../aten/src/ATen/native/BatchLinearAlgebra.cpp:2192.)
  return torch.triangular_solve(self.raw_w, self.C.t()).solution
Starting training for 30000 epochs...
/pfs/data6/home/ka/ka_iai/ka_bj2362/dsr/svise/svise/quadrature/_unbiased_quadrature.py:178: UserWarning: Interp is nan, reducing interp degree.
  warnings.warn("Interp is nan, reducing interp degree.")
Epoch 0: Loss = 2061634.875
Epoch 100: Loss = 1860312.625
Epoch 200: Loss = 1680551.125
Epoch 300: Loss = 1519220.625
Epoch 400: Loss = 1374008.0
Epoch 500: Loss = 1243001.375
Epoch 600: Loss = 1124663.875
Epoch 700: Loss = 1017701.4375
Epoch 800: Loss = 920984.1875
Epoch 900: Loss = 833506.6875
Epoch 1000: Loss = 754369.875
Epoch 1100: Loss = 682769.0625
Epoch 1200: Loss = 617981.5
Epoch 1300: Loss = 559357.3125
Epoch 1400: Loss = 506310.21875
Epoch 1500: Loss = 458310.40625
Epoch 1600: Loss = 414878.28125
Epoch 1700: Loss = 375579.96875
/pfs/data6/home/ka/ka_iai/ka_bj2362/dsr/svise/svise/quadrature/_unbiased_quadrature.py:180: UserWarning: Interp degree reduction failed (array would be empty). Falling back to Iq.
  warnings.warn("Interp degree reduction failed (array would be empty). Falling back to Iq.")
Epoch 1800: Loss = nan
Epoch 1900: Loss = nan
Epoch 2000: Loss = nan
Epoch 2100: Loss = nan
Epoch 2200: Loss = nan
Epoch 2300: Loss = nan
Epoch 2400: Loss = nan
Epoch 2500: Loss = nan
Epoch 2600: Loss = nan
Epoch 2700: Loss = nan
Epoch 2800: Loss = nan
Epoch 2900: Loss = nan
Epoch 3000: Loss = nan
Epoch 3100: Loss = nan
Epoch 3200: Loss = nan
Epoch 3300: Loss = nan
Epoch 3400: Loss = nan
Epoch 3500: Loss = nan
Epoch 3600: Loss = nan
Epoch 3700: Loss = nan
Epoch 3800: Loss = nan
Epoch 3900: Loss = nan
Epoch 4000: Loss = nan
Epoch 4100: Loss = nan
Epoch 4200: Loss = nan
Epoch 4300: Loss = nan
Epoch 4400: Loss = nan
Epoch 4500: Loss = nan
Epoch 4600: Loss = nan
Epoch 4700: Loss = nan
Epoch 4800: Loss = nan
Epoch 4900: Loss = nan
Epoch 5000: Loss = nan
Epoch 5100: Loss = nan
Epoch 5200: Loss = nan
Epoch 5300: Loss = nan
Epoch 5400: Loss = nan
Epoch 5500: Loss = nan
Epoch 5600: Loss = nan
Epoch 5700: Loss = nan
Epoch 5800: Loss = nan
Epoch 5900: Loss = nan
Epoch 6000: Loss = nan
Epoch 6100: Loss = nan
Epoch 6200: Loss = nan
Epoch 6300: Loss = nan
Epoch 6400: Loss = nan
Epoch 6500: Loss = nan
Epoch 6600: Loss = nan
Epoch 6700: Loss = nan
Epoch 6800: Loss = nan
Epoch 6900: Loss = nan
Epoch 7000: Loss = nan
Epoch 7100: Loss = nan
Epoch 7200: Loss = nan
Epoch 7300: Loss = nan
Epoch 7400: Loss = nan
Epoch 7500: Loss = nan
Epoch 7600: Loss = nan
Epoch 7700: Loss = nan
Epoch 7800: Loss = nan
Epoch 7900: Loss = nan
Epoch 8000: Loss = nan
Epoch 8100: Loss = nan
Epoch 8200: Loss = nan
Epoch 8300: Loss = nan
Epoch 8400: Loss = nan
Epoch 8500: Loss = nan
Epoch 8600: Loss = nan
Epoch 8700: Loss = nan
Epoch 8800: Loss = nan
Epoch 8900: Loss = nan
Epoch 9000: Loss = nan
Epoch 9100: Loss = nan
Epoch 9200: Loss = nan
Epoch 9300: Loss = nan
Epoch 9400: Loss = nan
Epoch 9500: Loss = nan
Epoch 9600: Loss = nan
Epoch 9700: Loss = nan
Epoch 9800: Loss = nan
Epoch 9900: Loss = nan
Epoch 10000: Loss = nan
Epoch 10100: Loss = nan
Epoch 10200: Loss = nan
Epoch 10300: Loss = nan
Epoch 10400: Loss = nan
Epoch 10500: Loss = nan
Epoch 10600: Loss = nan
Epoch 10700: Loss = nan
Epoch 10800: Loss = nan
Epoch 10900: Loss = nan
Epoch 11000: Loss = nan
Epoch 11100: Loss = nan
Epoch 11200: Loss = nan
Epoch 11300: Loss = nan
Epoch 11400: Loss = nan
Epoch 11500: Loss = nan
Epoch 11600: Loss = nan
Epoch 11700: Loss = nan
Epoch 11800: Loss = nan
Epoch 11900: Loss = nan
Epoch 12000: Loss = nan
Epoch 12100: Loss = nan
Epoch 12200: Loss = nan
Epoch 12300: Loss = nan
Epoch 12400: Loss = nan
Epoch 12500: Loss = nan
Epoch 12600: Loss = nan
Epoch 12700: Loss = nan
Epoch 12800: Loss = nan
Epoch 12900: Loss = nan
Epoch 13000: Loss = nan
Epoch 13100: Loss = nan
Epoch 13200: Loss = nan
Epoch 13300: Loss = nan
Epoch 13400: Loss = nan
Epoch 13500: Loss = nan
Epoch 13600: Loss = nan
Epoch 13700: Loss = nan
Epoch 13800: Loss = nan
Epoch 13900: Loss = nan
Epoch 14000: Loss = nan
Epoch 14100: Loss = nan
Epoch 14200: Loss = nan
Epoch 14300: Loss = nan
Epoch 14400: Loss = nan
Epoch 14500: Loss = nan
Epoch 14600: Loss = nan
Epoch 14700: Loss = nan
Epoch 14800: Loss = nan
Epoch 14900: Loss = nan
Epoch 15000: Loss = nan
Epoch 15100: Loss = nan
Epoch 15200: Loss = nan
Epoch 15300: Loss = nan
Epoch 15400: Loss = nan
Epoch 15500: Loss = nan
Epoch 15600: Loss = nan
Epoch 15700: Loss = nan
Epoch 15800: Loss = nan
Epoch 15900: Loss = nan
Epoch 16000: Loss = nan
Epoch 16100: Loss = nan
Epoch 16200: Loss = nan
Epoch 16300: Loss = nan
Epoch 16400: Loss = nan
Epoch 16500: Loss = nan
Epoch 16600: Loss = nan
Epoch 16700: Loss = nan
Epoch 16800: Loss = nan
Epoch 16900: Loss = nan
Epoch 17000: Loss = nan
Epoch 17100: Loss = nan
Epoch 17200: Loss = nan
Epoch 17300: Loss = nan
Epoch 17400: Loss = nan
Epoch 17500: Loss = nan
Epoch 17600: Loss = nan
Epoch 17700: Loss = nan
Epoch 17800: Loss = nan
Epoch 17900: Loss = nan
Epoch 18000: Loss = nan
Epoch 18100: Loss = nan
Epoch 18200: Loss = nan
Epoch 18300: Loss = nan
Epoch 18400: Loss = nan
Epoch 18500: Loss = nan
Epoch 18600: Loss = nan
Epoch 18700: Loss = nan
Epoch 18800: Loss = nan
Epoch 18900: Loss = nan
Epoch 19000: Loss = nan
Epoch 19100: Loss = nan
Epoch 19200: Loss = nan
Epoch 19300: Loss = nan
Epoch 19400: Loss = nan
Epoch 19500: Loss = nan
Epoch 19600: Loss = nan
Epoch 19700: Loss = nan
Epoch 19800: Loss = nan
Epoch 19900: Loss = nan
Epoch 20000: Loss = nan
Epoch 20100: Loss = nan
Epoch 20200: Loss = nan
Epoch 20300: Loss = nan
Epoch 20400: Loss = nan
Epoch 20500: Loss = nan
Epoch 20600: Loss = nan
Epoch 20700: Loss = nan
Epoch 20800: Loss = nan
Epoch 20900: Loss = nan
Epoch 21000: Loss = nan
Epoch 21100: Loss = nan
Epoch 21200: Loss = nan
Epoch 21300: Loss = nan
Epoch 21400: Loss = nan
Epoch 21500: Loss = nan
Epoch 21600: Loss = nan
Epoch 21700: Loss = nan
Epoch 21800: Loss = nan
Epoch 21900: Loss = nan
Epoch 22000: Loss = nan
Epoch 22100: Loss = nan
Epoch 22200: Loss = nan
Epoch 22300: Loss = nan
Epoch 22400: Loss = nan
Epoch 22500: Loss = nan
Epoch 22600: Loss = nan
Epoch 22700: Loss = nan
Epoch 22800: Loss = nan
Epoch 22900: Loss = nan
Epoch 23000: Loss = nan
Epoch 23100: Loss = nan
Epoch 23200: Loss = nan
Epoch 23300: Loss = nan
Epoch 23400: Loss = nan
Epoch 23500: Loss = nan
Epoch 23600: Loss = nan
Epoch 23700: Loss = nan
Epoch 23800: Loss = nan
Epoch 23900: Loss = nan
Epoch 24000: Loss = nan
Epoch 24100: Loss = nan
Epoch 24200: Loss = nan
Epoch 24300: Loss = nan
Epoch 24400: Loss = nan
Epoch 24500: Loss = nan
Epoch 24600: Loss = nan
Epoch 24700: Loss = nan
Epoch 24800: Loss = nan
Epoch 24900: Loss = nan
Epoch 25000: Loss = nan
Epoch 25100: Loss = nan
Epoch 25200: Loss = nan
Epoch 25300: Loss = nan
Epoch 25400: Loss = nan
Epoch 25500: Loss = nan
Epoch 25600: Loss = nan
Epoch 25700: Loss = nan
Epoch 25800: Loss = nan
Epoch 25900: Loss = nan
Epoch 26000: Loss = nan
Epoch 26100: Loss = nan
Epoch 26200: Loss = nan
Epoch 26300: Loss = nan
Epoch 26400: Loss = nan
Epoch 26500: Loss = nan
Epoch 26600: Loss = nan
Epoch 26700: Loss = nan
Epoch 26800: Loss = nan
Epoch 26900: Loss = nan
Epoch 27000: Loss = nan
Epoch 27100: Loss = nan
Epoch 27200: Loss = nan
Epoch 27300: Loss = nan
Epoch 27400: Loss = nan
Epoch 27500: Loss = nan
Epoch 27600: Loss = nan
Epoch 27700: Loss = nan
Epoch 27800: Loss = nan
Epoch 27900: Loss = nan
Epoch 28000: Loss = nan
Epoch 28100: Loss = nan
Epoch 28200: Loss = nan
Epoch 28300: Loss = nan
Epoch 28400: Loss = nan
Epoch 28500: Loss = nan
Epoch 28600: Loss = nan
Epoch 28700: Loss = nan
Epoch 28800: Loss = nan
Epoch 28900: Loss = nan
Epoch 29000: Loss = nan
Epoch 29100: Loss = nan
Epoch 29200: Loss = nan
Epoch 29300: Loss = nan
Epoch 29400: Loss = nan
Epoch 29500: Loss = nan
Epoch 29600: Loss = nan
Epoch 29700: Loss = nan
Epoch 29800: Loss = nan
Epoch 29900: Loss = nan

Training Complete.
Learned Drift Parameters (Equation terms):
dx_0/dt = 1.00000omega
dx_1/dt = nan1 + nantheta + nanomega + nantheta^2 + nantheta omega + nanomega^2

RMSE (original units):
  Theta (phase): nan rad
  Omega (freq deviation): nan rad/s
  Combined: nan
Detailed results saved to /pfs/data6/home/ka/ka_iai/ka_bj2362/dsr/svise/results/20260221_173215/model.json
Summary appended to /pfs/data6/home/ka/ka_iai/ka_bj2362/dsr/svise/experiments_log.csv

============================= JOB FEEDBACK =============================

NodeName=uc3n001
Job ID: 3191394
Cluster: uc3
User/Group: ka_bj2362/ka_iai
State: COMPLETED (exit code 0)
Nodes: 1
Cores per node: 4
CPU Utilized: 00:14:38
CPU Efficiency: 23.81% of 01:01:28 core-walltime
Job Wall-clock time: 00:15:22
Memory Utilized: 567.25 MB
Memory Efficiency: 7.09% of 7.81 GB (1.95 GB/core)
