Configuration:
{
  "model": "integrator",
  "sigma": 5.0,
  "degree": 2,
  "lr": 0.001,
  "tau": 1e-20,
  "epochs": 20000
}
Loading data from /pfs/data6/home/ka/ka_iai/ka_bj2362/dsr/svise/../dataset/Frequency_data_SK.pkl...
Filtering for valid 15-minute chunks...
/pfs/data6/home/ka/ka_iai/ka_bj2362/dsr/svise/run_analysis.py:42: FutureWarning: 'T' is deprecated and will be removed in a future version, please use 'min' instead.
  chunk_groups = data_filtered.groupby(data_filtered.index.floor('15T'))
Found 10543 valid chunks. Using the first one.
Enforcing scaling constraints for Integrator model...
Adjusted Means: tensor([-6.9911,  0.0000]), Stds: tensor([6.8712, 0.0763])
Data Scaled. Means: tensor([-6.9911,  0.0000]), Stds: tensor([6.8712, 0.0763])
Initializing integrator...
/pfs/data6/home/ka/ka_iai/ka_bj2362/dsr/svise/svise/sde_learning/_marginal_sde.py:284: UserWarning: torch.triangular_solve is deprecated in favor of torch.linalg.solve_triangularand will be removed in a future PyTorch release.
torch.linalg.solve_triangular has its arguments reversed and does not return a copy of one of the inputs.
X = torch.triangular_solve(B, A).solution
should be replaced with
X = torch.linalg.solve_triangular(A, B). (Triggered internally at ../aten/src/ATen/native/BatchLinearAlgebra.cpp:2192.)
  return torch.triangular_solve(self.raw_w, self.C.t()).solution
Starting training for 20000 epochs...
/pfs/data6/home/ka/ka_iai/ka_bj2362/dsr/svise/svise/quadrature/_unbiased_quadrature.py:178: UserWarning: Interp is nan, reducing interp degree.
  warnings.warn("Interp is nan, reducing interp degree.")
Epoch 0: Loss = 2.0439175983529984e+16
Epoch 100: Loss = 1.849397026278605e+16
Epoch 200: Loss = 1.6733908771012608e+16
Epoch 300: Loss = 1.5141360667459584e+16
Epoch 400: Loss = 1.3700533357379584e+16
Epoch 500: Loss = 1.2396826099449856e+16
Epoch 600: Loss = 1.1217181119348736e+16
Epoch 700: Loss = 1.01497861832704e+16
Epoch 800: Loss = 9183967223742464.0
Epoch 900: Loss = 8310050900672512.0
Epoch 1000: Loss = 7519294271258624.0
Epoch 1100: Loss = 6803784931999744.0
Epoch 1200: Loss = 6156360488058880.0
Epoch 1300: Loss = 5570543055011840.0
Epoch 1400: Loss = 5040471076241408.0
Epoch 1500: Loss = 4560838656524288.0
Epoch 1600: Loss = 4126845633036288.0
Epoch 1700: Loss = 3734150599147520.0
Epoch 1800: Loss = 3378822854475776.0
Epoch 1900: Loss = 3057307239841792.0
Epoch 2000: Loss = 2766385750999040.0
Epoch 2100: Loss = 2503146936991744.0
Epoch 2200: Loss = 2264957445996544.0
Epoch 2300: Loss = 2049432631640064.0
Epoch 2400: Loss = 1854416017686528.0
Epoch 2500: Loss = 1677956481024000.0
Epoch 2600: Loss = 1518288790093824.0
Epoch 2700: Loss = 1373814411755520.0
Epoch 2800: Loss = 1243087686860800.0
Epoch 2900: Loss = 1124800395214848.0
Epoch 3000: Loss = 1017768937783296.0
Epoch 3100: Loss = 920921720225792.0
Epoch 3200: Loss = 833290428743680.0
Epoch 3300: Loss = 753997816266752.0
Epoch 3400: Loss = 682250320478208.0
Epoch 3500: Loss = 617330144968704.0
Epoch 3600: Loss = 558587508162560.0
Epoch 3700: Loss = 505434502856704.0
Epoch 3800: Loss = 457339358412800.0
Epoch 3900: Loss = 413820568731648.0
Epoch 4000: Loss = 374443033493504.0
Epoch 4100: Loss = 338812521676800.0
Epoch 4200: Loss = 306572517441536.0
Epoch 4300: Loss = 277400260706304.0
Epoch 4400: Loss = 251003962130432.0
Epoch 4500: Loss = 227119414116352.0
Epoch 4600: Loss = 205507641999360.0
Epoch 4700: Loss = 185952353910784.0
Epoch 4800: Loss = 168257860403200.0
Epoch 4900: Loss = 152247111516160.0
Epoch 5000: Loss = 137759884836864.0
Epoch 5100: Loss = 124651208441856.0
Epoch 5200: Loss = 112789892890624.0
Epoch 5300: Loss = 102057247768576.0
Epoch 5400: Loss = 92345890504704.0
Epoch 5500: Loss = 83558622298112.0
Epoch 5600: Loss = 75607522148352.0
Epoch 5700: Loss = 68413003137024.0
Epoch 5800: Loss = 61903095201792.0
Epoch 5900: Loss = 56012644024320.0
Epoch 6000: Loss = 50682677690368.0
Epoch 6100: Loss = 45859915956224.0
Epoch 6200: Loss = 41496069799936.0
Epoch 6300: Loss = 37547468128256.0
Epoch 6400: Loss = 33973094842368.0
Epoch 6500: Loss = 30738885902336.0
Epoch 6600: Loss = 27812564041728.0
Epoch 6700: Loss = 25164834144256.0
Epoch 6800: Loss = 22769163042816.0
Epoch 6900: Loss = 20601557221376.0
Epoch 7000: Loss = 18640304865280.0
Epoch 7100: Loss = 16865764048896.0
Epoch 7200: Loss = 15260157214720.0
Epoch 7300: Loss = 13807402352640.0
Epoch 7400: Loss = 12492949422080.0
Epoch 7500: Loss = 11303631454208.0
Epoch 7600: Loss = 10227535577088.0
Epoch 7700: Loss = 9253882429440.0
Epoch 7800: Loss = 8372920254464.0
Epoch 7900: Loss = 7575824760832.0
Epoch 8000: Loss = 6854612615168.0
Epoch 8100: Loss = 6202060177408.0
Epoch 8200: Loss = 5611628527616.0
Epoch 8300: Loss = 5077406842880.0
Epoch 8400: Loss = 4594041618432.0
Epoch 8500: Loss = 4156692365312.0
Epoch 8600: Loss = 3760979181568.0
Epoch 8700: Loss = 3402936877056.0
Epoch 8800: Loss = 3078980108288.0
Epoch 8900: Loss = 2785863532544.0
Epoch 9000: Loss = 2520651661312.0
Epoch 9100: Loss = 2280687665152.0
Epoch 9200: Loss = 2063568207872.0
Epoch 9300: Loss = 1867118411776.0
Epoch 9400: Loss = 1689370230784.0
Epoch 9500: Loss = 1528543576064.0
Epoch 9600: Loss = 1383027310592.0
Epoch 9700: Loss = 1251364438016.0
Epoch 9800: Loss = 1132235587584.0
Epoch 9900: Loss = 1024447676416.0
Epoch 10000: Loss = 926921064448.0
Epoch 10100: Loss = 838678937600.0
Epoch 10200: Loss = 758837477376.0
Epoch 10300: Loss = 686596685824.0
Epoch 10400: Loss = 621233307648.0
Epoch 10500: Loss = 562092441600.0
Epoch 10600: Loss = 508581675008.0
Epoch 10700: Loss = 460165120000.0
Epoch 10800: Loss = 416357777408.0
Epoch 10900: Loss = 376720883712.0
Epoch 11000: Loss = 340857389056.0
Epoch 11100: Loss = 308408025088.0
Epoch 11200: Loss = 279047831552.0
Epoch 11300: Loss = 252482732032.0
Epoch 11400: Loss = 228446568448.0
Epoch 11500: Loss = 206698659840.0
Epoch 11600: Loss = 187021131776.0
Epoch 11700: Loss = 169216868352.0
Epoch 11800: Loss = 153107562496.0
Epoch 11900: Loss = 138531864576.0
Epoch 12000: Loss = 125343727616.0
Epoch 12100: Loss = 113411112960.0
Epoch 12200: Loss = 102614466560.0
Epoch 12300: Loss = 92845654016.0
Epoch 12400: Loss = 84006830080.0
Epoch 12500: Loss = 76009447424.0
Epoch 12600: Loss = 68773412864.0
Epoch 12700: Loss = 62226243584.0
Epoch 12800: Loss = 56302358528.0
Epoch 12900: Loss = 50942414848.0
Epoch 13000: Loss = 46092738560.0
Epoch 13100: Loss = 41704747008.0
Epoch 13200: Loss = 37734490112.0
Epoch 13300: Loss = 34142197760.0
Epoch 13400: Loss = 30891892736.0
Epoch 13500: Loss = 27951009792.0
Epoch 13600: Loss = 25290096640.0
Epoch 13700: Loss = 22882500608.0
Epoch 13800: Loss = 20704106496.0
Epoch 13900: Loss = 18733092864.0
Epoch 14000: Loss = 16949718016.0
Epoch 14100: Loss = 15336119296.0
Epoch 14200: Loss = 13876134912.0
Epoch 14300: Loss = 12555137024.0
Epoch 14400: Loss = 11360927744.0
Epoch 14500: Loss = 10280358912.0
Epoch 14600: Loss = 9302563840.0
Epoch 14700: Loss = 8417770496.0
Epoch 14800: Loss = 7617132544.0
Epoch 14900: Loss = 6892644864.0
Epoch 15000: Loss = 6237066240.0
Epoch 15100: Loss = 5643841024.0
Epoch 15200: Loss = 5107039232.0
Epoch 15300: Loss = 4621294080.0
Epoch 15400: Loss = 4181750016.0
Epoch 15500: Loss = 3784012032.0
Epoch 15600: Loss = 3424103680.0
Epoch 15700: Loss = 3098427648.0
Epoch 15800: Loss = 2803727616.0
Epoch 15900: Loss = 2537057024.0
Epoch 16000: Loss = 2295750400.0
Epoch 16100: Loss = 2077395072.0
Epoch 16200: Loss = 1879808000.0
Epoch 16300: Loss = 1701014272.0
Epoch 16400: Loss = 1539225728.0
Epoch 16500: Loss = 1392825728.0
Epoch 16600: Loss = 1260350208.0
Epoch 16700: Loss = 1140474624.0
Epoch 16800: Loss = 1032000768.0
Epoch 16900: Loss = 933844224.0
Epoch 17000: Loss = 845023680.0
Epoch 17100: Loss = 764651008.0
Epoch 17200: Loss = 691922944.0
Epoch 17300: Loss = 626112128.0
Epoch 17400: Loss = 566560832.0
Epoch 17500: Loss = 512673600.0
Epoch 17600: Loss = 463911776.0
Epoch 17700: Loss = 419787808.0
Epoch 17800: Loss = 379860640.0
Epoch 17900: Loss = 343731008.0
Epoch 18000: Loss = 311037792.0
Epoch 18100: Loss = 281454112.0
Epoch 18200: Loss = 254684208.0
Epoch 18300: Loss = 230460480.0
Epoch 18400: Loss = 208540720.0
Epoch 18500: Loss = 188705824.0
Epoch 18600: Loss = 170757472.0
Epoch 18700: Loss = 154516224.0
Epoch 18800: Loss = 139819760.0
Epoch 18900: Loss = 126521096.0
Epoch 19000: Loss = 114487312.0
Epoch 19100: Loss = 103598112.0
Epoch 19200: Loss = 93744608.0
Epoch 19300: Loss = 84828304.0
Epoch 19400: Loss = 76760056.0
Epoch 19500: Loss = 69459208.0
Epoch 19600: Loss = 62852752.0
Epoch 19700: Loss = 56874668.0
Epoch 19800: Loss = 51465164.0
Epoch 19900: Loss = 46570184.0

Training Complete.
Learned Drift Parameters (Equation terms):
dx_0/dt = 1.00000omega
dx_1/dt = 0.000001 + 0.00000theta + 0.00000omega + -0.00000theta^2 + -0.00000theta omega + 0.00000omega^2

RMSE (original units):
  Theta (phase): 0.108471 rad
  Omega (freq deviation): 0.014950 rad/s
  Combined: 0.077425
Detailed results saved to /pfs/data6/home/ka/ka_iai/ka_bj2362/dsr/svise/results/20260221_171757/model.json
Summary appended to /pfs/data6/home/ka/ka_iai/ka_bj2362/dsr/svise/experiments_log.csv

============================= JOB FEEDBACK =============================

NodeName=uc3n001
Job ID: 3190666
Cluster: uc3
User/Group: ka_bj2362/ka_iai
State: COMPLETED (exit code 0)
Nodes: 1
Cores per node: 4
CPU Utilized: 00:07:25
CPU Efficiency: 23.77% of 00:31:12 core-walltime
Job Wall-clock time: 00:07:48
Memory Utilized: 364.05 MB
Memory Efficiency: 4.55% of 7.81 GB (1.95 GB/core)
