Configuration:
{
  "model": "integrator",
  "sigma": 60.0,
  "degree": 2,
  "lr": 0.001,
  "epochs": 1000
}
Loading data from /pfs/data6/home/ka/ka_iai/ka_bj2362/dsr/svise/../dataset/Frequency_data_SK.pkl...
Filtering for valid 15-minute chunks...
/pfs/data6/home/ka/ka_iai/ka_bj2362/dsr/svise/run_analysis.py:42: FutureWarning: 'T' is deprecated and will be removed in a future version, please use 'min' instead.
  chunk_groups = data_filtered.groupby(data_filtered.index.floor('15T'))
Found 10543 valid chunks. Using the first one.
Data Scaled. Means: tensor([-1.0866,  0.0016]), Stds: tensor([0.9885, 0.0077])
Initializing integrator...
/pfs/data6/home/ka/ka_iai/ka_bj2362/dsr/svise/svise/sde_learning/_marginal_sde.py:284: UserWarning: torch.triangular_solve is deprecated in favor of torch.linalg.solve_triangularand will be removed in a future PyTorch release.
torch.linalg.solve_triangular has its arguments reversed and does not return a copy of one of the inputs.
X = torch.triangular_solve(B, A).solution
should be replaced with
X = torch.linalg.solve_triangular(A, B). (Triggered internally at ../aten/src/ATen/native/BatchLinearAlgebra.cpp:2192.)
  return torch.triangular_solve(self.raw_w, self.C.t()).solution
Starting training for 1000 epochs...
/pfs/data6/home/ka/ka_iai/ka_bj2362/dsr/svise/svise/quadrature/_unbiased_quadrature.py:178: UserWarning: Interp is nan, reducing interp degree.
  warnings.warn("Interp is nan, reducing interp degree.")
Epoch 0: Loss = 16466.408203125
/pfs/data6/home/ka/ka_iai/ka_bj2362/dsr/svise/svise/quadrature/_unbiased_quadrature.py:180: UserWarning: Interp degree reduction failed (array would be empty). Stopping reduction.
  warnings.warn("Interp degree reduction failed (array would be empty). Stopping reduction.")
Epoch 100: Loss = nan
Epoch 200: Loss = nan
Epoch 300: Loss = nan
Epoch 400: Loss = nan
Epoch 500: Loss = nan
Epoch 600: Loss = nan
Epoch 700: Loss = nan
Epoch 800: Loss = nan
Epoch 900: Loss = nan

Training Complete.
Learned Drift Parameters (Equation terms):
dx_0/dt = 1.00000omega
dx_1/dt = nan1 + nantheta + nanomega + nantheta^2 + nantheta omega + nanomega^2
Detailed results saved to /pfs/data6/home/ka/ka_iai/ka_bj2362/dsr/svise/results/20260118_000533/model.json
Summary appended to /pfs/data6/home/ka/ka_iai/ka_bj2362/dsr/svise/experiments_log.csv

============================= JOB FEEDBACK =============================

NodeName=uc3n001
Job ID: 2944940
Cluster: uc3
User/Group: ka_bj2362/ka_iai
State: COMPLETED (exit code 0)
Nodes: 1
Cores per node: 4
CPU Utilized: 00:00:47
CPU Efficiency: 16.32% of 00:04:48 core-walltime
Job Wall-clock time: 00:01:12
Memory Utilized: 695.16 MB
Memory Efficiency: 8.69% of 7.81 GB (1.95 GB/core)
