Configuration:
{
  "model": "integrator",
  "sigma": 5.0,
  "degree": 3,
  "lr": 0.001,
  "epochs": 3000
}
Loading data from /pfs/data6/home/ka/ka_iai/ka_bj2362/dsr/svise/../dataset/Frequency_data_SK.pkl...
Filtering for valid 15-minute chunks...
/pfs/data6/home/ka/ka_iai/ka_bj2362/dsr/svise/run_analysis.py:42: FutureWarning: 'T' is deprecated and will be removed in a future version, please use 'min' instead.
  chunk_groups = data_filtered.groupby(data_filtered.index.floor('15T'))
Found 10543 valid chunks. Using the first one.
Enforcing scaling constraints for Integrator model...
Adjusted Means: tensor([-6.9911,  0.0000]), Stds: tensor([6.8712, 0.0763])
Data Scaled. Means: tensor([-6.9911,  0.0000]), Stds: tensor([6.8712, 0.0763])
Initializing integrator...
/pfs/data6/home/ka/ka_iai/ka_bj2362/dsr/svise/svise/sde_learning/_marginal_sde.py:284: UserWarning: torch.triangular_solve is deprecated in favor of torch.linalg.solve_triangularand will be removed in a future PyTorch release.
torch.linalg.solve_triangular has its arguments reversed and does not return a copy of one of the inputs.
X = torch.triangular_solve(B, A).solution
should be replaced with
X = torch.linalg.solve_triangular(A, B). (Triggered internally at ../aten/src/ATen/native/BatchLinearAlgebra.cpp:2192.)
  return torch.triangular_solve(self.raw_w, self.C.t()).solution
Starting training for 3000 epochs...
/pfs/data6/home/ka/ka_iai/ka_bj2362/dsr/svise/svise/quadrature/_unbiased_quadrature.py:178: UserWarning: Interp is nan, reducing interp degree.
  warnings.warn("Interp is nan, reducing interp degree.")
Epoch 0: Loss = 14141.123046875
Epoch 100: Loss = 8802.2890625
Epoch 200: Loss = 5581.10205078125
Epoch 300: Loss = 3972.03857421875
Epoch 400: Loss = 3158.01806640625
Epoch 500: Loss = 2617.233154296875
Epoch 600: Loss = 2190.8310546875
Epoch 700: Loss = 1928.4080810546875
Epoch 800: Loss = 1676.885986328125
Epoch 900: Loss = 1384.5367431640625
Epoch 1000: Loss = 1106.59765625
Epoch 1100: Loss = 946.991455078125
Epoch 1200: Loss = 854.2836303710938
Epoch 1300: Loss = 792.0960083007812
Epoch 1400: Loss = 743.952880859375
Epoch 1500: Loss = 702.9619750976562
Epoch 1600: Loss = 666.2577514648438
Epoch 1700: Loss = 630.6076049804688
Epoch 1800: Loss = 594.4170532226562
Epoch 1900: Loss = 556.6641845703125
Epoch 2000: Loss = 516.3971557617188
Epoch 2100: Loss = 475.1083068847656
Epoch 2200: Loss = 431.1495361328125
Epoch 2300: Loss = 387.7897644042969
Epoch 2400: Loss = 350.4195251464844
Epoch 2500: Loss = 317.8487548828125
Epoch 2600: Loss = 287.34979248046875
Epoch 2700: Loss = 260.48309326171875
Epoch 2800: Loss = 237.87232971191406
Epoch 2900: Loss = 220.2482147216797

Training Complete.
Learned Drift Parameters (Equation terms):
dx_0/dt = 1.00000omega
dx_1/dt = -0.002311 + -0.12156theta + -0.00216omega + -0.07554theta^2 + 0.05594theta omega + -0.00476omega^2 + -0.01900theta^3 + 0.00103theta^2 omega + -0.00336theta omega^2 + -0.00050omega^3
Detailed results saved to /pfs/data6/home/ka/ka_iai/ka_bj2362/dsr/svise/results/20260205_233402/model.json
Summary appended to /pfs/data6/home/ka/ka_iai/ka_bj2362/dsr/svise/experiments_log.csv

============================= JOB FEEDBACK =============================

NodeName=uc3n002
Job ID: 3116314
Cluster: uc3
User/Group: ka_bj2362/ka_iai
State: COMPLETED (exit code 0)
Nodes: 1
Cores per node: 4
CPU Utilized: 00:01:14
CPU Efficiency: 18.69% of 00:06:36 core-walltime
Job Wall-clock time: 00:01:39
Memory Utilized: 525.19 MB
Memory Efficiency: 6.56% of 7.81 GB (1.95 GB/core)
