Configuration:
{
  "model": "sparse",
  "sigma": 5.0,
  "degree": 2,
  "lr": 0.001,
  "epochs": 1000
}
Loading data from /pfs/data6/home/ka/ka_iai/ka_bj2362/dsr/svise/../dataset/Frequency_data_SK.pkl...
Filtering for valid 15-minute chunks...
/pfs/data6/home/ka/ka_iai/ka_bj2362/dsr/svise/run_analysis.py:42: FutureWarning: 'T' is deprecated and will be removed in a future version, please use 'min' instead.
  chunk_groups = data_filtered.groupby(data_filtered.index.floor('15T'))
Found 10543 valid chunks. Using the first one.
Data Scaled. Means: tensor([-1.1127,  0.0016]), Stds: tensor([1.0855, 0.0122])
Initializing sparse...
/pfs/data6/home/ka/ka_iai/ka_bj2362/dsr/svise/svise/sde_learning/_marginal_sde.py:284: UserWarning: torch.triangular_solve is deprecated in favor of torch.linalg.solve_triangularand will be removed in a future PyTorch release.
torch.linalg.solve_triangular has its arguments reversed and does not return a copy of one of the inputs.
X = torch.triangular_solve(B, A).solution
should be replaced with
X = torch.linalg.solve_triangular(A, B). (Triggered internally at ../aten/src/ATen/native/BatchLinearAlgebra.cpp:2192.)
  return torch.triangular_solve(self.raw_w, self.C.t()).solution
Starting training for 1000 epochs...
/pfs/data6/home/ka/ka_iai/ka_bj2362/dsr/svise/svise/quadrature/_unbiased_quadrature.py:178: UserWarning: Interp is nan, reducing interp degree.
  warnings.warn("Interp is nan, reducing interp degree.")
Epoch 0: Loss = 1490.5819091796875
Epoch 100: Loss = 998.3759155273438
Epoch 200: Loss = 619.1738891601562
Epoch 300: Loss = 405.6705322265625
Epoch 400: Loss = 308.0783386230469
Epoch 500: Loss = 266.4102478027344
Epoch 600: Loss = 247.31173706054688
Epoch 700: Loss = 237.1145782470703
Epoch 800: Loss = 230.47866821289062
Epoch 900: Loss = 226.17120361328125

Training Complete.
Learned Drift Parameters (Equation terms):
dx_0/dt = 0.194921 + 0.03645theta + 0.93728omega + -0.03607theta^2 + 0.07020theta omega + -0.03401omega^2
dx_1/dt = -0.865311 + -2.01368theta + 0.96482omega + 0.01189theta^2 + 0.51049theta omega + 0.57122omega^2
Detailed results saved to /pfs/data6/home/ka/ka_iai/ka_bj2362/dsr/svise/results/20260118_014352/model.json
Summary appended to /pfs/data6/home/ka/ka_iai/ka_bj2362/dsr/svise/experiments_log.csv

============================= JOB FEEDBACK =============================

NodeName=uc3n001
Job ID: 2945087
Cluster: uc3
User/Group: ka_bj2362/ka_iai
State: COMPLETED (exit code 0)
Nodes: 1
Cores per node: 4
CPU Utilized: 00:00:31
CPU Efficiency: 15.50% of 00:03:20 core-walltime
Job Wall-clock time: 00:00:50
Memory Utilized: 367.81 MB
Memory Efficiency: 4.60% of 7.81 GB (1.95 GB/core)
