Configuration:
{
  "model": "integrator",
  "sigma": 5.0,
  "degree": 2,
  "lr": 0.001,
  "tau": 0.01,
  "epochs": 30000
}
Loading data from /pfs/data6/home/ka/ka_iai/ka_bj2362/dsr/svise/../dataset/Frequency_data_SK.pkl...
Filtering for valid 15-minute chunks...
/pfs/data6/home/ka/ka_iai/ka_bj2362/dsr/svise/run_analysis.py:42: FutureWarning: 'T' is deprecated and will be removed in a future version, please use 'min' instead.
  chunk_groups = data_filtered.groupby(data_filtered.index.floor('15T'))
Found 10543 valid chunks. Using the first one.
Enforcing scaling constraints for Integrator model...
Adjusted Means: tensor([-6.9911,  0.0000]), Stds: tensor([6.8712, 0.0763])
Data Scaled. Means: tensor([-6.9911,  0.0000]), Stds: tensor([6.8712, 0.0763])
Initializing integrator...
/pfs/data6/home/ka/ka_iai/ka_bj2362/dsr/svise/svise/sde_learning/_marginal_sde.py:284: UserWarning: torch.triangular_solve is deprecated in favor of torch.linalg.solve_triangularand will be removed in a future PyTorch release.
torch.linalg.solve_triangular has its arguments reversed and does not return a copy of one of the inputs.
X = torch.triangular_solve(B, A).solution
should be replaced with
X = torch.linalg.solve_triangular(A, B). (Triggered internally at ../aten/src/ATen/native/BatchLinearAlgebra.cpp:2192.)
  return torch.triangular_solve(self.raw_w, self.C.t()).solution
Starting training for 30000 epochs...
/pfs/data6/home/ka/ka_iai/ka_bj2362/dsr/svise/svise/quadrature/_unbiased_quadrature.py:196: UserWarning: Interp is nan, reducing interp degree.
  warnings.warn("Interp is nan, reducing interp degree.")
Epoch 0: Loss = 24216.599609375
Epoch 100: Loss = 15150.2177734375
Epoch 200: Loss = 8808.748046875
Epoch 300: Loss = 5330.0859375
Epoch 400: Loss = 3932.0615234375
Epoch 500: Loss = 3280.125244140625
Epoch 600: Loss = 2820.19287109375
Epoch 700: Loss = 2546.491455078125
Epoch 800: Loss = 2401.630126953125
Epoch 900: Loss = 2294.266357421875
Epoch 1000: Loss = 2200.32470703125
Epoch 1100: Loss = 2102.489990234375
Epoch 1200: Loss = 1990.6873779296875
Epoch 1300: Loss = 1846.7596435546875
Epoch 1400: Loss = 1655.918212890625
Epoch 1500: Loss = 1441.4476318359375
Epoch 1600: Loss = 1233.8486328125
Epoch 1700: Loss = 1059.857177734375
Epoch 1800: Loss = 934.6671752929688
Epoch 1900: Loss = 853.0664672851562
Epoch 2000: Loss = 798.5521850585938
Epoch 2100: Loss = 756.6611938476562
Epoch 2200: Loss = 721.591796875
Epoch 2300: Loss = 690.6853637695312
Epoch 2400: Loss = 662.5953369140625
Epoch 2500: Loss = 636.4940185546875
Epoch 2600: Loss = 610.6279907226562
Epoch 2700: Loss = 584.673583984375
Epoch 2800: Loss = 558.0253295898438
Epoch 2900: Loss = 529.4889526367188
Epoch 3000: Loss = 499.1620788574219
Epoch 3100: Loss = 467.4115905761719
Epoch 3200: Loss = 435.2887878417969
Epoch 3300: Loss = 405.5813903808594
Epoch 3400: Loss = 376.1606140136719
Epoch 3500: Loss = 346.515625
Epoch 3600: Loss = 319.29205322265625
Epoch 3700: Loss = 294.72314453125
Epoch 3800: Loss = 274.1899108886719
Epoch 3900: Loss = 256.3944091796875
Epoch 4000: Loss = 240.95306396484375
Epoch 4100: Loss = 227.43736267089844
Epoch 4200: Loss = 216.01182556152344
Epoch 4300: Loss = 206.49778747558594
Epoch 4400: Loss = 200.41795349121094
Epoch 4500: Loss = 196.8446807861328
Epoch 4600: Loss = 193.91204833984375
Epoch 4700: Loss = 191.97955322265625
Epoch 4800: Loss = 189.83416748046875
Epoch 4900: Loss = 188.47975158691406
Epoch 5000: Loss = 187.4691162109375
Epoch 5100: Loss = 186.93455505371094
Epoch 5200: Loss = 186.4199981689453
Epoch 5300: Loss = 186.27427673339844
Epoch 5400: Loss = 185.88038635253906
Epoch 5500: Loss = 185.8330841064453
Epoch 5600: Loss = 185.53897094726562
Epoch 5700: Loss = 185.4378204345703
Epoch 5800: Loss = 184.8382110595703
Epoch 5900: Loss = 185.3020477294922
Epoch 6000: Loss = 184.7091064453125
Epoch 6100: Loss = 185.0757293701172
Epoch 6200: Loss = 184.5254364013672
Epoch 6300: Loss = 184.81468200683594
Epoch 6400: Loss = 184.08351135253906
Epoch 6500: Loss = 184.12628173828125
Epoch 6600: Loss = 184.337890625
Epoch 6700: Loss = 183.9024200439453
Epoch 6800: Loss = 183.8629608154297
Epoch 6900: Loss = 183.89593505859375
Epoch 7000: Loss = 183.5003662109375
Epoch 7100: Loss = 183.80905151367188
Epoch 7200: Loss = 183.2358856201172
Epoch 7300: Loss = 183.59442138671875
Epoch 7400: Loss = 183.3269500732422
Epoch 7500: Loss = 182.89625549316406
Epoch 7600: Loss = 183.47438049316406
Epoch 7700: Loss = 183.30653381347656
Epoch 7800: Loss = 182.95433044433594
Epoch 7900: Loss = 183.1177520751953
/pfs/data6/home/ka/ka_iai/ka_bj2362/dsr/svise/svise/quadrature/_unbiased_quadrature.py:174: UserWarning: NaN detected in fxq (quadrature node evaluations). Clamping to 0.
  warnings.warn("NaN detected in fxq (quadrature node evaluations). Clamping to 0.")
/pfs/data6/home/ka/ka_iai/ka_bj2362/dsr/svise/svise/quadrature/_unbiased_quadrature.py:177: UserWarning: NaN detected in fmc (Monte-Carlo node evaluations). Clamping to 0.
  warnings.warn("NaN detected in fmc (Monte-Carlo node evaluations). Clamping to 0.")
Epoch 8000: NaN/Inf detected! Restoring checkpoint from epoch 7900. Reducing LR: 1.0e-03 -> 5.0e-04 (recovery 1/5)
Epoch 8061: NaN/Inf detected! Restoring checkpoint from epoch 7900. Reducing LR: 5.0e-04 -> 2.5e-04 (recovery 2/5)
Epoch 8100: Loss = 182.93923950195312
Epoch 8161: 100 stable epochs since last NaN. Resetting recovery counter.
Epoch 8189: NaN/Inf detected! Restoring checkpoint from epoch 8100. Reducing LR: 2.5e-04 -> 1.3e-04 (recovery 1/5)
Epoch 8200: Loss = 182.8883819580078
Epoch 8289: 100 stable epochs since last NaN. Resetting recovery counter.
Epoch 8300: Loss = 182.92408752441406
Epoch 8400: Loss = 183.08372497558594
Epoch 8453: NaN/Inf detected! Restoring checkpoint from epoch 8400. Reducing LR: 1.3e-04 -> 6.3e-05 (recovery 1/5)
Epoch 8500: Loss = 182.666748046875
Epoch 8512: NaN/Inf detected! Restoring checkpoint from epoch 8500. Reducing LR: 6.3e-05 -> 3.1e-05 (recovery 2/5)
Epoch 8600: Loss = 182.6336669921875
Epoch 8612: 100 stable epochs since last NaN. Resetting recovery counter.
Epoch 8700: Loss = 182.6665802001953
Epoch 8800: Loss = 182.92550659179688
Epoch 8813: NaN/Inf detected! Restoring checkpoint from epoch 8800. Reducing LR: 3.1e-05 -> 1.6e-05 (recovery 1/5)
Epoch 8900: Loss = 182.8787384033203
Epoch 8913: 100 stable epochs since last NaN. Resetting recovery counter.
Epoch 8948: NaN/Inf detected! Restoring checkpoint from epoch 8900. Reducing LR: 1.6e-05 -> 7.8e-06 (recovery 1/5)
Epoch 9000: Loss = 182.72418212890625
Epoch 9048: 100 stable epochs since last NaN. Resetting recovery counter.
Epoch 9078: NaN/Inf detected! Restoring checkpoint from epoch 9000. Reducing LR: 7.8e-06 -> 3.9e-06 (recovery 1/5)
Epoch 9100: Loss = 183.19468688964844
Epoch 9178: 100 stable epochs since last NaN. Resetting recovery counter.
Epoch 9188: NaN/Inf detected! Restoring checkpoint from epoch 9100. Reducing LR: 3.9e-06 -> 2.0e-06 (recovery 1/5)
Epoch 9200: Loss = 183.2173309326172
Epoch 9225: NaN/Inf detected! Restoring checkpoint from epoch 9200. Reducing LR: 2.0e-06 -> 9.8e-07 (recovery 2/5)
Epoch 9300: Loss = 182.86761474609375
Epoch 9325: 100 stable epochs since last NaN. Resetting recovery counter.
Epoch 9400: Loss = 182.76197814941406
Epoch 9500: Loss = 182.79917907714844
Epoch 9545: NaN/Inf detected! Restoring checkpoint from epoch 9500. Reducing LR: 9.8e-07 -> 4.9e-07 (recovery 1/5)
Epoch 9600: Loss = 183.07286071777344
Epoch 9645: 100 stable epochs since last NaN. Resetting recovery counter.
Epoch 9700: Loss = 183.3418426513672
Epoch 9800: Loss = 183.13214111328125
Epoch 9900: Loss = 182.76622009277344
Epoch 9957: NaN/Inf detected! Restoring checkpoint from epoch 9900. Reducing LR: 4.9e-07 -> 2.4e-07 (recovery 1/5)
Epoch 9979: NaN/Inf detected! Restoring checkpoint from epoch 9900. Reducing LR: 2.4e-07 -> 1.2e-07 (recovery 2/5)
Epoch 10000: Loss = 182.83224487304688
Epoch 10079: 100 stable epochs since last NaN. Resetting recovery counter.
Epoch 10100: Loss = 182.80882263183594
Epoch 10135: NaN/Inf detected! Restoring checkpoint from epoch 10100. Reducing LR: 1.2e-07 -> 6.1e-08 (recovery 1/5)
Epoch 10200: Loss = 182.6458740234375
Epoch 10235: 100 stable epochs since last NaN. Resetting recovery counter.
Epoch 10300: Loss = 182.76516723632812
Epoch 10400: Loss = 182.90382385253906
Epoch 10480: NaN/Inf detected! Restoring checkpoint from epoch 10400. Reducing LR: 6.1e-08 -> 3.1e-08 (recovery 1/5)
Epoch 10500: Loss = 182.64866638183594
Epoch 10580: 100 stable epochs since last NaN. Resetting recovery counter.
Epoch 10598: NaN/Inf detected! Restoring checkpoint from epoch 10500. Reducing LR: 3.1e-08 -> 1.5e-08 (recovery 1/5)
Epoch 10600: Loss = 182.69244384765625
Epoch 10698: 100 stable epochs since last NaN. Resetting recovery counter.
Epoch 10700: Loss = 182.85067749023438
Epoch 10800: Loss = 183.006591796875
Epoch 10900: Loss = 182.8064727783203
Epoch 11000: Loss = 182.75503540039062
Epoch 11100: Loss = 183.10069274902344
Epoch 11200: Loss = 183.031982421875
Epoch 11300: Loss = 182.84815979003906
Epoch 11400: Loss = 183.06210327148438
Epoch 11500: Loss = 182.61416625976562
Epoch 11600: Loss = 182.76597595214844
Epoch 11700: Loss = 182.99452209472656
Epoch 11800: Loss = 182.78297424316406
Epoch 11900: Loss = 183.25155639648438
Epoch 12000: Loss = 182.96730041503906
Epoch 12100: Loss = 182.8682403564453
Epoch 12200: Loss = 182.88973999023438
Epoch 12300: Loss = 182.95120239257812
Epoch 12400: Loss = 182.6951904296875
Epoch 12500: Loss = 183.35743713378906
Epoch 12600: Loss = 182.63734436035156
Epoch 12700: Loss = 183.1228485107422
Epoch 12800: Loss = 182.8848419189453
Epoch 12900: Loss = 182.76138305664062
Epoch 13000: Loss = 182.853759765625
Epoch 13100: Loss = 182.7481231689453
Epoch 13200: Loss = 182.6707763671875
Epoch 13300: Loss = 182.71078491210938
Epoch 13400: Loss = 182.77772521972656
Epoch 13500: Loss = 182.92117309570312
Epoch 13600: Loss = 182.8160858154297
Epoch 13700: Loss = 182.9002227783203
Epoch 13800: Loss = 183.0038604736328
Epoch 13900: Loss = 183.0782928466797
Epoch 14000: Loss = 182.89173889160156
Epoch 14100: Loss = 182.626953125
Epoch 14200: Loss = 182.8850860595703
Epoch 14300: Loss = 182.81512451171875
Epoch 14400: Loss = 183.03240966796875
Epoch 14500: Loss = 182.75088500976562
Epoch 14600: Loss = 182.93434143066406
Epoch 14700: Loss = 183.028076171875
Epoch 14800: Loss = 182.77491760253906
Epoch 14900: Loss = 182.860107421875
Epoch 15000: Loss = 182.66896057128906
Epoch 15100: Loss = 182.84983825683594
Epoch 15200: Loss = 182.7174072265625
Epoch 15300: Loss = 182.66497802734375
Epoch 15400: Loss = 182.64474487304688
Epoch 15500: Loss = 183.04991149902344
Epoch 15600: Loss = 183.09075927734375
Epoch 15700: Loss = 182.88809204101562
Epoch 15800: Loss = 183.0666046142578
Epoch 15900: Loss = 183.13650512695312
Epoch 16000: Loss = 182.7555389404297
Epoch 16100: Loss = 182.8495635986328
Epoch 16200: Loss = 182.7198486328125
Epoch 16300: Loss = 183.07452392578125
Epoch 16400: Loss = 182.94808959960938
Epoch 16500: Loss = 182.97183227539062
Epoch 16600: Loss = 182.7803955078125
Epoch 16700: Loss = 182.72462463378906
Epoch 16800: Loss = 182.72671508789062
Epoch 16900: Loss = 182.6337432861328
Epoch 17000: Loss = 182.81222534179688
Epoch 17100: Loss = 182.8230743408203
Epoch 17200: Loss = 182.77655029296875
Epoch 17300: Loss = 182.65097045898438
Epoch 17400: Loss = 182.3092041015625
Epoch 17500: Loss = 183.01852416992188
Epoch 17600: Loss = 182.89024353027344
Epoch 17700: Loss = 182.58419799804688
Epoch 17800: Loss = 182.66424560546875
Epoch 17900: Loss = 182.61624145507812
Epoch 18000: Loss = 183.03500366210938
Epoch 18100: Loss = 182.90914916992188
Epoch 18200: Loss = 182.60440063476562
Epoch 18300: Loss = 183.20343017578125
Epoch 18400: Loss = 182.71701049804688
Epoch 18500: Loss = 183.0225067138672
Epoch 18600: Loss = 182.88571166992188
Epoch 18700: Loss = 182.9827423095703
Epoch 18800: Loss = 182.7228240966797
Epoch 18900: Loss = 182.8583526611328
Epoch 19000: Loss = 182.77853393554688
Epoch 19100: Loss = 182.99847412109375
Epoch 19200: Loss = 182.76626586914062
Epoch 19300: Loss = 182.98219299316406
Epoch 19400: Loss = 182.76620483398438
Epoch 19500: Loss = 183.0084686279297
Epoch 19600: Loss = 183.2113494873047
Epoch 19700: Loss = 183.07301330566406
Epoch 19800: Loss = 183.17416381835938
Epoch 19900: Loss = 182.80540466308594
Epoch 20000: Loss = 183.153564453125
Epoch 20100: Loss = 182.93350219726562
Epoch 20200: Loss = 182.79397583007812
Epoch 20300: Loss = 182.93350219726562
Epoch 20400: Loss = 182.68544006347656
Epoch 20500: Loss = 182.91859436035156
Epoch 20600: Loss = 182.8743896484375
Epoch 20700: Loss = 182.90333557128906
Epoch 20800: Loss = 182.87591552734375
Epoch 20900: Loss = 182.76536560058594
Epoch 21000: Loss = 182.8787384033203
Epoch 21100: Loss = 183.16575622558594
Epoch 21200: Loss = 182.68356323242188
Epoch 21300: Loss = 182.95022583007812
Epoch 21400: Loss = 182.88778686523438
Epoch 21500: Loss = 182.65069580078125
Epoch 21600: Loss = 182.85910034179688
Epoch 21700: Loss = 183.11056518554688
Epoch 21800: Loss = 182.77613830566406
Epoch 21900: Loss = 182.92855834960938
Epoch 22000: Loss = 182.88375854492188
Epoch 22100: Loss = 183.49171447753906
Epoch 22200: Loss = 182.65109252929688
Epoch 22300: Loss = 182.93370056152344
Epoch 22400: Loss = 182.858642578125
Epoch 22500: Loss = 183.07965087890625
Epoch 22600: Loss = 182.87493896484375
Epoch 22700: Loss = 182.86280822753906
Epoch 22800: Loss = 183.1741943359375
Epoch 22900: Loss = 183.05906677246094
Epoch 23000: Loss = 182.96841430664062
Epoch 23100: Loss = 183.0485076904297
Epoch 23200: Loss = 182.91571044921875
Epoch 23300: Loss = 182.97219848632812
Epoch 23400: Loss = 182.76358032226562
Epoch 23500: Loss = 182.6328887939453
Epoch 23600: Loss = 182.79690551757812
Epoch 23700: Loss = 182.9229736328125
Epoch 23800: Loss = 182.86863708496094
Epoch 23900: Loss = 182.93751525878906
Epoch 24000: Loss = 182.6684112548828
Epoch 24100: Loss = 182.73304748535156
Epoch 24200: Loss = 182.9907989501953
Epoch 24300: Loss = 182.85153198242188
Epoch 24400: Loss = 183.25537109375
Epoch 24500: Loss = 182.88998413085938
Epoch 24600: Loss = 183.05636596679688
Epoch 24700: Loss = 183.1156768798828
Epoch 24800: Loss = 183.161865234375
Epoch 24900: Loss = 182.5541534423828
Epoch 25000: Loss = 183.00546264648438
Epoch 25100: Loss = 182.7515869140625
Epoch 25200: Loss = 182.869873046875
Epoch 25300: Loss = 182.8805389404297
Epoch 25400: Loss = 182.71646118164062
Epoch 25500: Loss = 182.7281494140625
Epoch 25600: Loss = 182.9989471435547
Epoch 25700: Loss = 182.98336791992188
Epoch 25800: Loss = 182.617919921875
Epoch 25900: Loss = 182.9307098388672
Epoch 26000: Loss = 182.80934143066406
Epoch 26100: Loss = 183.1173553466797
Epoch 26200: Loss = 182.87855529785156
Epoch 26300: Loss = 182.711181640625
Epoch 26400: Loss = 182.7316436767578
Epoch 26500: Loss = 183.0027618408203
Epoch 26600: Loss = 183.23974609375
Epoch 26700: Loss = 182.902587890625
Epoch 26800: Loss = 183.08885192871094
Epoch 26900: Loss = 183.10574340820312
Epoch 27000: Loss = 182.83851623535156
Epoch 27100: Loss = 183.06654357910156
Epoch 27200: Loss = 182.6873016357422
Epoch 27300: Loss = 182.89805603027344
Epoch 27400: Loss = 182.8046417236328
Epoch 27500: Loss = 183.59063720703125
Epoch 27600: Loss = 182.99374389648438
Epoch 27700: Loss = 182.84521484375
Epoch 27800: Loss = 182.92698669433594
Epoch 27900: Loss = 182.8049774169922
Epoch 28000: Loss = 182.70960998535156
Epoch 28100: Loss = 182.972412109375
Epoch 28200: Loss = 182.82554626464844
Epoch 28300: Loss = 182.88253784179688
Epoch 28400: Loss = 182.89736938476562
Epoch 28500: Loss = 182.8614044189453
Epoch 28600: Loss = 182.96722412109375
Epoch 28700: Loss = 182.86785888671875
Epoch 28800: Loss = 183.35800170898438
Epoch 28900: Loss = 183.1815643310547
Epoch 29000: Loss = 182.99647521972656
Epoch 29100: Loss = 183.0319061279297
Epoch 29200: Loss = 182.65476989746094
Epoch 29300: Loss = 182.79652404785156
Epoch 29400: Loss = 182.88951110839844
Epoch 29500: Loss = 183.0627899169922
Epoch 29600: Loss = 182.8359832763672
Epoch 29700: Loss = 182.9182891845703
Epoch 29800: Loss = 182.85400390625
Epoch 29900: Loss = 182.5950927734375

Training Complete.
Learned Drift Parameters (Equation terms):
dx_0/dt = 1.00000omega
dx_1/dt = -1.070251 + -2.11155theta + -0.10458omega + 0.00041theta^2 + 1.01261theta omega + 0.79660omega^2

RMSE (original units):
  Theta (phase): 0.094483 rad
  Omega (freq deviation): 0.014726 rad/s
  Combined: 0.067616
Detailed results saved to /pfs/data6/home/ka/ka_iai/ka_bj2362/dsr/svise/results/20260223_214337/model.json
Summary appended to /pfs/data6/home/ka/ka_iai/ka_bj2362/dsr/svise/experiments_log.csv

============================= JOB FEEDBACK =============================

NodeName=uc3n001
Job ID: 3245070
Cluster: uc3
User/Group: ka_bj2362/ka_iai
State: COMPLETED (exit code 0)
Nodes: 1
Cores per node: 4
CPU Utilized: 00:11:19
CPU Efficiency: 24.04% of 00:47:04 core-walltime
Job Wall-clock time: 00:11:46
Memory Utilized: 1.24 GB
Memory Efficiency: 15.93% of 7.81 GB (1.95 GB/core)
