Array task 27: processing chunks 26811 to 27803
Loading data from /pfs/data6/home/ka/ka_iai/ka_bj2362/dsr/svise/../dataset/Frequency_data_SK.pkl...
Finding all valid 5-minute chunks in the dataset...
Found 31760 valid 5-minute chunks in total.

============================================================
SVISE FINAL EVALUATION — ALL CHUNKS
============================================================
Hyperparameters: {
  "model": "integrator",
  "sigma": 10,
  "degree": 3,
  "tau": 0.5,
  "lr": 0.001,
  "n_tau": 100,
  "measurement_noise": 1e-05,
  "n_reparam_samples": 30
}
Total valid chunks in dataset: 31760
Processing chunk range: [26811, 27803] (993 chunks)
Early stopping: patience=300, max_epochs=10000
============================================================


--- Chunk 26811 (1/993) | Start: 2024-11-21 06:40:00 ---
/pfs/data6/home/ka/ka_iai/ka_bj2362/dsr/svise/svise/sde_learning/_marginal_sde.py:284: UserWarning: torch.triangular_solve is deprecated in favor of torch.linalg.solve_triangularand will be removed in a future PyTorch release.
torch.linalg.solve_triangular has its arguments reversed and does not return a copy of one of the inputs.
X = torch.triangular_solve(B, A).solution
should be replaced with
X = torch.linalg.solve_triangular(A, B). (Triggered internally at ../aten/src/ATen/native/BatchLinearAlgebra.cpp:2192.)
  return torch.triangular_solve(self.raw_w, self.C.t()).solution
/pfs/data6/home/ka/ka_iai/ka_bj2362/dsr/svise/svise/quadrature/_unbiased_quadrature.py:196: UserWarning: Interp is nan, reducing interp degree.
  warnings.warn("Interp is nan, reducing interp degree.")
    RMSE omega: 0.000300 | RMSE theta: 0.007848 | Loss: 0.7157 | Epoch: 5598
    Eq theta: 1.00000omega
    Eq omega: 0.035241 + 0.13937theta + 0.06810omega + 0.00186theta^2 + 0.36399theta omega + -0.03180omega^2 + -0.43010theta^3 + 0.03620theta^2 omega + 0.13921theta omega^2 + -0.00191omega^3

--- Chunk 26812 (2/993) | Start: 2024-11-21 06:45:00 ---
/pfs/data6/home/ka/ka_iai/ka_bj2362/dsr/svise/svise/quadrature/_unbiased_quadrature.py:174: UserWarning: NaN detected in fxq (quadrature node evaluations). Clamping to 0.
  warnings.warn("NaN detected in fxq (quadrature node evaluations). Clamping to 0.")
/pfs/data6/home/ka/ka_iai/ka_bj2362/dsr/svise/svise/quadrature/_unbiased_quadrature.py:177: UserWarning: NaN detected in fmc (Monte-Carlo node evaluations). Clamping to 0.
  warnings.warn("NaN detected in fmc (Monte-Carlo node evaluations). Clamping to 0.")
    RMSE omega: nan | RMSE theta: nan | Loss: 30393.4453 | Epoch: 1230
    Eq theta: 1.00000omega
    Eq omega: nan1 + nantheta + nanomega + nantheta^2 + nantheta omega + nanomega^2 + nantheta^3 + nantheta^2 omega + nantheta omega^2 + nanomega^3

--- Chunk 26813 (3/993) | Start: 2024-11-21 06:50:00 ---
    RMSE omega: 0.001511 | RMSE theta: 0.035997 | Loss: 91.2316 | Epoch: 1516
    Eq theta: 1.00000omega
    Eq omega: 0.002751 + -0.00219theta + 0.00375omega + -0.00031theta^2 + -0.00100theta omega + 0.01244omega^2 + -0.00019theta^3 + -0.00089theta^2 omega + 0.00011theta omega^2 + -0.00080omega^3

--- Chunk 26814 (4/993) | Start: 2024-11-21 06:55:00 ---
    RMSE omega: nan | RMSE theta: nan | Loss: 12804.5967 | Epoch: 1343
    Eq theta: 1.00000omega
    Eq omega: nan1 + nantheta + nanomega + nantheta^2 + nantheta omega + nanomega^2 + nantheta^3 + nantheta^2 omega + nantheta omega^2 + nanomega^3

--- Chunk 26815 (5/993) | Start: 2024-11-21 07:00:00 ---
    RMSE omega: nan | RMSE theta: nan | Loss: 99.2812 | Epoch: 969
    Eq theta: 1.00000omega
    Eq omega: nan1 + nantheta + nanomega + nantheta^2 + nantheta omega + nanomega^2 + nantheta^3 + nantheta^2 omega + nantheta omega^2 + nanomega^3

--- Chunk 26816 (6/993) | Start: 2024-11-21 07:05:00 ---
    RMSE omega: 0.000344 | RMSE theta: 0.008246 | Loss: -0.6550 | Epoch: 7330
    Eq theta: 1.00000omega
    Eq omega: 0.474931 + 0.65643theta + -0.01215omega + -0.55805theta^2 + -0.02977theta omega + 0.19263omega^2 + -0.33707theta^3 + -0.11832theta^2 omega + 0.05564theta omega^2 + -0.00102omega^3

--- Chunk 26817 (7/993) | Start: 2024-11-21 07:10:00 ---
    RMSE omega: 0.000668 | RMSE theta: 0.015122 | Loss: 0.2659 | Epoch: 8279
    Eq theta: 1.00000omega
    Eq omega: -1.034681 + -0.01803theta + 0.10373omega + 0.21973theta^2 + -0.00732theta omega + -0.02703omega^2 + -0.04055theta^3 + -0.00397theta^2 omega + 0.00043theta omega^2 + 0.09263omega^3

--- Chunk 26818 (8/993) | Start: 2024-11-21 07:15:00 ---
    RMSE omega: 0.000467 | RMSE theta: 0.011713 | Loss: -1.1055 | Epoch: 8989
    Eq theta: 1.00000omega
    Eq omega: -0.018991 + 0.00131theta + 0.06910omega + -0.00715theta^2 + -0.26016theta omega + 0.08323omega^2 + -0.00967theta^3 + 0.00089theta^2 omega + 0.10176theta omega^2 + 0.00171omega^3

--- Chunk 26819 (9/993) | Start: 2024-11-21 07:20:00 ---
    RMSE omega: 0.000563 | RMSE theta: 0.011370 | Loss: -3.8582 | Epoch: 8245
    Eq theta: 1.00000omega
    Eq omega: -0.046451 + -0.01511theta + 0.24281omega + 0.26813theta^2 + 0.01251theta omega + -0.38998omega^2 + -0.05853theta^3 + 0.00033theta^2 omega + 0.01994theta omega^2 + -0.00139omega^3

--- Chunk 26820 (10/993) | Start: 2024-11-21 07:25:00 ---
    RMSE omega: 0.001147 | RMSE theta: 0.023645 | Loss: 48.1168 | Epoch: 9999
    Eq theta: 1.00000omega
    Eq omega: -0.013041 + -0.00062theta + -0.00509omega + -0.00042theta^2 + -0.00083theta omega + 0.00019omega^2 + -0.00033theta^3 + 0.00002theta^2 omega + -0.00058theta omega^2 + 0.00034omega^3

--- Chunk 26821 (11/993) | Start: 2024-11-21 07:30:00 ---
    RMSE omega: nan | RMSE theta: nan | Loss: 34493.0547 | Epoch: 937
    Eq theta: 1.00000omega
    Eq omega: nan1 + nantheta + nanomega + nantheta^2 + nantheta omega + nanomega^2 + nantheta^3 + nantheta^2 omega + nantheta omega^2 + nanomega^3

--- Chunk 26822 (12/993) | Start: 2024-11-21 07:35:00 ---
    RMSE omega: nan | RMSE theta: nan | Loss: 86500.4219 | Epoch: 868
    Eq theta: 1.00000omega
    Eq omega: nan1 + nantheta + nanomega + nantheta^2 + nantheta omega + nanomega^2 + nantheta^3 + nantheta^2 omega + nantheta omega^2 + nanomega^3

--- Chunk 26823 (13/993) | Start: 2024-11-21 07:40:00 ---
    RMSE omega: 0.001084 | RMSE theta: 0.023107 | Loss: 13.8213 | Epoch: 9999
    Eq theta: 1.00000omega
    Eq omega: 0.017851 + -0.02323theta + -0.01522omega + -0.00031theta^2 + -0.19645theta omega + -0.02086omega^2 + 0.00569theta^3 + 0.00004theta^2 omega + -0.00461theta omega^2 + -0.05753omega^3

--- Chunk 26824 (14/993) | Start: 2024-11-21 07:45:00 ---
    RMSE omega: 0.007868 | RMSE theta: 0.169051 | Loss: 1457.1880 | Epoch: 1050
    Eq theta: 1.00000omega
    Eq omega: 0.010521 + -0.00576theta + -0.06212omega + -0.00089theta^2 + 0.00300theta omega + 0.01574omega^2 + -0.00003theta^3 + 0.00029theta^2 omega + -0.00034theta omega^2 + 0.00048omega^3

--- Chunk 26825 (15/993) | Start: 2024-11-21 07:50:00 ---
    RMSE omega: nan | RMSE theta: nan | Loss: 550799.3750 | Epoch: 1183
    Eq theta: 1.00000omega
    Eq omega: nan1 + nantheta + nanomega + nantheta^2 + nantheta omega + nanomega^2 + nantheta^3 + nantheta^2 omega + nantheta omega^2 + nanomega^3

--- Chunk 26826 (16/993) | Start: 2024-11-21 07:55:00 ---
    RMSE omega: nan | RMSE theta: nan | Loss: 25191.1562 | Epoch: 1084
    Eq theta: 1.00000omega
    Eq omega: nan1 + nantheta + nanomega + nantheta^2 + nantheta omega + nanomega^2 + nantheta^3 + nantheta^2 omega + nantheta omega^2 + nanomega^3

--- Chunk 26827 (17/993) | Start: 2024-11-21 08:00:00 ---
    RMSE omega: nan | RMSE theta: nan | Loss: 329590.6875 | Epoch: 1653
    Eq theta: 1.00000omega
    Eq omega: nan1 + nantheta + nanomega + nantheta^2 + nantheta omega + nanomega^2 + nantheta^3 + nantheta^2 omega + nantheta omega^2 + nanomega^3

--- Chunk 26828 (18/993) | Start: 2024-11-21 08:05:00 ---
    RMSE omega: 0.000603 | RMSE theta: 0.014628 | Loss: -3.5297 | Epoch: 9999
    Eq theta: 1.00000omega
    Eq omega: 0.009921 + -0.00380theta + 0.00661omega + -0.09268theta^2 + 0.20050theta omega + 0.14206omega^2 + -0.09351theta^3 + -0.06209theta^2 omega + -0.03241theta omega^2 + 0.01121omega^3

--- Chunk 26829 (19/993) | Start: 2024-11-21 08:10:00 ---
    RMSE omega: 0.000429 | RMSE theta: 0.008370 | Loss: -2.6675 | Epoch: 5485
    Eq theta: 1.00000omega
    Eq omega: -0.625231 + -0.52655theta + -0.19856omega + 0.22739theta^2 + -0.02488theta omega + 0.04637omega^2 + -0.05342theta^3 + -0.01968theta^2 omega + -0.01269theta omega^2 + -0.00337omega^3

--- Chunk 26830 (20/993) | Start: 2024-11-21 08:15:00 ---
    RMSE omega: 0.000330 | RMSE theta: 0.009267 | Loss: 0.4435 | Epoch: 4405
    Eq theta: 1.00000omega
    Eq omega: -0.001761 + -0.76910theta + 0.00713omega + 0.55140theta^2 + -0.44294theta omega + -0.18323omega^2 + 0.00434theta^3 + 0.01921theta^2 omega + 0.04604theta omega^2 + 0.03264omega^3

--- Chunk 26831 (21/993) | Start: 2024-11-21 08:20:00 ---
    RMSE omega: 0.000694 | RMSE theta: 0.010468 | Loss: 5.4477 | Epoch: 9999
    Eq theta: 1.00000omega
    Eq omega: -0.016481 + 0.00348theta + -0.05023omega + 0.06964theta^2 + 0.08177theta omega + -0.06430omega^2 + -0.01367theta^3 + -0.00018theta^2 omega + 0.00284theta omega^2 + -0.00464omega^3

--- Chunk 26832 (22/993) | Start: 2024-11-21 08:25:00 ---
    RMSE omega: 0.000377 | RMSE theta: 0.013343 | Loss: 0.7877 | Epoch: 9999
    Eq theta: 1.00000omega
    Eq omega: -0.093501 + -0.01320theta + 0.00368omega + -0.03065theta^2 + -0.02217theta omega + -0.00861omega^2 + -0.00599theta^3 + -0.00929theta^2 omega + -0.00135theta omega^2 + 0.00198omega^3

--- Chunk 26833 (23/993) | Start: 2024-11-21 08:30:00 ---
    RMSE omega: 0.000461 | RMSE theta: 0.017018 | Loss: -3.3258 | Epoch: 7425
    Eq theta: 1.00000omega
    Eq omega: 0.156091 + -0.00387theta + -0.00791omega + 0.06827theta^2 + -0.00224theta omega + 0.01077omega^2 + -0.04140theta^3 + 0.00571theta^2 omega + -0.00151theta omega^2 + -0.00148omega^3

--- Chunk 26834 (24/993) | Start: 2024-11-21 08:35:00 ---
    RMSE omega: 0.000394 | RMSE theta: 0.009560 | Loss: -1.3935 | Epoch: 8300
    Eq theta: 1.00000omega
    Eq omega: 2.229131 + 2.40849theta + 0.07580omega + -0.39211theta^2 + 0.17480theta omega + -0.34152omega^2 + -0.48926theta^3 + -0.01742theta^2 omega + -0.67350theta omega^2 + 0.03136omega^3

--- Chunk 26835 (25/993) | Start: 2024-11-21 08:40:00 ---
    RMSE omega: 0.000445 | RMSE theta: 0.013387 | Loss: 1.6268 | Epoch: 7425
    Eq theta: 1.00000omega
    Eq omega: 0.065091 + -0.01540theta + 0.00073omega + -0.03579theta^2 + -0.02231theta omega + 0.10296omega^2 + -0.00611theta^3 + -0.00165theta^2 omega + 0.04215theta omega^2 + -0.00698omega^3

--- Chunk 26836 (26/993) | Start: 2024-11-21 08:45:00 ---
    RMSE omega: nan | RMSE theta: nan | Loss: 13.9189 | Epoch: 2895
    Eq theta: 1.00000omega
    Eq omega: nan1 + nantheta + nanomega + nantheta^2 + nantheta omega + nanomega^2 + nantheta^3 + nantheta^2 omega + nantheta omega^2 + nanomega^3

--- Chunk 26837 (27/993) | Start: 2024-11-21 08:50:00 ---
    RMSE omega: 0.001103 | RMSE theta: 0.020166 | Loss: 14.3928 | Epoch: 2673
    Eq theta: 1.00000omega
    Eq omega: -0.026061 + -0.12131theta + 0.01520omega + -0.05960theta^2 + -0.00885theta omega + 0.04333omega^2 + -0.01120theta^3 + 0.00076theta^2 omega + 0.00349theta omega^2 + -0.00165omega^3

--- Chunk 26838 (28/993) | Start: 2024-11-21 08:55:00 ---
    RMSE omega: 0.000653 | RMSE theta: 0.010714 | Loss: -1.7514 | Epoch: 6439
    Eq theta: 1.00000omega
    Eq omega: -0.007801 + 0.04570theta + -0.01549omega + 0.17690theta^2 + 0.07788theta omega + -0.06051omega^2 + -0.21299theta^3 + -0.01178theta^2 omega + 0.14813theta omega^2 + -0.01866omega^3

--- Chunk 26839 (29/993) | Start: 2024-11-21 09:00:00 ---
    RMSE omega: nan | RMSE theta: nan | Loss: 5299.9385 | Epoch: 1038
    Eq theta: 1.00000omega
    Eq omega: nan1 + nantheta + nanomega + nantheta^2 + nantheta omega + nanomega^2 + nantheta^3 + nantheta^2 omega + nantheta omega^2 + nanomega^3

--- Chunk 26840 (30/993) | Start: 2024-11-21 09:05:00 ---
    RMSE omega: 0.000654 | RMSE theta: 0.015381 | Loss: 2.3318 | Epoch: 9888
    Eq theta: 1.00000omega
    Eq omega: 0.602131 + 0.36027theta + -1.12278omega + -0.23248theta^2 + 0.00330theta omega + 0.49076omega^2 + -0.04292theta^3 + 0.10774theta^2 omega + -0.00145theta omega^2 + 0.00424omega^3

--- Chunk 26841 (31/993) | Start: 2024-11-21 09:10:00 ---
    RMSE omega: 0.000675 | RMSE theta: 0.016976 | Loss: 7.3703 | Epoch: 9548
    Eq theta: 1.00000omega
    Eq omega: -0.014321 + 0.00179theta + -0.04076omega + -0.00078theta^2 + -0.01014theta omega + -0.00523omega^2 + -0.00300theta^3 + 0.00004theta^2 omega + -0.00835theta omega^2 + -0.00139omega^3

--- Chunk 26842 (32/993) | Start: 2024-11-21 09:15:00 ---
    RMSE omega: 0.000393 | RMSE theta: 0.011018 | Loss: 4.5259 | Epoch: 5530
    Eq theta: 1.00000omega
    Eq omega: -0.059101 + 0.00464theta + 0.02041omega + 0.06844theta^2 + -0.02668theta omega + -0.12454omega^2 + -0.02396theta^3 + 0.04762theta^2 omega + 0.00163theta omega^2 + -0.01683omega^3

--- Chunk 26843 (33/993) | Start: 2024-11-21 09:20:00 ---
    RMSE omega: nan | RMSE theta: nan | Loss: 25037.0977 | Epoch: 1094
    Eq theta: 1.00000omega
    Eq omega: nan1 + nantheta + nanomega + nantheta^2 + nantheta omega + nanomega^2 + nantheta^3 + nantheta^2 omega + nantheta omega^2 + nanomega^3

--- Chunk 26844 (34/993) | Start: 2024-11-21 09:25:00 ---
    RMSE omega: 0.000467 | RMSE theta: 0.011454 | Loss: -3.1722 | Epoch: 8267
    Eq theta: 1.00000omega
    Eq omega: -0.019311 + -0.05486theta + 0.07065omega + -0.17041theta^2 + 0.16907theta omega + 0.07600omega^2 + -0.07633theta^3 + -0.19678theta^2 omega + 0.01831theta omega^2 + 0.10047omega^3

--- Chunk 26845 (35/993) | Start: 2024-11-21 09:30:00 ---
    RMSE omega: 0.000570 | RMSE theta: 0.011205 | Loss: 3.9058 | Epoch: 9999
    Eq theta: 1.00000omega
    Eq omega: 0.022571 + 0.05498theta + -0.01483omega + 0.00935theta^2 + 0.00021theta omega + -0.01454omega^2 + -0.00753theta^3 + -0.00032theta^2 omega + 0.01530theta omega^2 + 0.01265omega^3

--- Chunk 26846 (36/993) | Start: 2024-11-21 09:35:00 ---
    RMSE omega: 0.000422 | RMSE theta: 0.011689 | Loss: -1.2894 | Epoch: 5494
    Eq theta: 1.00000omega
    Eq omega: -0.014151 + -0.00467theta + 0.01123omega + -0.09334theta^2 + 0.02666theta omega + -0.03254omega^2 + -0.04699theta^3 + 0.00325theta^2 omega + -0.00478theta omega^2 + -0.00432omega^3

--- Chunk 26847 (37/993) | Start: 2024-11-21 09:40:00 ---
    RMSE omega: 0.000457 | RMSE theta: 0.013634 | Loss: 2.0187 | Epoch: 8599
    Eq theta: 1.00000omega
    Eq omega: 0.736591 + 1.05955theta + -0.06407omega + -0.14502theta^2 + -0.09584theta omega + -0.06687omega^2 + -0.21337theta^3 + 0.02200theta^2 omega + 0.05252theta omega^2 + -0.05606omega^3

--- Chunk 26848 (38/993) | Start: 2024-11-21 09:45:00 ---
    RMSE omega: 0.000330 | RMSE theta: 0.010835 | Loss: 4.2143 | Epoch: 5373
    Eq theta: 1.00000omega
    Eq omega: -0.012031 + -0.04894theta + -0.02865omega + 0.04057theta^2 + -0.05481theta omega + -0.01778omega^2 + -0.19013theta^3 + -0.05753theta^2 omega + 0.10387theta omega^2 + -0.00092omega^3

--- Chunk 26849 (39/993) | Start: 2024-11-21 09:50:00 ---
    RMSE omega: 0.000419 | RMSE theta: 0.009158 | Loss: -0.8757 | Epoch: 6264
    Eq theta: 1.00000omega
    Eq omega: 0.300031 + -1.19302theta + -0.01515omega + -0.04384theta^2 + 0.20197theta omega + 0.00236omega^2 + 0.06994theta^3 + -0.27269theta^2 omega + 0.07427theta omega^2 + 0.02866omega^3

--- Chunk 26850 (40/993) | Start: 2024-11-21 09:55:00 ---
    RMSE omega: 0.000599 | RMSE theta: 0.008772 | Loss: 1.2353 | Epoch: 9008
    Eq theta: 1.00000omega
    Eq omega: -0.571411 + -0.10351theta + 0.28450omega + 0.71467theta^2 + -0.45509theta omega + -0.16910omega^2 + -0.16305theta^3 + -0.45892theta^2 omega + 0.32097theta omega^2 + 0.05528omega^3

--- Chunk 26851 (41/993) | Start: 2024-11-21 10:00:00 ---
    RMSE omega: 0.000381 | RMSE theta: 0.010087 | Loss: -1.8527 | Epoch: 8899
    Eq theta: 1.00000omega
    Eq omega: 0.248301 + -0.19204theta + -0.04129omega + -0.32156theta^2 + 0.00428theta omega + -0.01593omega^2 + -0.02207theta^3 + 0.00238theta^2 omega + -0.32597theta omega^2 + -0.02225omega^3

--- Chunk 26852 (42/993) | Start: 2024-11-21 10:05:00 ---
    RMSE omega: 0.000380 | RMSE theta: 0.010222 | Loss: 2.5019 | Epoch: 6173
    Eq theta: 1.00000omega
    Eq omega: -0.018081 + -0.18585theta + 0.01644omega + 0.00346theta^2 + 0.00960theta omega + 0.00952omega^2 + -0.00196theta^3 + -0.00367theta^2 omega + 0.00283theta omega^2 + 0.01624omega^3

--- Chunk 26853 (43/993) | Start: 2024-11-21 10:10:00 ---
    RMSE omega: 0.000425 | RMSE theta: 0.009862 | Loss: 1.7268 | Epoch: 8162
    Eq theta: 1.00000omega
    Eq omega: -0.037881 + 0.01092theta + 0.00584omega + -0.03330theta^2 + 0.01036theta omega + -0.00303omega^2 + -0.02011theta^3 + -0.00114theta^2 omega + 0.00320theta omega^2 + 0.00317omega^3

--- Chunk 26854 (44/993) | Start: 2024-11-21 10:15:00 ---
    RMSE omega: 0.000704 | RMSE theta: 0.014001 | Loss: -1.9601 | Epoch: 8520
    Eq theta: 1.00000omega
    Eq omega: 0.044371 + -0.17759theta + 0.02663omega + 0.08309theta^2 + -0.07693theta omega + 0.00111omega^2 + -0.01112theta^3 + 0.03439theta^2 omega + 0.01520theta omega^2 + -0.02396omega^3

--- Chunk 26855 (45/993) | Start: 2024-11-21 10:20:00 ---
    RMSE omega: nan | RMSE theta: nan | Loss: 11041.8857 | Epoch: 1238
    Eq theta: 1.00000omega
    Eq omega: nan1 + nantheta + nanomega + nantheta^2 + nantheta omega + nanomega^2 + nantheta^3 + nantheta^2 omega + nantheta omega^2 + nanomega^3

--- Chunk 26856 (46/993) | Start: 2024-11-21 10:25:00 ---
    RMSE omega: 0.000401 | RMSE theta: 0.010032 | Loss: 0.5031 | Epoch: 7196
    Eq theta: 1.00000omega
    Eq omega: 0.039041 + -0.21736theta + -0.08039omega + -0.03759theta^2 + 0.00218theta omega + -0.02204omega^2 + 0.00048theta^3 + -0.00139theta^2 omega + -0.00110theta omega^2 + -0.01263omega^3

--- Chunk 26857 (47/993) | Start: 2024-11-21 10:30:00 ---
    RMSE omega: 0.000301 | RMSE theta: 0.005304 | Loss: -2.0940 | Epoch: 5173
    Eq theta: 1.00000omega
    Eq omega: -0.062671 + -0.44438theta + -0.03086omega + -0.05722theta^2 + 0.01480theta omega + 0.36397omega^2 + -0.25739theta^3 + 0.02974theta^2 omega + -0.17368theta omega^2 + 0.01148omega^3

--- Chunk 26858 (48/993) | Start: 2024-11-21 10:35:00 ---
    RMSE omega: 0.001937 | RMSE theta: 0.026875 | Loss: 68.4109 | Epoch: 1408
    Eq theta: 1.00000omega
    Eq omega: -0.009941 + -0.25402theta + 0.01735omega + 0.14708theta^2 + -0.00713theta omega + -0.01675omega^2 + -0.04906theta^3 + 0.12971theta^2 omega + -0.03060theta omega^2 + -0.01179omega^3

--- Chunk 26859 (49/993) | Start: 2024-11-21 10:40:00 ---
    RMSE omega: 0.000582 | RMSE theta: 0.018147 | Loss: 2.1742 | Epoch: 5833
    Eq theta: 1.00000omega
    Eq omega: -0.001181 + -0.10304theta + -0.00034omega + -0.06071theta^2 + 0.01123theta omega + -0.00155omega^2 + -0.00442theta^3 + -0.00174theta^2 omega + -0.02263theta omega^2 + 0.00083omega^3

--- Chunk 26860 (50/993) | Start: 2024-11-21 10:45:00 ---
    RMSE omega: 0.000427 | RMSE theta: 0.008052 | Loss: 1.0084 | Epoch: 9164
    Eq theta: 1.00000omega
    Eq omega: -0.042471 + -0.01275theta + -0.00511omega + 0.14332theta^2 + 0.02387theta omega + -0.01762omega^2 + -0.01522theta^3 + -0.00181theta^2 omega + -0.00530theta omega^2 + 0.00605omega^3

  [Progress 50/993] Mean RMSE omega: 0.000789 | Mean loss: 22259.4259 | Valid: 38/50 | Elapsed: 2577.5min | ETA: 48610.9min

--- Chunk 26861 (51/993) | Start: 2024-11-21 10:50:00 ---
    RMSE omega: 0.000316 | RMSE theta: 0.009601 | Loss: -1.7352 | Epoch: 4122
    Eq theta: 1.00000omega
    Eq omega: 0.763411 + -1.11721theta + -0.02563omega + -1.13280theta^2 + -0.03918theta omega + -0.17725omega^2 + -0.15798theta^3 + 0.72420theta^2 omega + 0.14200theta omega^2 + -0.17254omega^3

--- Chunk 26862 (52/993) | Start: 2024-11-21 10:55:00 ---
    RMSE omega: 0.000452 | RMSE theta: 0.008854 | Loss: -2.4920 | Epoch: 9999
    Eq theta: 1.00000omega
    Eq omega: -0.074941 + 0.47117theta + 0.02455omega + 0.07111theta^2 + 0.35022theta omega + 0.00570omega^2 + -0.15968theta^3 + -0.05821theta^2 omega + -0.01797theta omega^2 + 0.07619omega^3

--- Chunk 26863 (53/993) | Start: 2024-11-21 11:00:00 ---
    RMSE omega: 0.000575 | RMSE theta: 0.012692 | Loss: 0.0043 | Epoch: 5474
    Eq theta: 1.00000omega
    Eq omega: -0.044291 + -0.20646theta + 0.03878omega + 0.04863theta^2 + 0.05839theta omega + -0.05776omega^2 + -0.00967theta^3 + 0.01133theta^2 omega + -0.05434theta omega^2 + 0.00412omega^3

--- Chunk 26864 (54/993) | Start: 2024-11-21 11:05:00 ---
    RMSE omega: 0.000356 | RMSE theta: 0.011545 | Loss: 2.2930 | Epoch: 6991
    Eq theta: 1.00000omega
    Eq omega: 0.037021 + 0.05812theta + -0.06343omega + 0.08775theta^2 + 0.08048theta omega + -0.20406omega^2 + -0.06480theta^3 + -0.00272theta^2 omega + 0.23925theta omega^2 + -0.01283omega^3

--- Chunk 26865 (55/993) | Start: 2024-11-21 11:10:00 ---
    RMSE omega: 0.000556 | RMSE theta: 0.008097 | Loss: -0.5559 | Epoch: 8977
    Eq theta: 1.00000omega
    Eq omega: -0.202141 + -0.06730theta + -0.01198omega + -0.01725theta^2 + -0.20358theta omega + -0.30657omega^2 + -0.17874theta^3 + -0.00982theta^2 omega + -0.82674theta omega^2 + -0.00420omega^3

--- Chunk 26866 (56/993) | Start: 2024-11-21 11:15:00 ---
    RMSE omega: 0.000444 | RMSE theta: 0.010269 | Loss: -2.8508 | Epoch: 6932
    Eq theta: 1.00000omega
    Eq omega: 0.158571 + 0.00964theta + 0.00590omega + -0.00493theta^2 + -0.03142theta omega + 0.04234omega^2 + -0.16933theta^3 + -0.04996theta^2 omega + -0.01505theta omega^2 + 0.01026omega^3

--- Chunk 26867 (57/993) | Start: 2024-11-21 11:20:00 ---
    RMSE omega: 0.000370 | RMSE theta: 0.009613 | Loss: -1.3993 | Epoch: 4977
    Eq theta: 1.00000omega
    Eq omega: 0.374721 + -0.51278theta + -0.03862omega + -0.22641theta^2 + 0.36392theta omega + 0.05124omega^2 + -0.20524theta^3 + 0.30052theta^2 omega + -0.15469theta omega^2 + -0.00897omega^3

--- Chunk 26868 (58/993) | Start: 2024-11-21 11:25:00 ---
    RMSE omega: 0.000426 | RMSE theta: 0.014593 | Loss: -2.2994 | Epoch: 5493
    Eq theta: 1.00000omega
    Eq omega: 0.071731 + -3.32628theta + -0.05334omega + 0.54092theta^2 + -0.13250theta omega + -0.12881omega^2 + 0.02331theta^3 + 0.06527theta^2 omega + 1.14754theta omega^2 + 0.02229omega^3

--- Chunk 26869 (59/993) | Start: 2024-11-21 11:30:00 ---
    RMSE omega: 0.000440 | RMSE theta: 0.011954 | Loss: -1.8900 | Epoch: 7200
    Eq theta: 1.00000omega
    Eq omega: -1.208421 + -1.10231theta + -0.18275omega + 1.41595theta^2 + -0.36475theta omega + 0.68120omega^2 + -0.22289theta^3 + 0.25870theta^2 omega + -0.41271theta omega^2 + -0.06189omega^3

--- Chunk 26870 (60/993) | Start: 2024-11-21 11:35:00 ---
    RMSE omega: 0.000518 | RMSE theta: 0.008991 | Loss: 2.5174 | Epoch: 8224
    Eq theta: 1.00000omega
    Eq omega: 0.003391 + 0.00753theta + 0.02807omega + -0.00518theta^2 + -0.00023theta omega + -0.01491omega^2 + 0.00205theta^3 + 0.00239theta^2 omega + -0.10477theta omega^2 + 0.00157omega^3

--- Chunk 26871 (61/993) | Start: 2024-11-21 11:40:00 ---
    RMSE omega: 0.000282 | RMSE theta: 0.008308 | Loss: 1.3005 | Epoch: 5254
    Eq theta: 1.00000omega
    Eq omega: -0.049261 + -0.49755theta + 0.05297omega + 0.08000theta^2 + -0.03698theta omega + -0.01059omega^2 + 0.01078theta^3 + 0.06518theta^2 omega + -0.03447theta omega^2 + 0.00100omega^3

--- Chunk 26872 (62/993) | Start: 2024-11-21 11:45:00 ---
    RMSE omega: 0.000319 | RMSE theta: 0.011249 | Loss: 0.0447 | Epoch: 5954
    Eq theta: 1.00000omega
    Eq omega: 0.007751 + -1.64098theta + 0.16057omega + 0.26379theta^2 + 0.04637theta omega + -0.18563omega^2 + -0.06343theta^3 + 0.05579theta^2 omega + 0.35604theta omega^2 + 0.01385omega^3

--- Chunk 26873 (63/993) | Start: 2024-11-21 11:50:00 ---
    RMSE omega: 0.000506 | RMSE theta: 0.011213 | Loss: -2.5464 | Epoch: 7778
    Eq theta: 1.00000omega
    Eq omega: 1.532261 + -0.63522theta + 0.55358omega + -0.91917theta^2 + -0.48252theta omega + -0.49880omega^2 + -0.37056theta^3 + 0.00755theta^2 omega + 0.08024theta omega^2 + -0.28652omega^3

--- Chunk 26874 (64/993) | Start: 2024-11-21 11:55:00 ---
    RMSE omega: 0.000409 | RMSE theta: 0.013053 | Loss: 2.2873 | Epoch: 8725
    Eq theta: 1.00000omega
    Eq omega: 0.064071 + 0.01334theta + -0.00517omega + -0.02528theta^2 + -0.02271theta omega + -0.00210omega^2 + -0.02055theta^3 + -0.00187theta^2 omega + 0.05877theta omega^2 + 0.01224omega^3

--- Chunk 26875 (65/993) | Start: 2024-11-21 12:00:00 ---
    RMSE omega: 0.000336 | RMSE theta: 0.011768 | Loss: 2.7235 | Epoch: 9922
    Eq theta: 1.00000omega
    Eq omega: -0.005881 + 0.03054theta + -0.08038omega + -0.00316theta^2 + -0.06802theta omega + -0.02941omega^2 + -0.00597theta^3 + 0.02994theta^2 omega + -0.00078theta omega^2 + -0.04442omega^3

--- Chunk 26876 (66/993) | Start: 2024-11-21 12:05:00 ---
    RMSE omega: 0.000419 | RMSE theta: 0.010276 | Loss: -1.4887 | Epoch: 8868
    Eq theta: 1.00000omega
    Eq omega: -0.042621 + -1.11970theta + 0.15171omega + -0.00629theta^2 + -0.17291theta omega + 0.01237omega^2 + -0.36672theta^3 + 0.00636theta^2 omega + 0.34549theta omega^2 + -0.00422omega^3

--- Chunk 26877 (67/993) | Start: 2024-11-21 12:10:00 ---
    RMSE omega: 0.000512 | RMSE theta: 0.010320 | Loss: -3.1567 | Epoch: 9084
    Eq theta: 1.00000omega
    Eq omega: -0.750221 + -0.21131theta + -0.35080omega + 0.08177theta^2 + 0.05243theta omega + 0.01368omega^2 + -0.00182theta^3 + 0.00399theta^2 omega + -0.01316theta omega^2 + -0.01468omega^3

--- Chunk 26878 (68/993) | Start: 2024-11-21 12:15:00 ---
    RMSE omega: 0.000943 | RMSE theta: 0.009832 | Loss: 9.8157 | Epoch: 9999
    Eq theta: 1.00000omega
    Eq omega: -0.001461 + 0.01729theta + 0.17029omega + 0.02188theta^2 + 0.00844theta omega + 0.01284omega^2 + -0.00839theta^3 + -0.00006theta^2 omega + 0.00107theta omega^2 + 0.00193omega^3

--- Chunk 26879 (69/993) | Start: 2024-11-21 12:20:00 ---
    RMSE omega: 0.000296 | RMSE theta: 0.006924 | Loss: -3.6775 | Epoch: 5701
    Eq theta: 1.00000omega
    Eq omega: -0.129701 + -0.19986theta + -0.02753omega + -0.02415theta^2 + -0.05946theta omega + -0.15254omega^2 + -0.04593theta^3 + 0.00378theta^2 omega + -0.01229theta omega^2 + -0.00106omega^3

--- Chunk 26880 (70/993) | Start: 2024-11-21 12:25:00 ---
    RMSE omega: 0.000526 | RMSE theta: 0.010967 | Loss: -0.9185 | Epoch: 8892
    Eq theta: 1.00000omega
    Eq omega: -0.140321 + -0.03504theta + 0.00977omega + 0.20693theta^2 + 0.05630theta omega + -0.05692omega^2 + -0.06077theta^3 + -0.07406theta^2 omega + -0.00360theta omega^2 + 0.03718omega^3

--- Chunk 26881 (71/993) | Start: 2024-11-21 12:30:00 ---
    RMSE omega: 0.000293 | RMSE theta: 0.007480 | Loss: 0.3925 | Epoch: 5024
    Eq theta: 1.00000omega
    Eq omega: -0.175371 + -0.02436theta + -0.03763omega + -0.00464theta^2 + -0.00871theta omega + 0.00587omega^2 + -0.05204theta^3 + 0.04292theta^2 omega + -0.02019theta omega^2 + -0.00695omega^3

--- Chunk 26882 (72/993) | Start: 2024-11-21 12:35:00 ---
    RMSE omega: nan | RMSE theta: nan | Loss: 16.5725 | Epoch: 1882
    Eq theta: 1.00000omega
    Eq omega: nan1 + nantheta + nanomega + nantheta^2 + nantheta omega + nanomega^2 + nantheta^3 + nantheta^2 omega + nantheta omega^2 + nanomega^3

--- Chunk 26883 (73/993) | Start: 2024-11-21 12:40:00 ---
    RMSE omega: 0.000470 | RMSE theta: 0.014893 | Loss: -1.0557 | Epoch: 7687
    Eq theta: 1.00000omega
    Eq omega: 0.258301 + -1.47330theta + -0.00393omega + 0.06714theta^2 + 0.15740theta omega + -0.06596omega^2 + -0.01411theta^3 + 0.00235theta^2 omega + 0.41479theta omega^2 + -0.00886omega^3

--- Chunk 26884 (74/993) | Start: 2024-11-21 12:45:00 ---
    RMSE omega: 0.000260 | RMSE theta: 0.009738 | Loss: -1.8362 | Epoch: 7516
    Eq theta: 1.00000omega
    Eq omega: 0.029001 + -1.69848theta + -0.00006omega + 0.49127theta^2 + 0.19162theta omega + -0.07911omega^2 + -0.30625theta^3 + -0.19989theta^2 omega + 0.94425theta omega^2 + -0.00244omega^3

--- Chunk 26885 (75/993) | Start: 2024-11-21 12:50:00 ---
    RMSE omega: 0.000699 | RMSE theta: 0.014214 | Loss: -4.5674 | Epoch: 8643
    Eq theta: 1.00000omega
    Eq omega: -0.004201 + -0.04659theta + 0.00140omega + -0.11951theta^2 + 0.00934theta omega + -0.03528omega^2 + 0.00287theta^3 + 0.01629theta^2 omega + -0.26626theta omega^2 + 0.00210omega^3

--- Chunk 26886 (76/993) | Start: 2024-11-21 12:55:00 ---
    RMSE omega: nan | RMSE theta: nan | Loss: 7982.4619 | Epoch: 660
    Eq theta: 1.00000omega
    Eq omega: nan1 + nantheta + nanomega + nantheta^2 + nantheta omega + nanomega^2 + nantheta^3 + nantheta^2 omega + nantheta omega^2 + nanomega^3

--- Chunk 26887 (77/993) | Start: 2024-11-21 13:00:00 ---
    RMSE omega: 0.000531 | RMSE theta: 0.015707 | Loss: 3.4388 | Epoch: 7219
    Eq theta: 1.00000omega
    Eq omega: -0.063581 + 0.00243theta + 0.04626omega + 0.00061theta^2 + 0.00005theta omega + -0.00567omega^2 + -0.00017theta^3 + -0.00025theta^2 omega + -0.00018theta omega^2 + 0.00105omega^3

--- Chunk 26888 (78/993) | Start: 2024-11-21 13:05:00 ---
    RMSE omega: 0.000459 | RMSE theta: 0.015665 | Loss: -0.2085 | Epoch: 5487
    Eq theta: 1.00000omega
    Eq omega: -0.117511 + -0.77188theta + -0.24583omega + 0.05486theta^2 + -0.06304theta omega + 0.06080omega^2 + -0.00127theta^3 + 0.00183theta^2 omega + 0.00180theta omega^2 + -0.02222omega^3

--- Chunk 26889 (79/993) | Start: 2024-11-21 13:10:00 ---
    RMSE omega: 0.000477 | RMSE theta: 0.017243 | Loss: 2.5594 | Epoch: 6210
    Eq theta: 1.00000omega
    Eq omega: -0.003941 + -0.31387theta + -0.00252omega + 0.06595theta^2 + -0.06755theta omega + -0.00162omega^2 + 0.00625theta^3 + -0.00533theta^2 omega + 0.05917theta omega^2 + 0.00382omega^3

--- Chunk 26890 (80/993) | Start: 2024-11-21 13:15:00 ---
    RMSE omega: 0.000663 | RMSE theta: 0.012473 | Loss: -0.8405 | Epoch: 9999
    Eq theta: 1.00000omega
    Eq omega: -0.219271 + -0.19545theta + -0.09863omega + 0.10244theta^2 + -0.25358theta omega + -0.01030omega^2 + -0.04393theta^3 + 0.00273theta^2 omega + -0.00180theta omega^2 + 0.00520omega^3

--- Chunk 26891 (81/993) | Start: 2024-11-21 13:20:00 ---
    RMSE omega: 0.000340 | RMSE theta: 0.009839 | Loss: -1.6268 | Epoch: 5400
    Eq theta: 1.00000omega
    Eq omega: -0.380441 + -0.08338theta + -0.02523omega + 0.35774theta^2 + 0.61204theta omega + -0.07317omega^2 + -0.10384theta^3 + 0.23966theta^2 omega + -0.01707theta omega^2 + -0.00975omega^3

--- Chunk 26892 (82/993) | Start: 2024-11-21 13:25:00 ---
    RMSE omega: 0.000470 | RMSE theta: 0.015349 | Loss: -2.3055 | Epoch: 9596
    Eq theta: 1.00000omega
    Eq omega: -0.513151 + -2.35456theta + 0.00793omega + 0.53636theta^2 + -0.09496theta omega + -0.03763omega^2 + 0.47727theta^3 + -0.19467theta^2 omega + 0.53559theta omega^2 + 0.09173omega^3

--- Chunk 26893 (83/993) | Start: 2024-11-21 13:30:00 ---
    RMSE omega: 0.000436 | RMSE theta: 0.011208 | Loss: -1.0105 | Epoch: 5074
    Eq theta: 1.00000omega
    Eq omega: -0.106591 + -0.16833theta + -0.04274omega + 0.67503theta^2 + -0.08012theta omega + 0.04434omega^2 + -0.80804theta^3 + 0.53231theta^2 omega + -0.04048theta omega^2 + -0.03844omega^3

--- Chunk 26894 (84/993) | Start: 2024-11-21 13:35:00 ---
    RMSE omega: 0.000537 | RMSE theta: 0.012540 | Loss: 0.0494 | Epoch: 7427
    Eq theta: 1.00000omega
    Eq omega: -1.589211 + -1.00080theta + 0.10524omega + 0.50435theta^2 + 0.16262theta omega + 0.55288omega^2 + -0.04026theta^3 + -0.44953theta^2 omega + 0.16460theta omega^2 + 0.10188omega^3

--- Chunk 26895 (85/993) | Start: 2024-11-21 13:40:00 ---
    RMSE omega: 0.000358 | RMSE theta: 0.009518 | Loss: -0.9971 | Epoch: 8041
    Eq theta: 1.00000omega
    Eq omega: 0.006311 + 0.02378theta + -0.00190omega + -0.10670theta^2 + 0.27033theta omega + 0.00428omega^2 + -0.31441theta^3 + -0.00316theta^2 omega + 0.04135theta omega^2 + 0.01242omega^3

--- Chunk 26896 (86/993) | Start: 2024-11-21 13:45:00 ---
    RMSE omega: 0.004776 | RMSE theta: 0.106842 | Loss: 259.8048 | Epoch: 9999
    Eq theta: 1.00000omega
    Eq omega: -0.062491 + -0.80485theta + 0.00765omega + 0.01016theta^2 + -0.00925theta omega + -0.00045omega^2 + 0.00071theta^3 + -0.12167theta^2 omega + 0.42307theta omega^2 + 0.01704omega^3

--- Chunk 26897 (87/993) | Start: 2024-11-21 13:50:00 ---
    RMSE omega: 0.000440 | RMSE theta: 0.009814 | Loss: 3.7050 | Epoch: 4906
    Eq theta: 1.00000omega
    Eq omega: 0.433981 + -0.02352theta + -0.07592omega + -0.20025theta^2 + -0.00087theta omega + 0.01384omega^2 + -0.11983theta^3 + -0.02572theta^2 omega + 0.01544theta omega^2 + -0.01592omega^3

--- Chunk 26898 (88/993) | Start: 2024-11-21 13:55:00 ---
    RMSE omega: 0.000428 | RMSE theta: 0.008997 | Loss: 3.1702 | Epoch: 5435
    Eq theta: 1.00000omega
    Eq omega: 0.281601 + -0.00792theta + -0.09633omega + -0.63088theta^2 + 0.44392theta omega + 0.10562omega^2 + -0.43112theta^3 + 0.21828theta^2 omega + 0.02428theta omega^2 + -0.02489omega^3

--- Chunk 26899 (89/993) | Start: 2024-11-21 14:00:00 ---
    RMSE omega: nan | RMSE theta: nan | Loss: 811.7122 | Epoch: 1196
    Eq theta: 1.00000omega
    Eq omega: nan1 + nantheta + nanomega + nantheta^2 + nantheta omega + nanomega^2 + nantheta^3 + nantheta^2 omega + nantheta omega^2 + nanomega^3

--- Chunk 26900 (90/993) | Start: 2024-11-21 14:05:00 ---
    RMSE omega: 0.000446 | RMSE theta: 0.015717 | Loss: -1.6850 | Epoch: 5460
    Eq theta: 1.00000omega
    Eq omega: -0.048091 + -0.46258theta + 0.00564omega + -0.01563theta^2 + 0.05864theta omega + -0.05225omega^2 + -0.22888theta^3 + -0.20819theta^2 omega + 0.02429theta omega^2 + 0.00917omega^3

--- Chunk 26901 (91/993) | Start: 2024-11-21 14:10:00 ---
    RMSE omega: 0.000656 | RMSE theta: 0.016594 | Loss: 6.7978 | Epoch: 9484
    Eq theta: 1.00000omega
    Eq omega: -0.025321 + 0.00240theta + -0.10101omega + -0.00211theta^2 + -0.00110theta omega + 0.00073omega^2 + -0.00762theta^3 + 0.06112theta^2 omega + 0.00436theta omega^2 + -0.00235omega^3

--- Chunk 26902 (92/993) | Start: 2024-11-21 14:15:00 ---
    RMSE omega: 0.000566 | RMSE theta: 0.010972 | Loss: -2.8022 | Epoch: 6068
    Eq theta: 1.00000omega
    Eq omega: 0.437831 + -0.41671theta + 0.03986omega + -0.56188theta^2 + -0.26107theta omega + -0.02649omega^2 + -0.50133theta^3 + -0.01906theta^2 omega + 0.33196theta omega^2 + -0.01297omega^3

--- Chunk 26903 (93/993) | Start: 2024-11-21 14:20:00 ---
    RMSE omega: 0.000434 | RMSE theta: 0.013501 | Loss: -0.0475 | Epoch: 9689
    Eq theta: 1.00000omega
    Eq omega: 2.738621 + 1.40971theta + 0.01352omega + -0.26120theta^2 + 0.04744theta omega + -0.68889omega^2 + -0.15768theta^3 + 0.02156theta^2 omega + 0.00114theta omega^2 + -0.02363omega^3

--- Chunk 26904 (94/993) | Start: 2024-11-21 14:25:00 ---
    RMSE omega: 0.000559 | RMSE theta: 0.015701 | Loss: 0.2279 | Epoch: 8590
    Eq theta: 1.00000omega
    Eq omega: 0.029131 + 0.00500theta + 0.73996omega + -0.09717theta^2 + 0.03162theta omega + 0.63151omega^2 + -0.02308theta^3 + 0.01613theta^2 omega + 0.03701theta omega^2 + 0.00461omega^3

--- Chunk 26905 (95/993) | Start: 2024-11-21 14:30:00 ---
    RMSE omega: 0.000574 | RMSE theta: 0.014449 | Loss: 3.8248 | Epoch: 9999
    Eq theta: 1.00000omega
    Eq omega: -0.001091 + -0.01560theta + -0.00593omega + -0.00459theta^2 + -0.00248theta omega + 0.00306omega^2 + 0.00404theta^3 + 0.00047theta^2 omega + -0.00017theta omega^2 + -0.00060omega^3

--- Chunk 26906 (96/993) | Start: 2024-11-21 14:35:00 ---
    RMSE omega: 0.000908 | RMSE theta: 0.009928 | Loss: -1.0285 | Epoch: 6372
    Eq theta: 1.00000omega
    Eq omega: -0.152681 + -0.07405theta + 0.01562omega + -0.02519theta^2 + 0.00824theta omega + 0.00406omega^2 + -0.05190theta^3 + 0.04890theta^2 omega + 0.18235theta omega^2 + 0.00919omega^3

--- Chunk 26907 (97/993) | Start: 2024-11-21 14:40:00 ---
    RMSE omega: 0.000423 | RMSE theta: 0.012684 | Loss: 0.3966 | Epoch: 5234
    Eq theta: 1.00000omega
    Eq omega: -0.021671 + -0.00815theta + -0.06666omega + 0.64048theta^2 + 0.03231theta omega + -0.01852omega^2 + -0.22842theta^3 + -0.00135theta^2 omega + 0.05135theta omega^2 + -0.00119omega^3

--- Chunk 26908 (98/993) | Start: 2024-11-21 14:45:00 ---
    RMSE omega: 0.000661 | RMSE theta: 0.014666 | Loss: 3.0392 | Epoch: 9999
    Eq theta: 1.00000omega
    Eq omega: -0.000751 + 0.01842theta + 0.00124omega + -0.03372theta^2 + 0.02490theta omega + 0.00178omega^2 + -0.01315theta^3 + 0.00538theta^2 omega + -0.00282theta omega^2 + -0.04317omega^3

--- Chunk 26909 (99/993) | Start: 2024-11-21 14:50:00 ---
    RMSE omega: 0.000333 | RMSE theta: 0.006906 | Loss: 1.5810 | Epoch: 5145
    Eq theta: 1.00000omega
    Eq omega: 0.009261 + -0.01978theta + 0.02106omega + 0.11733theta^2 + -0.44670theta omega + -0.01400omega^2 + -0.26473theta^3 + 0.01189theta^2 omega + 0.13219theta omega^2 + -0.01405omega^3

--- Chunk 26910 (100/993) | Start: 2024-11-21 14:55:00 ---
    RMSE omega: 0.000426 | RMSE theta: 0.016125 | Loss: -1.1223 | Epoch: 4969
    Eq theta: 1.00000omega
    Eq omega: 0.139061 + -0.08721theta + 0.01128omega + -0.30614theta^2 + -0.06797theta omega + 0.05693omega^2 + -0.20958theta^3 + -0.05909theta^2 omega + 0.03515theta omega^2 + 0.00363omega^3

  [Progress 100/993] Mean RMSE omega: 0.000666 | Mean loss: 11220.4587 | Valid: 85/100 | Elapsed: 2718.3min | ETA: 24274.8min

--- Chunk 26911 (101/993) | Start: 2024-11-21 15:00:00 ---
    RMSE omega: 0.000694 | RMSE theta: 0.014263 | Loss: 1.9963 | Epoch: 6580
    Eq theta: 1.00000omega
    Eq omega: 0.072941 + -0.07666theta + 0.00482omega + 0.01593theta^2 + 0.00137theta omega + 0.00039omega^2 + -0.00091theta^3 + -0.00013theta^2 omega + 0.00059theta omega^2 + -0.00052omega^3

--- Chunk 26912 (102/993) | Start: 2024-11-21 15:05:00 ---
    RMSE omega: 0.000788 | RMSE theta: 0.014931 | Loss: -1.1789 | Epoch: 9999
    Eq theta: 1.00000omega
    Eq omega: 0.014321 + -0.04543theta + 0.10608omega + -0.12606theta^2 + 0.32183theta omega + 0.06009omega^2 + -0.16195theta^3 + -0.16330theta^2 omega + 0.13206theta omega^2 + 0.01952omega^3

--- Chunk 26913 (103/993) | Start: 2024-11-21 15:10:00 ---
    RMSE omega: nan | RMSE theta: nan | Loss: 24563.0762 | Epoch: 722
    Eq theta: 1.00000omega
    Eq omega: nan1 + nantheta + nanomega + nantheta^2 + nantheta omega + nanomega^2 + nantheta^3 + nantheta^2 omega + nantheta omega^2 + nanomega^3

--- Chunk 26914 (104/993) | Start: 2024-11-21 15:15:00 ---
    RMSE omega: 0.000376 | RMSE theta: 0.012565 | Loss: -1.4773 | Epoch: 3825
    Eq theta: 1.00000omega
    Eq omega: -0.248501 + -0.56769theta + -0.10269omega + 0.02294theta^2 + 0.31329theta omega + 0.03484omega^2 + -0.02723theta^3 + 0.25539theta^2 omega + -0.27540theta omega^2 + -0.12011omega^3

--- Chunk 26915 (105/993) | Start: 2024-11-21 15:20:00 ---
    RMSE omega: 0.000451 | RMSE theta: 0.009399 | Loss: 2.9157 | Epoch: 8442
    Eq theta: 1.00000omega
    Eq omega: -0.071381 + -0.45895theta + -0.00624omega + 0.08663theta^2 + -0.01197theta omega + -0.01555omega^2 + -0.03270theta^3 + 0.07054theta^2 omega + 0.26850theta omega^2 + -0.01844omega^3

--- Chunk 26916 (106/993) | Start: 2024-11-21 15:25:00 ---
    RMSE omega: 0.000567 | RMSE theta: 0.014376 | Loss: 1.1157 | Epoch: 8472
    Eq theta: 1.00000omega
    Eq omega: -0.223361 + -0.42995theta + 0.02695omega + 0.08202theta^2 + -0.01068theta omega + -0.18751omega^2 + -0.02123theta^3 + -0.05561theta^2 omega + 0.00841theta omega^2 + 0.01544omega^3

--- Chunk 26917 (107/993) | Start: 2024-11-21 15:30:00 ---
    RMSE omega: 0.000582 | RMSE theta: 0.013418 | Loss: -2.2503 | Epoch: 6300
    Eq theta: 1.00000omega
    Eq omega: 0.189831 + -1.52399theta + 0.03047omega + -0.35241theta^2 + -0.03126theta omega + 0.07573omega^2 + 0.07928theta^3 + -0.03566theta^2 omega + -0.06953theta omega^2 + -0.00436omega^3

--- Chunk 26918 (108/993) | Start: 2024-11-21 15:35:00 ---
    RMSE omega: 0.000526 | RMSE theta: 0.019511 | Loss: -2.4282 | Epoch: 6124
    Eq theta: 1.00000omega
    Eq omega: 0.001961 + -0.21182theta + -0.11921omega + 0.03226theta^2 + -0.01489theta omega + -0.04747omega^2 + -0.02272theta^3 + 0.09443theta^2 omega + -0.06051theta omega^2 + -0.09626omega^3

--- Chunk 26919 (109/993) | Start: 2024-11-21 15:40:00 ---
    RMSE omega: 0.000292 | RMSE theta: 0.008333 | Loss: -2.2069 | Epoch: 7566
    Eq theta: 1.00000omega
    Eq omega: -0.586271 + -0.12377theta + 0.24916omega + 0.24344theta^2 + 0.00682theta omega + -0.05836omega^2 + -0.05055theta^3 + -0.00172theta^2 omega + 0.06068theta omega^2 + -0.03472omega^3

--- Chunk 26920 (110/993) | Start: 2024-11-21 15:45:00 ---
    RMSE omega: 0.000530 | RMSE theta: 0.008989 | Loss: -0.2355 | Epoch: 6968
    Eq theta: 1.00000omega
    Eq omega: 0.488801 + -0.54571theta + -0.02751omega + -0.16752theta^2 + -0.02680theta omega + 0.02903omega^2 + 0.00630theta^3 + 0.00085theta^2 omega + 0.05851theta omega^2 + -0.05965omega^3

--- Chunk 26921 (111/993) | Start: 2024-11-21 15:50:00 ---
    RMSE omega: 0.000519 | RMSE theta: 0.009437 | Loss: 3.1191 | Epoch: 7967
    Eq theta: 1.00000omega
    Eq omega: 0.512901 + -0.66131theta + -0.34236omega + -0.15971theta^2 + 0.52361theta omega + -0.00650omega^2 + -0.00043theta^3 + 0.02368theta^2 omega + -0.53450theta omega^2 + -0.20337omega^3

--- Chunk 26922 (112/993) | Start: 2024-11-21 15:55:00 ---
    RMSE omega: 0.001071 | RMSE theta: 0.016353 | Loss: 8.9485 | Epoch: 9999
    Eq theta: 1.00000omega
    Eq omega: -0.194731 + -0.05296theta + 0.05941omega + 0.07925theta^2 + -0.16057theta omega + -0.00040omega^2 + -0.00776theta^3 + -0.00353theta^2 omega + 0.00459theta omega^2 + 0.00832omega^3

--- Chunk 26923 (113/993) | Start: 2024-11-21 16:00:00 ---
    RMSE omega: 0.000360 | RMSE theta: 0.006802 | Loss: 0.0510 | Epoch: 5204
    Eq theta: 1.00000omega
    Eq omega: -0.060191 + -0.58632theta + -0.03176omega + 0.00364theta^2 + 0.04950theta omega + -0.00916omega^2 + -0.05595theta^3 + 0.22342theta^2 omega + 0.02427theta omega^2 + -0.02131omega^3

--- Chunk 26924 (114/993) | Start: 2024-11-21 16:05:00 ---
    RMSE omega: nan | RMSE theta: nan | Loss: 338872.6250 | Epoch: 1213
    Eq theta: 1.00000omega
    Eq omega: nan1 + nantheta + nanomega + nantheta^2 + nantheta omega + nanomega^2 + nantheta^3 + nantheta^2 omega + nantheta omega^2 + nanomega^3

--- Chunk 26925 (115/993) | Start: 2024-11-21 16:10:00 ---
    RMSE omega: 0.000674 | RMSE theta: 0.014426 | Loss: 3.4080 | Epoch: 8577
    Eq theta: 1.00000omega
    Eq omega: 0.007411 + -0.00445theta + 0.00175omega + -0.00008theta^2 + -0.00122theta omega + 0.00244omega^2 + -0.00086theta^3 + -0.00258theta^2 omega + -0.00004theta omega^2 + 0.00099omega^3

--- Chunk 26926 (116/993) | Start: 2024-11-21 16:15:00 ---
    RMSE omega: nan | RMSE theta: nan | Loss: 165.3091 | Epoch: 1716
    Eq theta: 1.00000omega
    Eq omega: nan1 + nantheta + nanomega + nantheta^2 + nantheta omega + nanomega^2 + nantheta^3 + nantheta^2 omega + nantheta omega^2 + nanomega^3

--- Chunk 26927 (117/993) | Start: 2024-11-21 16:20:00 ---
    RMSE omega: 0.001757 | RMSE theta: 0.038300 | Loss: 73.1445 | Epoch: 2974
    Eq theta: 1.00000omega
    Eq omega: 0.000181 + 0.00017theta + -0.00537omega + 0.00094theta^2 + -0.00080theta omega + -0.00004omega^2 + 0.00001theta^3 + 0.00016theta^2 omega + -0.00030theta omega^2 + -0.00184omega^3

--- Chunk 26928 (118/993) | Start: 2024-11-21 16:25:00 ---
    RMSE omega: nan | RMSE theta: nan | Loss: 31612.0977 | Epoch: 1180
    Eq theta: 1.00000omega
    Eq omega: nan1 + nantheta + nanomega + nantheta^2 + nantheta omega + nanomega^2 + nantheta^3 + nantheta^2 omega + nantheta omega^2 + nanomega^3

--- Chunk 26929 (119/993) | Start: 2024-11-21 16:30:00 ---
    RMSE omega: nan | RMSE theta: nan | Loss: 209632.5625 | Epoch: 1351
    Eq theta: 1.00000omega
    Eq omega: nan1 + nantheta + nanomega + nantheta^2 + nantheta omega + nanomega^2 + nantheta^3 + nantheta^2 omega + nantheta omega^2 + nanomega^3

--- Chunk 26930 (120/993) | Start: 2024-11-21 16:35:00 ---
    RMSE omega: nan | RMSE theta: nan | Loss: 63858.4258 | Epoch: 1333
    Eq theta: 1.00000omega
    Eq omega: nan1 + nantheta + nanomega + nantheta^2 + nantheta omega + nanomega^2 + nantheta^3 + nantheta^2 omega + nantheta omega^2 + nanomega^3

--- Chunk 26931 (121/993) | Start: 2024-11-21 16:40:00 ---
    RMSE omega: nan | RMSE theta: nan | Loss: 82607.3516 | Epoch: 1323
    Eq theta: 1.00000omega
    Eq omega: nan1 + nantheta + nanomega + nantheta^2 + nantheta omega + nanomega^2 + nantheta^3 + nantheta^2 omega + nantheta omega^2 + nanomega^3

--- Chunk 26932 (122/993) | Start: 2024-11-21 16:45:00 ---
    RMSE omega: 0.003064 | RMSE theta: 0.024804 | Loss: 490.0626 | Epoch: 9999
    Eq theta: 1.00000omega
    Eq omega: 0.469331 + 0.00112theta + 0.00057omega + -0.00629theta^2 + 0.00032theta omega + -0.00067omega^2 + 0.00022theta^3 + 0.00004theta^2 omega + -0.00014theta omega^2 + 0.00017omega^3

--- Chunk 26933 (123/993) | Start: 2024-11-21 16:50:00 ---
    RMSE omega: 0.000596 | RMSE theta: 0.013098 | Loss: 2.4958 | Epoch: 9999
    Eq theta: 1.00000omega
    Eq omega: -0.145831 + -0.08436theta + -0.01087omega + -0.01836theta^2 + -0.00144theta omega + -0.00885omega^2 + 0.00021theta^3 + -0.00018theta^2 omega + -0.00202theta omega^2 + -0.00193omega^3

--- Chunk 26934 (124/993) | Start: 2024-11-21 16:55:00 ---
    RMSE omega: 0.000578 | RMSE theta: 0.013001 | Loss: 0.2477 | Epoch: 4886
    Eq theta: 1.00000omega
    Eq omega: -0.018671 + -0.62525theta + 0.15733omega + -0.00873theta^2 + 0.01015theta omega + 0.12590omega^2 + 0.00395theta^3 + 0.00593theta^2 omega + 0.00545theta omega^2 + 0.03314omega^3

--- Chunk 26935 (125/993) | Start: 2024-11-21 17:00:00 ---
    RMSE omega: 0.000927 | RMSE theta: 0.019251 | Loss: 4.9942 | Epoch: 8734
    Eq theta: 1.00000omega
    Eq omega: 0.016571 + 0.00407theta + 0.00506omega + -0.03859theta^2 + 0.00090theta omega + 0.14760omega^2 + -0.00920theta^3 + 0.01489theta^2 omega + 0.00930theta omega^2 + -0.00534omega^3

--- Chunk 26936 (126/993) | Start: 2024-11-21 17:05:00 ---
    RMSE omega: 0.001128 | RMSE theta: 0.026691 | Loss: 1.4515 | Epoch: 9729
    Eq theta: 1.00000omega
    Eq omega: 0.045901 + -0.03171theta + -0.00482omega + 0.08617theta^2 + -0.02097theta omega + 0.03629omega^2 + -0.06428theta^3 + -0.00706theta^2 omega + -0.00210theta omega^2 + -0.00532omega^3

--- Chunk 26937 (127/993) | Start: 2024-11-21 17:10:00 ---
    RMSE omega: nan | RMSE theta: nan | Loss: 200.4066 | Epoch: 2943
    Eq theta: 1.00000omega
    Eq omega: nan1 + nantheta + nanomega + nantheta^2 + nantheta omega + nanomega^2 + nantheta^3 + nantheta^2 omega + nantheta omega^2 + nanomega^3

--- Chunk 26938 (128/993) | Start: 2024-11-21 17:15:00 ---
    RMSE omega: 0.000467 | RMSE theta: 0.018812 | Loss: 0.1392 | Epoch: 6995
    Eq theta: 1.00000omega
    Eq omega: -0.004191 + -0.05356theta + 0.00132omega + 0.01533theta^2 + 0.01023theta omega + 0.00460omega^2 + 0.00193theta^3 + 0.00188theta^2 omega + 0.00225theta omega^2 + 0.00106omega^3

--- Chunk 26939 (129/993) | Start: 2024-11-21 17:20:00 ---
    RMSE omega: nan | RMSE theta: nan | Loss: 112385.9766 | Epoch: 1373
    Eq theta: 1.00000omega
    Eq omega: nan1 + nantheta + nanomega + nantheta^2 + nantheta omega + nanomega^2 + nantheta^3 + nantheta^2 omega + nantheta omega^2 + nanomega^3

--- Chunk 26940 (130/993) | Start: 2024-11-21 17:25:00 ---
    RMSE omega: nan | RMSE theta: nan | Loss: 70036.0391 | Epoch: 815
    Eq theta: 1.00000omega
    Eq omega: nan1 + nantheta + nanomega + nantheta^2 + nantheta omega + nanomega^2 + nantheta^3 + nantheta^2 omega + nantheta omega^2 + nanomega^3

--- Chunk 26941 (131/993) | Start: 2024-11-21 17:30:00 ---
    RMSE omega: 0.000741 | RMSE theta: 0.011649 | Loss: 14.3883 | Epoch: 9999
    Eq theta: 1.00000omega
    Eq omega: 0.028211 + 0.12530theta + 0.03607omega + -0.00257theta^2 + 0.00436theta omega + 0.00393omega^2 + -0.00004theta^3 + -0.00198theta^2 omega + 0.00035theta omega^2 + 0.00000omega^3

--- Chunk 26942 (132/993) | Start: 2024-11-21 17:35:00 ---
    RMSE omega: nan | RMSE theta: nan | Loss: 6521.0981 | Epoch: 1258
    Eq theta: 1.00000omega
    Eq omega: nan1 + nantheta + nanomega + nantheta^2 + nantheta omega + nanomega^2 + nantheta^3 + nantheta^2 omega + nantheta omega^2 + nanomega^3

--- Chunk 26943 (133/993) | Start: 2024-11-21 17:40:00 ---
    RMSE omega: nan | RMSE theta: nan | Loss: 1589458.6250 | Epoch: 1063
    Eq theta: 1.00000omega
    Eq omega: nan1 + nantheta + nanomega + nantheta^2 + nantheta omega + nanomega^2 + nantheta^3 + nantheta^2 omega + nantheta omega^2 + nanomega^3

--- Chunk 26944 (134/993) | Start: 2024-11-21 17:45:00 ---
    RMSE omega: nan | RMSE theta: nan | Loss: 217206.1406 | Epoch: 1608
    Eq theta: 1.00000omega
    Eq omega: nan1 + nantheta + nanomega + nantheta^2 + nantheta omega + nanomega^2 + nantheta^3 + nantheta^2 omega + nantheta omega^2 + nanomega^3

--- Chunk 26945 (135/993) | Start: 2024-11-21 17:50:00 ---
    RMSE omega: 0.001104 | RMSE theta: 0.018931 | Loss: 28.9567 | Epoch: 9999
    Eq theta: 1.00000omega
    Eq omega: -0.042611 + 0.00060theta + -0.00791omega + 0.00085theta^2 + -0.00004theta omega + -0.00287omega^2 + 0.00002theta^3 + 0.00034theta^2 omega + 0.00010theta omega^2 + -0.00090omega^3

--- Chunk 26946 (136/993) | Start: 2024-11-21 17:55:00 ---
    RMSE omega: 0.004408 | RMSE theta: 0.084447 | Loss: 508.2456 | Epoch: 1319
    Eq theta: 1.00000omega
    Eq omega: 0.016681 + -0.00056theta + 0.02207omega + -0.00036theta^2 + 0.00077theta omega + 0.00022omega^2 + 0.00000theta^3 + -0.00003theta^2 omega + -0.00020theta omega^2 + 0.00094omega^3

--- Chunk 26947 (137/993) | Start: 2024-11-21 18:00:00 ---
    RMSE omega: 0.000635 | RMSE theta: 0.021297 | Loss: -3.7959 | Epoch: 9211
    Eq theta: 1.00000omega
    Eq omega: 0.031261 + -0.15719theta + -0.00998omega + -0.07438theta^2 + 0.00843theta omega + 0.05945omega^2 + 0.00260theta^3 + -0.03281theta^2 omega + -0.01126theta omega^2 + 0.07912omega^3

--- Chunk 26948 (138/993) | Start: 2024-11-21 18:05:00 ---
    RMSE omega: nan | RMSE theta: nan | Loss: 8271.5928 | Epoch: 725
    Eq theta: 1.00000omega
    Eq omega: nan1 + nantheta + nanomega + nantheta^2 + nantheta omega + nanomega^2 + nantheta^3 + nantheta^2 omega + nantheta omega^2 + nanomega^3

--- Chunk 26949 (139/993) | Start: 2024-11-21 18:10:00 ---
    RMSE omega: nan | RMSE theta: nan | Loss: 124036.3047 | Epoch: 1475
    Eq theta: 1.00000omega
    Eq omega: nan1 + nantheta + nanomega + nantheta^2 + nantheta omega + nanomega^2 + nantheta^3 + nantheta^2 omega + nantheta omega^2 + nanomega^3

--- Chunk 26950 (140/993) | Start: 2024-11-21 18:15:00 ---
    RMSE omega: nan | RMSE theta: nan | Loss: 52397.2070 | Epoch: 1341
    Eq theta: 1.00000omega
    Eq omega: nan1 + nantheta + nanomega + nantheta^2 + nantheta omega + nanomega^2 + nantheta^3 + nantheta^2 omega + nantheta omega^2 + nanomega^3

--- Chunk 26951 (141/993) | Start: 2024-11-21 18:20:00 ---
    RMSE omega: 0.001026 | RMSE theta: 0.017960 | Loss: -0.9672 | Epoch: 9999
    Eq theta: 1.00000omega
    Eq omega: 0.031111 + -0.11003theta + -0.14419omega + -0.02521theta^2 + -0.07319theta omega + 0.00561omega^2 + -0.00023theta^3 + 0.00069theta^2 omega + 0.00044theta omega^2 + -0.00224omega^3

--- Chunk 26952 (142/993) | Start: 2024-11-21 18:25:00 ---
    RMSE omega: 0.000628 | RMSE theta: 0.011671 | Loss: 0.5530 | Epoch: 6516
    Eq theta: 1.00000omega
    Eq omega: 0.250131 + -0.30853theta + 0.05344omega + -0.00960theta^2 + -0.08531theta omega + -0.01465omega^2 + -0.80004theta^3 + 0.15723theta^2 omega + 0.15734theta omega^2 + 0.00887omega^3

--- Chunk 26953 (143/993) | Start: 2024-11-21 18:30:00 ---
    RMSE omega: nan | RMSE theta: nan | Loss: 12313.5459 | Epoch: 919
    Eq theta: 1.00000omega
    Eq omega: nan1 + nantheta + nanomega + nantheta^2 + nantheta omega + nanomega^2 + nantheta^3 + nantheta^2 omega + nantheta omega^2 + nanomega^3

--- Chunk 26954 (144/993) | Start: 2024-11-21 18:35:00 ---
    RMSE omega: nan | RMSE theta: nan | Loss: 73027.1719 | Epoch: 1481
    Eq theta: 1.00000omega
    Eq omega: nan1 + nantheta + nanomega + nantheta^2 + nantheta omega + nanomega^2 + nantheta^3 + nantheta^2 omega + nantheta omega^2 + nanomega^3

--- Chunk 26955 (145/993) | Start: 2024-11-21 18:40:00 ---
    RMSE omega: nan | RMSE theta: nan | Loss: 78975.8438 | Epoch: 1460
    Eq theta: 1.00000omega
    Eq omega: nan1 + nantheta + nanomega + nantheta^2 + nantheta omega + nanomega^2 + nantheta^3 + nantheta^2 omega + nantheta omega^2 + nanomega^3

--- Chunk 26956 (146/993) | Start: 2024-11-21 18:45:00 ---
    RMSE omega: nan | RMSE theta: nan | Loss: 2416.6897 | Epoch: 926
    Eq theta: 1.00000omega
    Eq omega: nan1 + nantheta + nanomega + nantheta^2 + nantheta omega + nanomega^2 + nantheta^3 + nantheta^2 omega + nantheta omega^2 + nanomega^3

--- Chunk 26957 (147/993) | Start: 2024-11-21 18:50:00 ---
    RMSE omega: 0.002236 | RMSE theta: 0.021040 | Loss: 24.4216 | Epoch: 8156
    Eq theta: 1.00000omega
    Eq omega: -0.051881 + -0.19743theta + -0.00921omega + -0.02006theta^2 + 0.13276theta omega + 0.08155omega^2 + -0.00601theta^3 + 0.01640theta^2 omega + 0.00090theta omega^2 + -0.13202omega^3

--- Chunk 26958 (148/993) | Start: 2024-11-21 18:55:00 ---
    RMSE omega: nan | RMSE theta: nan | Loss: 41351.9062 | Epoch: 1529
    Eq theta: 1.00000omega
    Eq omega: nan1 + nantheta + nanomega + nantheta^2 + nantheta omega + nanomega^2 + nantheta^3 + nantheta^2 omega + nantheta omega^2 + nanomega^3

--- Chunk 26959 (149/993) | Start: 2024-11-21 19:00:00 ---
    RMSE omega: 0.000653 | RMSE theta: 0.014906 | Loss: 4.6916 | Epoch: 6239
    Eq theta: 1.00000omega
    Eq omega: -0.000541 + -0.00231theta + 0.00144omega + 0.00037theta^2 + 0.00437theta omega + 0.00356omega^2 + 0.00064theta^3 + -0.00004theta^2 omega + 0.00113theta omega^2 + 0.00086omega^3

--- Chunk 26960 (150/993) | Start: 2024-11-21 19:05:00 ---
    RMSE omega: nan | RMSE theta: nan | Loss: 10384159.0000 | Epoch: 830
    Eq theta: 1.00000omega
    Eq omega: nan1 + nantheta + nanomega + nantheta^2 + nantheta omega + nanomega^2 + nantheta^3 + nantheta^2 omega + nantheta omega^2 + nanomega^3

  [Progress 150/993] Mean RMSE omega: 0.000743 | Mean loss: 97648.5045 | Valid: 113/150 | Elapsed: 2815.5min | ETA: 15823.2min

--- Chunk 26961 (151/993) | Start: 2024-11-21 19:10:00 ---
    RMSE omega: nan | RMSE theta: nan | Loss: 10769.7637 | Epoch: 1111
    Eq theta: 1.00000omega
    Eq omega: nan1 + nantheta + nanomega + nantheta^2 + nantheta omega + nanomega^2 + nantheta^3 + nantheta^2 omega + nantheta omega^2 + nanomega^3

--- Chunk 26962 (152/993) | Start: 2024-11-21 19:15:00 ---
    RMSE omega: 0.000577 | RMSE theta: 0.010089 | Loss: 4.2886 | Epoch: 8684
    Eq theta: 1.00000omega
    Eq omega: -0.006261 + 0.01489theta + 0.00669omega + 0.02137theta^2 + 0.02377theta omega + -0.00325omega^2 + -0.00480theta^3 + 0.00040theta^2 omega + 0.00437theta omega^2 + -0.00055omega^3

--- Chunk 26963 (153/993) | Start: 2024-11-21 19:20:00 ---
    RMSE omega: nan | RMSE theta: nan | Loss: 263866.1562 | Epoch: 1125
    Eq theta: 1.00000omega
    Eq omega: nan1 + nantheta + nanomega + nantheta^2 + nantheta omega + nanomega^2 + nantheta^3 + nantheta^2 omega + nantheta omega^2 + nanomega^3

--- Chunk 26964 (154/993) | Start: 2024-11-21 19:25:00 ---
    RMSE omega: nan | RMSE theta: nan | Loss: 83851.9922 | Epoch: 1213
    Eq theta: 1.00000omega
    Eq omega: nan1 + nantheta + nanomega + nantheta^2 + nantheta omega + nanomega^2 + nantheta^3 + nantheta^2 omega + nantheta omega^2 + nanomega^3

--- Chunk 26965 (155/993) | Start: 2024-11-21 19:30:00 ---
[2026-03-09T17:29:38.086] error: *** JOB 3439083 ON uc3n018 CANCELLED AT 2026-03-09T17:29:38 DUE TO TIME LIMIT ***

============================= JOB FEEDBACK =============================

NodeName=uc3n018
Job ID: 3439083
Array Job ID: 3439054_27
Cluster: uc3
User/Group: ka_bj2362/ka_iai
State: TIMEOUT (exit code 0)
Nodes: 1
Cores per node: 4
CPU Utilized: 00:00:00
CPU Efficiency: 0.00% of 8-00:00:16 core-walltime
Job Wall-clock time: 2-00:00:04
Memory Utilized: 1.15 GB
Memory Efficiency: 14.44% of 8.00 GB (8.00 GB/node)
