Array task 7: processing chunks 6951 to 7943
Loading data from /pfs/data6/home/ka/ka_iai/ka_bj2362/dsr/svise/../dataset/Frequency_data_SK.pkl...
Finding all valid 5-minute chunks in the dataset...
Found 31760 valid 5-minute chunks in total.

============================================================
SVISE FINAL EVALUATION — ALL CHUNKS
============================================================
Hyperparameters: {
  "model": "integrator",
  "sigma": 10,
  "degree": 3,
  "tau": 0.5,
  "lr": 0.001,
  "n_tau": 100,
  "measurement_noise": 1e-05,
  "n_reparam_samples": 30
}
Total valid chunks in dataset: 31760
Processing chunk range: [6951, 7943] (993 chunks)
Early stopping: patience=300, max_epochs=10000
============================================================


--- Chunk 6951 (1/993) | Start: 2024-09-08 06:25:00 ---
/pfs/data6/home/ka/ka_iai/ka_bj2362/dsr/svise/svise/sde_learning/_marginal_sde.py:284: UserWarning: torch.triangular_solve is deprecated in favor of torch.linalg.solve_triangularand will be removed in a future PyTorch release.
torch.linalg.solve_triangular has its arguments reversed and does not return a copy of one of the inputs.
X = torch.triangular_solve(B, A).solution
should be replaced with
X = torch.linalg.solve_triangular(A, B). (Triggered internally at ../aten/src/ATen/native/BatchLinearAlgebra.cpp:2192.)
  return torch.triangular_solve(self.raw_w, self.C.t()).solution
/pfs/data6/home/ka/ka_iai/ka_bj2362/dsr/svise/svise/quadrature/_unbiased_quadrature.py:196: UserWarning: Interp is nan, reducing interp degree.
  warnings.warn("Interp is nan, reducing interp degree.")
    RMSE omega: 0.000936 | RMSE theta: 0.018638 | Loss: -0.9800 | Epoch: 5932
    Eq theta: 1.00000omega
    Eq omega: 0.112351 + -0.54106theta + 0.09162omega + -0.06261theta^2 + -0.04528theta omega + 0.03682omega^2 + 0.00426theta^3 + 0.09773theta^2 omega + -0.01676theta omega^2 + -0.06861omega^3

--- Chunk 6952 (2/993) | Start: 2024-09-08 06:30:00 ---
    RMSE omega: 0.000520 | RMSE theta: 0.017440 | Loss: 0.9586 | Epoch: 9999
    Eq theta: 1.00000omega
    Eq omega: -0.051371 + -0.00431theta + 0.00740omega + 0.02475theta^2 + -0.00355theta omega + -0.01181omega^2 + -0.00111theta^3 + -0.00411theta^2 omega + 0.00162theta omega^2 + 0.00315omega^3

--- Chunk 6953 (3/993) | Start: 2024-09-08 06:35:00 ---
/pfs/data6/home/ka/ka_iai/ka_bj2362/dsr/svise/svise/quadrature/_unbiased_quadrature.py:174: UserWarning: NaN detected in fxq (quadrature node evaluations). Clamping to 0.
  warnings.warn("NaN detected in fxq (quadrature node evaluations). Clamping to 0.")
/pfs/data6/home/ka/ka_iai/ka_bj2362/dsr/svise/svise/quadrature/_unbiased_quadrature.py:177: UserWarning: NaN detected in fmc (Monte-Carlo node evaluations). Clamping to 0.
  warnings.warn("NaN detected in fmc (Monte-Carlo node evaluations). Clamping to 0.")
    RMSE omega: nan | RMSE theta: nan | Loss: 12998.7461 | Epoch: 735
    Eq theta: 1.00000omega
    Eq omega: nan1 + nantheta + nanomega + nantheta^2 + nantheta omega + nanomega^2 + nantheta^3 + nantheta^2 omega + nantheta omega^2 + nanomega^3

--- Chunk 6954 (4/993) | Start: 2024-09-08 06:40:00 ---
    RMSE omega: 0.000518 | RMSE theta: 0.017107 | Loss: -0.7705 | Epoch: 6966
    Eq theta: 1.00000omega
    Eq omega: -0.032421 + -0.04468theta + 0.02901omega + 0.01354theta^2 + -0.02219theta omega + 0.00045omega^2 + -0.00192theta^3 + 0.00323theta^2 omega + -0.00800theta omega^2 + -0.00241omega^3

--- Chunk 6955 (5/993) | Start: 2024-09-08 06:45:00 ---
    RMSE omega: nan | RMSE theta: nan | Loss: 1141.9561 | Epoch: 1028
    Eq theta: 1.00000omega
    Eq omega: nan1 + nantheta + nanomega + nantheta^2 + nantheta omega + nanomega^2 + nantheta^3 + nantheta^2 omega + nantheta omega^2 + nanomega^3

--- Chunk 6956 (6/993) | Start: 2024-09-08 06:50:00 ---
    RMSE omega: 0.000564 | RMSE theta: 0.016246 | Loss: 7.3764 | Epoch: 9870
    Eq theta: 1.00000omega
    Eq omega: 0.002401 + 0.00154theta + 0.01530omega + -0.00855theta^2 + -0.05831theta omega + 0.00898omega^2 + -0.00012theta^3 + -0.00789theta^2 omega + -0.00046theta omega^2 + 0.00389omega^3

--- Chunk 6957 (7/993) | Start: 2024-09-08 06:55:00 ---
    RMSE omega: 0.000846 | RMSE theta: 0.015698 | Loss: -2.3309 | Epoch: 8070
    Eq theta: 1.00000omega
    Eq omega: -0.102541 + -0.25058theta + 0.11687omega + 0.06803theta^2 + -0.00073theta omega + -0.01302omega^2 + -0.00031theta^3 + -0.01570theta^2 omega + -0.04766theta omega^2 + 0.05595omega^3

--- Chunk 6958 (8/993) | Start: 2024-09-08 07:00:00 ---
    RMSE omega: 0.000643 | RMSE theta: 0.024025 | Loss: -1.1192 | Epoch: 4612
    Eq theta: 1.00000omega
    Eq omega: -0.089611 + -0.17285theta + -0.01206omega + -0.02162theta^2 + 0.05375theta omega + -0.01256omega^2 + -0.00349theta^3 + 0.00505theta^2 omega + -0.00399theta omega^2 + -0.03571omega^3

--- Chunk 6959 (9/993) | Start: 2024-09-08 07:05:00 ---
    RMSE omega: 0.000348 | RMSE theta: 0.007166 | Loss: -3.8452 | Epoch: 5320
    Eq theta: 1.00000omega
    Eq omega: 0.000271 + -1.42447theta + -0.02691omega + -0.09550theta^2 + -0.46324theta omega + 0.05111omega^2 + -0.34485theta^3 + -0.31809theta^2 omega + 0.06501theta omega^2 + -0.06239omega^3

--- Chunk 6960 (10/993) | Start: 2024-09-08 07:10:00 ---
    RMSE omega: nan | RMSE theta: nan | Loss: 245016.7188 | Epoch: 5
    Eq theta: 1.00000omega
    Eq omega: nan1 + nantheta + nanomega + nantheta^2 + nantheta omega + nanomega^2 + nantheta^3 + nantheta^2 omega + nantheta omega^2 + nanomega^3

--- Chunk 6961 (11/993) | Start: 2024-09-08 07:15:00 ---
    RMSE omega: 0.000480 | RMSE theta: 0.008792 | Loss: -0.7463 | Epoch: 7863
    Eq theta: 1.00000omega
    Eq omega: -0.041241 + 0.01622theta + -0.01097omega + -0.00002theta^2 + 0.10663theta omega + -0.05577omega^2 + -0.01260theta^3 + -0.02094theta^2 omega + 0.09112theta omega^2 + 0.01770omega^3

--- Chunk 6962 (12/993) | Start: 2024-09-08 07:20:00 ---
    RMSE omega: 0.000415 | RMSE theta: 0.010818 | Loss: 1.5309 | Epoch: 8312
    Eq theta: 1.00000omega
    Eq omega: 0.262141 + 0.01409theta + -0.01239omega + -0.07562theta^2 + 0.00435theta omega + -0.00021omega^2 + 0.00070theta^3 + 0.00240theta^2 omega + -0.01110theta omega^2 + -0.00156omega^3

--- Chunk 6963 (13/993) | Start: 2024-09-08 07:25:00 ---
    RMSE omega: nan | RMSE theta: nan | Loss: 24037.9727 | Epoch: 1043
    Eq theta: 1.00000omega
    Eq omega: nan1 + nantheta + nanomega + nantheta^2 + nantheta omega + nanomega^2 + nantheta^3 + nantheta^2 omega + nantheta omega^2 + nanomega^3

--- Chunk 6964 (14/993) | Start: 2024-09-08 07:30:00 ---
    RMSE omega: nan | RMSE theta: nan | Loss: 455.6650 | Epoch: 993
    Eq theta: 1.00000omega
    Eq omega: nan1 + nantheta + nanomega + nantheta^2 + nantheta omega + nanomega^2 + nantheta^3 + nantheta^2 omega + nantheta omega^2 + nanomega^3

--- Chunk 6965 (15/993) | Start: 2024-09-08 07:35:00 ---
    RMSE omega: 0.000413 | RMSE theta: 0.008074 | Loss: 1.7843 | Epoch: 9972
    Eq theta: 1.00000omega
    Eq omega: -0.098951 + 0.11362theta + -0.00966omega + 0.11832theta^2 + 0.10845theta omega + -0.04004omega^2 + -0.03702theta^3 + 0.00500theta^2 omega + 0.00041theta omega^2 + -0.02874omega^3

--- Chunk 6966 (16/993) | Start: 2024-09-08 07:40:00 ---
    RMSE omega: nan | RMSE theta: nan | Loss: 1796.9763 | Epoch: 856
    Eq theta: 1.00000omega
    Eq omega: nan1 + nantheta + nanomega + nantheta^2 + nantheta omega + nanomega^2 + nantheta^3 + nantheta^2 omega + nantheta omega^2 + nanomega^3

--- Chunk 6967 (17/993) | Start: 2024-09-08 07:45:00 ---
    RMSE omega: 0.001081 | RMSE theta: 0.013044 | Loss: -2.8120 | Epoch: 9999
    Eq theta: 1.00000omega
    Eq omega: 0.592981 + -0.16208theta + -0.32513omega + -0.08962theta^2 + 0.00834theta omega + -0.02394omega^2 + -0.00981theta^3 + 0.00376theta^2 omega + -0.00439theta omega^2 + -0.01064omega^3

--- Chunk 6968 (18/993) | Start: 2024-09-08 07:50:00 ---
    RMSE omega: 0.000426 | RMSE theta: 0.011774 | Loss: -0.6968 | Epoch: 5189
    Eq theta: 1.00000omega
    Eq omega: -0.342761 + -0.16649theta + 0.15270omega + 0.14874theta^2 + 0.00205theta omega + 0.01698omega^2 + -0.00478theta^3 + -0.18141theta^2 omega + -0.01603theta omega^2 + 0.09124omega^3

--- Chunk 6969 (19/993) | Start: 2024-09-08 07:55:00 ---
    RMSE omega: 0.000545 | RMSE theta: 0.015178 | Loss: 2.5544 | Epoch: 4741
    Eq theta: 1.00000omega
    Eq omega: -0.005111 + -0.10127theta + 0.02565omega + -0.03307theta^2 + -0.01012theta omega + 0.01341omega^2 + -0.00833theta^3 + -0.01489theta^2 omega + -0.00369theta omega^2 + 0.00693omega^3

--- Chunk 6970 (20/993) | Start: 2024-09-08 08:00:00 ---
    RMSE omega: 0.000441 | RMSE theta: 0.014001 | Loss: -2.3362 | Epoch: 8340
    Eq theta: 1.00000omega
    Eq omega: 0.096641 + -0.26135theta + -0.02259omega + -0.00529theta^2 + 0.20025theta omega + -0.08182omega^2 + -0.03055theta^3 + -0.08469theta^2 omega + -0.39634theta omega^2 + 0.00538omega^3

--- Chunk 6971 (21/993) | Start: 2024-09-08 08:05:00 ---
    RMSE omega: 0.000660 | RMSE theta: 0.015606 | Loss: 3.4942 | Epoch: 8371
    Eq theta: 1.00000omega
    Eq omega: -0.021431 + -0.00489theta + -0.05226omega + -0.00767theta^2 + -0.00157theta omega + -0.00250omega^2 + -0.00345theta^3 + -0.00077theta^2 omega + 0.00004theta omega^2 + -0.00262omega^3

--- Chunk 6972 (22/993) | Start: 2024-09-08 08:10:00 ---
    RMSE omega: 0.000323 | RMSE theta: 0.010094 | Loss: -3.6097 | Epoch: 6189
    Eq theta: 1.00000omega
    Eq omega: 1.756251 + -2.45138theta + 0.32586omega + -0.94929theta^2 + -0.49767theta omega + -0.78060omega^2 + 0.00288theta^3 + 0.04678theta^2 omega + 0.03215theta omega^2 + -0.06465omega^3

--- Chunk 6973 (23/993) | Start: 2024-09-08 08:15:00 ---
    RMSE omega: 0.000691 | RMSE theta: 0.019394 | Loss: 6.6124 | Epoch: 6600
    Eq theta: 1.00000omega
    Eq omega: -0.026241 + 0.00414theta + -0.03102omega + 0.00339theta^2 + 0.00106theta omega + -0.01113omega^2 + 0.00006theta^3 + 0.00092theta^2 omega + 0.00026theta omega^2 + -0.00254omega^3

--- Chunk 6974 (24/993) | Start: 2024-09-08 08:20:00 ---
    RMSE omega: 0.000429 | RMSE theta: 0.009305 | Loss: -0.1692 | Epoch: 9934
    Eq theta: 1.00000omega
    Eq omega: -2.211921 + 1.84186theta + 0.00474omega + 0.27409theta^2 + -0.20581theta omega + -0.02146omega^2 + -0.16695theta^3 + -0.00988theta^2 omega + -0.19016theta omega^2 + 0.11637omega^3

--- Chunk 6975 (25/993) | Start: 2024-09-08 08:25:00 ---
    RMSE omega: 0.000506 | RMSE theta: 0.013490 | Loss: 4.0729 | Epoch: 9999
    Eq theta: 1.00000omega
    Eq omega: -0.009471 + 0.04066theta + 0.01130omega + 0.03342theta^2 + 0.00288theta omega + -0.02191omega^2 + -0.00789theta^3 + 0.00228theta^2 omega + 0.00291theta omega^2 + -0.01446omega^3

--- Chunk 6976 (26/993) | Start: 2024-09-08 08:30:00 ---
    RMSE omega: 0.000685 | RMSE theta: 0.020481 | Loss: 10.1292 | Epoch: 9889
    Eq theta: 1.00000omega
    Eq omega: 0.036541 + 0.01020theta + -0.03576omega + -0.05521theta^2 + 0.00129theta omega + 0.00272omega^2 + -0.01064theta^3 + -0.00080theta^2 omega + 0.00067theta omega^2 + -0.00084omega^3

--- Chunk 6977 (27/993) | Start: 2024-09-08 08:35:00 ---
    RMSE omega: 0.000613 | RMSE theta: 0.019126 | Loss: 4.7718 | Epoch: 9999
    Eq theta: 1.00000omega
    Eq omega: 0.537291 + 0.52836theta + 0.01674omega + -0.01256theta^2 + 0.13788theta omega + -0.07809omega^2 + -0.03471theta^3 + 0.01145theta^2 omega + 0.08223theta omega^2 + 0.00022omega^3

--- Chunk 6978 (28/993) | Start: 2024-09-08 08:40:00 ---
    RMSE omega: 0.000685 | RMSE theta: 0.014427 | Loss: 1.9051 | Epoch: 6195
    Eq theta: 1.00000omega
    Eq omega: -0.048381 + -0.42499theta + 0.05285omega + -0.04141theta^2 + -0.03236theta omega + -0.08540omega^2 + 0.00071theta^3 + 0.00070theta^2 omega + 0.00112theta omega^2 + 0.01323omega^3

--- Chunk 6979 (29/993) | Start: 2024-09-08 08:45:00 ---
    RMSE omega: nan | RMSE theta: nan | Loss: 4792.7344 | Epoch: 1052
    Eq theta: 1.00000omega
    Eq omega: nan1 + nantheta + nanomega + nantheta^2 + nantheta omega + nanomega^2 + nantheta^3 + nantheta^2 omega + nantheta omega^2 + nanomega^3

--- Chunk 6980 (30/993) | Start: 2024-09-08 08:50:00 ---
    RMSE omega: nan | RMSE theta: nan | Loss: 656774.4375 | Epoch: 840
    Eq theta: 1.00000omega
    Eq omega: nan1 + nantheta + nanomega + nantheta^2 + nantheta omega + nanomega^2 + nantheta^3 + nantheta^2 omega + nantheta omega^2 + nanomega^3

--- Chunk 6981 (31/993) | Start: 2024-09-08 08:55:00 ---
    RMSE omega: nan | RMSE theta: nan | Loss: 62994.5078 | Epoch: 1181
    Eq theta: 1.00000omega
    Eq omega: nan1 + nantheta + nanomega + nantheta^2 + nantheta omega + nanomega^2 + nantheta^3 + nantheta^2 omega + nantheta omega^2 + nanomega^3

--- Chunk 6982 (32/993) | Start: 2024-09-08 09:00:00 ---
    RMSE omega: 0.000509 | RMSE theta: 0.014083 | Loss: -3.2539 | Epoch: 9999
    Eq theta: 1.00000omega
    Eq omega: -0.014441 + -0.36867theta + -0.02658omega + 0.01366theta^2 + -0.01935theta omega + 0.22421omega^2 + -0.00174theta^3 + -0.02228theta^2 omega + 0.00133theta omega^2 + -0.00858omega^3

--- Chunk 6983 (33/993) | Start: 2024-09-08 09:05:00 ---
    RMSE omega: 0.000413 | RMSE theta: 0.009307 | Loss: -3.2907 | Epoch: 6742
    Eq theta: 1.00000omega
    Eq omega: -0.136801 + -0.06473theta + 0.05270omega + -0.03217theta^2 + 0.03008theta omega + 0.00579omega^2 + 0.00016theta^3 + 0.00081theta^2 omega + -0.01520theta omega^2 + 0.00040omega^3

--- Chunk 6984 (34/993) | Start: 2024-09-08 09:10:00 ---
    RMSE omega: 0.001129 | RMSE theta: 0.021132 | Loss: 16.1661 | Epoch: 9999
    Eq theta: 1.00000omega
    Eq omega: 0.055131 + 0.05825theta + -0.07009omega + 0.00270theta^2 + -0.06683theta omega + 0.13604omega^2 + -0.00018theta^3 + 0.02991theta^2 omega + -0.00021theta omega^2 + -0.00262omega^3

--- Chunk 6985 (35/993) | Start: 2024-09-08 09:15:00 ---
    RMSE omega: nan | RMSE theta: nan | Loss: 8577.1533 | Epoch: 1050
    Eq theta: 1.00000omega
    Eq omega: nan1 + nantheta + nanomega + nantheta^2 + nantheta omega + nanomega^2 + nantheta^3 + nantheta^2 omega + nantheta omega^2 + nanomega^3

--- Chunk 6986 (36/993) | Start: 2024-09-08 09:20:00 ---
    RMSE omega: nan | RMSE theta: nan | Loss: 2418.2151 | Epoch: 923
    Eq theta: 1.00000omega
    Eq omega: nan1 + nantheta + nanomega + nantheta^2 + nantheta omega + nanomega^2 + nantheta^3 + nantheta^2 omega + nantheta omega^2 + nanomega^3

--- Chunk 6987 (37/993) | Start: 2024-09-08 09:25:00 ---
    RMSE omega: 0.000559 | RMSE theta: 0.011939 | Loss: 1.2047 | Epoch: 9198
    Eq theta: 1.00000omega
    Eq omega: -0.080051 + -0.01825theta + 0.02819omega + 0.07741theta^2 + -0.00104theta omega + 0.00152omega^2 + -0.00380theta^3 + -0.00129theta^2 omega + -0.00278theta omega^2 + -0.00032omega^3

--- Chunk 6988 (38/993) | Start: 2024-09-08 09:30:00 ---
    RMSE omega: nan | RMSE theta: nan | Loss: 678.1653 | Epoch: 1142
    Eq theta: 1.00000omega
    Eq omega: nan1 + nantheta + nanomega + nantheta^2 + nantheta omega + nanomega^2 + nantheta^3 + nantheta^2 omega + nantheta omega^2 + nanomega^3

--- Chunk 6989 (39/993) | Start: 2024-09-08 09:35:00 ---
    RMSE omega: 0.000549 | RMSE theta: 0.014652 | Loss: 7.7329 | Epoch: 9999
    Eq theta: 1.00000omega
    Eq omega: -0.152731 + 0.18990theta + -0.00132omega + 0.03455theta^2 + 0.00711theta omega + -0.00052omega^2 + -0.00617theta^3 + 0.00025theta^2 omega + -0.00057theta omega^2 + 0.00068omega^3

--- Chunk 6990 (40/993) | Start: 2024-09-08 09:40:00 ---
    RMSE omega: 0.000530 | RMSE theta: 0.016981 | Loss: 2.1096 | Epoch: 7480
    Eq theta: 1.00000omega
    Eq omega: -0.038141 + -0.24118theta + -0.07198omega + -0.10949theta^2 + 0.01615theta omega + -0.02664omega^2 + 0.00130theta^3 + -0.00313theta^2 omega + -0.00213theta omega^2 + -0.02349omega^3

--- Chunk 6991 (41/993) | Start: 2024-09-08 09:45:00 ---
    RMSE omega: 0.000356 | RMSE theta: 0.009714 | Loss: -0.1241 | Epoch: 5958
    Eq theta: 1.00000omega
    Eq omega: 1.141681 + 2.74445theta + -0.09063omega + -1.90502theta^2 + -0.19072theta omega + 0.05752omega^2 + -1.11041theta^3 + 0.02368theta^2 omega + -0.29041theta omega^2 + -0.01560omega^3

--- Chunk 6992 (42/993) | Start: 2024-09-08 09:50:00 ---
    RMSE omega: 0.000815 | RMSE theta: 0.013510 | Loss: 10.6829 | Epoch: 9999
    Eq theta: 1.00000omega
    Eq omega: -0.011871 + -0.01344theta + -0.02315omega + 0.02038theta^2 + 0.04418theta omega + -0.00731omega^2 + -0.00303theta^3 + -0.00073theta^2 omega + 0.00064theta omega^2 + 0.00026omega^3

--- Chunk 6993 (43/993) | Start: 2024-09-08 09:55:00 ---
    RMSE omega: 0.000637 | RMSE theta: 0.009717 | Loss: 14.9876 | Epoch: 6765
    Eq theta: 1.00000omega
    Eq omega: -0.056621 + -0.02512theta + -0.01405omega + -0.02689theta^2 + 0.00477theta omega + -0.02772omega^2 + -0.00845theta^3 + 0.00367theta^2 omega + -0.00732theta omega^2 + -0.00447omega^3

--- Chunk 6994 (44/993) | Start: 2024-09-08 10:00:00 ---
    RMSE omega: nan | RMSE theta: nan | Loss: 12249.3027 | Epoch: 1373
    Eq theta: 1.00000omega
    Eq omega: nan1 + nantheta + nanomega + nantheta^2 + nantheta omega + nanomega^2 + nantheta^3 + nantheta^2 omega + nantheta omega^2 + nanomega^3

--- Chunk 6995 (45/993) | Start: 2024-09-08 10:05:00 ---
    RMSE omega: nan | RMSE theta: nan | Loss: 501544.4062 | Epoch: 1314
    Eq theta: 1.00000omega
    Eq omega: nan1 + nantheta + nanomega + nantheta^2 + nantheta omega + nanomega^2 + nantheta^3 + nantheta^2 omega + nantheta omega^2 + nanomega^3

--- Chunk 6996 (46/993) | Start: 2024-09-08 10:10:00 ---
    RMSE omega: nan | RMSE theta: nan | Loss: 52131.5586 | Epoch: 1458
    Eq theta: 1.00000omega
    Eq omega: nan1 + nantheta + nanomega + nantheta^2 + nantheta omega + nanomega^2 + nantheta^3 + nantheta^2 omega + nantheta omega^2 + nanomega^3

--- Chunk 6997 (47/993) | Start: 2024-09-08 10:15:00 ---
    RMSE omega: 0.000528 | RMSE theta: 0.012333 | Loss: 23.6368 | Epoch: 9999
    Eq theta: 1.00000omega
    Eq omega: -0.015941 + 0.00212theta + -0.00337omega + -0.00025theta^2 + 0.00038theta omega + -0.00017omega^2 + 0.00014theta^3 + -0.00002theta^2 omega + 0.00001theta omega^2 + -0.00055omega^3

--- Chunk 6998 (48/993) | Start: 2024-09-08 10:20:00 ---
    RMSE omega: 0.001528 | RMSE theta: 0.019454 | Loss: 98.5188 | Epoch: 9999
    Eq theta: 1.00000omega
    Eq omega: 0.022851 + 0.00013theta + 0.01979omega + -0.00037theta^2 + -0.00009theta omega + 0.00134omega^2 + -0.00000theta^3 + -0.00003theta^2 omega + -0.00012theta omega^2 + -0.00000omega^3

--- Chunk 6999 (49/993) | Start: 2024-09-08 10:25:00 ---
    RMSE omega: 0.000707 | RMSE theta: 0.026434 | Loss: 0.9254 | Epoch: 9563
    Eq theta: 1.00000omega
    Eq omega: 0.448921 + 0.02652theta + -0.27667omega + -0.15061theta^2 + -0.08968theta omega + 0.01874omega^2 + -0.02145theta^3 + -0.00223theta^2 omega + -0.00372theta omega^2 + 0.01065omega^3

--- Chunk 7000 (50/993) | Start: 2024-09-08 10:30:00 ---
    RMSE omega: nan | RMSE theta: nan | Loss: 7497.2207 | Epoch: 1074
    Eq theta: 1.00000omega
    Eq omega: nan1 + nantheta + nanomega + nantheta^2 + nantheta omega + nanomega^2 + nantheta^3 + nantheta^2 omega + nantheta omega^2 + nanomega^3

  [Progress 50/993] Mean RMSE omega: 0.000618 | Mean loss: 31906.0161 | Valid: 34/50 | Elapsed: 2738.5min | ETA: 51647.7min

--- Chunk 7001 (51/993) | Start: 2024-09-08 10:35:00 ---
    RMSE omega: nan | RMSE theta: nan | Loss: 2627.0234 | Epoch: 977
    Eq theta: 1.00000omega
    Eq omega: nan1 + nantheta + nanomega + nantheta^2 + nantheta omega + nanomega^2 + nantheta^3 + nantheta^2 omega + nantheta omega^2 + nanomega^3

--- Chunk 7002 (52/993) | Start: 2024-09-08 10:40:00 ---
    RMSE omega: nan | RMSE theta: nan | Loss: 40494.2383 | Epoch: 1195
    Eq theta: 1.00000omega
    Eq omega: nan1 + nantheta + nanomega + nantheta^2 + nantheta omega + nanomega^2 + nantheta^3 + nantheta^2 omega + nantheta omega^2 + nanomega^3

--- Chunk 7003 (53/993) | Start: 2024-09-08 10:45:00 ---
    RMSE omega: 0.000465 | RMSE theta: 0.010539 | Loss: -0.0752 | Epoch: 6046
    Eq theta: 1.00000omega
    Eq omega: 0.009341 + -0.13571theta + 0.06632omega + 0.02844theta^2 + -0.01006theta omega + -0.00155omega^2 + -0.00084theta^3 + 0.00675theta^2 omega + -0.00148theta omega^2 + -0.00484omega^3

--- Chunk 7004 (54/993) | Start: 2024-09-08 10:50:00 ---
    RMSE omega: 0.000453 | RMSE theta: 0.015003 | Loss: 1.9167 | Epoch: 8529
    Eq theta: 1.00000omega
    Eq omega: 0.012281 + 0.00010theta + 0.01473omega + -0.00565theta^2 + -0.00126theta omega + 0.00286omega^2 + -0.00025theta^3 + -0.00349theta^2 omega + -0.00110theta omega^2 + 0.00186omega^3

--- Chunk 7005 (55/993) | Start: 2024-09-08 10:55:00 ---
    RMSE omega: 0.000544 | RMSE theta: 0.012824 | Loss: 1.1681 | Epoch: 6240
    Eq theta: 1.00000omega
    Eq omega: -0.009641 + -0.03502theta + 0.00197omega + -0.00426theta^2 + -0.00267theta omega + 0.00347omega^2 + -0.00089theta^3 + -0.00074theta^2 omega + -0.00247theta omega^2 + 0.00272omega^3

--- Chunk 7006 (56/993) | Start: 2024-09-08 11:00:00 ---
    RMSE omega: nan | RMSE theta: nan | Loss: 52253.4180 | Epoch: 844
    Eq theta: 1.00000omega
    Eq omega: nan1 + nantheta + nanomega + nantheta^2 + nantheta omega + nanomega^2 + nantheta^3 + nantheta^2 omega + nantheta omega^2 + nanomega^3

--- Chunk 7007 (57/993) | Start: 2024-09-08 11:05:00 ---
    RMSE omega: 0.000569 | RMSE theta: 0.010187 | Loss: 2.7071 | Epoch: 9999
    Eq theta: 1.00000omega
    Eq omega: -0.006291 + -0.00417theta + -0.03628omega + -0.00263theta^2 + -0.00097theta omega + -0.00774omega^2 + 0.00060theta^3 + -0.00086theta^2 omega + 0.00049theta omega^2 + -0.00150omega^3

--- Chunk 7008 (58/993) | Start: 2024-09-08 11:10:00 ---
    RMSE omega: 0.000517 | RMSE theta: 0.016675 | Loss: 3.8522 | Epoch: 8063
    Eq theta: 1.00000omega
    Eq omega: 0.265541 + 0.00078theta + -0.06386omega + -0.09499theta^2 + -0.01770theta omega + -0.01285omega^2 + -0.01495theta^3 + -0.00057theta^2 omega + -0.00459theta omega^2 + -0.00244omega^3

--- Chunk 7009 (59/993) | Start: 2024-09-08 11:15:00 ---
    RMSE omega: 0.000384 | RMSE theta: 0.014407 | Loss: 0.4904 | Epoch: 7567
    Eq theta: 1.00000omega
    Eq omega: 0.016281 + -0.00246theta + 0.21273omega + 0.00019theta^2 + -0.00639theta omega + 0.02619omega^2 + -0.00217theta^3 + -0.02182theta^2 omega + -0.00376theta omega^2 + 0.00839omega^3

--- Chunk 7010 (60/993) | Start: 2024-09-08 11:20:00 ---
    RMSE omega: 0.000458 | RMSE theta: 0.013269 | Loss: 6.1075 | Epoch: 9106
    Eq theta: 1.00000omega
    Eq omega: 0.022151 + 0.00814theta + 0.02396omega + -0.00512theta^2 + -0.00195theta omega + 0.00727omega^2 + -0.00307theta^3 + -0.00019theta^2 omega + 0.00009theta omega^2 + 0.00453omega^3

--- Chunk 7011 (61/993) | Start: 2024-09-08 11:25:00 ---
    RMSE omega: nan | RMSE theta: nan | Loss: 1634.9735 | Epoch: 1142
    Eq theta: 1.00000omega
    Eq omega: nan1 + nantheta + nanomega + nantheta^2 + nantheta omega + nanomega^2 + nantheta^3 + nantheta^2 omega + nantheta omega^2 + nanomega^3

--- Chunk 7012 (62/993) | Start: 2024-09-08 11:30:00 ---
    RMSE omega: 0.000539 | RMSE theta: 0.011642 | Loss: -3.8754 | Epoch: 4725
    Eq theta: 1.00000omega
    Eq omega: 0.004991 + -0.16008theta + -0.01668omega + 0.12937theta^2 + -0.12924theta omega + -0.01798omega^2 + -0.00469theta^3 + 0.04876theta^2 omega + -0.06483theta omega^2 + -0.01046omega^3

--- Chunk 7013 (63/993) | Start: 2024-09-08 11:35:00 ---
    RMSE omega: 0.000623 | RMSE theta: 0.013855 | Loss: 6.2952 | Epoch: 9301
    Eq theta: 1.00000omega
    Eq omega: -0.004421 + 0.00324theta + 0.00918omega + 0.01944theta^2 + 0.13183theta omega + -0.00349omega^2 + -0.00878theta^3 + -0.00069theta^2 omega + 0.00045theta omega^2 + -0.00256omega^3

--- Chunk 7014 (64/993) | Start: 2024-09-08 11:40:00 ---
    RMSE omega: nan | RMSE theta: nan | Loss: 151.9842 | Epoch: 1495
    Eq theta: 1.00000omega
    Eq omega: nan1 + nantheta + nanomega + nantheta^2 + nantheta omega + nanomega^2 + nantheta^3 + nantheta^2 omega + nantheta omega^2 + nanomega^3

--- Chunk 7015 (65/993) | Start: 2024-09-08 11:45:00 ---
    RMSE omega: 0.000387 | RMSE theta: 0.011003 | Loss: -1.7643 | Epoch: 9999
    Eq theta: 1.00000omega
    Eq omega: -0.740221 + 0.00861theta + 0.13890omega + 0.25825theta^2 + 0.00246theta omega + -0.04430omega^2 + -0.06532theta^3 + -0.00631theta^2 omega + -0.00001theta omega^2 + 0.02718omega^3

--- Chunk 7016 (66/993) | Start: 2024-09-08 11:50:00 ---
    RMSE omega: 0.000824 | RMSE theta: 0.009995 | Loss: 0.1935 | Epoch: 9999
    Eq theta: 1.00000omega
    Eq omega: -0.006731 + 0.01630theta + 0.15618omega + 0.06489theta^2 + 0.20585theta omega + -0.21994omega^2 + -0.15652theta^3 + 0.00084theta^2 omega + 0.00853theta omega^2 + -0.04835omega^3

--- Chunk 7017 (67/993) | Start: 2024-09-08 11:55:00 ---
    RMSE omega: 0.000297 | RMSE theta: 0.008980 | Loss: -3.1645 | Epoch: 6694
    Eq theta: 1.00000omega
    Eq omega: -1.416031 + -1.55872theta + 0.30388omega + 0.44838theta^2 + 0.10697theta omega + 0.49932omega^2 + 0.00080theta^3 + -0.00705theta^2 omega + -0.18735theta omega^2 + -0.00156omega^3

--- Chunk 7018 (68/993) | Start: 2024-09-08 12:00:00 ---
    RMSE omega: 0.000603 | RMSE theta: 0.015177 | Loss: 5.4082 | Epoch: 9999
    Eq theta: 1.00000omega
    Eq omega: 0.005421 + -0.15775theta + 0.03665omega + 0.01556theta^2 + -0.01627theta omega + -0.05251omega^2 + -0.00015theta^3 + 0.01518theta^2 omega + 0.02810theta omega^2 + -0.03928omega^3

--- Chunk 7019 (69/993) | Start: 2024-09-08 12:05:00 ---
    RMSE omega: 0.000447 | RMSE theta: 0.008053 | Loss: 1.6520 | Epoch: 5272
    Eq theta: 1.00000omega
    Eq omega: 0.014831 + -0.09402theta + -0.00189omega + -0.00621theta^2 + 0.03455theta omega + -0.00458omega^2 + -0.00378theta^3 + 0.00311theta^2 omega + 0.01028theta omega^2 + -0.00359omega^3

--- Chunk 7020 (70/993) | Start: 2024-09-08 12:10:00 ---
    RMSE omega: 0.000477 | RMSE theta: 0.009921 | Loss: 2.5946 | Epoch: 7082
    Eq theta: 1.00000omega
    Eq omega: 0.009131 + 0.06575theta + 0.01235omega + -0.42893theta^2 + -0.09680theta omega + 0.13755omega^2 + -0.07542theta^3 + -0.25869theta^2 omega + 0.03383theta omega^2 + 0.14705omega^3

--- Chunk 7021 (71/993) | Start: 2024-09-08 12:15:00 ---
    RMSE omega: 0.000539 | RMSE theta: 0.011363 | Loss: 4.9826 | Epoch: 8788
    Eq theta: 1.00000omega
    Eq omega: 0.015221 + -0.12831theta + -0.00048omega + 0.01068theta^2 + 0.00107theta omega + 0.00184omega^2 + 0.00005theta^3 + -0.00123theta^2 omega + -0.00065theta omega^2 + 0.00127omega^3

--- Chunk 7022 (72/993) | Start: 2024-09-08 12:20:00 ---
    RMSE omega: 0.000798 | RMSE theta: 0.023925 | Loss: 17.5127 | Epoch: 9999
    Eq theta: 1.00000omega
    Eq omega: 0.051231 + -0.00199theta + 0.12900omega + -0.00190theta^2 + -0.00169theta omega + 0.00414omega^2 + -0.00007theta^3 + -0.00276theta^2 omega + -0.00156theta omega^2 + 0.00069omega^3

--- Chunk 7023 (73/993) | Start: 2024-09-08 12:25:00 ---
    RMSE omega: 0.000566 | RMSE theta: 0.013714 | Loss: 0.4020 | Epoch: 8966
    Eq theta: 1.00000omega
    Eq omega: -0.207081 + -0.07762theta + -0.00568omega + -0.00919theta^2 + -0.00560theta omega + -0.01268omega^2 + -0.00036theta^3 + -0.00044theta^2 omega + -0.00078theta omega^2 + 0.00068omega^3

--- Chunk 7024 (74/993) | Start: 2024-09-08 12:30:00 ---
    RMSE omega: 0.000450 | RMSE theta: 0.014262 | Loss: -1.4441 | Epoch: 6074
    Eq theta: 1.00000omega
    Eq omega: 0.201981 + 0.00199theta + 0.00090omega + 0.00801theta^2 + -0.00150theta omega + -0.00640omega^2 + -0.01194theta^3 + -0.01045theta^2 omega + -0.01646theta omega^2 + 0.00195omega^3

--- Chunk 7025 (75/993) | Start: 2024-09-08 12:35:00 ---
    RMSE omega: 0.000790 | RMSE theta: 0.014299 | Loss: 10.9772 | Epoch: 9999
    Eq theta: 1.00000omega
    Eq omega: -0.130901 + -0.00025theta + -0.02337omega + 0.00752theta^2 + 0.00185theta omega + -0.00746omega^2 + -0.00000theta^3 + 0.00119theta^2 omega + 0.00071theta omega^2 + -0.00339omega^3

--- Chunk 7026 (76/993) | Start: 2024-09-08 12:40:00 ---
    RMSE omega: nan | RMSE theta: nan | Loss: 9483.2520 | Epoch: 1308
    Eq theta: 1.00000omega
    Eq omega: nan1 + nantheta + nanomega + nantheta^2 + nantheta omega + nanomega^2 + nantheta^3 + nantheta^2 omega + nantheta omega^2 + nanomega^3

--- Chunk 7027 (77/993) | Start: 2024-09-08 12:45:00 ---
    RMSE omega: 0.001005 | RMSE theta: 0.022707 | Loss: 7.8363 | Epoch: 9999
    Eq theta: 1.00000omega
    Eq omega: -0.261211 + -0.05605theta + -0.00349omega + -0.00124theta^2 + -0.00041theta omega + 0.00001omega^2 + -0.00006theta^3 + 0.00005theta^2 omega + -0.00080theta omega^2 + -0.00044omega^3

--- Chunk 7028 (78/993) | Start: 2024-09-08 12:50:00 ---
    RMSE omega: 0.000538 | RMSE theta: 0.011488 | Loss: 2.0682 | Epoch: 6549
    Eq theta: 1.00000omega
    Eq omega: 0.007381 + -0.02703theta + 0.00622omega + 0.00306theta^2 + -0.02901theta omega + -0.02020omega^2 + -0.00608theta^3 + 0.01439theta^2 omega + 0.00189theta omega^2 + -0.01255omega^3

--- Chunk 7029 (79/993) | Start: 2024-09-08 12:55:00 ---
    RMSE omega: nan | RMSE theta: nan | Loss: 2285.7456 | Epoch: 937
    Eq theta: 1.00000omega
    Eq omega: nan1 + nantheta + nanomega + nantheta^2 + nantheta omega + nanomega^2 + nantheta^3 + nantheta^2 omega + nantheta omega^2 + nanomega^3

--- Chunk 7030 (80/993) | Start: 2024-09-08 13:00:00 ---
    RMSE omega: nan | RMSE theta: nan | Loss: 8535.8057 | Epoch: 1608
    Eq theta: 1.00000omega
    Eq omega: nan1 + nantheta + nanomega + nantheta^2 + nantheta omega + nanomega^2 + nantheta^3 + nantheta^2 omega + nantheta omega^2 + nanomega^3

--- Chunk 7031 (81/993) | Start: 2024-09-08 13:05:00 ---
    RMSE omega: 0.004844 | RMSE theta: 0.053803 | Loss: 99.7741 | Epoch: 9999
    Eq theta: 1.00000omega
    Eq omega: 0.264491 + -0.46563theta + -0.03112omega + -0.09812theta^2 + -0.00206theta omega + -0.19477omega^2 + -0.00066theta^3 + 0.00258theta^2 omega + -0.04485theta omega^2 + -0.04031omega^3

--- Chunk 7032 (82/993) | Start: 2024-09-08 13:10:00 ---
    RMSE omega: 0.000545 | RMSE theta: 0.014098 | Loss: -4.6402 | Epoch: 6913
    Eq theta: 1.00000omega
    Eq omega: 0.197041 + -0.12696theta + 0.00970omega + 0.00844theta^2 + 0.01426theta omega + 0.00197omega^2 + -0.01332theta^3 + 0.00098theta^2 omega + 0.00370theta omega^2 + 0.00867omega^3

--- Chunk 7033 (83/993) | Start: 2024-09-08 13:15:00 ---
    RMSE omega: 0.000482 | RMSE theta: 0.010274 | Loss: -2.6364 | Epoch: 6865
    Eq theta: 1.00000omega
    Eq omega: 0.013721 + -0.52230theta + -0.00025omega + -0.11997theta^2 + 0.03656theta omega + -0.12549omega^2 + 0.03747theta^3 + 0.01321theta^2 omega + -0.11728theta omega^2 + -0.00210omega^3

--- Chunk 7034 (84/993) | Start: 2024-09-08 13:20:00 ---
    RMSE omega: 0.000661 | RMSE theta: 0.018337 | Loss: -2.3998 | Epoch: 5631
    Eq theta: 1.00000omega
    Eq omega: -0.036841 + -0.39553theta + 0.21931omega + 0.06263theta^2 + -0.01105theta omega + -0.01804omega^2 + -0.00061theta^3 + 0.00750theta^2 omega + 0.00668theta omega^2 + -0.00163omega^3

--- Chunk 7035 (85/993) | Start: 2024-09-08 13:25:00 ---
    RMSE omega: nan | RMSE theta: nan | Loss: 39522.0508 | Epoch: 794
    Eq theta: 1.00000omega
    Eq omega: nan1 + nantheta + nanomega + nantheta^2 + nantheta omega + nanomega^2 + nantheta^3 + nantheta^2 omega + nantheta omega^2 + nanomega^3

--- Chunk 7036 (86/993) | Start: 2024-09-08 13:30:00 ---
    RMSE omega: 0.000412 | RMSE theta: 0.009259 | Loss: -1.5004 | Epoch: 8371
    Eq theta: 1.00000omega
    Eq omega: 0.966761 + -1.44941theta + -0.64781omega + -0.50355theta^2 + 0.92306theta omega + 0.12397omega^2 + 0.01106theta^3 + 0.27878theta^2 omega + -0.02969theta omega^2 + -0.01285omega^3

--- Chunk 7037 (87/993) | Start: 2024-09-08 13:35:00 ---
    RMSE omega: nan | RMSE theta: nan | Loss: 4065.5420 | Epoch: 935
    Eq theta: 1.00000omega
    Eq omega: nan1 + nantheta + nanomega + nantheta^2 + nantheta omega + nanomega^2 + nantheta^3 + nantheta^2 omega + nantheta omega^2 + nanomega^3

--- Chunk 7038 (88/993) | Start: 2024-09-08 13:40:00 ---
    RMSE omega: nan | RMSE theta: nan | Loss: 96256.6250 | Epoch: 1195
    Eq theta: 1.00000omega
    Eq omega: nan1 + nantheta + nanomega + nantheta^2 + nantheta omega + nanomega^2 + nantheta^3 + nantheta^2 omega + nantheta omega^2 + nanomega^3

--- Chunk 7039 (89/993) | Start: 2024-09-08 13:45:00 ---
    RMSE omega: nan | RMSE theta: nan | Loss: 212493.0156 | Epoch: 1994
    Eq theta: 1.00000omega
    Eq omega: nan1 + nantheta + nanomega + nantheta^2 + nantheta omega + nanomega^2 + nantheta^3 + nantheta^2 omega + nantheta omega^2 + nanomega^3

--- Chunk 7040 (90/993) | Start: 2024-09-08 13:50:00 ---
    RMSE omega: nan | RMSE theta: nan | Loss: 13521.0723 | Epoch: 1327
    Eq theta: 1.00000omega
    Eq omega: nan1 + nantheta + nanomega + nantheta^2 + nantheta omega + nanomega^2 + nantheta^3 + nantheta^2 omega + nantheta omega^2 + nanomega^3

--- Chunk 7041 (91/993) | Start: 2024-09-08 13:55:00 ---
    RMSE omega: 0.000358 | RMSE theta: 0.014245 | Loss: -2.6233 | Epoch: 6979
    Eq theta: 1.00000omega
    Eq omega: 0.182641 + -0.18007theta + 0.00355omega + -0.24201theta^2 + 0.08752theta omega + 0.04065omega^2 + 0.00176theta^3 + 0.00678theta^2 omega + 0.01221theta omega^2 + 0.03015omega^3

--- Chunk 7042 (92/993) | Start: 2024-09-08 14:00:00 ---
    RMSE omega: nan | RMSE theta: nan | Loss: 28.0694 | Epoch: 1099
    Eq theta: 1.00000omega
    Eq omega: nan1 + nantheta + nanomega + nantheta^2 + nantheta omega + nanomega^2 + nantheta^3 + nantheta^2 omega + nantheta omega^2 + nanomega^3

--- Chunk 7043 (93/993) | Start: 2024-09-08 14:05:00 ---
    RMSE omega: 0.000432 | RMSE theta: 0.010737 | Loss: -1.6953 | Epoch: 6149
    Eq theta: 1.00000omega
    Eq omega: 0.151221 + -0.36849theta + -0.00784omega + -0.67816theta^2 + 0.31412theta omega + 0.03033omega^2 + -0.24301theta^3 + 0.01113theta^2 omega + -0.01500theta omega^2 + 0.02386omega^3

--- Chunk 7044 (94/993) | Start: 2024-09-08 14:10:00 ---
    RMSE omega: nan | RMSE theta: nan | Loss: 24.2632 | Epoch: 2798
    Eq theta: 1.00000omega
    Eq omega: nan1 + nantheta + nanomega + nantheta^2 + nantheta omega + nanomega^2 + nantheta^3 + nantheta^2 omega + nantheta omega^2 + nanomega^3

--- Chunk 7045 (95/993) | Start: 2024-09-08 14:15:00 ---
    RMSE omega: 0.000811 | RMSE theta: 0.016520 | Loss: -1.4729 | Epoch: 8142
    Eq theta: 1.00000omega
    Eq omega: 0.016811 + -0.10317theta + -0.20317omega + -0.00330theta^2 + -0.00518theta omega + -0.01797omega^2 + -0.00058theta^3 + 0.00272theta^2 omega + -0.00643theta omega^2 + -0.00506omega^3

--- Chunk 7046 (96/993) | Start: 2024-09-08 14:20:00 ---
    RMSE omega: 0.000398 | RMSE theta: 0.010944 | Loss: -0.5340 | Epoch: 8251
    Eq theta: 1.00000omega
    Eq omega: -0.058271 + 0.57085theta + 0.57765omega + 0.00328theta^2 + -0.01005theta omega + -0.70060omega^2 + -0.18008theta^3 + -0.18059theta^2 omega + -0.57353theta omega^2 + 0.09777omega^3

--- Chunk 7047 (97/993) | Start: 2024-09-08 14:25:00 ---
    RMSE omega: 0.000502 | RMSE theta: 0.010130 | Loss: 3.6029 | Epoch: 5499
    Eq theta: 1.00000omega
    Eq omega: -0.001671 + -0.00514theta + -0.00249omega + 0.00220theta^2 + -0.01750theta omega + -0.06048omega^2 + -0.01493theta^3 + 0.03627theta^2 omega + 0.01570theta omega^2 + -0.04331omega^3

--- Chunk 7048 (98/993) | Start: 2024-09-08 14:30:00 ---
    RMSE omega: 0.000719 | RMSE theta: 0.013569 | Loss: -0.5354 | Epoch: 6899
    Eq theta: 1.00000omega
    Eq omega: 0.004961 + -0.04743theta + 0.01752omega + 0.00926theta^2 + 0.00003theta omega + 0.00627omega^2 + -0.00499theta^3 + 0.00531theta^2 omega + 0.00161theta omega^2 + 0.00144omega^3

--- Chunk 7049 (99/993) | Start: 2024-09-08 14:35:00 ---
    RMSE omega: 0.000419 | RMSE theta: 0.012071 | Loss: -0.7104 | Epoch: 5667
    Eq theta: 1.00000omega
    Eq omega: -0.044851 + -0.81535theta + 0.00137omega + -0.00882theta^2 + -0.35860theta omega + -0.02216omega^2 + -0.02790theta^3 + -0.13653theta^2 omega + -0.11127theta omega^2 + -0.01579omega^3

--- Chunk 7050 (100/993) | Start: 2024-09-08 14:40:00 ---
    RMSE omega: 0.001447 | RMSE theta: 0.018876 | Loss: 2.9147 | Epoch: 9999
    Eq theta: 1.00000omega
    Eq omega: 0.010151 + -0.22280theta + 0.04642omega + 0.11290theta^2 + -0.01311theta omega + -0.08873omega^2 + -0.01912theta^3 + 0.00318theta^2 omega + 0.17732theta omega^2 + 0.03705omega^3

  [Progress 100/993] Mean RMSE omega: 0.000657 | Mean loss: 20788.3127 | Valid: 69/100 | Elapsed: 2864.6min | ETA: 25581.2min

--- Chunk 7051 (101/993) | Start: 2024-09-08 14:45:00 ---
    RMSE omega: 0.001839 | RMSE theta: 0.025315 | Loss: 32.2624 | Epoch: 9999
    Eq theta: 1.00000omega
    Eq omega: 0.237901 + -0.18933theta + -0.01200omega + -0.06736theta^2 + -0.02696theta omega + -0.00402omega^2 + 0.00015theta^3 + 0.00039theta^2 omega + -0.01381theta omega^2 + -0.01687omega^3

--- Chunk 7052 (102/993) | Start: 2024-09-08 14:50:00 ---
    RMSE omega: 0.000555 | RMSE theta: 0.016056 | Loss: 4.4271 | Epoch: 4975
    Eq theta: 1.00000omega
    Eq omega: 0.002501 + -0.28875theta + -0.09556omega + 0.38306theta^2 + -0.01012theta omega + -0.04122omega^2 + -0.07375theta^3 + 0.00039theta^2 omega + 0.07774theta omega^2 + -0.04200omega^3

--- Chunk 7053 (103/993) | Start: 2024-09-08 14:55:00 ---
    RMSE omega: nan | RMSE theta: nan | Loss: 2136.2815 | Epoch: 1054
    Eq theta: 1.00000omega
    Eq omega: nan1 + nantheta + nanomega + nantheta^2 + nantheta omega + nanomega^2 + nantheta^3 + nantheta^2 omega + nantheta omega^2 + nanomega^3

--- Chunk 7054 (104/993) | Start: 2024-09-08 15:00:00 ---
    RMSE omega: 0.000717 | RMSE theta: 0.015102 | Loss: -2.8681 | Epoch: 6905
    Eq theta: 1.00000omega
    Eq omega: 0.039551 + -0.10613theta + 0.08163omega + -0.17833theta^2 + -0.11775theta omega + 0.07918omega^2 + -0.03848theta^3 + -0.11966theta^2 omega + -0.01255theta omega^2 + 0.03379omega^3

--- Chunk 7055 (105/993) | Start: 2024-09-08 15:05:00 ---
[2026-03-09T17:31:39.003] error: *** JOB 3439121 ON uc3n026 CANCELLED AT 2026-03-09T17:31:39 DUE TO TIME LIMIT ***

============================= JOB FEEDBACK =============================

NodeName=uc3n026
Job ID: 3439121
Array Job ID: 3439112_7
Cluster: uc3
User/Group: ka_bj2362/ka_iai
State: TIMEOUT (exit code 0)
Nodes: 1
Cores per node: 70
CPU Utilized: 00:00:00
CPU Efficiency: 0.00% of 140-00:05:50 core-walltime
Job Wall-clock time: 2-00:00:05
Memory Utilized: 800.72 MB
Memory Efficiency: 2.44% of 32.00 GB (32.00 GB/node)
