Array task 29: processing chunks 28797 to 29789
Loading data from /pfs/data6/home/ka/ka_iai/ka_bj2362/dsr/svise/../dataset/Frequency_data_SK.pkl...
Finding all valid 5-minute chunks in the dataset...
Found 31760 valid 5-minute chunks in total.

============================================================
SVISE FINAL EVALUATION — ALL CHUNKS
============================================================
Hyperparameters: {
  "model": "integrator",
  "sigma": 10,
  "degree": 3,
  "tau": 0.5,
  "lr": 0.001,
  "n_tau": 100,
  "measurement_noise": 1e-05,
  "n_reparam_samples": 30
}
Total valid chunks in dataset: 31760
Processing chunk range: [28797, 29789] (993 chunks)
Early stopping: patience=300, max_epochs=10000
============================================================


--- Chunk 28797 (1/993) | Start: 2024-11-28 04:55:00 ---
/pfs/data6/home/ka/ka_iai/ka_bj2362/dsr/svise/svise/sde_learning/_marginal_sde.py:284: UserWarning: torch.triangular_solve is deprecated in favor of torch.linalg.solve_triangularand will be removed in a future PyTorch release.
torch.linalg.solve_triangular has its arguments reversed and does not return a copy of one of the inputs.
X = torch.triangular_solve(B, A).solution
should be replaced with
X = torch.linalg.solve_triangular(A, B). (Triggered internally at ../aten/src/ATen/native/BatchLinearAlgebra.cpp:2192.)
  return torch.triangular_solve(self.raw_w, self.C.t()).solution
/pfs/data6/home/ka/ka_iai/ka_bj2362/dsr/svise/svise/quadrature/_unbiased_quadrature.py:196: UserWarning: Interp is nan, reducing interp degree.
  warnings.warn("Interp is nan, reducing interp degree.")
/pfs/data6/home/ka/ka_iai/ka_bj2362/dsr/svise/svise/quadrature/_unbiased_quadrature.py:174: UserWarning: NaN detected in fxq (quadrature node evaluations). Clamping to 0.
  warnings.warn("NaN detected in fxq (quadrature node evaluations). Clamping to 0.")
/pfs/data6/home/ka/ka_iai/ka_bj2362/dsr/svise/svise/quadrature/_unbiased_quadrature.py:177: UserWarning: NaN detected in fmc (Monte-Carlo node evaluations). Clamping to 0.
  warnings.warn("NaN detected in fmc (Monte-Carlo node evaluations). Clamping to 0.")
    RMSE omega: 0.001019 | RMSE theta: 0.015781 | Loss: 2.1323 | Epoch: 9346
    Eq theta: 1.00000omega
    Eq omega: -1.031491 + -1.74931theta + 0.10816omega + -0.10433theta^2 + 1.08985theta omega + 0.07966omega^2 + 0.00291theta^3 + -0.02749theta^2 omega + -0.00256theta omega^2 + 0.28968omega^3

--- Chunk 28798 (2/993) | Start: 2024-11-28 05:00:00 ---
    RMSE omega: nan | RMSE theta: nan | Loss: 13532.4639 | Epoch: 1199
    Eq theta: 1.00000omega
    Eq omega: nan1 + nantheta + nanomega + nantheta^2 + nantheta omega + nanomega^2 + nantheta^3 + nantheta^2 omega + nantheta omega^2 + nanomega^3

--- Chunk 28799 (3/993) | Start: 2024-11-28 05:05:00 ---
    RMSE omega: 0.000542 | RMSE theta: 0.014009 | Loss: 5.6524 | Epoch: 9999
    Eq theta: 1.00000omega
    Eq omega: -0.042491 + 0.00069theta + -0.00907omega + -0.00035theta^2 + -0.00010theta omega + -0.00197omega^2 + 0.00039theta^3 + -0.00004theta^2 omega + -0.00014theta omega^2 + -0.00049omega^3

--- Chunk 28800 (4/993) | Start: 2024-11-28 05:10:00 ---
    RMSE omega: 0.000468 | RMSE theta: 0.019240 | Loss: 2.8080 | Epoch: 6694
    Eq theta: 1.00000omega
    Eq omega: -0.010311 + 0.00067theta + 0.00338omega + 0.00094theta^2 + 0.00190theta omega + -0.00192omega^2 + 0.00015theta^3 + 0.00005theta^2 omega + 0.00025theta omega^2 + -0.00003omega^3

--- Chunk 28801 (5/993) | Start: 2024-11-28 05:15:00 ---
    RMSE omega: nan | RMSE theta: nan | Loss: 34238.6719 | Epoch: 1879
    Eq theta: 1.00000omega
    Eq omega: nan1 + nantheta + nanomega + nantheta^2 + nantheta omega + nanomega^2 + nantheta^3 + nantheta^2 omega + nantheta omega^2 + nanomega^3

--- Chunk 28802 (6/993) | Start: 2024-11-28 05:20:00 ---
    RMSE omega: nan | RMSE theta: nan | Loss: 25816.1855 | Epoch: 1194
    Eq theta: 1.00000omega
    Eq omega: nan1 + nantheta + nanomega + nantheta^2 + nantheta omega + nanomega^2 + nantheta^3 + nantheta^2 omega + nantheta omega^2 + nanomega^3

--- Chunk 28803 (7/993) | Start: 2024-11-28 05:25:00 ---
    RMSE omega: 0.000663 | RMSE theta: 0.016707 | Loss: 5.2463 | Epoch: 4902
    Eq theta: 1.00000omega
    Eq omega: -0.072701 + 0.01296theta + 0.01682omega + 0.02578theta^2 + 0.01405theta omega + -0.00976omega^2 + -0.01006theta^3 + -0.00169theta^2 omega + 0.00442theta omega^2 + 0.00474omega^3

--- Chunk 28804 (8/993) | Start: 2024-11-28 05:30:00 ---
    RMSE omega: nan | RMSE theta: nan | Loss: 145060.9531 | Epoch: 1403
    Eq theta: 1.00000omega
    Eq omega: nan1 + nantheta + nanomega + nantheta^2 + nantheta omega + nanomega^2 + nantheta^3 + nantheta^2 omega + nantheta omega^2 + nanomega^3

--- Chunk 28805 (9/993) | Start: 2024-11-28 05:35:00 ---
    RMSE omega: nan | RMSE theta: nan | Loss: 62890.4609 | Epoch: 1198
    Eq theta: 1.00000omega
    Eq omega: nan1 + nantheta + nanomega + nantheta^2 + nantheta omega + nanomega^2 + nantheta^3 + nantheta^2 omega + nantheta omega^2 + nanomega^3

--- Chunk 28806 (10/993) | Start: 2024-11-28 05:40:00 ---
    RMSE omega: nan | RMSE theta: nan | Loss: 99199.1328 | Epoch: 1171
    Eq theta: 1.00000omega
    Eq omega: nan1 + nantheta + nanomega + nantheta^2 + nantheta omega + nanomega^2 + nantheta^3 + nantheta^2 omega + nantheta omega^2 + nanomega^3

--- Chunk 28807 (11/993) | Start: 2024-11-28 05:45:00 ---
    RMSE omega: nan | RMSE theta: nan | Loss: 68575.8516 | Epoch: 2323
    Eq theta: 1.00000omega
    Eq omega: nan1 + nantheta + nanomega + nantheta^2 + nantheta omega + nanomega^2 + nantheta^3 + nantheta^2 omega + nantheta omega^2 + nanomega^3

--- Chunk 28808 (12/993) | Start: 2024-11-28 05:50:00 ---
    RMSE omega: 0.000783 | RMSE theta: 0.018479 | Loss: 5.1637 | Epoch: 9999
    Eq theta: 1.00000omega
    Eq omega: 0.005781 + 0.00046theta + 0.01894omega + 0.00271theta^2 + -0.03444theta omega + -0.04760omega^2 + -0.00296theta^3 + 0.01325theta^2 omega + 0.01339theta omega^2 + -0.02130omega^3

--- Chunk 28809 (13/993) | Start: 2024-11-28 05:55:00 ---
    RMSE omega: nan | RMSE theta: nan | Loss: 43331.7188 | Epoch: 1124
    Eq theta: 1.00000omega
    Eq omega: nan1 + nantheta + nanomega + nantheta^2 + nantheta omega + nanomega^2 + nantheta^3 + nantheta^2 omega + nantheta omega^2 + nanomega^3

--- Chunk 28810 (14/993) | Start: 2024-11-28 06:00:00 ---
    RMSE omega: nan | RMSE theta: nan | Loss: 363.8149 | Epoch: 990
    Eq theta: 1.00000omega
    Eq omega: nan1 + nantheta + nanomega + nantheta^2 + nantheta omega + nanomega^2 + nantheta^3 + nantheta^2 omega + nantheta omega^2 + nanomega^3

--- Chunk 28811 (15/993) | Start: 2024-11-28 06:05:00 ---
    RMSE omega: 0.000368 | RMSE theta: 0.007606 | Loss: 0.0576 | Epoch: 5709
    Eq theta: 1.00000omega
    Eq omega: 0.608171 + -1.53162theta + 0.04719omega + -0.31308theta^2 + 0.39890theta omega + -0.00929omega^2 + -0.02322theta^3 + -0.10370theta^2 omega + 0.38713theta omega^2 + 0.08627omega^3

--- Chunk 28812 (16/993) | Start: 2024-11-28 06:10:00 ---
    RMSE omega: 0.000777 | RMSE theta: 0.023381 | Loss: 10.8450 | Epoch: 8414
    Eq theta: 1.00000omega
    Eq omega: -0.022021 + -0.00032theta + -0.00271omega + 0.00142theta^2 + -0.00093theta omega + 0.00282omega^2 + 0.00211theta^3 + -0.00025theta^2 omega + -0.03619theta omega^2 + 0.00223omega^3

--- Chunk 28813 (17/993) | Start: 2024-11-28 06:15:00 ---
    RMSE omega: 0.000552 | RMSE theta: 0.009645 | Loss: 2.4481 | Epoch: 8186
    Eq theta: 1.00000omega
    Eq omega: 0.019761 + 0.01068theta + 0.01144omega + 0.00141theta^2 + 0.00382theta omega + 0.05423omega^2 + 0.00003theta^3 + -0.02345theta^2 omega + 0.00140theta omega^2 + 0.03778omega^3

--- Chunk 28814 (18/993) | Start: 2024-11-28 06:20:00 ---
    RMSE omega: nan | RMSE theta: nan | Loss: 2222.2090 | Epoch: 2073
    Eq theta: 1.00000omega
    Eq omega: nan1 + nantheta + nanomega + nantheta^2 + nantheta omega + nanomega^2 + nantheta^3 + nantheta^2 omega + nantheta omega^2 + nanomega^3

--- Chunk 28815 (19/993) | Start: 2024-11-28 06:25:00 ---
    RMSE omega: nan | RMSE theta: nan | Loss: 33615.0195 | Epoch: 1235
    Eq theta: 1.00000omega
    Eq omega: nan1 + nantheta + nanomega + nantheta^2 + nantheta omega + nanomega^2 + nantheta^3 + nantheta^2 omega + nantheta omega^2 + nanomega^3

--- Chunk 28816 (20/993) | Start: 2024-11-28 06:30:00 ---
    RMSE omega: nan | RMSE theta: nan | Loss: 3333.9126 | Epoch: 1126
    Eq theta: 1.00000omega
    Eq omega: nan1 + nantheta + nanomega + nantheta^2 + nantheta omega + nanomega^2 + nantheta^3 + nantheta^2 omega + nantheta omega^2 + nanomega^3

--- Chunk 28817 (21/993) | Start: 2024-11-28 06:35:00 ---
    RMSE omega: nan | RMSE theta: nan | Loss: 10459.3408 | Epoch: 1367
    Eq theta: 1.00000omega
    Eq omega: nan1 + nantheta + nanomega + nantheta^2 + nantheta omega + nanomega^2 + nantheta^3 + nantheta^2 omega + nantheta omega^2 + nanomega^3

--- Chunk 28818 (22/993) | Start: 2024-11-28 06:40:00 ---
    RMSE omega: 0.000487 | RMSE theta: 0.011641 | Loss: 0.9773 | Epoch: 4281
    Eq theta: 1.00000omega
    Eq omega: -0.109801 + -0.02893theta + 0.05709omega + 0.12301theta^2 + -0.10615theta omega + -0.06035omega^2 + -0.04040theta^3 + -0.00251theta^2 omega + 0.02865theta omega^2 + 0.00206omega^3

--- Chunk 28819 (23/993) | Start: 2024-11-28 06:45:00 ---
    RMSE omega: 0.000572 | RMSE theta: 0.009247 | Loss: -1.1912 | Epoch: 8356
    Eq theta: 1.00000omega
    Eq omega: 0.225731 + -0.22976theta + 0.23359omega + -0.23534theta^2 + 0.20811theta omega + 0.01650omega^2 + -0.00131theta^3 + 0.00878theta^2 omega + -0.04602theta omega^2 + -0.02464omega^3

--- Chunk 28820 (24/993) | Start: 2024-11-28 06:50:00 ---
    RMSE omega: 0.000517 | RMSE theta: 0.013695 | Loss: 1.4925 | Epoch: 3545
    Eq theta: 1.00000omega
    Eq omega: 0.049531 + -0.23608theta + -0.00116omega + -0.17576theta^2 + 0.00966theta omega + 0.01908omega^2 + -0.03440theta^3 + 0.02701theta^2 omega + -0.00417theta omega^2 + -0.00626omega^3

--- Chunk 28821 (25/993) | Start: 2024-11-28 06:55:00 ---
    RMSE omega: 0.000354 | RMSE theta: 0.009074 | Loss: 0.3519 | Epoch: 6370
    Eq theta: 1.00000omega
    Eq omega: -2.136851 + -0.73248theta + -0.18487omega + 0.61521theta^2 + -0.02536theta omega + 0.19841omega^2 + 0.01617theta^3 + -0.00616theta^2 omega + -0.40326theta omega^2 + -0.12133omega^3

--- Chunk 28822 (26/993) | Start: 2024-11-28 07:00:00 ---
    RMSE omega: 0.000513 | RMSE theta: 0.011383 | Loss: 1.2584 | Epoch: 7013
    Eq theta: 1.00000omega
    Eq omega: 0.047771 + -0.05130theta + -0.02036omega + 0.00304theta^2 + -0.00293theta omega + -0.02504omega^2 + -0.00405theta^3 + 0.00162theta^2 omega + 0.00216theta omega^2 + -0.05038omega^3

--- Chunk 28823 (27/993) | Start: 2024-11-28 07:05:00 ---
    RMSE omega: 0.000261 | RMSE theta: 0.009471 | Loss: 1.3381 | Epoch: 9999
    Eq theta: 1.00000omega
    Eq omega: 0.148451 + -0.05642theta + -0.00238omega + 0.00111theta^2 + -0.01689theta omega + 0.12162omega^2 + -0.00395theta^3 + 0.00709theta^2 omega + -0.12775theta omega^2 + -0.01291omega^3

--- Chunk 28824 (28/993) | Start: 2024-11-28 07:10:00 ---
    RMSE omega: 0.000694 | RMSE theta: 0.015798 | Loss: 3.7209 | Epoch: 9999
    Eq theta: 1.00000omega
    Eq omega: 0.119891 + -0.00335theta + -0.01467omega + -0.03029theta^2 + -0.09909theta omega + 0.00736omega^2 + -0.00044theta^3 + -0.00270theta^2 omega + 0.00150theta omega^2 + 0.00135omega^3

--- Chunk 28825 (29/993) | Start: 2024-11-28 07:15:00 ---
    RMSE omega: 0.000565 | RMSE theta: 0.009006 | Loss: 2.1006 | Epoch: 9999
    Eq theta: 1.00000omega
    Eq omega: -0.010601 + -0.03786theta + -0.00822omega + -0.01797theta^2 + -0.00161theta omega + 0.00659omega^2 + -0.00116theta^3 + 0.00007theta^2 omega + 0.00144theta omega^2 + -0.00242omega^3

--- Chunk 28826 (30/993) | Start: 2024-11-28 07:20:00 ---
    RMSE omega: 0.000560 | RMSE theta: 0.012230 | Loss: -3.8455 | Epoch: 8989
    Eq theta: 1.00000omega
    Eq omega: -0.750791 + -0.24158theta + 0.01259omega + 0.36512theta^2 + 0.02847theta omega + -0.15034omega^2 + -0.05131theta^3 + 0.00383theta^2 omega + -0.03408theta omega^2 + -0.16711omega^3

--- Chunk 28827 (31/993) | Start: 2024-11-28 07:25:00 ---
    RMSE omega: nan | RMSE theta: nan | Loss: 24295.5488 | Epoch: 773
    Eq theta: 1.00000omega
    Eq omega: nan1 + nantheta + nanomega + nantheta^2 + nantheta omega + nanomega^2 + nantheta^3 + nantheta^2 omega + nantheta omega^2 + nanomega^3

--- Chunk 28828 (32/993) | Start: 2024-11-28 07:30:00 ---
    RMSE omega: 0.000643 | RMSE theta: 0.013464 | Loss: 0.9506 | Epoch: 6524
    Eq theta: 1.00000omega
    Eq omega: 0.197241 + -0.04157theta + 0.04506omega + 0.00426theta^2 + -0.00715theta omega + 0.04017omega^2 + -0.00327theta^3 + -0.01685theta^2 omega + -0.00359theta omega^2 + 0.01497omega^3

--- Chunk 28829 (33/993) | Start: 2024-11-28 07:35:00 ---
    RMSE omega: 0.000747 | RMSE theta: 0.020337 | Loss: 2.0873 | Epoch: 9705
    Eq theta: 1.00000omega
    Eq omega: 0.059371 + 0.00519theta + -0.04184omega + -0.14802theta^2 + -0.00093theta omega + 0.16724omega^2 + -0.05141theta^3 + 0.00075theta^2 omega + 0.11659theta omega^2 + -0.00749omega^3

--- Chunk 28830 (34/993) | Start: 2024-11-28 07:40:00 ---
    RMSE omega: 0.000347 | RMSE theta: 0.008651 | Loss: 4.9443 | Epoch: 9999
    Eq theta: 1.00000omega
    Eq omega: -0.124071 + 0.01611theta + -0.00625omega + 0.03772theta^2 + -0.13836theta omega + -0.00326omega^2 + -0.01053theta^3 + 0.00025theta^2 omega + 0.00049theta omega^2 + 0.00257omega^3

--- Chunk 28831 (35/993) | Start: 2024-11-28 07:45:00 ---
    RMSE omega: 0.000511 | RMSE theta: 0.013682 | Loss: 4.5350 | Epoch: 8203
    Eq theta: 1.00000omega
    Eq omega: 0.009241 + -0.01751theta + 0.02011omega + 0.00177theta^2 + -0.01746theta omega + -0.00230omega^2 + -0.00177theta^3 + 0.00122theta^2 omega + 0.00182theta omega^2 + -0.00114omega^3

--- Chunk 28832 (36/993) | Start: 2024-11-28 07:50:00 ---
    RMSE omega: 0.000432 | RMSE theta: 0.011263 | Loss: -3.4216 | Epoch: 9853
    Eq theta: 1.00000omega
    Eq omega: -1.054361 + -0.26529theta + -0.68141omega + 0.21319theta^2 + -0.15340theta omega + -0.04347omega^2 + -0.03845theta^3 + 0.11823theta^2 omega + 0.08733theta omega^2 + -0.03925omega^3

--- Chunk 28833 (37/993) | Start: 2024-11-28 07:55:00 ---
    RMSE omega: 0.000436 | RMSE theta: 0.009305 | Loss: -2.8631 | Epoch: 8166
    Eq theta: 1.00000omega
    Eq omega: 0.019321 + -2.22845theta + 0.66967omega + 0.07398theta^2 + -0.03363theta omega + -0.31027omega^2 + 0.37190theta^3 + 0.02778theta^2 omega + 0.01461theta omega^2 + -0.00174omega^3

--- Chunk 28834 (38/993) | Start: 2024-11-28 08:00:00 ---
    RMSE omega: nan | RMSE theta: nan | Loss: 15521.8242 | Epoch: 1087
    Eq theta: 1.00000omega
    Eq omega: nan1 + nantheta + nanomega + nantheta^2 + nantheta omega + nanomega^2 + nantheta^3 + nantheta^2 omega + nantheta omega^2 + nanomega^3

--- Chunk 28835 (39/993) | Start: 2024-11-28 08:05:00 ---
    RMSE omega: nan | RMSE theta: nan | Loss: 1918.1628 | Epoch: 1100
    Eq theta: 1.00000omega
    Eq omega: nan1 + nantheta + nanomega + nantheta^2 + nantheta omega + nanomega^2 + nantheta^3 + nantheta^2 omega + nantheta omega^2 + nanomega^3

--- Chunk 28836 (40/993) | Start: 2024-11-28 08:10:00 ---
    RMSE omega: 0.000564 | RMSE theta: 0.013015 | Loss: 1.3358 | Epoch: 9099
    Eq theta: 1.00000omega
    Eq omega: -0.048691 + -0.09759theta + -0.01535omega + -0.01795theta^2 + -0.00339theta omega + -0.00294omega^2 + -0.00080theta^3 + -0.00012theta^2 omega + -0.00089theta omega^2 + -0.00416omega^3

--- Chunk 28837 (41/993) | Start: 2024-11-28 08:15:00 ---
    RMSE omega: 0.000698 | RMSE theta: 0.017461 | Loss: -1.6503 | Epoch: 9999
    Eq theta: 1.00000omega
    Eq omega: -0.106071 + -0.24091theta + 0.31010omega + 0.06370theta^2 + -0.00035theta omega + -0.05841omega^2 + -0.00183theta^3 + -0.01753theta^2 omega + 0.00136theta omega^2 + 0.00246omega^3

--- Chunk 28838 (42/993) | Start: 2024-11-28 08:20:00 ---
    RMSE omega: nan | RMSE theta: nan | Loss: 26156.8730 | Epoch: 967
    Eq theta: 1.00000omega
    Eq omega: nan1 + nantheta + nanomega + nantheta^2 + nantheta omega + nanomega^2 + nantheta^3 + nantheta^2 omega + nantheta omega^2 + nanomega^3

--- Chunk 28839 (43/993) | Start: 2024-11-28 08:25:00 ---
    RMSE omega: nan | RMSE theta: nan | Loss: 101810.9219 | Epoch: 1287
    Eq theta: 1.00000omega
    Eq omega: nan1 + nantheta + nanomega + nantheta^2 + nantheta omega + nanomega^2 + nantheta^3 + nantheta^2 omega + nantheta omega^2 + nanomega^3

--- Chunk 28840 (44/993) | Start: 2024-11-28 08:30:00 ---
    RMSE omega: 0.000574 | RMSE theta: 0.012692 | Loss: 1.5981 | Epoch: 7358
    Eq theta: 1.00000omega
    Eq omega: 0.009491 + 0.01046theta + 0.01189omega + 0.00126theta^2 + 0.00890theta omega + 0.00249omega^2 + -0.00007theta^3 + -0.00018theta^2 omega + 0.00224theta omega^2 + -0.00003omega^3

--- Chunk 28841 (45/993) | Start: 2024-11-28 08:35:00 ---
    RMSE omega: nan | RMSE theta: nan | Loss: 117699.5703 | Epoch: 1621
    Eq theta: 1.00000omega
    Eq omega: nan1 + nantheta + nanomega + nantheta^2 + nantheta omega + nanomega^2 + nantheta^3 + nantheta^2 omega + nantheta omega^2 + nanomega^3

--- Chunk 28842 (46/993) | Start: 2024-11-28 08:45:00 ---
    RMSE omega: 0.000434 | RMSE theta: 0.012768 | Loss: 4.1328 | Epoch: 9999
    Eq theta: 1.00000omega
    Eq omega: 0.023491 + -0.02305theta + 0.03769omega + 0.00301theta^2 + -0.00238theta omega + 0.00799omega^2 + -0.00005theta^3 + 0.00011theta^2 omega + -0.00075theta omega^2 + 0.00088omega^3

--- Chunk 28843 (47/993) | Start: 2024-11-28 08:50:00 ---
    RMSE omega: 0.000449 | RMSE theta: 0.012157 | Loss: 19.0322 | Epoch: 9999
    Eq theta: 1.00000omega
    Eq omega: 0.017701 + -0.00002theta + 0.00491omega + -0.00070theta^2 + -0.00005theta omega + 0.00165omega^2 + 0.00001theta^3 + -0.00021theta^2 omega + -0.00008theta omega^2 + 0.00001omega^3

--- Chunk 28844 (48/993) | Start: 2024-11-28 08:55:00 ---
    RMSE omega: 0.000428 | RMSE theta: 0.014715 | Loss: 14.4803 | Epoch: 9999
    Eq theta: 1.00000omega
    Eq omega: -0.000151 + -0.00344theta + 0.00035omega + 0.00034theta^2 + -0.00067theta omega + 0.00006omega^2 + 0.00002theta^3 + 0.00043theta^2 omega + -0.00026theta omega^2 + -0.00056omega^3

--- Chunk 28845 (49/993) | Start: 2024-11-28 09:00:00 ---
    RMSE omega: 0.000529 | RMSE theta: 0.012809 | Loss: -2.3672 | Epoch: 8941
    Eq theta: 1.00000omega
    Eq omega: -0.063251 + -0.12847theta + 0.00268omega + -0.02756theta^2 + 0.00782theta omega + -0.04461omega^2 + -0.00215theta^3 + 0.00030theta^2 omega + -0.00119theta omega^2 + -0.00338omega^3

--- Chunk 28846 (50/993) | Start: 2024-11-28 09:05:00 ---
    RMSE omega: nan | RMSE theta: nan | Loss: 683.7781 | Epoch: 2887
    Eq theta: 1.00000omega
    Eq omega: nan1 + nantheta + nanomega + nantheta^2 + nantheta omega + nanomega^2 + nantheta^3 + nantheta^2 omega + nantheta omega^2 + nanomega^3

  [Progress 50/993] Mean RMSE omega: 0.000550 | Mean loss: 16616.1953 | Valid: 30/50 | Elapsed: 2580.6min | ETA: 48670.2min

--- Chunk 28847 (51/993) | Start: 2024-11-28 09:10:00 ---
    RMSE omega: 0.000486 | RMSE theta: 0.011834 | Loss: 4.2256 | Epoch: 9999
    Eq theta: 1.00000omega
    Eq omega: 1.232121 + -0.00468theta + -0.17759omega + -0.09008theta^2 + -0.03162theta omega + -0.02873omega^2 + -0.00213theta^3 + 0.00538theta^2 omega + -0.05609theta omega^2 + -0.06022omega^3

--- Chunk 28848 (52/993) | Start: 2024-11-28 09:15:00 ---
    RMSE omega: 0.000544 | RMSE theta: 0.010016 | Loss: 1.7566 | Epoch: 7485
    Eq theta: 1.00000omega
    Eq omega: 0.233561 + -0.27000theta + 0.13309omega + -0.21961theta^2 + 0.00047theta omega + 0.10619omega^2 + -0.03439theta^3 + -0.01409theta^2 omega + 0.00136theta omega^2 + 0.05456omega^3

--- Chunk 28849 (53/993) | Start: 2024-11-28 09:20:00 ---
    RMSE omega: nan | RMSE theta: nan | Loss: 13890.0273 | Epoch: 1604
    Eq theta: 1.00000omega
    Eq omega: nan1 + nantheta + nanomega + nantheta^2 + nantheta omega + nanomega^2 + nantheta^3 + nantheta^2 omega + nantheta omega^2 + nanomega^3

--- Chunk 28850 (54/993) | Start: 2024-11-28 09:25:00 ---
    RMSE omega: 0.000420 | RMSE theta: 0.011001 | Loss: 0.8568 | Epoch: 6041
    Eq theta: 1.00000omega
    Eq omega: -0.023151 + -0.08783theta + 0.03810omega + -0.00986theta^2 + -0.17054theta omega + 0.01451omega^2 + -0.49513theta^3 + -0.25286theta^2 omega + 0.01934theta omega^2 + -0.00608omega^3

--- Chunk 28851 (55/993) | Start: 2024-11-28 09:30:00 ---
    RMSE omega: 0.000769 | RMSE theta: 0.016291 | Loss: 0.9364 | Epoch: 9999
    Eq theta: 1.00000omega
    Eq omega: -0.032701 + -0.00348theta + 0.08991omega + 0.00004theta^2 + 0.01204theta omega + -0.00374omega^2 + 0.00000theta^3 + 0.00003theta^2 omega + -0.00259theta omega^2 + 0.00043omega^3

--- Chunk 28852 (56/993) | Start: 2024-11-28 09:35:00 ---
    RMSE omega: nan | RMSE theta: nan | Loss: 45318.2383 | Epoch: 1298
    Eq theta: 1.00000omega
    Eq omega: nan1 + nantheta + nanomega + nantheta^2 + nantheta omega + nanomega^2 + nantheta^3 + nantheta^2 omega + nantheta omega^2 + nanomega^3

--- Chunk 28853 (57/993) | Start: 2024-11-28 09:40:00 ---
    RMSE omega: nan | RMSE theta: nan | Loss: 7278.3984 | Epoch: 1283
    Eq theta: 1.00000omega
    Eq omega: nan1 + nantheta + nanomega + nantheta^2 + nantheta omega + nanomega^2 + nantheta^3 + nantheta^2 omega + nantheta omega^2 + nanomega^3

--- Chunk 28854 (58/993) | Start: 2024-11-28 09:45:00 ---
    RMSE omega: nan | RMSE theta: nan | Loss: 129.0423 | Epoch: 2986
    Eq theta: 1.00000omega
    Eq omega: nan1 + nantheta + nanomega + nantheta^2 + nantheta omega + nanomega^2 + nantheta^3 + nantheta^2 omega + nantheta omega^2 + nanomega^3

--- Chunk 28855 (59/993) | Start: 2024-11-28 09:50:00 ---
    RMSE omega: 0.000336 | RMSE theta: 0.007964 | Loss: -0.6535 | Epoch: 6284
    Eq theta: 1.00000omega
    Eq omega: 0.581581 + -0.24416theta + 0.01087omega + -0.36156theta^2 + -0.04131theta omega + 0.00634omega^2 + -0.02405theta^3 + -0.03634theta^2 omega + -0.00892theta omega^2 + -0.00236omega^3

--- Chunk 28856 (60/993) | Start: 2024-11-28 09:55:00 ---
    RMSE omega: 0.000438 | RMSE theta: 0.010736 | Loss: -1.3077 | Epoch: 4209
    Eq theta: 1.00000omega
    Eq omega: 0.110231 + -0.19492theta + -0.00947omega + 0.12519theta^2 + 0.01779theta omega + -0.00536omega^2 + -0.00947theta^3 + -0.05303theta^2 omega + -0.00505theta omega^2 + 0.01038omega^3

--- Chunk 28857 (61/993) | Start: 2024-11-28 10:00:00 ---
    RMSE omega: 0.001978 | RMSE theta: 0.026496 | Loss: 62.6831 | Epoch: 9999
    Eq theta: 1.00000omega
    Eq omega: 0.014131 + -0.00164theta + 0.02006omega + -0.00023theta^2 + -0.00097theta omega + 0.00173omega^2 + 0.00000theta^3 + -0.00011theta^2 omega + -0.00140theta omega^2 + 0.00022omega^3

--- Chunk 28858 (62/993) | Start: 2024-11-28 10:05:00 ---
    RMSE omega: nan | RMSE theta: nan | Loss: 2519.2332 | Epoch: 1099
    Eq theta: 1.00000omega
    Eq omega: nan1 + nantheta + nanomega + nantheta^2 + nantheta omega + nanomega^2 + nantheta^3 + nantheta^2 omega + nantheta omega^2 + nanomega^3

--- Chunk 28859 (63/993) | Start: 2024-11-28 10:10:00 ---
    RMSE omega: 0.000479 | RMSE theta: 0.009726 | Loss: 0.6942 | Epoch: 4987
    Eq theta: 1.00000omega
    Eq omega: 0.116911 + -1.40811theta + -0.14745omega + -0.80094theta^2 + 0.92750theta omega + 0.10703omega^2 + -0.72941theta^3 + 0.01291theta^2 omega + 0.02600theta omega^2 + -0.04099omega^3

--- Chunk 28860 (64/993) | Start: 2024-11-28 10:15:00 ---
    RMSE omega: 0.000416 | RMSE theta: 0.008775 | Loss: 0.7084 | Epoch: 7847
    Eq theta: 1.00000omega
    Eq omega: 0.125541 + -0.86526theta + -0.03367omega + -0.32430theta^2 + 0.56108theta omega + -0.05992omega^2 + -0.09387theta^3 + 0.70478theta^2 omega + -0.83212theta omega^2 + -0.01138omega^3

--- Chunk 28861 (65/993) | Start: 2024-11-28 10:20:00 ---
    RMSE omega: nan | RMSE theta: nan | Loss: 5431.9126 | Epoch: 995
    Eq theta: 1.00000omega
    Eq omega: nan1 + nantheta + nanomega + nantheta^2 + nantheta omega + nanomega^2 + nantheta^3 + nantheta^2 omega + nantheta omega^2 + nanomega^3

--- Chunk 28862 (66/993) | Start: 2024-11-28 10:25:00 ---
    RMSE omega: nan | RMSE theta: nan | Loss: 11925.5371 | Epoch: 1294
    Eq theta: 1.00000omega
    Eq omega: nan1 + nantheta + nanomega + nantheta^2 + nantheta omega + nanomega^2 + nantheta^3 + nantheta^2 omega + nantheta omega^2 + nanomega^3

--- Chunk 28863 (67/993) | Start: 2024-11-28 10:30:00 ---
    RMSE omega: 0.000481 | RMSE theta: 0.009350 | Loss: 3.4737 | Epoch: 8203
    Eq theta: 1.00000omega
    Eq omega: 0.975221 + -2.09625theta + -1.52039omega + -0.13914theta^2 + 2.05080theta omega + -0.10163omega^2 + -0.19097theta^3 + 0.00795theta^2 omega + -0.22611theta omega^2 + 0.32860omega^3

--- Chunk 28864 (68/993) | Start: 2024-11-28 10:35:00 ---
    RMSE omega: 0.000234 | RMSE theta: 0.006557 | Loss: -1.6964 | Epoch: 5996
    Eq theta: 1.00000omega
    Eq omega: 0.069201 + -0.74146theta + 0.38819omega + -0.00828theta^2 + -0.01582theta omega + -0.08633omega^2 + 0.00403theta^3 + 0.00534theta^2 omega + 0.01549theta omega^2 + 0.01432omega^3

--- Chunk 28865 (69/993) | Start: 2024-11-28 10:40:00 ---
    RMSE omega: 0.000443 | RMSE theta: 0.014743 | Loss: 6.5060 | Epoch: 9999
    Eq theta: 1.00000omega
    Eq omega: -0.018501 + 0.00083theta + -0.06904omega + 0.00403theta^2 + 0.00887theta omega + -0.00118omega^2 + -0.00208theta^3 + -0.00079theta^2 omega + -0.00072theta omega^2 + -0.00030omega^3

--- Chunk 28866 (70/993) | Start: 2024-11-28 10:45:00 ---
    RMSE omega: 0.000356 | RMSE theta: 0.011353 | Loss: 3.4214 | Epoch: 9999
    Eq theta: 1.00000omega
    Eq omega: 0.003301 + -0.02272theta + 0.00012omega + 0.00214theta^2 + -0.06873theta omega + -0.00945omega^2 + -0.00219theta^3 + 0.01650theta^2 omega + 0.00888theta omega^2 + -0.02836omega^3

--- Chunk 28867 (71/993) | Start: 2024-11-28 10:50:00 ---
    RMSE omega: 0.002342 | RMSE theta: 0.031568 | Loss: 157.9107 | Epoch: 1886
    Eq theta: 1.00000omega
    Eq omega: 0.026671 + -0.01619theta + 0.01632omega + 0.00454theta^2 + -0.00000theta omega + -0.01024omega^2 + -0.00304theta^3 + -0.00096theta^2 omega + 0.00149theta omega^2 + 0.00764omega^3

--- Chunk 28868 (72/993) | Start: 2024-11-28 10:55:00 ---
    RMSE omega: 0.000401 | RMSE theta: 0.009283 | Loss: -2.2920 | Epoch: 7608
    Eq theta: 1.00000omega
    Eq omega: -1.044921 + -1.01068theta + 0.57406omega + 0.45143theta^2 + 0.20481theta omega + 0.01491omega^2 + -0.01430theta^3 + -0.02903theta^2 omega + 0.10531theta omega^2 + -0.08703omega^3

--- Chunk 28869 (73/993) | Start: 2024-11-28 11:00:00 ---
    RMSE omega: 0.001686 | RMSE theta: 0.034471 | Loss: 33.3291 | Epoch: 9999
    Eq theta: 1.00000omega
    Eq omega: -0.031581 + -0.21517theta + 0.03788omega + -0.03206theta^2 + 0.08919theta omega + 0.16111omega^2 + 0.00015theta^3 + 0.01295theta^2 omega + 0.00049theta omega^2 + -0.10614omega^3

--- Chunk 28870 (74/993) | Start: 2024-11-28 11:05:00 ---
    RMSE omega: 0.000661 | RMSE theta: 0.014507 | Loss: 9.1379 | Epoch: 6764
    Eq theta: 1.00000omega
    Eq omega: -0.031341 + -0.00398theta + 0.02401omega + 0.00033theta^2 + 0.02583theta omega + -0.02226omega^2 + -0.00034theta^3 + -0.01540theta^2 omega + -0.00854theta omega^2 + 0.01698omega^3

--- Chunk 28871 (75/993) | Start: 2024-11-28 11:10:00 ---
    RMSE omega: 0.000427 | RMSE theta: 0.015148 | Loss: 5.3282 | Epoch: 8403
    Eq theta: 1.00000omega
    Eq omega: -0.037961 + 0.00690theta + 0.04388omega + 0.00067theta^2 + 0.00526theta omega + -0.01702omega^2 + 0.00010theta^3 + -0.00652theta^2 omega + -0.00719theta omega^2 + 0.00452omega^3

--- Chunk 28872 (76/993) | Start: 2024-11-28 11:15:00 ---
    RMSE omega: nan | RMSE theta: nan | Loss: 4626.4897 | Epoch: 879
    Eq theta: 1.00000omega
    Eq omega: nan1 + nantheta + nanomega + nantheta^2 + nantheta omega + nanomega^2 + nantheta^3 + nantheta^2 omega + nantheta omega^2 + nanomega^3

--- Chunk 28873 (77/993) | Start: 2024-11-28 11:20:00 ---
    RMSE omega: 0.000287 | RMSE theta: 0.008289 | Loss: 3.7453 | Epoch: 8912
    Eq theta: 1.00000omega
    Eq omega: -0.014261 + 0.00466theta + -0.00828omega + 0.00030theta^2 + -0.00072theta omega + -0.00393omega^2 + 0.00048theta^3 + 0.00440theta^2 omega + -0.02661theta omega^2 + -0.00232omega^3

--- Chunk 28874 (78/993) | Start: 2024-11-28 11:25:00 ---
    RMSE omega: 0.000399 | RMSE theta: 0.013054 | Loss: 4.5001 | Epoch: 5608
    Eq theta: 1.00000omega
    Eq omega: -0.013361 + -0.03759theta + -0.00517omega + 0.02579theta^2 + 0.02732theta omega + -0.01046omega^2 + -0.00214theta^3 + 0.00170theta^2 omega + 0.00058theta omega^2 + -0.00504omega^3

--- Chunk 28875 (79/993) | Start: 2024-11-28 11:30:00 ---
    RMSE omega: nan | RMSE theta: nan | Loss: 25639.6582 | Epoch: 1062
    Eq theta: 1.00000omega
    Eq omega: nan1 + nantheta + nanomega + nantheta^2 + nantheta omega + nanomega^2 + nantheta^3 + nantheta^2 omega + nantheta omega^2 + nanomega^3

--- Chunk 28876 (80/993) | Start: 2024-11-28 11:35:00 ---
    RMSE omega: 0.000634 | RMSE theta: 0.012449 | Loss: -0.2672 | Epoch: 9999
    Eq theta: 1.00000omega
    Eq omega: 0.496241 + -1.06381theta + -0.12343omega + -0.06254theta^2 + 0.41763theta omega + 0.00992omega^2 + 0.00019theta^3 + -0.00090theta^2 omega + 0.10372theta omega^2 + -0.13901omega^3

--- Chunk 28877 (81/993) | Start: 2024-11-28 11:40:00 ---
    RMSE omega: 0.000346 | RMSE theta: 0.007581 | Loss: -2.9649 | Epoch: 6796
    Eq theta: 1.00000omega
    Eq omega: -0.069391 + -0.81493theta + 0.20858omega + -0.05711theta^2 + -0.04143theta omega + 0.18036omega^2 + -0.04297theta^3 + 0.20851theta^2 omega + 0.07065theta omega^2 + -0.00977omega^3

--- Chunk 28878 (82/993) | Start: 2024-11-28 11:45:00 ---
    RMSE omega: 0.000809 | RMSE theta: 0.013649 | Loss: -0.3920 | Epoch: 6533
    Eq theta: 1.00000omega
    Eq omega: -0.023331 + -0.34706theta + -0.00220omega + -0.13878theta^2 + 0.15819theta omega + 0.24291omega^2 + -0.08984theta^3 + 0.01877theta^2 omega + 0.03165theta omega^2 + 0.00285omega^3

--- Chunk 28879 (83/993) | Start: 2024-11-28 11:50:00 ---
    RMSE omega: 0.000610 | RMSE theta: 0.017561 | Loss: 3.3873 | Epoch: 7282
    Eq theta: 1.00000omega
    Eq omega: -0.113281 + -0.01034theta + 0.00136omega + 0.03352theta^2 + -0.00159theta omega + -0.01496omega^2 + -0.00586theta^3 + 0.00189theta^2 omega + 0.00072theta omega^2 + 0.00207omega^3

--- Chunk 28880 (84/993) | Start: 2024-11-28 11:55:00 ---
    RMSE omega: 0.000484 | RMSE theta: 0.014926 | Loss: -1.5483 | Epoch: 6324
    Eq theta: 1.00000omega
    Eq omega: -0.015501 + -0.00954theta + -0.02744omega + 0.15014theta^2 + -0.17669theta omega + -0.11427omega^2 + -0.26491theta^3 + 0.23799theta^2 omega + 0.19610theta omega^2 + -0.07092omega^3

--- Chunk 28881 (85/993) | Start: 2024-11-28 12:00:00 ---
    RMSE omega: 0.000576 | RMSE theta: 0.014801 | Loss: -2.7830 | Epoch: 5583
    Eq theta: 1.00000omega
    Eq omega: 0.002431 + -0.03446theta + -0.01303omega + 0.25458theta^2 + -0.00193theta omega + -0.09991omega^2 + -0.09504theta^3 + -0.00923theta^2 omega + 0.05865theta omega^2 + -0.00358omega^3

--- Chunk 28882 (86/993) | Start: 2024-11-28 12:05:00 ---
    RMSE omega: 0.000557 | RMSE theta: 0.018972 | Loss: -3.5756 | Epoch: 9038
    Eq theta: 1.00000omega
    Eq omega: 0.001451 + -0.12538theta + 0.23905omega + -0.14458theta^2 + 0.05148theta omega + 0.10083omega^2 + -0.03426theta^3 + 0.01574theta^2 omega + -0.02633theta omega^2 + -0.15567omega^3

--- Chunk 28883 (87/993) | Start: 2024-11-28 12:10:00 ---
    RMSE omega: 0.000611 | RMSE theta: 0.014661 | Loss: -0.8416 | Epoch: 7784
    Eq theta: 1.00000omega
    Eq omega: -0.042941 + -0.22387theta + -0.02930omega + 0.13624theta^2 + -0.00552theta omega + 0.02168omega^2 + 0.00023theta^3 + 0.00219theta^2 omega + -0.12050theta omega^2 + -0.03707omega^3

--- Chunk 28884 (88/993) | Start: 2024-11-28 12:15:00 ---
    RMSE omega: 0.000390 | RMSE theta: 0.009663 | Loss: -3.7683 | Epoch: 7161
    Eq theta: 1.00000omega
    Eq omega: 0.022521 + 0.00089theta + 0.04975omega + 0.05579theta^2 + 0.02519theta omega + 0.02411omega^2 + -0.06242theta^3 + 0.01355theta^2 omega + 0.07003theta omega^2 + 0.00918omega^3

--- Chunk 28885 (89/993) | Start: 2024-11-28 12:20:00 ---
    RMSE omega: nan | RMSE theta: nan | Loss: 34751.9297 | Epoch: 1225
    Eq theta: 1.00000omega
    Eq omega: nan1 + nantheta + nanomega + nantheta^2 + nantheta omega + nanomega^2 + nantheta^3 + nantheta^2 omega + nantheta omega^2 + nanomega^3

--- Chunk 28886 (90/993) | Start: 2024-11-28 12:25:00 ---
    RMSE omega: 0.000708 | RMSE theta: 0.018110 | Loss: 1.7640 | Epoch: 6564
    Eq theta: 1.00000omega
    Eq omega: -0.030501 + -0.00793theta + -0.03291omega + -0.00166theta^2 + -0.00221theta omega + -0.00837omega^2 + -0.00030theta^3 + 0.00006theta^2 omega + -0.00024theta omega^2 + -0.00429omega^3

--- Chunk 28887 (91/993) | Start: 2024-11-28 12:30:00 ---
    RMSE omega: 0.000870 | RMSE theta: 0.017746 | Loss: -0.1589 | Epoch: 9999
    Eq theta: 1.00000omega
    Eq omega: 0.007181 + -0.00486theta + 0.02218omega + 0.00213theta^2 + 0.00214theta omega + 0.00727omega^2 + -0.00027theta^3 + -0.00035theta^2 omega + -0.00010theta omega^2 + 0.00327omega^3

--- Chunk 28888 (92/993) | Start: 2024-11-28 12:35:00 ---
    RMSE omega: nan | RMSE theta: nan | Loss: 210233.1406 | Epoch: 1390
    Eq theta: 1.00000omega
    Eq omega: nan1 + nantheta + nanomega + nantheta^2 + nantheta omega + nanomega^2 + nantheta^3 + nantheta^2 omega + nantheta omega^2 + nanomega^3

--- Chunk 28889 (93/993) | Start: 2024-11-28 12:40:00 ---
    RMSE omega: nan | RMSE theta: nan | Loss: 239075.2969 | Epoch: 806
    Eq theta: 1.00000omega
    Eq omega: nan1 + nantheta + nanomega + nantheta^2 + nantheta omega + nanomega^2 + nantheta^3 + nantheta^2 omega + nantheta omega^2 + nanomega^3

--- Chunk 28890 (94/993) | Start: 2024-11-28 12:45:00 ---
    RMSE omega: 0.000729 | RMSE theta: 0.015912 | Loss: -0.3790 | Epoch: 8606
    Eq theta: 1.00000omega
    Eq omega: 0.041831 + -0.11130theta + 0.01074omega + -0.05169theta^2 + 0.04255theta omega + 0.02033omega^2 + -0.00068theta^3 + -0.00205theta^2 omega + -0.00596theta omega^2 + 0.01272omega^3

--- Chunk 28891 (95/993) | Start: 2024-11-28 12:50:00 ---
    RMSE omega: 0.000533 | RMSE theta: 0.021261 | Loss: -1.1837 | Epoch: 8063
    Eq theta: 1.00000omega
    Eq omega: 0.008951 + -0.17425theta + -0.00414omega + 0.08763theta^2 + -0.10062theta omega + 0.02573omega^2 + -0.05996theta^3 + 0.14177theta^2 omega + 0.00159theta omega^2 + -0.11999omega^3

--- Chunk 28892 (96/993) | Start: 2024-11-28 12:55:00 ---
    RMSE omega: 0.000493 | RMSE theta: 0.017536 | Loss: 2.4619 | Epoch: 5145
    Eq theta: 1.00000omega
    Eq omega: -0.021101 + 0.00216theta + 0.03483omega + 0.00113theta^2 + -0.00383theta omega + -0.01101omega^2 + -0.00136theta^3 + -0.00049theta^2 omega + 0.00046theta omega^2 + 0.00337omega^3

--- Chunk 28893 (97/993) | Start: 2024-11-28 13:00:00 ---
    RMSE omega: nan | RMSE theta: nan | Loss: 706.8865 | Epoch: 1076
    Eq theta: 1.00000omega
    Eq omega: nan1 + nantheta + nanomega + nantheta^2 + nantheta omega + nanomega^2 + nantheta^3 + nantheta^2 omega + nantheta omega^2 + nanomega^3

--- Chunk 28894 (98/993) | Start: 2024-11-28 13:05:00 ---
    RMSE omega: 0.000398 | RMSE theta: 0.010038 | Loss: -0.4157 | Epoch: 7104
    Eq theta: 1.00000omega
    Eq omega: 0.196091 + -1.24324theta + 0.05247omega + -0.26666theta^2 + -0.12693theta omega + 0.06362omega^2 + -0.00838theta^3 + -0.43962theta^2 omega + 0.14998theta omega^2 + 0.16011omega^3

--- Chunk 28895 (99/993) | Start: 2024-11-28 13:10:00 ---
    RMSE omega: nan | RMSE theta: nan | Loss: 7189.1577 | Epoch: 984
    Eq theta: 1.00000omega
    Eq omega: nan1 + nantheta + nanomega + nantheta^2 + nantheta omega + nanomega^2 + nantheta^3 + nantheta^2 omega + nantheta omega^2 + nanomega^3

--- Chunk 28896 (100/993) | Start: 2024-11-28 13:15:00 ---
    RMSE omega: nan | RMSE theta: nan | Loss: 3327.1536 | Epoch: 983
    Eq theta: 1.00000omega
    Eq omega: nan1 + nantheta + nanomega + nantheta^2 + nantheta omega + nanomega^2 + nantheta^3 + nantheta^2 omega + nantheta omega^2 + nanomega^3

  [Progress 100/993] Mean RMSE omega: 0.000597 | Mean loss: 14431.3447 | Valid: 65/100 | Elapsed: 2693.8min | ETA: 24055.8min

--- Chunk 28897 (101/993) | Start: 2024-11-28 13:20:00 ---
    RMSE omega: 0.000454 | RMSE theta: 0.013582 | Loss: 4.5505 | Epoch: 4641
    Eq theta: 1.00000omega
    Eq omega: 0.018071 + -0.65311theta + 0.01601omega + 0.02529theta^2 + 0.06726theta omega + -0.05189omega^2 + -0.20364theta^3 + -0.62518theta^2 omega + -0.76435theta omega^2 + 0.01094omega^3

--- Chunk 28898 (102/993) | Start: 2024-11-28 13:25:00 ---
    RMSE omega: 0.000283 | RMSE theta: 0.007490 | Loss: 2.0700 | Epoch: 7560
    Eq theta: 1.00000omega
    Eq omega: 0.170841 + -6.11740theta + 0.01526omega + -0.14224theta^2 + -0.10672theta omega + -0.05261omega^2 + 2.00593theta^3 + 0.26841theta^2 omega + 1.64924theta omega^2 + -0.07300omega^3

--- Chunk 28899 (103/993) | Start: 2024-11-28 13:30:00 ---
    RMSE omega: 0.000481 | RMSE theta: 0.010436 | Loss: -1.3022 | Epoch: 7816
    Eq theta: 1.00000omega
    Eq omega: -0.033681 + 0.00929theta + -0.01568omega + 0.16549theta^2 + -0.14705theta omega + -0.11323omega^2 + -0.04357theta^3 + 0.02446theta^2 omega + -0.00197theta omega^2 + -0.02905omega^3

--- Chunk 28900 (104/993) | Start: 2024-11-28 13:35:00 ---
    RMSE omega: 0.000671 | RMSE theta: 0.011364 | Loss: 0.0431 | Epoch: 8622
    Eq theta: 1.00000omega
    Eq omega: -0.076901 + -0.08758theta + 0.17721omega + 0.05403theta^2 + -0.02684theta omega + -0.01470omega^2 + -0.00577theta^3 + -0.00069theta^2 omega + -0.00676theta omega^2 + -0.00639omega^3

--- Chunk 28901 (105/993) | Start: 2024-11-28 13:40:00 ---
    RMSE omega: 0.000674 | RMSE theta: 0.014974 | Loss: 2.6767 | Epoch: 9288
    Eq theta: 1.00000omega
    Eq omega: -0.025351 + 0.02974theta + -0.08833omega + 0.00003theta^2 + 0.00497theta omega + -0.01409omega^2 + -0.00075theta^3 + 0.00244theta^2 omega + -0.00021theta omega^2 + -0.00065omega^3

--- Chunk 28902 (106/993) | Start: 2024-11-28 13:45:00 ---
    RMSE omega: nan | RMSE theta: nan | Loss: 4604.7227 | Epoch: 1108
    Eq theta: 1.00000omega
    Eq omega: nan1 + nantheta + nanomega + nantheta^2 + nantheta omega + nanomega^2 + nantheta^3 + nantheta^2 omega + nantheta omega^2 + nanomega^3

--- Chunk 28903 (107/993) | Start: 2024-11-28 13:50:00 ---
    RMSE omega: 0.000485 | RMSE theta: 0.016283 | Loss: 2.7165 | Epoch: 9537
    Eq theta: 1.00000omega
    Eq omega: -0.066991 + -0.04729theta + 0.03953omega + -0.05049theta^2 + 0.00155theta omega + -0.00819omega^2 + -0.00193theta^3 + 0.00240theta^2 omega + -0.00385theta omega^2 + 0.00202omega^3

--- Chunk 28904 (108/993) | Start: 2024-11-28 13:55:00 ---
    RMSE omega: 0.000331 | RMSE theta: 0.012589 | Loss: -1.5563 | Epoch: 4207
    Eq theta: 1.00000omega
    Eq omega: -0.015891 + -0.69002theta + 0.05982omega + -0.02289theta^2 + 0.03863theta omega + -0.21877omega^2 + -0.15129theta^3 + 0.08381theta^2 omega + 0.01108theta omega^2 + 0.01498omega^3

--- Chunk 28905 (109/993) | Start: 2024-11-28 14:00:00 ---
    RMSE omega: 0.001132 | RMSE theta: 0.018502 | Loss: -1.2959 | Epoch: 8776
    Eq theta: 1.00000omega
    Eq omega: -0.423521 + -0.38497theta + -0.42215omega + 0.02835theta^2 + -0.01427theta omega + 0.08727omega^2 + 0.00021theta^3 + 0.00196theta^2 omega + -0.00491theta omega^2 + -0.00919omega^3

--- Chunk 28906 (110/993) | Start: 2024-11-28 14:05:00 ---
    RMSE omega: 0.000749 | RMSE theta: 0.014237 | Loss: -3.7541 | Epoch: 8055
    Eq theta: 1.00000omega
    Eq omega: 0.686381 + 0.48052theta + 0.07849omega + -0.13981theta^2 + 0.15776theta omega + -0.21762omega^2 + -0.11578theta^3 + -0.02093theta^2 omega + 0.10910theta omega^2 + -0.02546omega^3

--- Chunk 28907 (111/993) | Start: 2024-11-28 14:10:00 ---
    RMSE omega: nan | RMSE theta: nan | Loss: 2601.5854 | Epoch: 829
    Eq theta: 1.00000omega
    Eq omega: nan1 + nantheta + nanomega + nantheta^2 + nantheta omega + nanomega^2 + nantheta^3 + nantheta^2 omega + nantheta omega^2 + nanomega^3

--- Chunk 28908 (112/993) | Start: 2024-11-28 14:15:00 ---
    RMSE omega: 0.001160 | RMSE theta: 0.017195 | Loss: 19.2070 | Epoch: 9999
    Eq theta: 1.00000omega
    Eq omega: -0.020691 + 0.00045theta + -0.03245omega + 0.00001theta^2 + -0.00079theta omega + -0.00646omega^2 + 0.00004theta^3 + 0.00014theta^2 omega + -0.00073theta omega^2 + -0.00112omega^3

--- Chunk 28909 (113/993) | Start: 2024-11-28 14:20:00 ---
    RMSE omega: nan | RMSE theta: nan | Loss: 31006.0938 | Epoch: 994
    Eq theta: 1.00000omega
    Eq omega: nan1 + nantheta + nanomega + nantheta^2 + nantheta omega + nanomega^2 + nantheta^3 + nantheta^2 omega + nantheta omega^2 + nanomega^3

--- Chunk 28910 (114/993) | Start: 2024-11-28 14:25:00 ---
    RMSE omega: 0.000626 | RMSE theta: 0.013837 | Loss: -2.0129 | Epoch: 9999
    Eq theta: 1.00000omega
    Eq omega: -1.261381 + -2.21852theta + 0.05562omega + 0.44911theta^2 + 0.02453theta omega + 0.11053omega^2 + 0.04179theta^3 + -0.01323theta^2 omega + 0.64566theta omega^2 + 0.05159omega^3

--- Chunk 28911 (115/993) | Start: 2024-11-28 14:30:00 ---
    RMSE omega: 0.000896 | RMSE theta: 0.025467 | Loss: 141.0686 | Epoch: 9999
    Eq theta: 1.00000omega
    Eq omega: 0.002161 + -0.01150theta + 0.01156omega + -0.00080theta^2 + -0.00009theta omega + 0.00128omega^2 + -0.00001theta^3 + 0.00001theta^2 omega + -0.00001theta omega^2 + 0.00010omega^3

--- Chunk 28912 (116/993) | Start: 2024-11-28 14:35:00 ---
    RMSE omega: 0.000540 | RMSE theta: 0.016309 | Loss: 3.6242 | Epoch: 8909
    Eq theta: 1.00000omega
    Eq omega: 0.618021 + 0.10479theta + 0.08101omega + -0.11917theta^2 + 0.00581theta omega + -0.00929omega^2 + -0.02504theta^3 + 0.00122theta^2 omega + -0.00266theta omega^2 + 0.00654omega^3

--- Chunk 28913 (117/993) | Start: 2024-11-28 14:40:00 ---
    RMSE omega: 0.000520 | RMSE theta: 0.013549 | Loss: 8.1136 | Epoch: 9999
    Eq theta: 1.00000omega
    Eq omega: -0.011241 + 0.04175theta + 0.00165omega + -0.00802theta^2 + -0.01759theta omega + 0.00397omega^2 + -0.00349theta^3 + 0.00049theta^2 omega + 0.00461theta omega^2 + -0.00367omega^3

--- Chunk 28914 (118/993) | Start: 2024-11-28 14:45:00 ---
    RMSE omega: 0.000613 | RMSE theta: 0.012847 | Loss: -1.5352 | Epoch: 6380
    Eq theta: 1.00000omega
    Eq omega: 0.156521 + -0.16423theta + 0.06454omega + 0.01031theta^2 + 0.00071theta omega + 0.03018omega^2 + -0.00059theta^3 + -0.00164theta^2 omega + -0.00281theta omega^2 + 0.01879omega^3

--- Chunk 28915 (119/993) | Start: 2024-11-28 14:50:00 ---
    RMSE omega: nan | RMSE theta: nan | Loss: 10501.8271 | Epoch: 1250
    Eq theta: 1.00000omega
    Eq omega: nan1 + nantheta + nanomega + nantheta^2 + nantheta omega + nanomega^2 + nantheta^3 + nantheta^2 omega + nantheta omega^2 + nanomega^3

--- Chunk 28916 (120/993) | Start: 2024-11-28 14:55:00 ---
    RMSE omega: nan | RMSE theta: nan | Loss: 11613.6768 | Epoch: 1794
    Eq theta: 1.00000omega
    Eq omega: nan1 + nantheta + nanomega + nantheta^2 + nantheta omega + nanomega^2 + nantheta^3 + nantheta^2 omega + nantheta omega^2 + nanomega^3

--- Chunk 28917 (121/993) | Start: 2024-11-28 15:00:00 ---
    RMSE omega: 0.000541 | RMSE theta: 0.012046 | Loss: -4.0094 | Epoch: 9999
    Eq theta: 1.00000omega
    Eq omega: -2.984281 + -0.02761theta + 0.99733omega + 0.43151theta^2 + 0.31750theta omega + 0.85390omega^2 + -0.10251theta^3 + -0.11050theta^2 omega + 0.30994theta omega^2 + -0.02999omega^3

--- Chunk 28918 (122/993) | Start: 2024-11-28 15:05:00 ---
    RMSE omega: nan | RMSE theta: nan | Loss: 4538.8218 | Epoch: 1329
    Eq theta: 1.00000omega
    Eq omega: nan1 + nantheta + nanomega + nantheta^2 + nantheta omega + nanomega^2 + nantheta^3 + nantheta^2 omega + nantheta omega^2 + nanomega^3

--- Chunk 28919 (123/993) | Start: 2024-11-28 15:10:00 ---
    RMSE omega: 0.000395 | RMSE theta: 0.015148 | Loss: 5.0568 | Epoch: 7465
    Eq theta: 1.00000omega
    Eq omega: -0.027681 + -0.00467theta + 0.01064omega + -0.00160theta^2 + 0.01075theta omega + 0.00119omega^2 + -0.00008theta^3 + 0.00035theta^2 omega + -0.00115theta omega^2 + -0.00036omega^3

--- Chunk 28920 (124/993) | Start: 2024-11-28 15:15:00 ---
    RMSE omega: 0.000559 | RMSE theta: 0.013897 | Loss: -2.5688 | Epoch: 8172
    Eq theta: 1.00000omega
    Eq omega: 0.049311 + 0.01407theta + 0.02365omega + 0.16749theta^2 + 0.01588theta omega + -0.00028omega^2 + -0.07779theta^3 + 0.02574theta^2 omega + 0.03232theta omega^2 + 0.01213omega^3

--- Chunk 28921 (125/993) | Start: 2024-11-28 15:20:00 ---
    RMSE omega: nan | RMSE theta: nan | Loss: 717.0970 | Epoch: 1079
    Eq theta: 1.00000omega
    Eq omega: nan1 + nantheta + nanomega + nantheta^2 + nantheta omega + nanomega^2 + nantheta^3 + nantheta^2 omega + nantheta omega^2 + nanomega^3

--- Chunk 28922 (126/993) | Start: 2024-11-28 15:25:00 ---
    RMSE omega: nan | RMSE theta: nan | Loss: 979.3672 | Epoch: 994
    Eq theta: 1.00000omega
    Eq omega: nan1 + nantheta + nanomega + nantheta^2 + nantheta omega + nanomega^2 + nantheta^3 + nantheta^2 omega + nantheta omega^2 + nanomega^3

--- Chunk 28923 (127/993) | Start: 2024-11-28 15:30:00 ---
    RMSE omega: nan | RMSE theta: nan | Loss: 465.0653 | Epoch: 1856
    Eq theta: 1.00000omega
    Eq omega: nan1 + nantheta + nanomega + nantheta^2 + nantheta omega + nanomega^2 + nantheta^3 + nantheta^2 omega + nantheta omega^2 + nanomega^3

--- Chunk 28924 (128/993) | Start: 2024-11-28 15:35:00 ---
    RMSE omega: 0.000453 | RMSE theta: 0.009400 | Loss: -1.3591 | Epoch: 7035
    Eq theta: 1.00000omega
    Eq omega: -0.012881 + 0.01437theta + 0.01157omega + 0.18041theta^2 + 0.12503theta omega + 0.00265omega^2 + -0.09381theta^3 + 0.09497theta^2 omega + 0.15559theta omega^2 + -0.01637omega^3

--- Chunk 28925 (129/993) | Start: 2024-11-28 15:40:00 ---
    RMSE omega: nan | RMSE theta: nan | Loss: 16067.1172 | Epoch: 1039
    Eq theta: 1.00000omega
    Eq omega: nan1 + nantheta + nanomega + nantheta^2 + nantheta omega + nanomega^2 + nantheta^3 + nantheta^2 omega + nantheta omega^2 + nanomega^3

--- Chunk 28926 (130/993) | Start: 2024-11-28 15:45:00 ---
    RMSE omega: nan | RMSE theta: nan | Loss: 17476.3320 | Epoch: 1277
    Eq theta: 1.00000omega
    Eq omega: nan1 + nantheta + nanomega + nantheta^2 + nantheta omega + nanomega^2 + nantheta^3 + nantheta^2 omega + nantheta omega^2 + nanomega^3

--- Chunk 28927 (131/993) | Start: 2024-11-28 15:50:00 ---
    RMSE omega: nan | RMSE theta: nan | Loss: 284159.9688 | Epoch: 1504
    Eq theta: 1.00000omega
    Eq omega: nan1 + nantheta + nanomega + nantheta^2 + nantheta omega + nanomega^2 + nantheta^3 + nantheta^2 omega + nantheta omega^2 + nanomega^3

--- Chunk 28928 (132/993) | Start: 2024-11-28 15:55:00 ---
    RMSE omega: 0.000697 | RMSE theta: 0.012460 | Loss: 0.9627 | Epoch: 9597
    Eq theta: 1.00000omega
    Eq omega: -0.008791 + -0.04244theta + -0.14231omega + -0.00627theta^2 + -0.00205theta omega + 0.00147omega^2 + -0.00152theta^3 + -0.00019theta^2 omega + 0.00030theta omega^2 + -0.00022omega^3

--- Chunk 28929 (133/993) | Start: 2024-11-28 16:00:00 ---
    RMSE omega: 0.000425 | RMSE theta: 0.011039 | Loss: -3.1554 | Epoch: 6217
    Eq theta: 1.00000omega
    Eq omega: 0.156801 + -0.98042theta + -0.20297omega + -0.02381theta^2 + 0.01308theta omega + -0.00429omega^2 + 0.00993theta^3 + 0.00663theta^2 omega + 0.08201theta omega^2 + 0.23334omega^3

--- Chunk 28930 (134/993) | Start: 2024-11-28 16:05:00 ---
    RMSE omega: 0.000754 | RMSE theta: 0.010840 | Loss: -1.7892 | Epoch: 7686
    Eq theta: 1.00000omega
    Eq omega: -1.446961 + 0.02129theta + -0.00876omega + 1.24375theta^2 + -0.04890theta omega + 0.44320omega^2 + -0.34319theta^3 + 0.00446theta^2 omega + -0.31497theta omega^2 + -0.02982omega^3

--- Chunk 28931 (135/993) | Start: 2024-11-28 16:10:00 ---
    RMSE omega: nan | RMSE theta: nan | Loss: 296331.4688 | Epoch: 833
    Eq theta: 1.00000omega
    Eq omega: nan1 + nantheta + nanomega + nantheta^2 + nantheta omega + nanomega^2 + nantheta^3 + nantheta^2 omega + nantheta omega^2 + nanomega^3

--- Chunk 28932 (136/993) | Start: 2024-11-28 16:15:00 ---
    RMSE omega: nan | RMSE theta: nan | Loss: 2147267.7500 | Epoch: 944
    Eq theta: 1.00000omega
    Eq omega: nan1 + nantheta + nanomega + nantheta^2 + nantheta omega + nanomega^2 + nantheta^3 + nantheta^2 omega + nantheta omega^2 + nanomega^3

--- Chunk 28933 (137/993) | Start: 2024-11-28 16:20:00 ---
    RMSE omega: nan | RMSE theta: nan | Loss: 350817.9375 | Epoch: 1449
    Eq theta: 1.00000omega
    Eq omega: nan1 + nantheta + nanomega + nantheta^2 + nantheta omega + nanomega^2 + nantheta^3 + nantheta^2 omega + nantheta omega^2 + nanomega^3

--- Chunk 28934 (138/993) | Start: 2024-11-28 16:25:00 ---
    RMSE omega: nan | RMSE theta: nan | Loss: 766.0004 | Epoch: 928
    Eq theta: 1.00000omega
    Eq omega: nan1 + nantheta + nanomega + nantheta^2 + nantheta omega + nanomega^2 + nantheta^3 + nantheta^2 omega + nantheta omega^2 + nanomega^3

--- Chunk 28935 (139/993) | Start: 2024-11-28 16:30:00 ---
    RMSE omega: 0.000232 | RMSE theta: 0.006603 | Loss: 0.0406 | Epoch: 8859
    Eq theta: 1.00000omega
    Eq omega: -0.136521 + -0.13967theta + 0.00580omega + 0.11564theta^2 + 0.01316theta omega + -0.01144omega^2 + -0.00021theta^3 + -0.00410theta^2 omega + -0.00329theta omega^2 + -0.00221omega^3

--- Chunk 28936 (140/993) | Start: 2024-11-28 16:35:00 ---
    RMSE omega: 0.000427 | RMSE theta: 0.013066 | Loss: -2.1274 | Epoch: 6276
    Eq theta: 1.00000omega
    Eq omega: 0.672141 + -0.90459theta + -0.06720omega + -0.13700theta^2 + 0.18327theta omega + -0.18136omega^2 + -0.02082theta^3 + -0.03218theta^2 omega + 0.10631theta omega^2 + -0.00409omega^3

--- Chunk 28937 (141/993) | Start: 2024-11-28 16:40:00 ---
    RMSE omega: 0.000368 | RMSE theta: 0.013845 | Loss: 0.2377 | Epoch: 7977
    Eq theta: 1.00000omega
    Eq omega: 0.094931 + -0.09622theta + -0.08245omega + -0.26624theta^2 + 0.35030theta omega + 0.22054omega^2 + -0.02856theta^3 + -0.03521theta^2 omega + -0.34568theta omega^2 + -0.08141omega^3

--- Chunk 28938 (142/993) | Start: 2024-11-28 16:45:00 ---
    RMSE omega: nan | RMSE theta: nan | Loss: 9725.5820 | Epoch: 1095
    Eq theta: 1.00000omega
    Eq omega: nan1 + nantheta + nanomega + nantheta^2 + nantheta omega + nanomega^2 + nantheta^3 + nantheta^2 omega + nantheta omega^2 + nanomega^3

--- Chunk 28939 (143/993) | Start: 2024-11-28 16:50:00 ---
    RMSE omega: nan | RMSE theta: nan | Loss: 4593.5308 | Epoch: 1185
    Eq theta: 1.00000omega
    Eq omega: nan1 + nantheta + nanomega + nantheta^2 + nantheta omega + nanomega^2 + nantheta^3 + nantheta^2 omega + nantheta omega^2 + nanomega^3

--- Chunk 28940 (144/993) | Start: 2024-11-28 16:55:00 ---
    RMSE omega: nan | RMSE theta: nan | Loss: 157192.3750 | Epoch: 1275
    Eq theta: 1.00000omega
    Eq omega: nan1 + nantheta + nanomega + nantheta^2 + nantheta omega + nanomega^2 + nantheta^3 + nantheta^2 omega + nantheta omega^2 + nanomega^3

--- Chunk 28941 (145/993) | Start: 2024-11-28 17:00:00 ---
    RMSE omega: nan | RMSE theta: nan | Loss: 7824.1597 | Epoch: 1389
    Eq theta: 1.00000omega
    Eq omega: nan1 + nantheta + nanomega + nantheta^2 + nantheta omega + nanomega^2 + nantheta^3 + nantheta^2 omega + nantheta omega^2 + nanomega^3

--- Chunk 28942 (146/993) | Start: 2024-11-28 17:05:00 ---
    RMSE omega: 0.001105 | RMSE theta: 0.012042 | Loss: 82.4805 | Epoch: 9999
    Eq theta: 1.00000omega
    Eq omega: 0.012791 + -0.00254theta + 0.01006omega + -0.00006theta^2 + -0.00057theta omega + 0.00183omega^2 + -0.00000theta^3 + -0.00006theta^2 omega + -0.00097theta omega^2 + 0.00038omega^3

--- Chunk 28943 (147/993) | Start: 2024-11-28 17:10:00 ---
    RMSE omega: 0.000594 | RMSE theta: 0.014609 | Loss: -1.6116 | Epoch: 4639
    Eq theta: 1.00000omega
    Eq omega: -0.076531 + -0.23592theta + -0.03612omega + -0.03075theta^2 + 0.00285theta omega + -0.03511omega^2 + 0.00014theta^3 + -0.00126theta^2 omega + -0.00220theta omega^2 + -0.01170omega^3

--- Chunk 28944 (148/993) | Start: 2024-11-28 17:15:00 ---
    RMSE omega: 0.000742 | RMSE theta: 0.016876 | Loss: -2.9705 | Epoch: 9999
    Eq theta: 1.00000omega
    Eq omega: 0.622881 + -0.48097theta + 0.21703omega + -0.17153theta^2 + 0.05881theta omega + -0.21433omega^2 + -0.00097theta^3 + -0.00006theta^2 omega + -0.03031theta omega^2 + -0.00876omega^3

--- Chunk 28945 (149/993) | Start: 2024-11-28 17:20:00 ---
    RMSE omega: 0.000743 | RMSE theta: 0.013679 | Loss: -5.0995 | Epoch: 9999
    Eq theta: 1.00000omega
    Eq omega: 0.002261 + 0.10731theta + -0.00765omega + 0.18914theta^2 + 0.03150theta omega + -0.07440omega^2 + -0.08228theta^3 + -0.00536theta^2 omega + 0.05603theta omega^2 + -0.00654omega^3

--- Chunk 28946 (150/993) | Start: 2024-11-28 17:25:00 ---
    RMSE omega: 0.001016 | RMSE theta: 0.017579 | Loss: -1.3162 | Epoch: 8861
    Eq theta: 1.00000omega
    Eq omega: 0.046711 + -0.08990theta + 0.02092omega + -0.11918theta^2 + 0.00979theta omega + 0.03923omega^2 + -0.00012theta^3 + 0.04170theta^2 omega + -0.02392theta omega^2 + -0.05575omega^3

  [Progress 150/993] Mean RMSE omega: 0.000605 | Mean loss: 32017.4689 | Valid: 95/150 | Elapsed: 2802.8min | ETA: 15751.6min

--- Chunk 28947 (151/993) | Start: 2024-11-28 17:30:00 ---
    RMSE omega: nan | RMSE theta: nan | Loss: 127.0143 | Epoch: 1662
    Eq theta: 1.00000omega
    Eq omega: nan1 + nantheta + nanomega + nantheta^2 + nantheta omega + nanomega^2 + nantheta^3 + nantheta^2 omega + nantheta omega^2 + nanomega^3

--- Chunk 28948 (152/993) | Start: 2024-11-28 17:35:00 ---
    RMSE omega: 0.000502 | RMSE theta: 0.014837 | Loss: -2.4085 | Epoch: 8082
    Eq theta: 1.00000omega
    Eq omega: -0.799081 + 0.01169theta + 0.34599omega + 0.20346theta^2 + 0.03303theta omega + 0.06104omega^2 + -0.03241theta^3 + -0.01369theta^2 omega + -0.02836theta omega^2 + -0.06545omega^3

--- Chunk 28949 (153/993) | Start: 2024-11-28 17:40:00 ---
    RMSE omega: 0.000525 | RMSE theta: 0.012914 | Loss: -1.5348 | Epoch: 6972
    Eq theta: 1.00000omega
    Eq omega: -0.075551 + 0.00287theta + -0.03389omega + -0.02103theta^2 + -0.00924theta omega + 0.07859omega^2 + -0.12827theta^3 + 0.01361theta^2 omega + 0.00329theta omega^2 + -0.01795omega^3

--- Chunk 28950 (154/993) | Start: 2024-11-28 17:45:00 ---
    RMSE omega: 0.000364 | RMSE theta: 0.008392 | Loss: -5.4338 | Epoch: 9851
    Eq theta: 1.00000omega
    Eq omega: 0.020341 + 0.53195theta + 0.05256omega + 0.04592theta^2 + -0.05903theta omega + -0.20236omega^2 + -0.16148theta^3 + 0.00222theta^2 omega + 0.00288theta omega^2 + 0.03393omega^3

--- Chunk 28951 (155/993) | Start: 2024-11-28 17:50:00 ---
    RMSE omega: 0.000517 | RMSE theta: 0.012552 | Loss: -1.9214 | Epoch: 7536
    Eq theta: 1.00000omega
    Eq omega: -0.031611 + -0.06146theta + 0.07448omega + 0.02019theta^2 + -0.03707theta omega + 0.00389omega^2 + -0.00039theta^3 + 0.00091theta^2 omega + -0.01106theta omega^2 + 0.00256omega^3

--- Chunk 28952 (156/993) | Start: 2024-11-28 17:55:00 ---
    RMSE omega: nan | RMSE theta: nan | Loss: 182688.7812 | Epoch: 735
    Eq theta: 1.00000omega
    Eq omega: nan1 + nantheta + nanomega + nantheta^2 + nantheta omega + nanomega^2 + nantheta^3 + nantheta^2 omega + nantheta omega^2 + nanomega^3

--- Chunk 28953 (157/993) | Start: 2024-11-28 18:00:00 ---
    RMSE omega: nan | RMSE theta: nan | Loss: 1265.6305 | Epoch: 1238
    Eq theta: 1.00000omega
    Eq omega: nan1 + nantheta + nanomega + nantheta^2 + nantheta omega + nanomega^2 + nantheta^3 + nantheta^2 omega + nantheta omega^2 + nanomega^3

--- Chunk 28954 (158/993) | Start: 2024-11-28 18:05:00 ---
    RMSE omega: 0.000718 | RMSE theta: 0.012949 | Loss: -1.5749 | Epoch: 6441
    Eq theta: 1.00000omega
    Eq omega: 0.165651 + -0.11968theta + 0.00434omega + 0.00448theta^2 + 0.00417theta omega + 0.07110omega^2 + -0.00778theta^3 + 0.01043theta^2 omega + -0.02288theta omega^2 + -0.00502omega^3

--- Chunk 28955 (159/993) | Start: 2024-11-28 18:10:00 ---
    RMSE omega: nan | RMSE theta: nan | Loss: 314.7120 | Epoch: 1015
    Eq theta: 1.00000omega
    Eq omega: nan1 + nantheta + nanomega + nantheta^2 + nantheta omega + nanomega^2 + nantheta^3 + nantheta^2 omega + nantheta omega^2 + nanomega^3

--- Chunk 28956 (160/993) | Start: 2024-11-28 18:15:00 ---
    RMSE omega: 0.001088 | RMSE theta: 0.027990 | Loss: 10.5900 | Epoch: 9838
    Eq theta: 1.00000omega
    Eq omega: -0.265351 + 0.05555theta + -0.11359omega + 0.02779theta^2 + 0.01104theta omega + 0.00219omega^2 + -0.00622theta^3 + -0.00707theta^2 omega + -0.00144theta omega^2 + 0.00055omega^3

--- Chunk 28957 (161/993) | Start: 2024-11-28 18:20:00 ---
    RMSE omega: 0.000495 | RMSE theta: 0.009544 | Loss: 0.5344 | Epoch: 9999
    Eq theta: 1.00000omega
    Eq omega: 0.004151 + -0.00183theta + -0.00034omega + 0.00183theta^2 + -0.07188theta omega + -0.00994omega^2 + -0.00242theta^3 + 0.01513theta^2 omega + 0.00185theta omega^2 + -0.00944omega^3

--- Chunk 28958 (162/993) | Start: 2024-11-28 18:25:00 ---
[2026-03-09T17:29:38.086] error: *** JOB 3439085 ON uc3n018 CANCELLED AT 2026-03-09T17:29:38 DUE TO TIME LIMIT ***

============================= JOB FEEDBACK =============================

NodeName=uc3n018
Job ID: 3439085
Array Job ID: 3439054_29
Cluster: uc3
User/Group: ka_bj2362/ka_iai
State: TIMEOUT (exit code 0)
Nodes: 1
Cores per node: 4
CPU Utilized: 00:00:00
CPU Efficiency: 0.00% of 8-00:00:16 core-walltime
Job Wall-clock time: 2-00:00:04
Memory Utilized: 983.74 MB
Memory Efficiency: 12.01% of 8.00 GB (8.00 GB/node)
