Array task 28: processing chunks 27804 to 28796
Loading data from /pfs/data6/home/ka/ka_iai/ka_bj2362/dsr/svise/../dataset/Frequency_data_SK.pkl...
Finding all valid 5-minute chunks in the dataset...
Found 31760 valid 5-minute chunks in total.

============================================================
SVISE FINAL EVALUATION — ALL CHUNKS
============================================================
Hyperparameters: {
  "model": "integrator",
  "sigma": 10,
  "degree": 3,
  "tau": 0.5,
  "lr": 0.001,
  "n_tau": 100,
  "measurement_noise": 1e-05,
  "n_reparam_samples": 30
}
Total valid chunks in dataset: 31760
Processing chunk range: [27804, 28796] (993 chunks)
Early stopping: patience=300, max_epochs=10000
============================================================


--- Chunk 27804 (1/993) | Start: 2024-11-24 17:30:00 ---
/pfs/data6/home/ka/ka_iai/ka_bj2362/dsr/svise/svise/sde_learning/_marginal_sde.py:284: UserWarning: torch.triangular_solve is deprecated in favor of torch.linalg.solve_triangularand will be removed in a future PyTorch release.
torch.linalg.solve_triangular has its arguments reversed and does not return a copy of one of the inputs.
X = torch.triangular_solve(B, A).solution
should be replaced with
X = torch.linalg.solve_triangular(A, B). (Triggered internally at ../aten/src/ATen/native/BatchLinearAlgebra.cpp:2192.)
  return torch.triangular_solve(self.raw_w, self.C.t()).solution
/pfs/data6/home/ka/ka_iai/ka_bj2362/dsr/svise/svise/quadrature/_unbiased_quadrature.py:196: UserWarning: Interp is nan, reducing interp degree.
  warnings.warn("Interp is nan, reducing interp degree.")
    RMSE omega: 0.000464 | RMSE theta: 0.008146 | Loss: -3.5014 | Epoch: 7643
    Eq theta: 1.00000omega
    Eq omega: 2.837011 + -1.47858theta + 0.14307omega + -0.58256theta^2 + 0.14026theta omega + -0.24783omega^2 + -0.00214theta^3 + 0.02162theta^2 omega + -0.04530theta omega^2 + -0.41978omega^3

--- Chunk 27805 (2/993) | Start: 2024-11-24 17:35:00 ---
    RMSE omega: 0.001099 | RMSE theta: 0.018433 | Loss: 37.1801 | Epoch: 9999
    Eq theta: 1.00000omega
    Eq omega: -0.013641 + 0.19445theta + 0.00221omega + -0.00001theta^2 + 0.00302theta omega + -0.00386omega^2 + -0.00340theta^3 + -0.00043theta^2 omega + -0.00018theta omega^2 + -0.00149omega^3

--- Chunk 27806 (3/993) | Start: 2024-11-24 17:40:00 ---
/pfs/data6/home/ka/ka_iai/ka_bj2362/dsr/svise/svise/quadrature/_unbiased_quadrature.py:174: UserWarning: NaN detected in fxq (quadrature node evaluations). Clamping to 0.
  warnings.warn("NaN detected in fxq (quadrature node evaluations). Clamping to 0.")
/pfs/data6/home/ka/ka_iai/ka_bj2362/dsr/svise/svise/quadrature/_unbiased_quadrature.py:177: UserWarning: NaN detected in fmc (Monte-Carlo node evaluations). Clamping to 0.
  warnings.warn("NaN detected in fmc (Monte-Carlo node evaluations). Clamping to 0.")
    RMSE omega: 0.000840 | RMSE theta: 0.017617 | Loss: 0.8477 | Epoch: 9999
    Eq theta: 1.00000omega
    Eq omega: 0.144161 + 0.01934theta + -0.00171omega + 0.01152theta^2 + -0.17836theta omega + -0.08979omega^2 + -0.01337theta^3 + -0.00409theta^2 omega + 0.13721theta omega^2 + -0.00010omega^3

--- Chunk 27807 (4/993) | Start: 2024-11-24 17:45:00 ---
    RMSE omega: 0.000508 | RMSE theta: 0.018476 | Loss: -0.9760 | Epoch: 9999
    Eq theta: 1.00000omega
    Eq omega: 0.011641 + -0.19129theta + 0.25054omega + -0.00356theta^2 + 0.00333theta omega + -0.00061omega^2 + -0.00567theta^3 + 0.00153theta^2 omega + 0.00249theta omega^2 + -0.00277omega^3

--- Chunk 27808 (5/993) | Start: 2024-11-24 17:50:00 ---
    RMSE omega: 0.000786 | RMSE theta: 0.020686 | Loss: -3.0337 | Epoch: 9999
    Eq theta: 1.00000omega
    Eq omega: 0.123721 + -0.04619theta + -0.10274omega + -0.11102theta^2 + -0.02317theta omega + 0.33540omega^2 + -0.01902theta^3 + 0.06494theta^2 omega + 0.00515theta omega^2 + -0.21322omega^3

--- Chunk 27809 (6/993) | Start: 2024-11-24 17:55:00 ---
    RMSE omega: 0.000449 | RMSE theta: 0.012883 | Loss: 7.6598 | Epoch: 7160
    Eq theta: 1.00000omega
    Eq omega: 0.015971 + -0.00715theta + 0.00272omega + 0.00299theta^2 + -0.00597theta omega + -0.00052omega^2 + -0.00039theta^3 + 0.00106theta^2 omega + -0.00293theta omega^2 + -0.00073omega^3

--- Chunk 27810 (7/993) | Start: 2024-11-24 18:00:00 ---
    RMSE omega: 0.000566 | RMSE theta: 0.012145 | Loss: -1.0495 | Epoch: 6523
    Eq theta: 1.00000omega
    Eq omega: 0.044591 + -0.09626theta + 0.00828omega + -0.00011theta^2 + 0.05284theta omega + 0.25342omega^2 + -0.10265theta^3 + -0.00036theta^2 omega + -0.11538theta omega^2 + 0.00360omega^3

--- Chunk 27811 (8/993) | Start: 2024-11-24 18:05:00 ---
    RMSE omega: 0.000871 | RMSE theta: 0.016198 | Loss: 0.7678 | Epoch: 9999
    Eq theta: 1.00000omega
    Eq omega: 0.302841 + -0.34158theta + 0.00589omega + -0.14474theta^2 + -0.01596theta omega + -0.04143omega^2 + -0.01907theta^3 + -0.00400theta^2 omega + 0.00221theta omega^2 + 0.08528omega^3

--- Chunk 27812 (9/993) | Start: 2024-11-24 18:10:00 ---
    RMSE omega: nan | RMSE theta: nan | Loss: 6.3256 | Epoch: 2430
    Eq theta: 1.00000omega
    Eq omega: nan1 + nantheta + nanomega + nantheta^2 + nantheta omega + nanomega^2 + nantheta^3 + nantheta^2 omega + nantheta omega^2 + nanomega^3

--- Chunk 27813 (10/993) | Start: 2024-11-24 18:15:00 ---
    RMSE omega: 0.000644 | RMSE theta: 0.015033 | Loss: -1.0072 | Epoch: 9221
    Eq theta: 1.00000omega
    Eq omega: -0.022971 + -0.02662theta + -0.29764omega + 0.69810theta^2 + 0.01228theta omega + 0.02002omega^2 + -0.89077theta^3 + 0.32908theta^2 omega + 0.00644theta omega^2 + -0.01836omega^3

--- Chunk 27814 (11/993) | Start: 2024-11-24 18:20:00 ---
    RMSE omega: 0.000932 | RMSE theta: 0.018363 | Loss: -2.1232 | Epoch: 7310
    Eq theta: 1.00000omega
    Eq omega: 0.112691 + -0.14263theta + 0.05239omega + -0.33436theta^2 + 0.00853theta omega + 0.12660omega^2 + -0.06712theta^3 + 0.00170theta^2 omega + 0.00398theta omega^2 + -0.00213omega^3

--- Chunk 27815 (12/993) | Start: 2024-11-24 18:25:00 ---
    RMSE omega: nan | RMSE theta: nan | Loss: 1404.3760 | Epoch: 1220
    Eq theta: 1.00000omega
    Eq omega: nan1 + nantheta + nanomega + nantheta^2 + nantheta omega + nanomega^2 + nantheta^3 + nantheta^2 omega + nantheta omega^2 + nanomega^3

--- Chunk 27816 (13/993) | Start: 2024-11-24 18:30:00 ---
    RMSE omega: 0.000688 | RMSE theta: 0.010276 | Loss: -2.4807 | Epoch: 7688
    Eq theta: 1.00000omega
    Eq omega: -0.401361 + -0.23218theta + 0.27312omega + 0.32132theta^2 + 0.16415theta omega + 0.02205omega^2 + -0.16632theta^3 + -0.15403theta^2 omega + 0.09107theta omega^2 + 0.01421omega^3

--- Chunk 27817 (14/993) | Start: 2024-11-24 18:35:00 ---
    RMSE omega: 0.000877 | RMSE theta: 0.022489 | Loss: -1.2376 | Epoch: 4054
    Eq theta: 1.00000omega
    Eq omega: 0.014711 + -0.19192theta + 0.03481omega + -0.02533theta^2 + -0.03184theta omega + 0.06544omega^2 + -0.06641theta^3 + -0.15089theta^2 omega + -0.02817theta omega^2 + 0.06940omega^3

--- Chunk 27818 (15/993) | Start: 2024-11-24 18:40:00 ---
    RMSE omega: 0.000539 | RMSE theta: 0.009801 | Loss: -1.6023 | Epoch: 7565
    Eq theta: 1.00000omega
    Eq omega: -0.005651 + 0.02617theta + 0.01179omega + 0.19763theta^2 + 0.07249theta omega + -0.06067omega^2 + -0.04807theta^3 + -0.12801theta^2 omega + 0.13259theta omega^2 + -0.00009omega^3

--- Chunk 27819 (16/993) | Start: 2024-11-24 18:45:00 ---
    RMSE omega: 0.001139 | RMSE theta: 0.017886 | Loss: 4.0307 | Epoch: 9999
    Eq theta: 1.00000omega
    Eq omega: -0.191971 + -0.08503theta + 0.04796omega + 0.04273theta^2 + -0.02222theta omega + -0.00232omega^2 + -0.00117theta^3 + 0.00134theta^2 omega + -0.02074theta omega^2 + 0.00219omega^3

--- Chunk 27820 (17/993) | Start: 2024-11-24 18:50:00 ---
    RMSE omega: 0.000560 | RMSE theta: 0.013383 | Loss: -2.4992 | Epoch: 7787
    Eq theta: 1.00000omega
    Eq omega: 0.009591 + -0.01745theta + -0.04078omega + -0.11474theta^2 + -0.03222theta omega + 0.13108omega^2 + -0.02263theta^3 + -0.00228theta^2 omega + 0.03757theta omega^2 + -0.00794omega^3

--- Chunk 27821 (18/993) | Start: 2024-11-24 18:55:00 ---
    RMSE omega: nan | RMSE theta: nan | Loss: 833.6010 | Epoch: 942
    Eq theta: 1.00000omega
    Eq omega: nan1 + nantheta + nanomega + nantheta^2 + nantheta omega + nanomega^2 + nantheta^3 + nantheta^2 omega + nantheta omega^2 + nanomega^3

--- Chunk 27822 (19/993) | Start: 2024-11-24 19:00:00 ---
    RMSE omega: nan | RMSE theta: nan | Loss: 3207.6116 | Epoch: 1012
    Eq theta: 1.00000omega
    Eq omega: nan1 + nantheta + nanomega + nantheta^2 + nantheta omega + nanomega^2 + nantheta^3 + nantheta^2 omega + nantheta omega^2 + nanomega^3

--- Chunk 27823 (20/993) | Start: 2024-11-24 19:05:00 ---
    RMSE omega: 0.001541 | RMSE theta: 0.020085 | Loss: 36.9622 | Epoch: 9999
    Eq theta: 1.00000omega
    Eq omega: 0.059711 + 0.14336theta + -0.00967omega + -0.00313theta^2 + 0.00447theta omega + -0.00372omega^2 + -0.00196theta^3 + -0.00218theta^2 omega + -0.00006theta omega^2 + -0.00114omega^3

--- Chunk 27824 (21/993) | Start: 2024-11-24 19:10:00 ---
    RMSE omega: 0.000679 | RMSE theta: 0.017179 | Loss: -2.0239 | Epoch: 7631
    Eq theta: 1.00000omega
    Eq omega: 0.007011 + 0.01402theta + 0.02960omega + -0.15641theta^2 + 0.05783theta omega + 0.30219omega^2 + -0.05683theta^3 + 0.03375theta^2 omega + 0.03487theta omega^2 + 0.00962omega^3

--- Chunk 27825 (22/993) | Start: 2024-11-24 19:15:00 ---
    RMSE omega: 0.000744 | RMSE theta: 0.017210 | Loss: -2.4518 | Epoch: 7990
    Eq theta: 1.00000omega
    Eq omega: 0.799981 + -0.52158theta + 0.12586omega + -0.13265theta^2 + -0.01196theta omega + -0.03502omega^2 + -0.01693theta^3 + -0.00213theta^2 omega + 0.02645theta omega^2 + 0.18466omega^3

--- Chunk 27826 (23/993) | Start: 2024-11-24 19:20:00 ---
    RMSE omega: 0.002740 | RMSE theta: 0.086155 | Loss: 88.8128 | Epoch: 9999
    Eq theta: 1.00000omega
    Eq omega: -1.508491 + -1.64289theta + -0.21894omega + 0.30000theta^2 + 0.00297theta omega + 0.52150omega^2 + 0.00063theta^3 + -0.00258theta^2 omega + -0.00058theta omega^2 + -0.02611omega^3

--- Chunk 27827 (24/993) | Start: 2024-11-24 19:25:00 ---
    RMSE omega: nan | RMSE theta: nan | Loss: 12.6698 | Epoch: 2112
    Eq theta: 1.00000omega
    Eq omega: nan1 + nantheta + nanomega + nantheta^2 + nantheta omega + nanomega^2 + nantheta^3 + nantheta^2 omega + nantheta omega^2 + nanomega^3

--- Chunk 27828 (25/993) | Start: 2024-11-24 19:30:00 ---
    RMSE omega: 0.002884 | RMSE theta: 0.022232 | Loss: 50.7984 | Epoch: 9999
    Eq theta: 1.00000omega
    Eq omega: -0.022171 + -0.04104theta + 0.17532omega + -0.04380theta^2 + 0.07625theta omega + 0.21005omega^2 + -0.00668theta^3 + -0.00529theta^2 omega + 0.08638theta omega^2 + 0.00489omega^3

--- Chunk 27829 (26/993) | Start: 2024-11-24 19:35:00 ---
    RMSE omega: 0.000465 | RMSE theta: 0.009783 | Loss: -0.3101 | Epoch: 9999
    Eq theta: 1.00000omega
    Eq omega: -1.432611 + -0.55431theta + 0.00475omega + 0.26046theta^2 + 0.00029theta omega + -0.03379omega^2 + 0.00437theta^3 + 0.06195theta^2 omega + 0.07022theta omega^2 + -0.17025omega^3

--- Chunk 27830 (27/993) | Start: 2024-11-24 19:40:00 ---
    RMSE omega: 0.000602 | RMSE theta: 0.011767 | Loss: 2.1522 | Epoch: 9781
    Eq theta: 1.00000omega
    Eq omega: -0.024771 + 0.01721theta + 0.07949omega + -0.03992theta^2 + 0.00408theta omega + 0.16044omega^2 + -0.00913theta^3 + 0.00036theta^2 omega + 0.04109theta omega^2 + -0.00133omega^3

--- Chunk 27831 (28/993) | Start: 2024-11-24 19:45:00 ---
    RMSE omega: 0.000653 | RMSE theta: 0.012115 | Loss: 1.1310 | Epoch: 9999
    Eq theta: 1.00000omega
    Eq omega: -0.035001 + -0.00093theta + -0.42148omega + 0.16251theta^2 + 0.00571theta omega + -0.47814omega^2 + -0.03641theta^3 + 0.00330theta^2 omega + 0.05717theta omega^2 + -0.01849omega^3

--- Chunk 27832 (29/993) | Start: 2024-11-24 19:50:00 ---
    RMSE omega: nan | RMSE theta: nan | Loss: 9.3674 | Epoch: 6460
    Eq theta: 1.00000omega
    Eq omega: nan1 + nantheta + nanomega + nantheta^2 + nantheta omega + nanomega^2 + nantheta^3 + nantheta^2 omega + nantheta omega^2 + nanomega^3

--- Chunk 27833 (30/993) | Start: 2024-11-24 19:55:00 ---
    RMSE omega: 0.010184 | RMSE theta: 0.104188 | Loss: 550.8179 | Epoch: 4369
    Eq theta: 1.00000omega
    Eq omega: 0.213791 + -0.02139theta + -0.00369omega + 0.00607theta^2 + -0.01083theta omega + 0.00442omega^2 + -0.00112theta^3 + -0.00257theta^2 omega + -0.00959theta omega^2 + -0.00051omega^3

--- Chunk 27834 (31/993) | Start: 2024-11-24 20:00:00 ---
    RMSE omega: nan | RMSE theta: nan | Loss: 697.3652 | Epoch: 1057
    Eq theta: 1.00000omega
    Eq omega: nan1 + nantheta + nanomega + nantheta^2 + nantheta omega + nanomega^2 + nantheta^3 + nantheta^2 omega + nantheta omega^2 + nanomega^3

--- Chunk 27835 (32/993) | Start: 2024-11-24 20:05:00 ---
    RMSE omega: 0.000598 | RMSE theta: 0.012430 | Loss: 0.5018 | Epoch: 4615
    Eq theta: 1.00000omega
    Eq omega: -0.238711 + -0.19987theta + 0.11855omega + 0.16873theta^2 + -0.06516theta omega + -0.06933omega^2 + -0.02450theta^3 + 0.03340theta^2 omega + -0.02729theta omega^2 + -0.03139omega^3

--- Chunk 27836 (33/993) | Start: 2024-11-24 20:10:00 ---
    RMSE omega: nan | RMSE theta: nan | Loss: 964.4836 | Epoch: 1829
    Eq theta: 1.00000omega
    Eq omega: nan1 + nantheta + nanomega + nantheta^2 + nantheta omega + nanomega^2 + nantheta^3 + nantheta^2 omega + nantheta omega^2 + nanomega^3

--- Chunk 27837 (34/993) | Start: 2024-11-24 20:15:00 ---
    RMSE omega: 0.000632 | RMSE theta: 0.012613 | Loss: -1.3180 | Epoch: 8861
    Eq theta: 1.00000omega
    Eq omega: -2.907451 + -0.14024theta + 0.35434omega + 0.79792theta^2 + -0.01953theta omega + 0.36733omega^2 + -0.13476theta^3 + -0.02422theta^2 omega + -0.07258theta omega^2 + 0.02525omega^3

--- Chunk 27838 (35/993) | Start: 2024-11-24 20:20:00 ---
    RMSE omega: 0.000682 | RMSE theta: 0.023074 | Loss: 2.4056 | Epoch: 9999
    Eq theta: 1.00000omega
    Eq omega: -0.045201 + 0.00382theta + -0.06370omega + -0.07310theta^2 + -0.00651theta omega + 0.20192omega^2 + -0.01003theta^3 + 0.04320theta^2 omega + 0.03784theta omega^2 + -0.07893omega^3

--- Chunk 27839 (36/993) | Start: 2024-11-24 20:25:00 ---
    RMSE omega: 0.000869 | RMSE theta: 0.024129 | Loss: -2.0728 | Epoch: 9999
    Eq theta: 1.00000omega
    Eq omega: 0.582111 + -0.73614theta + -0.25116omega + -0.27849theta^2 + -0.18645theta omega + -0.26411omega^2 + -0.00224theta^3 + -0.23643theta^2 omega + 0.01638theta omega^2 + 0.00374omega^3

--- Chunk 27840 (37/993) | Start: 2024-11-24 20:30:00 ---
    RMSE omega: nan | RMSE theta: nan | Loss: 2119.5005 | Epoch: 1074
    Eq theta: 1.00000omega
    Eq omega: nan1 + nantheta + nanomega + nantheta^2 + nantheta omega + nanomega^2 + nantheta^3 + nantheta^2 omega + nantheta omega^2 + nanomega^3

--- Chunk 27841 (38/993) | Start: 2024-11-24 20:35:00 ---
    RMSE omega: nan | RMSE theta: nan | Loss: 1207.9038 | Epoch: 1297
    Eq theta: 1.00000omega
    Eq omega: nan1 + nantheta + nanomega + nantheta^2 + nantheta omega + nanomega^2 + nantheta^3 + nantheta^2 omega + nantheta omega^2 + nanomega^3

--- Chunk 27842 (39/993) | Start: 2024-11-24 20:40:00 ---
    RMSE omega: nan | RMSE theta: nan | Loss: 12.0839 | Epoch: 7109
    Eq theta: 1.00000omega
    Eq omega: nan1 + nantheta + nanomega + nantheta^2 + nantheta omega + nanomega^2 + nantheta^3 + nantheta^2 omega + nantheta omega^2 + nanomega^3

--- Chunk 27843 (40/993) | Start: 2024-11-24 20:45:00 ---
    RMSE omega: 0.001393 | RMSE theta: 0.031145 | Loss: 8.0372 | Epoch: 3790
    Eq theta: 1.00000omega
    Eq omega: 0.017171 + -0.07895theta + -0.03739omega + -0.00435theta^2 + -0.00865theta omega + -0.03008omega^2 + -0.00644theta^3 + 0.00879theta^2 omega + -0.00168theta omega^2 + -0.02268omega^3

--- Chunk 27844 (41/993) | Start: 2024-11-24 20:50:00 ---
    RMSE omega: 0.000848 | RMSE theta: 0.010736 | Loss: 0.3317 | Epoch: 8013
    Eq theta: 1.00000omega
    Eq omega: 1.842391 + 0.37199theta + -0.53591omega + -0.18242theta^2 + 0.00194theta omega + -0.00226omega^2 + -0.03621theta^3 + 0.00421theta^2 omega + -0.04574theta omega^2 + 0.00491omega^3

--- Chunk 27845 (42/993) | Start: 2024-11-24 20:55:00 ---
    RMSE omega: 0.000763 | RMSE theta: 0.015987 | Loss: 10.5441 | Epoch: 9999
    Eq theta: 1.00000omega
    Eq omega: 0.094841 + -0.00734theta + 0.03746omega + -0.02835theta^2 + 0.00247theta omega + 0.01004omega^2 + -0.00218theta^3 + 0.00086theta^2 omega + 0.00196theta omega^2 + 0.00046omega^3

--- Chunk 27846 (43/993) | Start: 2024-11-24 21:00:00 ---
    RMSE omega: 0.000341 | RMSE theta: 0.011403 | Loss: 0.0153 | Epoch: 7729
    Eq theta: 1.00000omega
    Eq omega: 0.006351 + 0.04559theta + 0.00259omega + 0.06567theta^2 + -0.12575theta omega + -0.06643omega^2 + -0.03385theta^3 + -0.01928theta^2 omega + 0.10404theta omega^2 + 0.00242omega^3

--- Chunk 27847 (44/993) | Start: 2024-11-24 21:05:00 ---
    RMSE omega: nan | RMSE theta: nan | Loss: 89.2463 | Epoch: 1997
    Eq theta: 1.00000omega
    Eq omega: nan1 + nantheta + nanomega + nantheta^2 + nantheta omega + nanomega^2 + nantheta^3 + nantheta^2 omega + nantheta omega^2 + nanomega^3

--- Chunk 27848 (45/993) | Start: 2024-11-24 21:10:00 ---
    RMSE omega: 0.000890 | RMSE theta: 0.016021 | Loss: 5.5275 | Epoch: 9999
    Eq theta: 1.00000omega
    Eq omega: -0.039531 + 0.00063theta + -0.01395omega + -0.01243theta^2 + -0.01117theta omega + -0.02593omega^2 + -0.01060theta^3 + -0.00627theta^2 omega + 0.04075theta omega^2 + 0.00565omega^3

--- Chunk 27849 (46/993) | Start: 2024-11-24 21:15:00 ---
    RMSE omega: 0.000540 | RMSE theta: 0.011380 | Loss: -1.6121 | Epoch: 6597
    Eq theta: 1.00000omega
    Eq omega: -0.066571 + -0.72669theta + 0.00425omega + 0.43452theta^2 + 0.02968theta omega + -0.03529omega^2 + -0.23867theta^3 + 0.11703theta^2 omega + 0.26025theta omega^2 + 0.00577omega^3

--- Chunk 27850 (47/993) | Start: 2024-11-24 21:20:00 ---
    RMSE omega: nan | RMSE theta: nan | Loss: 2198.1672 | Epoch: 665
    Eq theta: 1.00000omega
    Eq omega: nan1 + nantheta + nanomega + nantheta^2 + nantheta omega + nanomega^2 + nantheta^3 + nantheta^2 omega + nantheta omega^2 + nanomega^3

--- Chunk 27851 (48/993) | Start: 2024-11-24 21:25:00 ---
    RMSE omega: 0.000600 | RMSE theta: 0.010488 | Loss: -0.8945 | Epoch: 9999
    Eq theta: 1.00000omega
    Eq omega: -0.039821 + -0.37051theta + -0.01949omega + -0.08606theta^2 + -0.01837theta omega + -0.16055omega^2 + -0.00428theta^3 + 0.01160theta^2 omega + 0.04089theta omega^2 + -0.05772omega^3

--- Chunk 27852 (49/993) | Start: 2024-11-24 21:30:00 ---
    RMSE omega: 0.000637 | RMSE theta: 0.015479 | Loss: -3.1547 | Epoch: 8583
    Eq theta: 1.00000omega
    Eq omega: 0.007681 + -0.16962theta + 0.00472omega + 0.08461theta^2 + 0.01872theta omega + -0.54458omega^2 + -0.00014theta^3 + -0.04878theta^2 omega + 0.04916theta omega^2 + 0.34053omega^3

--- Chunk 27853 (50/993) | Start: 2024-11-24 21:35:00 ---
    RMSE omega: 0.000483 | RMSE theta: 0.009832 | Loss: -5.0810 | Epoch: 6615
    Eq theta: 1.00000omega
    Eq omega: -0.049691 + 0.02899theta + -0.02461omega + -0.02509theta^2 + -0.24652theta omega + -0.01635omega^2 + -0.22333theta^3 + -0.03453theta^2 omega + 0.17524theta omega^2 + -0.03035omega^3

  [Progress 50/993] Mean RMSE omega: 0.001101 | Mean loss: 270.6559 | Valid: 37/50 | Elapsed: 2604.3min | ETA: 49117.7min

--- Chunk 27854 (51/993) | Start: 2024-11-24 21:40:00 ---
    RMSE omega: 0.000595 | RMSE theta: 0.012067 | Loss: 4.5215 | Epoch: 9999
    Eq theta: 1.00000omega
    Eq omega: 0.002531 + -0.00168theta + -0.01394omega + -0.00688theta^2 + 0.00297theta omega + -0.00406omega^2 + 0.00123theta^3 + -0.00101theta^2 omega + 0.00051theta omega^2 + -0.00196omega^3

--- Chunk 27855 (52/993) | Start: 2024-11-24 21:45:00 ---
    RMSE omega: nan | RMSE theta: nan | Loss: 1995.4592 | Epoch: 1354
    Eq theta: 1.00000omega
    Eq omega: nan1 + nantheta + nanomega + nantheta^2 + nantheta omega + nanomega^2 + nantheta^3 + nantheta^2 omega + nantheta omega^2 + nanomega^3

--- Chunk 27856 (53/993) | Start: 2024-11-24 21:50:00 ---
    RMSE omega: 0.000362 | RMSE theta: 0.013367 | Loss: -2.4382 | Epoch: 7912
    Eq theta: 1.00000omega
    Eq omega: -0.073551 + -0.00733theta + -0.00783omega + 0.00098theta^2 + -0.03260theta omega + -0.01231omega^2 + -0.03643theta^3 + 0.00537theta^2 omega + 0.07638theta omega^2 + 0.00957omega^3

--- Chunk 27857 (54/993) | Start: 2024-11-24 21:55:00 ---
    RMSE omega: 0.000795 | RMSE theta: 0.026707 | Loss: 35.9601 | Epoch: 9999
    Eq theta: 1.00000omega
    Eq omega: -0.002561 + 0.00570theta + 0.00363omega + -0.00012theta^2 + -0.00042theta omega + -0.00115omega^2 + 0.00000theta^3 + 0.00004theta^2 omega + 0.00009theta omega^2 + 0.00010omega^3

--- Chunk 27858 (55/993) | Start: 2024-11-24 22:00:00 ---
    RMSE omega: nan | RMSE theta: nan | Loss: 7274.6978 | Epoch: 1056
    Eq theta: 1.00000omega
    Eq omega: nan1 + nantheta + nanomega + nantheta^2 + nantheta omega + nanomega^2 + nantheta^3 + nantheta^2 omega + nantheta omega^2 + nanomega^3

--- Chunk 27859 (56/993) | Start: 2024-11-24 22:05:00 ---
    RMSE omega: nan | RMSE theta: nan | Loss: 647.3099 | Epoch: 956
    Eq theta: 1.00000omega
    Eq omega: nan1 + nantheta + nanomega + nantheta^2 + nantheta omega + nanomega^2 + nantheta^3 + nantheta^2 omega + nantheta omega^2 + nanomega^3

--- Chunk 27860 (57/993) | Start: 2024-11-24 22:10:00 ---
    RMSE omega: 0.000746 | RMSE theta: 0.014262 | Loss: -2.3749 | Epoch: 7018
    Eq theta: 1.00000omega
    Eq omega: -1.718801 + -1.13986theta + -0.21679omega + 0.64024theta^2 + -0.04718theta omega + 0.04400omega^2 + -0.04767theta^3 + 0.09451theta^2 omega + 0.21859theta omega^2 + -0.17160omega^3

--- Chunk 27861 (58/993) | Start: 2024-11-24 22:15:00 ---
    RMSE omega: 0.000505 | RMSE theta: 0.015712 | Loss: -0.7910 | Epoch: 5557
    Eq theta: 1.00000omega
    Eq omega: -0.083871 + 0.01171theta + -0.03816omega + -0.01141theta^2 + -0.19098theta omega + 0.05646omega^2 + -0.29988theta^3 + 0.19893theta^2 omega + 0.36318theta omega^2 + -0.10899omega^3

--- Chunk 27862 (59/993) | Start: 2024-11-24 22:20:00 ---
    RMSE omega: 0.000553 | RMSE theta: 0.013946 | Loss: -1.9725 | Epoch: 7286
    Eq theta: 1.00000omega
    Eq omega: 0.653581 + -0.18988theta + 0.11791omega + -0.50759theta^2 + 0.01423theta omega + 0.05785omega^2 + -0.11951theta^3 + -0.00340theta^2 omega + -0.00888theta omega^2 + 0.03831omega^3

--- Chunk 27863 (60/993) | Start: 2024-11-24 22:25:00 ---
    RMSE omega: 0.000443 | RMSE theta: 0.012516 | Loss: 2.7740 | Epoch: 8882
    Eq theta: 1.00000omega
    Eq omega: -0.001481 + -0.00277theta + 0.00520omega + -0.00286theta^2 + -0.00025theta omega + 0.00280omega^2 + -0.00025theta^3 + 0.00855theta^2 omega + 0.00009theta omega^2 + -0.00118omega^3

--- Chunk 27864 (61/993) | Start: 2024-11-24 22:30:00 ---
    RMSE omega: 0.000708 | RMSE theta: 0.015644 | Loss: 1.9250 | Epoch: 6513
    Eq theta: 1.00000omega
    Eq omega: -0.834071 + -0.70894theta + -0.03323omega + 0.66082theta^2 + -0.11827theta omega + 0.07329omega^2 + -0.01667theta^3 + -0.00491theta^2 omega + -0.02994theta omega^2 + -0.04368omega^3

--- Chunk 27865 (62/993) | Start: 2024-11-24 22:35:00 ---
    RMSE omega: 0.000731 | RMSE theta: 0.010871 | Loss: 1.4052 | Epoch: 9970
    Eq theta: 1.00000omega
    Eq omega: -0.624631 + 0.01508theta + 0.14068omega + 0.10587theta^2 + -0.02478theta omega + -0.01814omega^2 + -0.01192theta^3 + 0.00069theta^2 omega + 0.00126theta omega^2 + -0.00232omega^3

--- Chunk 27866 (63/993) | Start: 2024-11-24 22:40:00 ---
    RMSE omega: nan | RMSE theta: nan | Loss: 3250.6475 | Epoch: 1327
    Eq theta: 1.00000omega
    Eq omega: nan1 + nantheta + nanomega + nantheta^2 + nantheta omega + nanomega^2 + nantheta^3 + nantheta^2 omega + nantheta omega^2 + nanomega^3

--- Chunk 27867 (64/993) | Start: 2024-11-24 22:45:00 ---
    RMSE omega: 0.000461 | RMSE theta: 0.011739 | Loss: 1.1363 | Epoch: 5019
    Eq theta: 1.00000omega
    Eq omega: 0.063681 + -0.42845theta + -0.03396omega + 0.19931theta^2 + -0.04156theta omega + 0.05548omega^2 + -0.03620theta^3 + 0.00395theta^2 omega + 0.02046theta omega^2 + -0.02936omega^3

--- Chunk 27868 (65/993) | Start: 2024-11-24 22:50:00 ---
    RMSE omega: 0.000863 | RMSE theta: 0.018743 | Loss: 3.5511 | Epoch: 4849
    Eq theta: 1.00000omega
    Eq omega: 0.216301 + -0.19697theta + -0.00109omega + -0.20404theta^2 + 0.13260theta omega + -0.04423omega^2 + -0.13012theta^3 + 0.07665theta^2 omega + -0.16413theta omega^2 + -0.00840omega^3

--- Chunk 27869 (66/993) | Start: 2024-11-24 22:55:00 ---
    RMSE omega: 0.000426 | RMSE theta: 0.012416 | Loss: 0.3124 | Epoch: 7794
    Eq theta: 1.00000omega
    Eq omega: -0.492981 + -0.01580theta + 0.01808omega + 0.38052theta^2 + 0.35018theta omega + -0.01558omega^2 + -0.24554theta^3 + -0.04769theta^2 omega + 0.02727theta omega^2 + 0.02275omega^3

--- Chunk 27870 (67/993) | Start: 2024-11-24 23:00:00 ---
    RMSE omega: 0.000498 | RMSE theta: 0.025725 | Loss: 1.4562 | Epoch: 9999
    Eq theta: 1.00000omega
    Eq omega: -0.023041 + -0.11884theta + 0.01400omega + -0.00838theta^2 + 0.00141theta omega + 0.00518omega^2 + -0.00035theta^3 + 0.00577theta^2 omega + -0.00053theta omega^2 + -0.00334omega^3

--- Chunk 27871 (68/993) | Start: 2024-11-24 23:05:00 ---
    RMSE omega: 0.000515 | RMSE theta: 0.013339 | Loss: 0.0544 | Epoch: 7855
    Eq theta: 1.00000omega
    Eq omega: 0.416701 + 1.89813theta + 0.03400omega + 0.02568theta^2 + 0.15225theta omega + -0.08979omega^2 + -1.61712theta^3 + 0.04737theta^2 omega + -0.66987theta omega^2 + 0.00841omega^3

--- Chunk 27872 (69/993) | Start: 2024-11-24 23:10:00 ---
    RMSE omega: 0.000785 | RMSE theta: 0.015944 | Loss: 3.3038 | Epoch: 7373
    Eq theta: 1.00000omega
    Eq omega: -1.253201 + 0.77281theta + 0.18400omega + 0.52530theta^2 + -0.04964theta omega + -0.01406omega^2 + -0.23896theta^3 + -0.17255theta^2 omega + -0.05920theta omega^2 + -0.00875omega^3

--- Chunk 27873 (70/993) | Start: 2024-11-24 23:15:00 ---
    RMSE omega: 0.000517 | RMSE theta: 0.010575 | Loss: -1.8107 | Epoch: 9160
    Eq theta: 1.00000omega
    Eq omega: -1.923481 + -3.22399theta + 0.03670omega + 2.80988theta^2 + 0.06487theta omega + 0.67058omega^2 + 0.02430theta^3 + 0.60145theta^2 omega + -0.39325theta omega^2 + -0.00845omega^3

--- Chunk 27874 (71/993) | Start: 2024-11-24 23:20:00 ---
    RMSE omega: nan | RMSE theta: nan | Loss: 102.7604 | Epoch: 916
    Eq theta: 1.00000omega
    Eq omega: nan1 + nantheta + nanomega + nantheta^2 + nantheta omega + nanomega^2 + nantheta^3 + nantheta^2 omega + nantheta omega^2 + nanomega^3

--- Chunk 27875 (72/993) | Start: 2024-11-24 23:25:00 ---
    RMSE omega: 0.000615 | RMSE theta: 0.012690 | Loss: 3.2290 | Epoch: 9999
    Eq theta: 1.00000omega
    Eq omega: 0.336721 + 0.03241theta + 0.02673omega + -0.08097theta^2 + 0.00561theta omega + 0.02364omega^2 + -0.01088theta^3 + 0.04744theta^2 omega + 0.01012theta omega^2 + -0.08009omega^3

--- Chunk 27876 (73/993) | Start: 2024-11-24 23:30:00 ---
    RMSE omega: 0.000642 | RMSE theta: 0.018721 | Loss: -1.7885 | Epoch: 6647
    Eq theta: 1.00000omega
    Eq omega: -0.208811 + -0.28102theta + -0.06586omega + 0.25920theta^2 + 0.11191theta omega + -0.04742omega^2 + -0.00397theta^3 + -0.16264theta^2 omega + 0.04710theta omega^2 + 0.17441omega^3

--- Chunk 27877 (74/993) | Start: 2024-11-24 23:35:00 ---
    RMSE omega: 0.000796 | RMSE theta: 0.016283 | Loss: 8.9632 | Epoch: 7854
    Eq theta: 1.00000omega
    Eq omega: -0.005131 + 0.00037theta + -0.00005omega + 0.00016theta^2 + 0.00004theta omega + -0.00073omega^2 + 0.00034theta^3 + -0.00055theta^2 omega + -0.00058theta omega^2 + -0.00112omega^3

--- Chunk 27878 (75/993) | Start: 2024-11-24 23:40:00 ---
    RMSE omega: nan | RMSE theta: nan | Loss: 1288.6152 | Epoch: 1199
    Eq theta: 1.00000omega
    Eq omega: nan1 + nantheta + nanomega + nantheta^2 + nantheta omega + nanomega^2 + nantheta^3 + nantheta^2 omega + nantheta omega^2 + nanomega^3

--- Chunk 27879 (76/993) | Start: 2024-11-24 23:45:00 ---
    RMSE omega: 0.000516 | RMSE theta: 0.009373 | Loss: 6.8489 | Epoch: 9885
    Eq theta: 1.00000omega
    Eq omega: -0.015491 + 0.00510theta + 0.00911omega + 0.01312theta^2 + 0.00410theta omega + 0.00291omega^2 + 0.00014theta^3 + 0.00252theta^2 omega + 0.00265theta omega^2 + 0.00262omega^3

--- Chunk 27880 (77/993) | Start: 2024-11-24 23:50:00 ---
    RMSE omega: nan | RMSE theta: nan | Loss: 6772.4980 | Epoch: 1020
    Eq theta: 1.00000omega
    Eq omega: nan1 + nantheta + nanomega + nantheta^2 + nantheta omega + nanomega^2 + nantheta^3 + nantheta^2 omega + nantheta omega^2 + nanomega^3

--- Chunk 27881 (78/993) | Start: 2024-11-24 23:55:00 ---
    RMSE omega: 0.000351 | RMSE theta: 0.007814 | Loss: -1.6346 | Epoch: 5170
    Eq theta: 1.00000omega
    Eq omega: -0.242551 + -2.13159theta + 0.00060omega + 1.00019theta^2 + -0.38717theta omega + -0.06989omega^2 + -0.02738theta^3 + 0.01962theta^2 omega + 0.62584theta omega^2 + 0.00418omega^3

--- Chunk 27882 (79/993) | Start: 2024-11-25 00:00:00 ---
    RMSE omega: nan | RMSE theta: nan | Loss: 9802.0586 | Epoch: 1270
    Eq theta: 1.00000omega
    Eq omega: nan1 + nantheta + nanomega + nantheta^2 + nantheta omega + nanomega^2 + nantheta^3 + nantheta^2 omega + nantheta omega^2 + nanomega^3

--- Chunk 27883 (80/993) | Start: 2024-11-25 00:05:00 ---
    RMSE omega: nan | RMSE theta: nan | Loss: 10719683.0000 | Epoch: 701
    Eq theta: 1.00000omega
    Eq omega: nan1 + nantheta + nanomega + nantheta^2 + nantheta omega + nanomega^2 + nantheta^3 + nantheta^2 omega + nantheta omega^2 + nanomega^3

--- Chunk 27884 (81/993) | Start: 2024-11-25 00:10:00 ---
    RMSE omega: nan | RMSE theta: nan | Loss: 7018236.5000 | Epoch: 826
    Eq theta: 1.00000omega
    Eq omega: nan1 + nantheta + nanomega + nantheta^2 + nantheta omega + nanomega^2 + nantheta^3 + nantheta^2 omega + nantheta omega^2 + nanomega^3

--- Chunk 27885 (82/993) | Start: 2024-11-25 00:15:00 ---
    RMSE omega: nan | RMSE theta: nan | Loss: 121105.9766 | Epoch: 1219
    Eq theta: 1.00000omega
    Eq omega: nan1 + nantheta + nanomega + nantheta^2 + nantheta omega + nanomega^2 + nantheta^3 + nantheta^2 omega + nantheta omega^2 + nanomega^3

--- Chunk 27886 (83/993) | Start: 2024-11-25 00:20:00 ---
    RMSE omega: nan | RMSE theta: nan | Loss: 11662.1865 | Epoch: 1074
    Eq theta: 1.00000omega
    Eq omega: nan1 + nantheta + nanomega + nantheta^2 + nantheta omega + nanomega^2 + nantheta^3 + nantheta^2 omega + nantheta omega^2 + nanomega^3

--- Chunk 27887 (84/993) | Start: 2024-11-25 00:25:00 ---
    RMSE omega: 0.015002 | RMSE theta: 0.524020 | Loss: 63669.5469 | Epoch: 2480
    Eq theta: 1.00000omega
    Eq omega: 0.009401 + 0.00205theta + -0.00187omega + -0.00012theta^2 + 0.00034theta omega + -0.00062omega^2 + 0.00000theta^3 + -0.00003theta^2 omega + 0.00005theta omega^2 + -0.00007omega^3

--- Chunk 27888 (85/993) | Start: 2024-11-25 00:30:00 ---
    RMSE omega: nan | RMSE theta: nan | Loss: 3168726.2500 | Epoch: 972
    Eq theta: 1.00000omega
    Eq omega: nan1 + nantheta + nanomega + nantheta^2 + nantheta omega + nanomega^2 + nantheta^3 + nantheta^2 omega + nantheta omega^2 + nanomega^3

--- Chunk 27889 (86/993) | Start: 2024-11-25 00:35:00 ---
    RMSE omega: nan | RMSE theta: nan | Loss: 49410.2266 | Epoch: 1672
    Eq theta: 1.00000omega
    Eq omega: nan1 + nantheta + nanomega + nantheta^2 + nantheta omega + nanomega^2 + nantheta^3 + nantheta^2 omega + nantheta omega^2 + nanomega^3

--- Chunk 27890 (87/993) | Start: 2024-11-25 00:40:00 ---
    RMSE omega: nan | RMSE theta: nan | Loss: 268368.5000 | Epoch: 1289
    Eq theta: 1.00000omega
    Eq omega: nan1 + nantheta + nanomega + nantheta^2 + nantheta omega + nanomega^2 + nantheta^3 + nantheta^2 omega + nantheta omega^2 + nanomega^3

--- Chunk 27891 (88/993) | Start: 2024-11-25 00:45:00 ---
    RMSE omega: 0.005289 | RMSE theta: 0.072237 | Loss: 183.9275 | Epoch: 9999
    Eq theta: 1.00000omega
    Eq omega: -0.079491 + -0.10275theta + -0.00222omega + -0.03770theta^2 + 0.02984theta omega + 0.01100omega^2 + -0.00624theta^3 + 0.00381theta^2 omega + -0.00007theta omega^2 + -0.03863omega^3

--- Chunk 27892 (89/993) | Start: 2024-11-25 00:50:00 ---
    RMSE omega: 0.000564 | RMSE theta: 0.011903 | Loss: 1.8700 | Epoch: 8845
    Eq theta: 1.00000omega
    Eq omega: -0.060981 + -0.00549theta + 0.03301omega + -0.00151theta^2 + 0.03171theta omega + -0.00070omega^2 + -0.00065theta^3 + 0.00328theta^2 omega + -0.00871theta omega^2 + -0.00009omega^3

--- Chunk 27893 (90/993) | Start: 2024-11-25 00:55:00 ---
    RMSE omega: 0.000472 | RMSE theta: 0.016404 | Loss: 4.5043 | Epoch: 6581
    Eq theta: 1.00000omega
    Eq omega: 0.035021 + -0.03837theta + -0.02378omega + 0.01450theta^2 + 0.00680theta omega + -0.00257omega^2 + -0.00121theta^3 + -0.00053theta^2 omega + -0.00073theta omega^2 + 0.00006omega^3

--- Chunk 27894 (91/993) | Start: 2024-11-25 01:00:00 ---
    RMSE omega: nan | RMSE theta: nan | Loss: 45005.6914 | Epoch: 1829
    Eq theta: 1.00000omega
    Eq omega: nan1 + nantheta + nanomega + nantheta^2 + nantheta omega + nanomega^2 + nantheta^3 + nantheta^2 omega + nantheta omega^2 + nanomega^3

--- Chunk 27895 (92/993) | Start: 2024-11-25 01:05:00 ---
    RMSE omega: nan | RMSE theta: nan | Loss: 53534.7266 | Epoch: 872
    Eq theta: 1.00000omega
    Eq omega: nan1 + nantheta + nanomega + nantheta^2 + nantheta omega + nanomega^2 + nantheta^3 + nantheta^2 omega + nantheta omega^2 + nanomega^3

--- Chunk 27896 (93/993) | Start: 2024-11-25 01:10:00 ---
    RMSE omega: nan | RMSE theta: nan | Loss: 47781.9883 | Epoch: 1442
    Eq theta: 1.00000omega
    Eq omega: nan1 + nantheta + nanomega + nantheta^2 + nantheta omega + nanomega^2 + nantheta^3 + nantheta^2 omega + nantheta omega^2 + nanomega^3

--- Chunk 27897 (94/993) | Start: 2024-11-25 01:15:00 ---
    RMSE omega: nan | RMSE theta: nan | Loss: 6626.2495 | Epoch: 1082
    Eq theta: 1.00000omega
    Eq omega: nan1 + nantheta + nanomega + nantheta^2 + nantheta omega + nanomega^2 + nantheta^3 + nantheta^2 omega + nantheta omega^2 + nanomega^3

--- Chunk 27898 (95/993) | Start: 2024-11-25 01:20:00 ---
    RMSE omega: nan | RMSE theta: nan | Loss: 192320.0000 | Epoch: 1444
    Eq theta: 1.00000omega
    Eq omega: nan1 + nantheta + nanomega + nantheta^2 + nantheta omega + nanomega^2 + nantheta^3 + nantheta^2 omega + nantheta omega^2 + nanomega^3

--- Chunk 27899 (96/993) | Start: 2024-11-25 01:25:00 ---
    RMSE omega: nan | RMSE theta: nan | Loss: 2746417.2500 | Epoch: 1627
    Eq theta: 1.00000omega
    Eq omega: nan1 + nantheta + nanomega + nantheta^2 + nantheta omega + nanomega^2 + nantheta^3 + nantheta^2 omega + nantheta omega^2 + nanomega^3

--- Chunk 27900 (97/993) | Start: 2024-11-25 01:30:00 ---
    RMSE omega: nan | RMSE theta: nan | Loss: 3661180.7500 | Epoch: 768
    Eq theta: 1.00000omega
    Eq omega: nan1 + nantheta + nanomega + nantheta^2 + nantheta omega + nanomega^2 + nantheta^3 + nantheta^2 omega + nantheta omega^2 + nanomega^3

--- Chunk 27901 (98/993) | Start: 2024-11-25 01:35:00 ---
    RMSE omega: nan | RMSE theta: nan | Loss: 7627.5234 | Epoch: 1133
    Eq theta: 1.00000omega
    Eq omega: nan1 + nantheta + nanomega + nantheta^2 + nantheta omega + nanomega^2 + nantheta^3 + nantheta^2 omega + nantheta omega^2 + nanomega^3

--- Chunk 27902 (99/993) | Start: 2024-11-25 01:40:00 ---
    RMSE omega: 0.000473 | RMSE theta: 0.013878 | Loss: -1.0829 | Epoch: 5574
    Eq theta: 1.00000omega
    Eq omega: 0.584741 + -0.51990theta + 0.04477omega + -0.87361theta^2 + -0.05254theta omega + -0.11316omega^2 + -0.81854theta^3 + -0.36201theta^2 omega + 0.07040theta omega^2 + -0.02627omega^3

--- Chunk 27903 (100/993) | Start: 2024-11-25 01:45:00 ---
    RMSE omega: nan | RMSE theta: nan | Loss: 4370.7900 | Epoch: 996
    Eq theta: 1.00000omega
    Eq omega: nan1 + nantheta + nanomega + nantheta^2 + nantheta omega + nanomega^2 + nantheta^3 + nantheta^2 omega + nantheta omega^2 + nanomega^3

  [Progress 100/993] Mean RMSE omega: 0.001190 | Mean loss: 282306.4585 | Valid: 63/100 | Elapsed: 2695.0min | ETA: 24066.8min

--- Chunk 27904 (101/993) | Start: 2024-11-25 01:50:00 ---
    RMSE omega: nan | RMSE theta: nan | Loss: 31161536.0000 | Epoch: 964
    Eq theta: 1.00000omega
    Eq omega: nan1 + nantheta + nanomega + nantheta^2 + nantheta omega + nanomega^2 + nantheta^3 + nantheta^2 omega + nantheta omega^2 + nanomega^3

--- Chunk 27905 (102/993) | Start: 2024-11-25 01:55:00 ---
    RMSE omega: nan | RMSE theta: nan | Loss: 411503.9688 | Epoch: 885
    Eq theta: 1.00000omega
    Eq omega: nan1 + nantheta + nanomega + nantheta^2 + nantheta omega + nanomega^2 + nantheta^3 + nantheta^2 omega + nantheta omega^2 + nanomega^3

--- Chunk 27906 (103/993) | Start: 2024-11-25 02:00:00 ---
    RMSE omega: 0.000604 | RMSE theta: 0.012715 | Loss: 3.6582 | Epoch: 7030
    Eq theta: 1.00000omega
    Eq omega: 0.001051 + 0.00998theta + -0.03290omega + -0.00096theta^2 + -0.01343theta omega + 0.01108omega^2 + 0.00093theta^3 + -0.00034theta^2 omega + 0.00085theta omega^2 + -0.00369omega^3

--- Chunk 27907 (104/993) | Start: 2024-11-25 02:05:00 ---
    RMSE omega: 0.000447 | RMSE theta: 0.017079 | Loss: 4.0018 | Epoch: 8862
    Eq theta: 1.00000omega
    Eq omega: 0.002391 + -0.00092theta + -0.00081omega + 0.00038theta^2 + 0.00249theta omega + 0.00102omega^2 + 0.00016theta^3 + -0.00008theta^2 omega + -0.00253theta omega^2 + -0.00056omega^3

--- Chunk 27908 (105/993) | Start: 2024-11-25 02:10:00 ---
    RMSE omega: nan | RMSE theta: nan | Loss: 1005.8930 | Epoch: 941
    Eq theta: 1.00000omega
    Eq omega: nan1 + nantheta + nanomega + nantheta^2 + nantheta omega + nanomega^2 + nantheta^3 + nantheta^2 omega + nantheta omega^2 + nanomega^3

--- Chunk 27909 (106/993) | Start: 2024-11-25 02:15:00 ---
    RMSE omega: 0.000649 | RMSE theta: 0.018689 | Loss: -1.0095 | Epoch: 4686
    Eq theta: 1.00000omega
    Eq omega: -0.392941 + -0.57682theta + -0.11672omega + 0.17016theta^2 + -0.00673theta omega + 0.02027omega^2 + -0.00199theta^3 + 0.00123theta^2 omega + -0.00924theta omega^2 + -0.04669omega^3

--- Chunk 27910 (107/993) | Start: 2024-11-25 02:20:00 ---
    RMSE omega: 0.000512 | RMSE theta: 0.017262 | Loss: -2.4823 | Epoch: 5942
    Eq theta: 1.00000omega
    Eq omega: 0.201471 + -0.15501theta + 0.00404omega + 0.03245theta^2 + 0.12342theta omega + 0.00998omega^2 + -0.00370theta^3 + -0.00928theta^2 omega + -0.00428theta omega^2 + 0.01757omega^3

--- Chunk 27911 (108/993) | Start: 2024-11-25 02:25:00 ---
    RMSE omega: nan | RMSE theta: nan | Loss: 7847.6353 | Epoch: 1596
    Eq theta: 1.00000omega
    Eq omega: nan1 + nantheta + nanomega + nantheta^2 + nantheta omega + nanomega^2 + nantheta^3 + nantheta^2 omega + nantheta omega^2 + nanomega^3

--- Chunk 27912 (109/993) | Start: 2024-11-25 02:30:00 ---
    RMSE omega: 0.000359 | RMSE theta: 0.010995 | Loss: -1.5469 | Epoch: 6001
    Eq theta: 1.00000omega
    Eq omega: -0.450871 + -0.15027theta + -0.10533omega + 0.28722theta^2 + 0.07391theta omega + -0.18602omega^2 + -0.22031theta^3 + 0.02418theta^2 omega + -0.11104theta omega^2 + -0.00966omega^3

--- Chunk 27913 (110/993) | Start: 2024-11-25 03:15:00 ---
    RMSE omega: 0.000566 | RMSE theta: 0.015164 | Loss: 3.3760 | Epoch: 7720
    Eq theta: 1.00000omega
    Eq omega: -0.019821 + -0.01478theta + 0.02040omega + 0.01946theta^2 + 0.00809theta omega + -0.01948omega^2 + -0.00152theta^3 + -0.00172theta^2 omega + -0.00093theta omega^2 + 0.00230omega^3

--- Chunk 27914 (111/993) | Start: 2024-11-25 03:20:00 ---
    RMSE omega: 0.000608 | RMSE theta: 0.012101 | Loss: 6.1524 | Epoch: 9999
    Eq theta: 1.00000omega
    Eq omega: -0.016411 + 0.00849theta + 0.15390omega + 0.00043theta^2 + -0.00053theta omega + -0.01639omega^2 + 0.00024theta^3 + -0.00039theta^2 omega + -0.01594theta omega^2 + 0.00144omega^3

--- Chunk 27915 (112/993) | Start: 2024-11-25 03:25:00 ---
    RMSE omega: nan | RMSE theta: nan | Loss: 7952.2837 | Epoch: 958
    Eq theta: 1.00000omega
    Eq omega: nan1 + nantheta + nanomega + nantheta^2 + nantheta omega + nanomega^2 + nantheta^3 + nantheta^2 omega + nantheta omega^2 + nanomega^3

--- Chunk 27916 (113/993) | Start: 2024-11-25 03:30:00 ---
    RMSE omega: 0.000208 | RMSE theta: 0.007604 | Loss: -3.4747 | Epoch: 5814
    Eq theta: 1.00000omega
    Eq omega: 0.004301 + -0.15478theta + -0.07870omega + 0.09559theta^2 + 0.00916theta omega + 0.01438omega^2 + -0.00230theta^3 + 0.11376theta^2 omega + -0.07928theta omega^2 + -0.01403omega^3

--- Chunk 27917 (114/993) | Start: 2024-11-25 03:35:00 ---
    RMSE omega: 0.000444 | RMSE theta: 0.010415 | Loss: -0.7246 | Epoch: 7384
    Eq theta: 1.00000omega
    Eq omega: 0.003841 + -0.07125theta + 0.01808omega + -0.04866theta^2 + -0.03268theta omega + -0.00094omega^2 + -0.00023theta^3 + -0.01186theta^2 omega + -0.08817theta omega^2 + 0.00564omega^3

--- Chunk 27918 (115/993) | Start: 2024-11-25 03:40:00 ---
    RMSE omega: nan | RMSE theta: nan | Loss: 25012.4766 | Epoch: 1243
    Eq theta: 1.00000omega
    Eq omega: nan1 + nantheta + nanomega + nantheta^2 + nantheta omega + nanomega^2 + nantheta^3 + nantheta^2 omega + nantheta omega^2 + nanomega^3

--- Chunk 27919 (116/993) | Start: 2024-11-25 03:45:00 ---
    RMSE omega: 0.000564 | RMSE theta: 0.014772 | Loss: 2.1755 | Epoch: 5638
    Eq theta: 1.00000omega
    Eq omega: 0.064471 + -0.06954theta + -0.06342omega + 0.00880theta^2 + 0.00023theta omega + 0.02299omega^2 + -0.01577theta^3 + -0.00362theta^2 omega + 0.00298theta omega^2 + -0.00873omega^3

--- Chunk 27920 (117/993) | Start: 2024-11-25 03:50:00 ---
    RMSE omega: 0.000639 | RMSE theta: 0.011967 | Loss: 8.6909 | Epoch: 9155
    Eq theta: 1.00000omega
    Eq omega: -0.015571 + -0.00636theta + -0.01561omega + -0.01322theta^2 + -0.00407theta omega + 0.00435omega^2 + -0.00079theta^3 + -0.00029theta^2 omega + 0.00087theta omega^2 + -0.00087omega^3

--- Chunk 27921 (118/993) | Start: 2024-11-25 03:55:00 ---
    RMSE omega: nan | RMSE theta: nan | Loss: 219027.5000 | Epoch: 1192
    Eq theta: 1.00000omega
    Eq omega: nan1 + nantheta + nanomega + nantheta^2 + nantheta omega + nanomega^2 + nantheta^3 + nantheta^2 omega + nantheta omega^2 + nanomega^3

--- Chunk 27922 (119/993) | Start: 2024-11-25 04:00:00 ---
    RMSE omega: nan | RMSE theta: nan | Loss: 8901.9854 | Epoch: 930
    Eq theta: 1.00000omega
    Eq omega: nan1 + nantheta + nanomega + nantheta^2 + nantheta omega + nanomega^2 + nantheta^3 + nantheta^2 omega + nantheta omega^2 + nanomega^3

--- Chunk 27923 (120/993) | Start: 2024-11-25 04:05:00 ---
    RMSE omega: nan | RMSE theta: nan | Loss: 1245586.0000 | Epoch: 5
    Eq theta: 1.00000omega
    Eq omega: nan1 + nantheta + nanomega + nantheta^2 + nantheta omega + nanomega^2 + nantheta^3 + nantheta^2 omega + nantheta omega^2 + nanomega^3

--- Chunk 27924 (121/993) | Start: 2024-11-25 04:10:00 ---
    RMSE omega: 0.000867 | RMSE theta: 0.022114 | Loss: 6.3182 | Epoch: 9999
    Eq theta: 1.00000omega
    Eq omega: 0.012391 + -0.00419theta + -0.01158omega + -0.01290theta^2 + 0.00185theta omega + 0.02052omega^2 + -0.00029theta^3 + 0.00005theta^2 omega + -0.00005theta omega^2 + -0.00648omega^3

--- Chunk 27925 (122/993) | Start: 2024-11-25 04:15:00 ---
    RMSE omega: nan | RMSE theta: nan | Loss: 17256.8848 | Epoch: 809
    Eq theta: 1.00000omega
    Eq omega: nan1 + nantheta + nanomega + nantheta^2 + nantheta omega + nanomega^2 + nantheta^3 + nantheta^2 omega + nantheta omega^2 + nanomega^3

--- Chunk 27926 (123/993) | Start: 2024-11-25 04:20:00 ---
    RMSE omega: 0.000353 | RMSE theta: 0.010711 | Loss: -0.4477 | Epoch: 5470
    Eq theta: 1.00000omega
    Eq omega: 0.456781 + 1.77597theta + 0.32999omega + 0.45872theta^2 + 0.01578theta omega + -0.40484omega^2 + -0.62500theta^3 + -0.35184theta^2 omega + -0.00856theta omega^2 + 0.08390omega^3

--- Chunk 27927 (124/993) | Start: 2024-11-25 04:25:00 ---
    RMSE omega: 0.000513 | RMSE theta: 0.010287 | Loss: -2.3111 | Epoch: 7081
    Eq theta: 1.00000omega
    Eq omega: 0.017891 + 0.04874theta + -0.02132omega + 0.02803theta^2 + -0.24424theta omega + -0.01470omega^2 + -0.04670theta^3 + 0.09799theta^2 omega + -0.12828theta omega^2 + -0.24760omega^3

--- Chunk 27928 (125/993) | Start: 2024-11-25 04:30:00 ---
    RMSE omega: 0.000359 | RMSE theta: 0.008942 | Loss: 0.9282 | Epoch: 5974
    Eq theta: 1.00000omega
    Eq omega: -1.319951 + 0.71170theta + 0.06809omega + 1.63447theta^2 + -0.00306theta omega + -0.02163omega^2 + -0.96290theta^3 + 0.15243theta^2 omega + 0.00460theta omega^2 + 0.02633omega^3

--- Chunk 27929 (126/993) | Start: 2024-11-25 04:35:00 ---
    RMSE omega: 0.000751 | RMSE theta: 0.019895 | Loss: -1.2550 | Epoch: 9999
    Eq theta: 1.00000omega
    Eq omega: 0.110051 + 0.02874theta + 0.21047omega + -0.08645theta^2 + 0.07620theta omega + 0.12510omega^2 + -0.01506theta^3 + 0.00282theta^2 omega + 0.00196theta omega^2 + -0.01398omega^3

--- Chunk 27930 (127/993) | Start: 2024-11-25 04:40:00 ---
    RMSE omega: 0.000544 | RMSE theta: 0.013066 | Loss: -1.2499 | Epoch: 5001
    Eq theta: 1.00000omega
    Eq omega: 0.013991 + -0.41108theta + -0.02766omega + 0.36222theta^2 + -0.10282theta omega + -0.14437omega^2 + -0.07098theta^3 + 0.07682theta^2 omega + 0.19786theta omega^2 + -0.02721omega^3

--- Chunk 27931 (128/993) | Start: 2024-11-25 04:45:00 ---
    RMSE omega: 0.000396 | RMSE theta: 0.009156 | Loss: 0.2920 | Epoch: 4349
    Eq theta: 1.00000omega
    Eq omega: -0.047721 + -0.39037theta + 0.06898omega + -0.24048theta^2 + -0.20374theta omega + -0.07201omega^2 + -1.17608theta^3 + 0.07249theta^2 omega + 0.14767theta omega^2 + 0.01669omega^3

--- Chunk 27932 (129/993) | Start: 2024-11-25 04:50:00 ---
    RMSE omega: 0.000359 | RMSE theta: 0.008857 | Loss: 0.8191 | Epoch: 6813
    Eq theta: 1.00000omega
    Eq omega: 0.210311 + 0.13275theta + -0.12858omega + -0.12168theta^2 + -0.18838theta omega + -0.00435omega^2 + -0.16662theta^3 + -0.00233theta^2 omega + 0.07707theta omega^2 + -0.00543omega^3

--- Chunk 27933 (130/993) | Start: 2024-11-25 04:55:00 ---
    RMSE omega: 0.001134 | RMSE theta: 0.016173 | Loss: 20.8570 | Epoch: 9999
    Eq theta: 1.00000omega
    Eq omega: -0.047561 + 0.00293theta + 0.01024omega + 0.01557theta^2 + -0.00525theta omega + -0.00223omega^2 + -0.00030theta^3 + 0.00184theta^2 omega + -0.00272theta omega^2 + -0.00294omega^3

--- Chunk 27934 (131/993) | Start: 2024-11-25 05:00:00 ---
    RMSE omega: 0.000767 | RMSE theta: 0.014299 | Loss: 3.9106 | Epoch: 7131
    Eq theta: 1.00000omega
    Eq omega: 0.022411 + -0.11334theta + -0.01043omega + -0.03869theta^2 + -0.01283theta omega + 0.00376omega^2 + -0.00120theta^3 + -0.00183theta^2 omega + -0.00242theta omega^2 + 0.01465omega^3

--- Chunk 27935 (132/993) | Start: 2024-11-25 05:05:00 ---
    RMSE omega: 0.000341 | RMSE theta: 0.008953 | Loss: 1.6746 | Epoch: 6750
    Eq theta: 1.00000omega
    Eq omega: 0.527771 + 0.72610theta + 0.21080omega + -0.02927theta^2 + -0.00125theta omega + -0.01339omega^2 + -0.16391theta^3 + 0.01974theta^2 omega + 0.02299theta omega^2 + 0.00548omega^3

--- Chunk 27936 (133/993) | Start: 2024-11-25 05:10:00 ---
    RMSE omega: 0.000461 | RMSE theta: 0.009452 | Loss: 1.7312 | Epoch: 4768
    Eq theta: 1.00000omega
    Eq omega: 0.450861 + 0.06362theta + 0.39447omega + -0.21918theta^2 + -0.01037theta omega + -0.01401omega^2 + -0.34056theta^3 + -0.47379theta^2 omega + 0.11189theta omega^2 + 0.12546omega^3

--- Chunk 27937 (134/993) | Start: 2024-11-25 05:15:00 ---
    RMSE omega: 0.000392 | RMSE theta: 0.009323 | Loss: -0.9465 | Epoch: 5818
    Eq theta: 1.00000omega
    Eq omega: -0.038461 + -0.11458theta + -0.11399omega + -0.02481theta^2 + -0.06298theta omega + 0.00814omega^2 + -0.25865theta^3 + 0.14388theta^2 omega + -0.30951theta omega^2 + -0.05109omega^3

--- Chunk 27938 (135/993) | Start: 2024-11-25 05:20:00 ---
    RMSE omega: 0.000519 | RMSE theta: 0.009696 | Loss: -1.1193 | Epoch: 8727
    Eq theta: 1.00000omega
    Eq omega: 0.020111 + -0.17780theta + -0.02976omega + -0.08461theta^2 + -0.00417theta omega + 0.01119omega^2 + -0.00005theta^3 + -0.00226theta^2 omega + -0.01236theta omega^2 + 0.00427omega^3

--- Chunk 27939 (136/993) | Start: 2024-11-25 05:25:00 ---
    RMSE omega: 0.000519 | RMSE theta: 0.012819 | Loss: 0.2728 | Epoch: 7576
    Eq theta: 1.00000omega
    Eq omega: -0.010401 + 0.03699theta + -0.09264omega + 0.12324theta^2 + -0.19973theta omega + -0.35022omega^2 + -0.41652theta^3 + 0.08783theta^2 omega + -0.09017theta omega^2 + 0.00075omega^3

--- Chunk 27940 (137/993) | Start: 2024-11-25 05:30:00 ---
    RMSE omega: 0.000393 | RMSE theta: 0.010660 | Loss: 4.6445 | Epoch: 6126
    Eq theta: 1.00000omega
    Eq omega: -0.219661 + 0.18622theta + -0.02979omega + 0.09312theta^2 + -0.02587theta omega + -0.08261omega^2 + -0.08276theta^3 + -0.00390theta^2 omega + 0.17038theta omega^2 + -0.00581omega^3

--- Chunk 27941 (138/993) | Start: 2024-11-25 05:35:00 ---
    RMSE omega: 0.000422 | RMSE theta: 0.007304 | Loss: 2.4747 | Epoch: 4347
    Eq theta: 1.00000omega
    Eq omega: 0.110921 + -0.04424theta + 0.01679omega + -0.57678theta^2 + 0.03263theta omega + -0.06012omega^2 + -1.15505theta^3 + 0.42937theta^2 omega + 0.04566theta omega^2 + -0.05614omega^3

--- Chunk 27942 (139/993) | Start: 2024-11-25 05:40:00 ---
    RMSE omega: 0.000239 | RMSE theta: 0.007795 | Loss: -2.1903 | Epoch: 6366
    Eq theta: 1.00000omega
    Eq omega: 0.156791 + -1.75363theta + 0.01393omega + -0.00930theta^2 + 0.05367theta omega + -0.04846omega^2 + 0.02940theta^3 + -0.30647theta^2 omega + 0.60270theta omega^2 + 0.04726omega^3

--- Chunk 27943 (140/993) | Start: 2024-11-25 05:45:00 ---
    RMSE omega: 0.000536 | RMSE theta: 0.010565 | Loss: -0.7873 | Epoch: 4141
    Eq theta: 1.00000omega
    Eq omega: -0.046731 + -0.10888theta + 0.03747omega + 0.05643theta^2 + -0.05407theta omega + -0.05031omega^2 + -0.03901theta^3 + 0.00036theta^2 omega + -0.14990theta omega^2 + 0.00561omega^3

--- Chunk 27944 (141/993) | Start: 2024-11-25 05:50:00 ---
    RMSE omega: 0.002362 | RMSE theta: 0.025940 | Loss: 97.2717 | Epoch: 9999
    Eq theta: 1.00000omega
    Eq omega: 0.000681 + -0.00250theta + -0.02995omega + 0.00199theta^2 + -0.00352theta omega + 0.01164omega^2 + -0.00076theta^3 + 0.00016theta^2 omega + 0.00101theta omega^2 + -0.00498omega^3

--- Chunk 27945 (142/993) | Start: 2024-11-25 05:55:00 ---
    RMSE omega: 0.000574 | RMSE theta: 0.011242 | Loss: 2.2670 | Epoch: 9109
    Eq theta: 1.00000omega
    Eq omega: 0.070501 + 0.54404theta + 0.41870omega + -0.08325theta^2 + 0.22147theta omega + 0.01033omega^2 + -0.30370theta^3 + -0.20636theta^2 omega + -0.00879theta omega^2 + -0.01552omega^3

--- Chunk 27946 (143/993) | Start: 2024-11-25 06:00:00 ---
    RMSE omega: 0.000480 | RMSE theta: 0.009072 | Loss: 0.7029 | Epoch: 5312
    Eq theta: 1.00000omega
    Eq omega: 2.008071 + -0.94417theta + 0.01199omega + -0.55027theta^2 + 0.29027theta omega + -0.03869omega^2 + -0.01193theta^3 + 0.04817theta^2 omega + -0.29594theta omega^2 + -0.15909omega^3

--- Chunk 27947 (144/993) | Start: 2024-11-25 06:05:00 ---
    RMSE omega: 0.000415 | RMSE theta: 0.012388 | Loss: 3.3744 | Epoch: 9529
    Eq theta: 1.00000omega
    Eq omega: -0.008611 + -0.01225theta + 0.00073omega + -0.02788theta^2 + -0.00819theta omega + 0.05756omega^2 + -0.00616theta^3 + 0.00389theta^2 omega + 0.02094theta omega^2 + -0.00168omega^3

--- Chunk 27948 (145/993) | Start: 2024-11-25 06:10:00 ---
    RMSE omega: 0.000442 | RMSE theta: 0.012501 | Loss: -1.5981 | Epoch: 6469
    Eq theta: 1.00000omega
    Eq omega: -1.302491 + -1.72364theta + -0.10216omega + 0.39881theta^2 + 0.03630theta omega + 0.48982omega^2 + 0.04779theta^3 + 0.10609theta^2 omega + -0.08771theta omega^2 + -0.09632omega^3

--- Chunk 27949 (146/993) | Start: 2024-11-25 06:15:00 ---
    RMSE omega: 0.000189 | RMSE theta: 0.007357 | Loss: 1.7209 | Epoch: 5735
    Eq theta: 1.00000omega
    Eq omega: -0.017131 + -0.32148theta + -0.02918omega + 0.11570theta^2 + -0.00316theta omega + -0.00546omega^2 + -0.07786theta^3 + -0.07817theta^2 omega + 0.01791theta omega^2 + -0.00790omega^3

--- Chunk 27950 (147/993) | Start: 2024-11-25 06:20:00 ---
    RMSE omega: 0.000412 | RMSE theta: 0.009828 | Loss: -2.1408 | Epoch: 5915
    Eq theta: 1.00000omega
    Eq omega: 0.072881 + -0.05134theta + 0.02543omega + -0.21951theta^2 + 0.13182theta omega + 0.06549omega^2 + -0.04462theta^3 + -0.00774theta^2 omega + -0.03581theta omega^2 + 0.02563omega^3

--- Chunk 27951 (148/993) | Start: 2024-11-25 06:25:00 ---
    RMSE omega: 0.000648 | RMSE theta: 0.015674 | Loss: 9.2196 | Epoch: 6236
    Eq theta: 1.00000omega
    Eq omega: -0.014471 + 0.04745theta + 0.00368omega + 0.01287theta^2 + 0.00087theta omega + -0.00463omega^2 + -0.06184theta^3 + 0.00127theta^2 omega + 0.03904theta omega^2 + 0.00831omega^3

--- Chunk 27952 (149/993) | Start: 2024-11-25 06:30:00 ---
    RMSE omega: 0.000478 | RMSE theta: 0.012292 | Loss: 0.9673 | Epoch: 7810
    Eq theta: 1.00000omega
    Eq omega: 0.014921 + -0.00282theta + -0.01086omega + -0.01660theta^2 + 0.00357theta omega + -0.00446omega^2 + -0.00060theta^3 + -0.00005theta^2 omega + -0.00034theta omega^2 + -0.00076omega^3

--- Chunk 27953 (150/993) | Start: 2024-11-25 06:35:00 ---
    RMSE omega: nan | RMSE theta: nan | Loss: 6252.7178 | Epoch: 1061
    Eq theta: 1.00000omega
    Eq omega: nan1 + nantheta + nanomega + nantheta^2 + nantheta omega + nanomega^2 + nantheta^3 + nantheta^2 omega + nantheta omega^2 + nanomega^3

  [Progress 150/993] Mean RMSE omega: 0.000945 | Mean loss: 408951.2894 | Valid: 102/150 | Elapsed: 2808.0min | ETA: 15780.8min

--- Chunk 27954 (151/993) | Start: 2024-11-25 06:40:00 ---
    RMSE omega: 0.000464 | RMSE theta: 0.010500 | Loss: -1.9020 | Epoch: 5963
    Eq theta: 1.00000omega
    Eq omega: 0.128371 + -0.90313theta + 0.17486omega + -0.13464theta^2 + -0.21698theta omega + -0.03098omega^2 + -0.00737theta^3 + 0.00329theta^2 omega + 0.00707theta omega^2 + 0.02973omega^3

--- Chunk 27955 (152/993) | Start: 2024-11-25 06:45:00 ---
    RMSE omega: 0.000566 | RMSE theta: 0.016344 | Loss: 1.1127 | Epoch: 7807
    Eq theta: 1.00000omega
    Eq omega: 0.012081 + -0.01545theta + 0.05630omega + -0.00604theta^2 + 0.02057theta omega + 0.00139omega^2 + -0.00972theta^3 + 0.00311theta^2 omega + 0.00172theta omega^2 + 0.00262omega^3

--- Chunk 27956 (153/993) | Start: 2024-11-25 06:50:00 ---
    RMSE omega: 0.001081 | RMSE theta: 0.011124 | Loss: 14.7784 | Epoch: 9999
    Eq theta: 1.00000omega
    Eq omega: 0.026181 + -0.00902theta + 0.02346omega + 0.03322theta^2 + -0.04491theta omega + -0.01118omega^2 + -0.00756theta^3 + 0.00260theta^2 omega + 0.00397theta omega^2 + -0.00024omega^3

--- Chunk 27957 (154/993) | Start: 2024-11-25 06:55:00 ---
    RMSE omega: 0.000323 | RMSE theta: 0.011209 | Loss: -1.8894 | Epoch: 7139
    Eq theta: 1.00000omega
    Eq omega: -0.556341 + -2.28010theta + -0.00317omega + -0.04009theta^2 + 0.66887theta omega + 0.15238omega^2 + 0.00625theta^3 + 0.87393theta^2 omega + -0.02255theta omega^2 + -0.02316omega^3

--- Chunk 27958 (155/993) | Start: 2024-11-25 07:00:00 ---
    RMSE omega: nan | RMSE theta: nan | Loss: 9824.8740 | Epoch: 1880
    Eq theta: 1.00000omega
    Eq omega: nan1 + nantheta + nanomega + nantheta^2 + nantheta omega + nanomega^2 + nantheta^3 + nantheta^2 omega + nantheta omega^2 + nanomega^3

--- Chunk 27959 (156/993) | Start: 2024-11-25 07:05:00 ---
    RMSE omega: 0.000998 | RMSE theta: 0.022613 | Loss: 4.6807 | Epoch: 9999
    Eq theta: 1.00000omega
    Eq omega: -1.432471 + -1.07424theta + 0.08593omega + 0.28403theta^2 + -0.02005theta omega + 0.40499omega^2 + -0.01761theta^3 + -0.18722theta^2 omega + 0.41654theta omega^2 + 0.04734omega^3

--- Chunk 27960 (157/993) | Start: 2024-11-25 07:10:00 ---
    RMSE omega: 0.000737 | RMSE theta: 0.014091 | Loss: 2.1447 | Epoch: 6172
    Eq theta: 1.00000omega
    Eq omega: -0.001821 + -0.45710theta + -0.08132omega + -0.06613theta^2 + 0.01204theta omega + 0.01179omega^2 + -0.02139theta^3 + -0.02179theta^2 omega + 0.04696theta omega^2 + -0.00623omega^3

--- Chunk 27961 (158/993) | Start: 2024-11-25 07:15:00 ---
[2026-03-09T17:29:38.086] error: *** JOB 3439084 ON uc3n018 CANCELLED AT 2026-03-09T17:29:38 DUE TO TIME LIMIT ***

============================= JOB FEEDBACK =============================

NodeName=uc3n018
Job ID: 3439084
Array Job ID: 3439054_28
Cluster: uc3
User/Group: ka_bj2362/ka_iai
State: TIMEOUT (exit code 0)
Nodes: 1
Cores per node: 4
CPU Utilized: 00:00:00
CPU Efficiency: 0.00% of 8-00:00:16 core-walltime
Job Wall-clock time: 2-00:00:04
Memory Utilized: 1.20 GB
Memory Efficiency: 15.06% of 8.00 GB (8.00 GB/node)
