Array task 6: processing chunks 5958 to 6950
Loading data from /pfs/data6/home/ka/ka_iai/ka_bj2362/dsr/svise/../dataset/Frequency_data_SK.pkl...
Finding all valid 5-minute chunks in the dataset...
Found 31760 valid 5-minute chunks in total.

============================================================
SVISE FINAL EVALUATION — ALL CHUNKS
============================================================
Hyperparameters: {
  "model": "integrator",
  "sigma": 10,
  "degree": 3,
  "tau": 0.5,
  "lr": 0.001,
  "n_tau": 100,
  "measurement_noise": 1e-05,
  "n_reparam_samples": 30
}
Total valid chunks in dataset: 31760
Processing chunk range: [5958, 6950] (993 chunks)
Early stopping: patience=300, max_epochs=10000
============================================================


--- Chunk 5958 (1/993) | Start: 2024-09-04 19:25:00 ---
/pfs/data6/home/ka/ka_iai/ka_bj2362/dsr/svise/svise/sde_learning/_marginal_sde.py:284: UserWarning: torch.triangular_solve is deprecated in favor of torch.linalg.solve_triangularand will be removed in a future PyTorch release.
torch.linalg.solve_triangular has its arguments reversed and does not return a copy of one of the inputs.
X = torch.triangular_solve(B, A).solution
should be replaced with
X = torch.linalg.solve_triangular(A, B). (Triggered internally at ../aten/src/ATen/native/BatchLinearAlgebra.cpp:2192.)
  return torch.triangular_solve(self.raw_w, self.C.t()).solution
/pfs/data6/home/ka/ka_iai/ka_bj2362/dsr/svise/svise/quadrature/_unbiased_quadrature.py:196: UserWarning: Interp is nan, reducing interp degree.
  warnings.warn("Interp is nan, reducing interp degree.")
    RMSE omega: 0.000801 | RMSE theta: 0.016293 | Loss: 23.0930 | Epoch: 9999
    Eq theta: 1.00000omega
    Eq omega: 0.007641 + -0.00141theta + 0.00719omega + -0.00061theta^2 + -0.00162theta omega + 0.00316omega^2 + -0.00045theta^3 + -0.00046theta^2 omega + -0.00079theta omega^2 + 0.00048omega^3

--- Chunk 5959 (2/993) | Start: 2024-09-04 19:30:00 ---
    RMSE omega: 0.000576 | RMSE theta: 0.011595 | Loss: -3.2904 | Epoch: 6245
    Eq theta: 1.00000omega
    Eq omega: -0.183501 + -0.09770theta + 0.00142omega + -0.04531theta^2 + -0.03693theta omega + -0.00603omega^2 + -0.00234theta^3 + -0.00165theta^2 omega + -0.00032theta omega^2 + 0.00771omega^3

--- Chunk 5960 (3/993) | Start: 2024-09-04 19:35:00 ---
/pfs/data6/home/ka/ka_iai/ka_bj2362/dsr/svise/svise/quadrature/_unbiased_quadrature.py:174: UserWarning: NaN detected in fxq (quadrature node evaluations). Clamping to 0.
  warnings.warn("NaN detected in fxq (quadrature node evaluations). Clamping to 0.")
/pfs/data6/home/ka/ka_iai/ka_bj2362/dsr/svise/svise/quadrature/_unbiased_quadrature.py:177: UserWarning: NaN detected in fmc (Monte-Carlo node evaluations). Clamping to 0.
  warnings.warn("NaN detected in fmc (Monte-Carlo node evaluations). Clamping to 0.")
    RMSE omega: nan | RMSE theta: nan | Loss: 35.3015 | Epoch: 1356
    Eq theta: 1.00000omega
    Eq omega: nan1 + nantheta + nanomega + nantheta^2 + nantheta omega + nanomega^2 + nantheta^3 + nantheta^2 omega + nantheta omega^2 + nanomega^3

--- Chunk 5961 (4/993) | Start: 2024-09-04 19:40:00 ---
    RMSE omega: 0.000412 | RMSE theta: 0.014036 | Loss: 3.3566 | Epoch: 7860
    Eq theta: 1.00000omega
    Eq omega: -0.103241 + -0.03845theta + -0.03148omega + -0.00751theta^2 + -0.03238theta omega + -0.00556omega^2 + -0.00013theta^3 + -0.00027theta^2 omega + -0.00118theta omega^2 + -0.00161omega^3

--- Chunk 5962 (5/993) | Start: 2024-09-04 19:45:00 ---
    RMSE omega: 0.000673 | RMSE theta: 0.012452 | Loss: -1.9367 | Epoch: 5900
    Eq theta: 1.00000omega
    Eq omega: -0.221141 + -0.06117theta + -0.01543omega + -0.04283theta^2 + -0.02053theta omega + -0.00635omega^2 + -0.01031theta^3 + -0.00050theta^2 omega + -0.01322theta omega^2 + -0.00114omega^3

--- Chunk 5963 (6/993) | Start: 2024-09-04 19:50:00 ---
    RMSE omega: 0.001181 | RMSE theta: 0.017866 | Loss: 14.7761 | Epoch: 9999
    Eq theta: 1.00000omega
    Eq omega: -0.031291 + -0.08073theta + -0.00842omega + 0.02975theta^2 + 0.00145theta omega + 0.00282omega^2 + -0.00077theta^3 + 0.01091theta^2 omega + 0.00133theta omega^2 + -0.00627omega^3

--- Chunk 5964 (7/993) | Start: 2024-09-04 19:55:00 ---
    RMSE omega: nan | RMSE theta: nan | Loss: 11112.8076 | Epoch: 1124
    Eq theta: 1.00000omega
    Eq omega: nan1 + nantheta + nanomega + nantheta^2 + nantheta omega + nanomega^2 + nantheta^3 + nantheta^2 omega + nantheta omega^2 + nanomega^3

--- Chunk 5965 (8/993) | Start: 2024-09-04 20:00:00 ---
    RMSE omega: nan | RMSE theta: nan | Loss: 37203.8516 | Epoch: 973
    Eq theta: 1.00000omega
    Eq omega: nan1 + nantheta + nanomega + nantheta^2 + nantheta omega + nanomega^2 + nantheta^3 + nantheta^2 omega + nantheta omega^2 + nanomega^3

--- Chunk 5966 (9/993) | Start: 2024-09-04 20:05:00 ---
    RMSE omega: 0.000588 | RMSE theta: 0.014866 | Loss: 3.2051 | Epoch: 9999
    Eq theta: 1.00000omega
    Eq omega: -0.037951 + 0.08299theta + -0.00301omega + 0.02620theta^2 + -0.02805theta omega + -0.01730omega^2 + -0.00936theta^3 + -0.00099theta^2 omega + 0.02571theta omega^2 + 0.00293omega^3

--- Chunk 5967 (10/993) | Start: 2024-09-04 20:10:00 ---
    RMSE omega: 0.000469 | RMSE theta: 0.012572 | Loss: -0.1023 | Epoch: 8260
    Eq theta: 1.00000omega
    Eq omega: 0.027651 + -0.09650theta + -0.07166omega + -0.05045theta^2 + 0.00298theta omega + 0.03283omega^2 + -0.00283theta^3 + -0.01255theta^2 omega + -0.00574theta omega^2 + 0.01130omega^3

--- Chunk 5968 (11/993) | Start: 2024-09-04 20:15:00 ---
    RMSE omega: 0.003471 | RMSE theta: 0.046970 | Loss: 150.7527 | Epoch: 3649
    Eq theta: 1.00000omega
    Eq omega: -0.252991 + -0.01797theta + -0.20474omega + 0.09762theta^2 + 0.04314theta omega + -0.07630omega^2 + -0.01844theta^3 + -0.00120theta^2 omega + 0.00270theta omega^2 + 0.00726omega^3

--- Chunk 5969 (12/993) | Start: 2024-09-04 20:20:00 ---
    RMSE omega: nan | RMSE theta: nan | Loss: 5166.8726 | Epoch: 1016
    Eq theta: 1.00000omega
    Eq omega: nan1 + nantheta + nanomega + nantheta^2 + nantheta omega + nanomega^2 + nantheta^3 + nantheta^2 omega + nantheta omega^2 + nanomega^3

--- Chunk 5970 (13/993) | Start: 2024-09-04 20:25:00 ---
    RMSE omega: 0.000515 | RMSE theta: 0.010039 | Loss: -0.2998 | Epoch: 9999
    Eq theta: 1.00000omega
    Eq omega: 1.603301 + -0.21885theta + 0.18744omega + -0.60270theta^2 + 0.01809theta omega + -0.33211omega^2 + -0.10049theta^3 + -0.02359theta^2 omega + -0.07228theta omega^2 + -0.00212omega^3

--- Chunk 5971 (14/993) | Start: 2024-09-04 20:30:00 ---
    RMSE omega: 0.000268 | RMSE theta: 0.004922 | Loss: -1.5227 | Epoch: 6286
    Eq theta: 1.00000omega
    Eq omega: 0.040561 + -0.12560theta + -0.00037omega + 0.03703theta^2 + -0.00332theta omega + -0.00215omega^2 + -0.09870theta^3 + -0.10379theta^2 omega + 0.22550theta omega^2 + 0.10185omega^3

--- Chunk 5972 (15/993) | Start: 2024-09-04 20:35:00 ---
    RMSE omega: nan | RMSE theta: nan | Loss: 3536.6372 | Epoch: 921
    Eq theta: 1.00000omega
    Eq omega: nan1 + nantheta + nanomega + nantheta^2 + nantheta omega + nanomega^2 + nantheta^3 + nantheta^2 omega + nantheta omega^2 + nanomega^3

--- Chunk 5973 (16/993) | Start: 2024-09-04 20:40:00 ---
    RMSE omega: nan | RMSE theta: nan | Loss: 22782.3594 | Epoch: 1193
    Eq theta: 1.00000omega
    Eq omega: nan1 + nantheta + nanomega + nantheta^2 + nantheta omega + nanomega^2 + nantheta^3 + nantheta^2 omega + nantheta omega^2 + nanomega^3

--- Chunk 5974 (17/993) | Start: 2024-09-04 20:45:00 ---
    RMSE omega: nan | RMSE theta: nan | Loss: 3873.3899 | Epoch: 1357
    Eq theta: 1.00000omega
    Eq omega: nan1 + nantheta + nanomega + nantheta^2 + nantheta omega + nanomega^2 + nantheta^3 + nantheta^2 omega + nantheta omega^2 + nanomega^3

--- Chunk 5975 (18/993) | Start: 2024-09-04 20:50:00 ---
    RMSE omega: 0.001447 | RMSE theta: 0.023105 | Loss: -0.7873 | Epoch: 9999
    Eq theta: 1.00000omega
    Eq omega: 0.001231 + -0.11305theta + -0.00719omega + -0.14713theta^2 + 0.00443theta omega + 0.00114omega^2 + 0.00307theta^3 + 0.08481theta^2 omega + -0.09038theta omega^2 + -0.11166omega^3

--- Chunk 5976 (19/993) | Start: 2024-09-04 20:55:00 ---
    RMSE omega: 0.000651 | RMSE theta: 0.014198 | Loss: -3.1552 | Epoch: 9999
    Eq theta: 1.00000omega
    Eq omega: 0.013691 + 0.00637theta + 0.00050omega + 0.03780theta^2 + 0.01173theta omega + -0.00993omega^2 + -0.03633theta^3 + -0.00020theta^2 omega + 0.02872theta omega^2 + 0.00453omega^3

--- Chunk 5977 (20/993) | Start: 2024-09-04 21:00:00 ---
    RMSE omega: 0.003465 | RMSE theta: 0.063050 | Loss: 33.1694 | Epoch: 9999
    Eq theta: 1.00000omega
    Eq omega: 0.207011 + -0.02305theta + -0.01198omega + 0.00242theta^2 + 0.00894theta omega + -0.00023omega^2 + -0.00012theta^3 + -0.00614theta^2 omega + -0.06226theta omega^2 + 0.01053omega^3

--- Chunk 5978 (21/993) | Start: 2024-09-04 21:05:00 ---
    RMSE omega: 0.000551 | RMSE theta: 0.016268 | Loss: -2.1306 | Epoch: 9999
    Eq theta: 1.00000omega
    Eq omega: -1.634031 + 1.36942theta + 0.01635omega + 0.33752theta^2 + -0.23003theta omega + 0.47229omega^2 + -0.39249theta^3 + 0.02849theta^2 omega + -0.71368theta omega^2 + 0.00084omega^3

--- Chunk 5979 (22/993) | Start: 2024-09-04 21:10:00 ---
    RMSE omega: 0.001203 | RMSE theta: 0.019788 | Loss: 12.8391 | Epoch: 9999
    Eq theta: 1.00000omega
    Eq omega: -0.020421 + 0.00243theta + 0.00249omega + 0.01273theta^2 + -0.00218theta omega + -0.03723omega^2 + -0.00240theta^3 + 0.00200theta^2 omega + 0.00012theta omega^2 + 0.00533omega^3

--- Chunk 5980 (23/993) | Start: 2024-09-04 21:15:00 ---
    RMSE omega: nan | RMSE theta: nan | Loss: 16363.7031 | Epoch: 1188
    Eq theta: 1.00000omega
    Eq omega: nan1 + nantheta + nanomega + nantheta^2 + nantheta omega + nanomega^2 + nantheta^3 + nantheta^2 omega + nantheta omega^2 + nanomega^3

--- Chunk 5981 (24/993) | Start: 2024-09-04 21:20:00 ---
    RMSE omega: nan | RMSE theta: nan | Loss: 202.1824 | Epoch: 1132
    Eq theta: 1.00000omega
    Eq omega: nan1 + nantheta + nanomega + nantheta^2 + nantheta omega + nanomega^2 + nantheta^3 + nantheta^2 omega + nantheta omega^2 + nanomega^3

--- Chunk 5982 (25/993) | Start: 2024-09-04 21:25:00 ---
    RMSE omega: 0.000544 | RMSE theta: 0.013251 | Loss: -2.4789 | Epoch: 8139
    Eq theta: 1.00000omega
    Eq omega: -0.052391 + -0.01443theta + 0.10873omega + -0.08013theta^2 + -0.00403theta omega + -0.00332omega^2 + -0.00004theta^3 + -0.00084theta^2 omega + -0.19804theta omega^2 + 0.05876omega^3

--- Chunk 5983 (26/993) | Start: 2024-09-04 21:30:00 ---
    RMSE omega: nan | RMSE theta: nan | Loss: 1986416.1250 | Epoch: 868
    Eq theta: 1.00000omega
    Eq omega: nan1 + nantheta + nanomega + nantheta^2 + nantheta omega + nanomega^2 + nantheta^3 + nantheta^2 omega + nantheta omega^2 + nanomega^3

--- Chunk 5984 (27/993) | Start: 2024-09-04 21:35:00 ---
    RMSE omega: nan | RMSE theta: nan | Loss: 18829.9668 | Epoch: 1133
    Eq theta: 1.00000omega
    Eq omega: nan1 + nantheta + nanomega + nantheta^2 + nantheta omega + nanomega^2 + nantheta^3 + nantheta^2 omega + nantheta omega^2 + nanomega^3

--- Chunk 5985 (28/993) | Start: 2024-09-04 21:40:00 ---
    RMSE omega: 0.000467 | RMSE theta: 0.010634 | Loss: 1.3096 | Epoch: 9319
    Eq theta: 1.00000omega
    Eq omega: 0.020061 + -0.07550theta + -0.03052omega + -0.01320theta^2 + -0.00135theta omega + 0.00375omega^2 + -0.00001theta^3 + -0.00019theta^2 omega + 0.00108theta omega^2 + 0.00175omega^3

--- Chunk 5986 (29/993) | Start: 2024-09-04 21:45:00 ---
    RMSE omega: nan | RMSE theta: nan | Loss: 403479.2188 | Epoch: 1179
    Eq theta: 1.00000omega
    Eq omega: nan1 + nantheta + nanomega + nantheta^2 + nantheta omega + nanomega^2 + nantheta^3 + nantheta^2 omega + nantheta omega^2 + nanomega^3

--- Chunk 5987 (30/993) | Start: 2024-09-04 21:50:00 ---
    RMSE omega: 0.000340 | RMSE theta: 0.011562 | Loss: -2.4342 | Epoch: 6902
    Eq theta: 1.00000omega
    Eq omega: 0.784081 + -0.83333theta + 0.09235omega + -0.94687theta^2 + 0.02594theta omega + -0.03489omega^2 + -0.35256theta^3 + -0.42258theta^2 omega + 0.50048theta omega^2 + 0.00735omega^3

--- Chunk 5988 (31/993) | Start: 2024-09-04 21:55:00 ---
    RMSE omega: 0.000364 | RMSE theta: 0.009623 | Loss: -2.7592 | Epoch: 7400
    Eq theta: 1.00000omega
    Eq omega: 0.399431 + -0.84852theta + 0.02441omega + -0.57487theta^2 + 0.08052theta omega + 0.08056omega^2 + -0.15034theta^3 + -0.55459theta^2 omega + 0.11918theta omega^2 + 0.02144omega^3

--- Chunk 5989 (32/993) | Start: 2024-09-04 22:00:00 ---
    RMSE omega: nan | RMSE theta: nan | Loss: 909.2022 | Epoch: 1312
    Eq theta: 1.00000omega
    Eq omega: nan1 + nantheta + nanomega + nantheta^2 + nantheta omega + nanomega^2 + nantheta^3 + nantheta^2 omega + nantheta omega^2 + nanomega^3

--- Chunk 5990 (33/993) | Start: 2024-09-04 22:05:00 ---
    RMSE omega: 0.000422 | RMSE theta: 0.009326 | Loss: -0.7815 | Epoch: 9236
    Eq theta: 1.00000omega
    Eq omega: 0.030461 + 0.16800theta + -0.00248omega + -0.00034theta^2 + 0.00597theta omega + -0.00857omega^2 + -0.00701theta^3 + 0.00011theta^2 omega + 0.00042theta omega^2 + -0.00433omega^3

--- Chunk 5991 (34/993) | Start: 2024-09-04 22:10:00 ---
    RMSE omega: nan | RMSE theta: nan | Loss: 1254.7429 | Epoch: 1538
    Eq theta: 1.00000omega
    Eq omega: nan1 + nantheta + nanomega + nantheta^2 + nantheta omega + nanomega^2 + nantheta^3 + nantheta^2 omega + nantheta omega^2 + nanomega^3

--- Chunk 5992 (35/993) | Start: 2024-09-04 22:15:00 ---
    RMSE omega: nan | RMSE theta: nan | Loss: 6785266.5000 | Epoch: 5
    Eq theta: 1.00000omega
    Eq omega: nan1 + nantheta + nanomega + nantheta^2 + nantheta omega + nanomega^2 + nantheta^3 + nantheta^2 omega + nantheta omega^2 + nanomega^3

--- Chunk 5993 (36/993) | Start: 2024-09-04 22:20:00 ---
    RMSE omega: nan | RMSE theta: nan | Loss: 2836.3223 | Epoch: 874
    Eq theta: 1.00000omega
    Eq omega: nan1 + nantheta + nanomega + nantheta^2 + nantheta omega + nanomega^2 + nantheta^3 + nantheta^2 omega + nantheta omega^2 + nanomega^3

--- Chunk 5994 (37/993) | Start: 2024-09-04 22:25:00 ---
    RMSE omega: nan | RMSE theta: nan | Loss: 2490.4944 | Epoch: 1144
    Eq theta: 1.00000omega
    Eq omega: nan1 + nantheta + nanomega + nantheta^2 + nantheta omega + nanomega^2 + nantheta^3 + nantheta^2 omega + nantheta omega^2 + nanomega^3

--- Chunk 5995 (38/993) | Start: 2024-09-04 22:30:00 ---
    RMSE omega: 0.000353 | RMSE theta: 0.009312 | Loss: -1.9653 | Epoch: 9424
    Eq theta: 1.00000omega
    Eq omega: -1.130091 + 1.92682theta + -0.25241omega + 0.59452theta^2 + -0.12100theta omega + 0.23043omega^2 + -0.48638theta^3 + 0.14798theta^2 omega + -0.47568theta omega^2 + -0.00471omega^3

--- Chunk 5996 (39/993) | Start: 2024-09-04 22:35:00 ---
    RMSE omega: nan | RMSE theta: nan | Loss: 39.0116 | Epoch: 2580
    Eq theta: 1.00000omega
    Eq omega: nan1 + nantheta + nanomega + nantheta^2 + nantheta omega + nanomega^2 + nantheta^3 + nantheta^2 omega + nantheta omega^2 + nanomega^3

--- Chunk 5997 (40/993) | Start: 2024-09-04 22:40:00 ---
    RMSE omega: nan | RMSE theta: nan | Loss: 8418.1543 | Epoch: 905
    Eq theta: 1.00000omega
    Eq omega: nan1 + nantheta + nanomega + nantheta^2 + nantheta omega + nanomega^2 + nantheta^3 + nantheta^2 omega + nantheta omega^2 + nanomega^3

--- Chunk 5998 (41/993) | Start: 2024-09-04 22:45:00 ---
    RMSE omega: nan | RMSE theta: nan | Loss: 7681.7329 | Epoch: 1363
    Eq theta: 1.00000omega
    Eq omega: nan1 + nantheta + nanomega + nantheta^2 + nantheta omega + nanomega^2 + nantheta^3 + nantheta^2 omega + nantheta omega^2 + nanomega^3

--- Chunk 5999 (42/993) | Start: 2024-09-04 22:50:00 ---
    RMSE omega: nan | RMSE theta: nan | Loss: 442144.5938 | Epoch: 1757
    Eq theta: 1.00000omega
    Eq omega: nan1 + nantheta + nanomega + nantheta^2 + nantheta omega + nanomega^2 + nantheta^3 + nantheta^2 omega + nantheta omega^2 + nanomega^3

--- Chunk 6000 (43/993) | Start: 2024-09-04 22:55:00 ---
    RMSE omega: nan | RMSE theta: nan | Loss: 4801.4346 | Epoch: 1096
    Eq theta: 1.00000omega
    Eq omega: nan1 + nantheta + nanomega + nantheta^2 + nantheta omega + nanomega^2 + nantheta^3 + nantheta^2 omega + nantheta omega^2 + nanomega^3

--- Chunk 6001 (44/993) | Start: 2024-09-04 23:00:00 ---
    RMSE omega: nan | RMSE theta: nan | Loss: 1123.9402 | Epoch: 1019
    Eq theta: 1.00000omega
    Eq omega: nan1 + nantheta + nanomega + nantheta^2 + nantheta omega + nanomega^2 + nantheta^3 + nantheta^2 omega + nantheta omega^2 + nanomega^3

--- Chunk 6002 (45/993) | Start: 2024-09-04 23:05:00 ---
    RMSE omega: 0.000665 | RMSE theta: 0.010976 | Loss: -3.6288 | Epoch: 8886
    Eq theta: 1.00000omega
    Eq omega: -0.007121 + -0.10230theta + 0.01092omega + 0.08567theta^2 + 0.00032theta omega + -0.01204omega^2 + -0.01092theta^3 + -0.01843theta^2 omega + -0.13501theta omega^2 + 0.01503omega^3

--- Chunk 6003 (46/993) | Start: 2024-09-04 23:10:00 ---
    RMSE omega: 0.000751 | RMSE theta: 0.015108 | Loss: 3.8081 | Epoch: 9999
    Eq theta: 1.00000omega
    Eq omega: 0.000851 + -0.01957theta + 0.21355omega + -0.00183theta^2 + 0.01484theta omega + -0.00356omega^2 + -0.00291theta^3 + -0.00177theta^2 omega + -0.00954theta omega^2 + 0.00195omega^3

--- Chunk 6004 (47/993) | Start: 2024-09-04 23:15:00 ---
    RMSE omega: 0.000449 | RMSE theta: 0.010121 | Loss: -4.0847 | Epoch: 9999
    Eq theta: 1.00000omega
    Eq omega: -1.174291 + 1.59118theta + 0.00877omega + 0.12308theta^2 + -0.24582theta omega + 0.77978omega^2 + -0.30166theta^3 + -0.09775theta^2 omega + 0.00571theta omega^2 + -0.00618omega^3

--- Chunk 6005 (48/993) | Start: 2024-09-04 23:20:00 ---
    RMSE omega: 0.003531 | RMSE theta: 0.039518 | Loss: 45.3239 | Epoch: 9999
    Eq theta: 1.00000omega
    Eq omega: 0.004841 + -0.13158theta + 0.19177omega + -0.03502theta^2 + -0.00289theta omega + 0.07971omega^2 + -0.00098theta^3 + -0.00047theta^2 omega + 0.00409theta omega^2 + -0.00030omega^3

--- Chunk 6006 (49/993) | Start: 2024-09-04 23:25:00 ---
    RMSE omega: 0.000357 | RMSE theta: 0.010250 | Loss: -2.7555 | Epoch: 6216
    Eq theta: 1.00000omega
    Eq omega: 0.308821 + 0.01152theta + -0.12986omega + -0.01219theta^2 + 0.00948theta omega + 0.06715omega^2 + -0.00347theta^3 + 0.00717theta^2 omega + -0.00725theta omega^2 + 0.00080omega^3

--- Chunk 6007 (50/993) | Start: 2024-09-04 23:30:00 ---
    RMSE omega: 0.023094 | RMSE theta: 0.346391 | Loss: 9284.7363 | Epoch: 9999
    Eq theta: 1.00000omega
    Eq omega: 0.004651 + 0.00392theta + 0.12615omega + 0.00155theta^2 + 0.02323theta omega + -0.00473omega^2 + -0.00097theta^3 + -0.00065theta^2 omega + -0.00083theta omega^2 + 0.00128omega^3

  [Progress 50/993] Mean RMSE omega: 0.001763 | Mean loss: 195510.2160 | Valid: 27/50 | Elapsed: 2727.4min | ETA: 51437.9min

--- Chunk 6008 (51/993) | Start: 2024-09-04 23:35:00 ---
    RMSE omega: 0.001511 | RMSE theta: 0.021563 | Loss: 8.9220 | Epoch: 9999
    Eq theta: 1.00000omega
    Eq omega: -0.424161 + 0.00427theta + 0.41647omega + 0.04901theta^2 + -0.00884theta omega + -0.07158omega^2 + -0.00826theta^3 + -0.00046theta^2 omega + -0.00056theta omega^2 + -0.00936omega^3

--- Chunk 6009 (52/993) | Start: 2024-09-04 23:40:00 ---
    RMSE omega: 0.001113 | RMSE theta: 0.027397 | Loss: 11.2665 | Epoch: 9999
    Eq theta: 1.00000omega
    Eq omega: 0.013681 + 0.00232theta + -0.12671omega + -0.03834theta^2 + -0.00455theta omega + 0.03977omega^2 + -0.00819theta^3 + -0.00031theta^2 omega + 0.00305theta omega^2 + 0.00589omega^3

--- Chunk 6010 (53/993) | Start: 2024-09-04 23:45:00 ---
    RMSE omega: 0.000512 | RMSE theta: 0.007912 | Loss: 12.0591 | Epoch: 9999
    Eq theta: 1.00000omega
    Eq omega: -0.056181 + -0.00644theta + -0.05776omega + 0.01261theta^2 + -0.00070theta omega + -0.00818omega^2 + -0.00014theta^3 + 0.00001theta^2 omega + -0.00018theta omega^2 + -0.00035omega^3

--- Chunk 6011 (54/993) | Start: 2024-09-04 23:50:00 ---
    RMSE omega: 0.000344 | RMSE theta: 0.011803 | Loss: 1.1925 | Epoch: 8098
    Eq theta: 1.00000omega
    Eq omega: 0.006261 + 0.00360theta + 0.00635omega + 0.00336theta^2 + -0.00361theta omega + -0.00125omega^2 + -0.00023theta^3 + 0.00453theta^2 omega + -0.00471theta omega^2 + -0.00098omega^3

--- Chunk 6012 (55/993) | Start: 2024-09-04 23:55:00 ---
    RMSE omega: 0.000295 | RMSE theta: 0.007746 | Loss: -3.6611 | Epoch: 6245
    Eq theta: 1.00000omega
    Eq omega: 0.007531 + 0.00533theta + 0.00276omega + -0.00870theta^2 + 0.03891theta omega + 0.02477omega^2 + -0.25305theta^3 + 0.03960theta^2 omega + -0.10305theta omega^2 + 0.03621omega^3

--- Chunk 6013 (56/993) | Start: 2024-09-05 00:00:00 ---
    RMSE omega: 0.000600 | RMSE theta: 0.015697 | Loss: 1.3787 | Epoch: 6843
    Eq theta: 1.00000omega
    Eq omega: 0.443211 + -0.30342theta + -0.27872omega + -0.08620theta^2 + -0.04840theta omega + -0.01477omega^2 + -0.00020theta^3 + -0.00310theta^2 omega + -0.00878theta omega^2 + -0.00650omega^3

--- Chunk 6014 (57/993) | Start: 2024-09-05 00:05:00 ---
    RMSE omega: nan | RMSE theta: nan | Loss: 595.2020 | Epoch: 848
    Eq theta: 1.00000omega
    Eq omega: nan1 + nantheta + nanomega + nantheta^2 + nantheta omega + nanomega^2 + nantheta^3 + nantheta^2 omega + nantheta omega^2 + nanomega^3

--- Chunk 6015 (58/993) | Start: 2024-09-05 00:10:00 ---
    RMSE omega: nan | RMSE theta: nan | Loss: 94.6878 | Epoch: 7184
    Eq theta: 1.00000omega
    Eq omega: nan1 + nantheta + nanomega + nantheta^2 + nantheta omega + nanomega^2 + nantheta^3 + nantheta^2 omega + nantheta omega^2 + nanomega^3

--- Chunk 6016 (59/993) | Start: 2024-09-05 00:15:00 ---
    RMSE omega: nan | RMSE theta: nan | Loss: 2054.4812 | Epoch: 1036
    Eq theta: 1.00000omega
    Eq omega: nan1 + nantheta + nanomega + nantheta^2 + nantheta omega + nanomega^2 + nantheta^3 + nantheta^2 omega + nantheta omega^2 + nanomega^3

--- Chunk 6017 (60/993) | Start: 2024-09-05 00:20:00 ---
    RMSE omega: 0.000571 | RMSE theta: 0.022722 | Loss: -3.0389 | Epoch: 9999
    Eq theta: 1.00000omega
    Eq omega: -0.082851 + -0.26124theta + 0.00700omega + -0.03003theta^2 + 0.13382theta omega + -0.01896omega^2 + 0.00029theta^3 + 0.02966theta^2 omega + -0.00482theta omega^2 + -0.07777omega^3

--- Chunk 6018 (61/993) | Start: 2024-09-05 00:25:00 ---
    RMSE omega: 0.000438 | RMSE theta: 0.008391 | Loss: -2.5237 | Epoch: 6537
    Eq theta: 1.00000omega
    Eq omega: 0.124811 + -0.07637theta + 0.02072omega + 0.06070theta^2 + -0.00025theta omega + 0.00687omega^2 + -0.00663theta^3 + -0.00079theta^2 omega + -0.00236theta omega^2 + -0.00206omega^3

--- Chunk 6019 (62/993) | Start: 2024-09-05 00:30:00 ---
    RMSE omega: 0.000343 | RMSE theta: 0.009549 | Loss: -0.3287 | Epoch: 5038
    Eq theta: 1.00000omega
    Eq omega: 0.009741 + -0.69277theta + -0.19685omega + -0.04744theta^2 + 0.07304theta omega + -0.06209omega^2 + -0.08189theta^3 + -0.01968theta^2 omega + 0.04034theta omega^2 + -0.03888omega^3

--- Chunk 6020 (63/993) | Start: 2024-09-05 00:35:00 ---
    RMSE omega: 0.001030 | RMSE theta: 0.020603 | Loss: 9.8473 | Epoch: 9999
    Eq theta: 1.00000omega
    Eq omega: 0.011491 + -0.04415theta + 0.10391omega + 0.00800theta^2 + -0.01012theta omega + 0.01931omega^2 + 0.00019theta^3 + -0.00003theta^2 omega + -0.00797theta omega^2 + 0.00231omega^3

--- Chunk 6021 (64/993) | Start: 2024-09-05 00:40:00 ---
    RMSE omega: 0.000324 | RMSE theta: 0.007537 | Loss: -2.6448 | Epoch: 6512
    Eq theta: 1.00000omega
    Eq omega: -0.649491 + -0.04816theta + 0.23827omega + 0.43198theta^2 + 0.07681theta omega + -0.03391omega^2 + -0.14761theta^3 + -0.03181theta^2 omega + -0.01616theta omega^2 + 0.01817omega^3

--- Chunk 6022 (65/993) | Start: 2024-09-05 00:45:00 ---
    RMSE omega: 0.000465 | RMSE theta: 0.012049 | Loss: 2.2523 | Epoch: 7318
    Eq theta: 1.00000omega
    Eq omega: 0.001981 + -0.00769theta + 0.01079omega + 0.00219theta^2 + -0.00793theta omega + -0.00098omega^2 + -0.00042theta^3 + 0.00135theta^2 omega + -0.00469theta omega^2 + -0.00283omega^3

--- Chunk 6023 (66/993) | Start: 2024-09-05 00:50:00 ---
    RMSE omega: 0.000375 | RMSE theta: 0.013267 | Loss: 1.6914 | Epoch: 6410
    Eq theta: 1.00000omega
    Eq omega: 0.968641 + -1.43110theta + -0.12678omega + -0.65859theta^2 + 0.29623theta omega + -0.09654omega^2 + 0.00365theta^3 + 0.54970theta^2 omega + 0.17817theta omega^2 + -0.13881omega^3

--- Chunk 6024 (67/993) | Start: 2024-09-05 00:55:00 ---
    RMSE omega: 0.000402 | RMSE theta: 0.008596 | Loss: 2.8426 | Epoch: 9999
    Eq theta: 1.00000omega
    Eq omega: -0.010231 + 0.01277theta + -0.00079omega + -0.00158theta^2 + -0.12563theta omega + 0.01312omega^2 + -0.00663theta^3 + -0.03136theta^2 omega + 0.01700theta omega^2 + 0.06463omega^3

--- Chunk 6025 (68/993) | Start: 2024-09-05 01:00:00 ---
    RMSE omega: 0.001478 | RMSE theta: 0.024965 | Loss: 14.6869 | Epoch: 2508
    Eq theta: 1.00000omega
    Eq omega: -0.072101 + -0.08379theta + -0.02739omega + 0.03648theta^2 + -0.00668theta omega + -0.09162omega^2 + -0.06191theta^3 + -0.00667theta^2 omega + -0.02850theta omega^2 + -0.00372omega^3

--- Chunk 6026 (69/993) | Start: 2024-09-05 01:05:00 ---
    RMSE omega: 0.000520 | RMSE theta: 0.014583 | Loss: -2.5016 | Epoch: 5648
    Eq theta: 1.00000omega
    Eq omega: 0.008801 + -0.30176theta + -0.09822omega + -0.01420theta^2 + 0.05027theta omega + -0.03558omega^2 + -0.00817theta^3 + -0.03160theta^2 omega + 0.00314theta omega^2 + -0.00907omega^3

--- Chunk 6027 (70/993) | Start: 2024-09-05 01:10:00 ---
    RMSE omega: 0.001894 | RMSE theta: 0.014893 | Loss: -0.4625 | Epoch: 7447
    Eq theta: 1.00000omega
    Eq omega: -0.009391 + -0.03121theta + 0.07110omega + -0.06884theta^2 + -0.00125theta omega + 0.06948omega^2 + -0.01019theta^3 + -0.00031theta^2 omega + 0.00397theta omega^2 + 0.00501omega^3

--- Chunk 6028 (71/993) | Start: 2024-09-05 01:15:00 ---
    RMSE omega: nan | RMSE theta: nan | Loss: 55744.8984 | Epoch: 1353
    Eq theta: 1.00000omega
    Eq omega: nan1 + nantheta + nanomega + nantheta^2 + nantheta omega + nanomega^2 + nantheta^3 + nantheta^2 omega + nantheta omega^2 + nanomega^3

--- Chunk 6029 (72/993) | Start: 2024-09-05 01:20:00 ---
    RMSE omega: 0.009345 | RMSE theta: 0.128137 | Loss: 302.2548 | Epoch: 9999
    Eq theta: 1.00000omega
    Eq omega: -0.024181 + -0.16365theta + -0.23022omega + 0.01987theta^2 + 0.02052theta omega + -0.00833omega^2 + -0.00045theta^3 + -0.00147theta^2 omega + 0.00044theta omega^2 + 0.00691omega^3

--- Chunk 6030 (73/993) | Start: 2024-09-05 01:25:00 ---
    RMSE omega: 0.000481 | RMSE theta: 0.010877 | Loss: -3.0141 | Epoch: 7636
    Eq theta: 1.00000omega
    Eq omega: 0.034691 + -0.04333theta + -0.02265omega + 0.00128theta^2 + 0.06829theta omega + 0.02779omega^2 + -0.01502theta^3 + -0.00275theta^2 omega + -0.00452theta omega^2 + 0.00053omega^3

--- Chunk 6031 (74/993) | Start: 2024-09-05 01:30:00 ---
    RMSE omega: nan | RMSE theta: nan | Loss: 753103.3125 | Epoch: 804
    Eq theta: 1.00000omega
    Eq omega: nan1 + nantheta + nanomega + nantheta^2 + nantheta omega + nanomega^2 + nantheta^3 + nantheta^2 omega + nantheta omega^2 + nanomega^3

--- Chunk 6032 (75/993) | Start: 2024-09-05 01:35:00 ---
    RMSE omega: 0.001883 | RMSE theta: 0.027151 | Loss: 124.0290 | Epoch: 9999
    Eq theta: 1.00000omega
    Eq omega: 0.037671 + 0.00258theta + -0.00217omega + 0.00174theta^2 + -0.00143theta omega + -0.00649omega^2 + -0.00012theta^3 + -0.00000theta^2 omega + 0.00050theta omega^2 + 0.00250omega^3

--- Chunk 6033 (76/993) | Start: 2024-09-05 01:40:00 ---
    RMSE omega: nan | RMSE theta: nan | Loss: 39456.7422 | Epoch: 1491
    Eq theta: 1.00000omega
    Eq omega: nan1 + nantheta + nanomega + nantheta^2 + nantheta omega + nanomega^2 + nantheta^3 + nantheta^2 omega + nantheta omega^2 + nanomega^3

--- Chunk 6034 (77/993) | Start: 2024-09-05 01:45:00 ---
    RMSE omega: nan | RMSE theta: nan | Loss: 3008.0659 | Epoch: 1124
    Eq theta: 1.00000omega
    Eq omega: nan1 + nantheta + nanomega + nantheta^2 + nantheta omega + nanomega^2 + nantheta^3 + nantheta^2 omega + nantheta omega^2 + nanomega^3

--- Chunk 6035 (78/993) | Start: 2024-09-05 01:50:00 ---
    RMSE omega: nan | RMSE theta: nan | Loss: 21549.8223 | Epoch: 1556
    Eq theta: 1.00000omega
    Eq omega: nan1 + nantheta + nanomega + nantheta^2 + nantheta omega + nanomega^2 + nantheta^3 + nantheta^2 omega + nantheta omega^2 + nanomega^3

--- Chunk 6036 (79/993) | Start: 2024-09-05 01:55:00 ---
    RMSE omega: 0.000513 | RMSE theta: 0.011923 | Loss: -3.6127 | Epoch: 8733
    Eq theta: 1.00000omega
    Eq omega: -0.007141 + 0.01527theta + 0.03743omega + 0.13743theta^2 + 0.09598theta omega + 0.09136omega^2 + -0.12632theta^3 + -0.14231theta^2 omega + -0.15065theta omega^2 + 0.00563omega^3

--- Chunk 6037 (80/993) | Start: 2024-09-05 02:00:00 ---
    RMSE omega: 0.000730 | RMSE theta: 0.014168 | Loss: 25.2582 | Epoch: 9999
    Eq theta: 1.00000omega
    Eq omega: 0.002651 + 0.00015theta + -0.01239omega + 0.00421theta^2 + -0.00200theta omega + -0.00728omega^2 + -0.00070theta^3 + 0.00002theta^2 omega + -0.00038theta omega^2 + -0.00271omega^3

--- Chunk 6038 (81/993) | Start: 2024-09-05 02:05:00 ---
    RMSE omega: nan | RMSE theta: nan | Loss: 7313.2231 | Epoch: 793
    Eq theta: 1.00000omega
    Eq omega: nan1 + nantheta + nanomega + nantheta^2 + nantheta omega + nanomega^2 + nantheta^3 + nantheta^2 omega + nantheta omega^2 + nanomega^3

--- Chunk 6039 (82/993) | Start: 2024-09-05 02:10:00 ---
    RMSE omega: 0.000793 | RMSE theta: 0.012759 | Loss: 15.3424 | Epoch: 9999
    Eq theta: 1.00000omega
    Eq omega: -0.001201 + 0.03302theta + -0.01521omega + 0.00142theta^2 + 0.00225theta omega + -0.00727omega^2 + -0.00131theta^3 + 0.00033theta^2 omega + 0.00035theta omega^2 + -0.00725omega^3

--- Chunk 6040 (83/993) | Start: 2024-09-05 02:15:00 ---
    RMSE omega: 0.000495 | RMSE theta: 0.010031 | Loss: -2.9340 | Epoch: 9999
    Eq theta: 1.00000omega
    Eq omega: -1.988441 + 0.05542theta + 0.09592omega + 1.12067theta^2 + 0.49570theta omega + 1.07163omega^2 + -0.42107theta^3 + -0.01541theta^2 omega + 0.09175theta omega^2 + 0.29815omega^3

--- Chunk 6041 (84/993) | Start: 2024-09-05 02:20:00 ---
    RMSE omega: nan | RMSE theta: nan | Loss: 171961.3438 | Epoch: 1774
    Eq theta: 1.00000omega
    Eq omega: nan1 + nantheta + nanomega + nantheta^2 + nantheta omega + nanomega^2 + nantheta^3 + nantheta^2 omega + nantheta omega^2 + nanomega^3

--- Chunk 6042 (85/993) | Start: 2024-09-05 02:25:00 ---
    RMSE omega: nan | RMSE theta: nan | Loss: 150.4934 | Epoch: 2576
    Eq theta: 1.00000omega
    Eq omega: nan1 + nantheta + nanomega + nantheta^2 + nantheta omega + nanomega^2 + nantheta^3 + nantheta^2 omega + nantheta omega^2 + nanomega^3

--- Chunk 6043 (86/993) | Start: 2024-09-05 02:30:00 ---
    RMSE omega: 0.002076 | RMSE theta: 0.017415 | Loss: 11.3954 | Epoch: 9999
    Eq theta: 1.00000omega
    Eq omega: 0.076611 + -0.23510theta + -0.01096omega + -0.00101theta^2 + -0.18314theta omega + 0.17946omega^2 + -0.00005theta^3 + -0.00176theta^2 omega + -0.10555theta omega^2 + -0.00765omega^3

--- Chunk 6044 (87/993) | Start: 2024-09-05 02:35:00 ---
    RMSE omega: nan | RMSE theta: nan | Loss: 6938.0210 | Epoch: 1024
    Eq theta: 1.00000omega
    Eq omega: nan1 + nantheta + nanomega + nantheta^2 + nantheta omega + nanomega^2 + nantheta^3 + nantheta^2 omega + nantheta omega^2 + nanomega^3

--- Chunk 6045 (88/993) | Start: 2024-09-05 02:40:00 ---
    RMSE omega: 0.000507 | RMSE theta: 0.012481 | Loss: -3.4372 | Epoch: 6978
    Eq theta: 1.00000omega
    Eq omega: 0.006751 + 0.47066theta + 0.00155omega + 0.41946theta^2 + 0.01439theta omega + -0.00465omega^2 + -0.26056theta^3 + 0.01937theta^2 omega + 0.03345theta omega^2 + 0.00811omega^3

--- Chunk 6046 (89/993) | Start: 2024-09-05 02:45:00 ---
    RMSE omega: 0.000962 | RMSE theta: 0.018873 | Loss: 26.9828 | Epoch: 9999
    Eq theta: 1.00000omega
    Eq omega: 0.036681 + -0.00055theta + 0.04257omega + -0.00022theta^2 + -0.00021theta omega + 0.00598omega^2 + 0.00025theta^3 + -0.00074theta^2 omega + -0.00335theta omega^2 + 0.00156omega^3

--- Chunk 6047 (90/993) | Start: 2024-09-05 02:50:00 ---
    RMSE omega: nan | RMSE theta: nan | Loss: 28590.4395 | Epoch: 1074
    Eq theta: 1.00000omega
    Eq omega: nan1 + nantheta + nanomega + nantheta^2 + nantheta omega + nanomega^2 + nantheta^3 + nantheta^2 omega + nantheta omega^2 + nanomega^3

--- Chunk 6048 (91/993) | Start: 2024-09-05 02:55:00 ---
    RMSE omega: nan | RMSE theta: nan | Loss: 13773.6846 | Epoch: 1190
    Eq theta: 1.00000omega
    Eq omega: nan1 + nantheta + nanomega + nantheta^2 + nantheta omega + nanomega^2 + nantheta^3 + nantheta^2 omega + nantheta omega^2 + nanomega^3

--- Chunk 6049 (92/993) | Start: 2024-09-05 03:00:00 ---
    RMSE omega: 0.000994 | RMSE theta: 0.015565 | Loss: 1.5142 | Epoch: 9999
    Eq theta: 1.00000omega
    Eq omega: -4.100341 + 0.28346theta + 1.22269omega + 0.23566theta^2 + -0.01329theta omega + 0.17822omega^2 + -0.01923theta^3 + -0.05996theta^2 omega + -0.02501theta omega^2 + 0.07857omega^3

--- Chunk 6050 (93/993) | Start: 2024-09-05 03:05:00 ---
    RMSE omega: nan | RMSE theta: nan | Loss: 180341.6719 | Epoch: 1648
    Eq theta: 1.00000omega
    Eq omega: nan1 + nantheta + nanomega + nantheta^2 + nantheta omega + nanomega^2 + nantheta^3 + nantheta^2 omega + nantheta omega^2 + nanomega^3

--- Chunk 6051 (94/993) | Start: 2024-09-05 03:10:00 ---
    RMSE omega: nan | RMSE theta: nan | Loss: 1168620.2500 | Epoch: 1503
    Eq theta: 1.00000omega
    Eq omega: nan1 + nantheta + nanomega + nantheta^2 + nantheta omega + nanomega^2 + nantheta^3 + nantheta^2 omega + nantheta omega^2 + nanomega^3

--- Chunk 6052 (95/993) | Start: 2024-09-05 03:15:00 ---
    RMSE omega: 0.000844 | RMSE theta: 0.022046 | Loss: 13.9547 | Epoch: 9999
    Eq theta: 1.00000omega
    Eq omega: 0.020701 + 0.12768theta + 0.00319omega + -0.00987theta^2 + -0.00002theta omega + 0.00055omega^2 + -0.00038theta^3 + -0.00049theta^2 omega + -0.00166theta omega^2 + -0.00031omega^3

--- Chunk 6053 (96/993) | Start: 2024-09-05 03:20:00 ---
    RMSE omega: nan | RMSE theta: nan | Loss: 911.5817 | Epoch: 1167
    Eq theta: 1.00000omega
    Eq omega: nan1 + nantheta + nanomega + nantheta^2 + nantheta omega + nanomega^2 + nantheta^3 + nantheta^2 omega + nantheta omega^2 + nanomega^3

--- Chunk 6054 (97/993) | Start: 2024-09-05 03:25:00 ---
    RMSE omega: nan | RMSE theta: nan | Loss: 3811.5603 | Epoch: 1008
    Eq theta: 1.00000omega
    Eq omega: nan1 + nantheta + nanomega + nantheta^2 + nantheta omega + nanomega^2 + nantheta^3 + nantheta^2 omega + nantheta omega^2 + nanomega^3

--- Chunk 6055 (98/993) | Start: 2024-09-05 03:30:00 ---
    RMSE omega: nan | RMSE theta: nan | Loss: 162835.0312 | Epoch: 1103
    Eq theta: 1.00000omega
    Eq omega: nan1 + nantheta + nanomega + nantheta^2 + nantheta omega + nanomega^2 + nantheta^3 + nantheta^2 omega + nantheta omega^2 + nanomega^3

--- Chunk 6056 (99/993) | Start: 2024-09-05 03:35:00 ---
    RMSE omega: nan | RMSE theta: nan | Loss: 288968.6875 | Epoch: 1387
    Eq theta: 1.00000omega
    Eq omega: nan1 + nantheta + nanomega + nantheta^2 + nantheta omega + nanomega^2 + nantheta^3 + nantheta^2 omega + nantheta omega^2 + nanomega^3

--- Chunk 6057 (100/993) | Start: 2024-09-05 03:40:00 ---
    RMSE omega: nan | RMSE theta: nan | Loss: 622.8661 | Epoch: 857
    Eq theta: 1.00000omega
    Eq omega: nan1 + nantheta + nanomega + nantheta^2 + nantheta omega + nanomega^2 + nantheta^3 + nantheta^2 omega + nantheta omega^2 + nanomega^3

  [Progress 100/993] Mean RMSE omega: 0.001419 | Mean loss: 126865.1558 | Valid: 56/100 | Elapsed: 2832.3min | ETA: 25292.2min

--- Chunk 6058 (101/993) | Start: 2024-09-05 03:45:00 ---
    RMSE omega: nan | RMSE theta: nan | Loss: 802.7682 | Epoch: 898
    Eq theta: 1.00000omega
    Eq omega: nan1 + nantheta + nanomega + nantheta^2 + nantheta omega + nanomega^2 + nantheta^3 + nantheta^2 omega + nantheta omega^2 + nanomega^3

--- Chunk 6059 (102/993) | Start: 2024-09-05 03:50:00 ---
    RMSE omega: nan | RMSE theta: nan | Loss: 1117746.2500 | Epoch: 1273
    Eq theta: 1.00000omega
    Eq omega: nan1 + nantheta + nanomega + nantheta^2 + nantheta omega + nanomega^2 + nantheta^3 + nantheta^2 omega + nantheta omega^2 + nanomega^3

--- Chunk 6060 (103/993) | Start: 2024-09-05 03:55:00 ---
    RMSE omega: 0.000562 | RMSE theta: 0.018749 | Loss: -2.1335 | Epoch: 6263
    Eq theta: 1.00000omega
    Eq omega: 0.219621 + -0.95396theta + 0.00671omega + -0.47240theta^2 + 0.19671theta omega + -0.21293omega^2 + -0.00284theta^3 + 0.06348theta^2 omega + -0.04187theta omega^2 + -0.02174omega^3

--- Chunk 6061 (104/993) | Start: 2024-09-05 04:00:00 ---
    RMSE omega: 0.001055 | RMSE theta: 0.015804 | Loss: -0.8518 | Epoch: 8291
    Eq theta: 1.00000omega
    Eq omega: -0.005301 + -0.30229theta + -0.01093omega + 0.03621theta^2 + -0.01898theta omega + -0.27464omega^2 + -0.01741theta^3 + 0.06639theta^2 omega + 0.00488theta omega^2 + -0.04157omega^3

--- Chunk 6062 (105/993) | Start: 2024-09-05 04:05:00 ---
    RMSE omega: 0.000626 | RMSE theta: 0.014114 | Loss: -2.3195 | Epoch: 5994
    Eq theta: 1.00000omega
    Eq omega: 0.013011 + -0.11302theta + -0.01747omega + -0.01813theta^2 + -0.03158theta omega + 0.02484omega^2 + 0.00054theta^3 + 0.00520theta^2 omega + 0.00816theta omega^2 + -0.01550omega^3

--- Chunk 6063 (106/993) | Start: 2024-09-05 04:10:00 ---
    RMSE omega: 0.000925 | RMSE theta: 0.017982 | Loss: 5.3143 | Epoch: 9999
    Eq theta: 1.00000omega
    Eq omega: 0.092351 + -0.01215theta + -0.01185omega + 0.00285theta^2 + 0.00359theta omega + 0.00448omega^2 + 0.00178theta^3 + -0.00058theta^2 omega + -0.03270theta omega^2 + -0.00074omega^3

--- Chunk 6064 (107/993) | Start: 2024-09-05 04:15:00 ---
    RMSE omega: nan | RMSE theta: nan | Loss: 1223.4209 | Epoch: 846
    Eq theta: 1.00000omega
    Eq omega: nan1 + nantheta + nanomega + nantheta^2 + nantheta omega + nanomega^2 + nantheta^3 + nantheta^2 omega + nantheta omega^2 + nanomega^3

--- Chunk 6065 (108/993) | Start: 2024-09-05 04:20:00 ---
    RMSE omega: nan | RMSE theta: nan | Loss: 394.7715 | Epoch: 1377
    Eq theta: 1.00000omega
    Eq omega: nan1 + nantheta + nanomega + nantheta^2 + nantheta omega + nanomega^2 + nantheta^3 + nantheta^2 omega + nantheta omega^2 + nanomega^3

--- Chunk 6066 (109/993) | Start: 2024-09-05 04:25:00 ---
    RMSE omega: 0.000529 | RMSE theta: 0.014269 | Loss: -1.8469 | Epoch: 5955
    Eq theta: 1.00000omega
    Eq omega: 0.022021 + -0.24468theta + 0.02692omega + 0.00873theta^2 + 0.00555theta omega + 0.08038omega^2 + -0.01051theta^3 + -0.02850theta^2 omega + -0.01816theta omega^2 + 0.00944omega^3

--- Chunk 6067 (110/993) | Start: 2024-09-05 04:30:00 ---
    RMSE omega: 0.000436 | RMSE theta: 0.009687 | Loss: 0.8802 | Epoch: 7898
    Eq theta: 1.00000omega
    Eq omega: -0.015401 + -0.00076theta + -0.04415omega + 0.03619theta^2 + 0.06194theta omega + -0.05685omega^2 + -0.01162theta^3 + -0.00255theta^2 omega + 0.00896theta omega^2 + 0.02893omega^3

--- Chunk 6068 (111/993) | Start: 2024-09-05 04:35:00 ---
    RMSE omega: 0.000739 | RMSE theta: 0.009887 | Loss: 4.9179 | Epoch: 6833
    Eq theta: 1.00000omega
    Eq omega: 0.005541 + -0.07338theta + -0.09110omega + -0.04562theta^2 + -0.00498theta omega + 0.00280omega^2 + -0.00768theta^3 + -0.00059theta^2 omega + 0.00350theta omega^2 + -0.00101omega^3

--- Chunk 6069 (112/993) | Start: 2024-09-05 04:40:00 ---
    RMSE omega: nan | RMSE theta: nan | Loss: 78378.4062 | Epoch: 864
    Eq theta: 1.00000omega
    Eq omega: nan1 + nantheta + nanomega + nantheta^2 + nantheta omega + nanomega^2 + nantheta^3 + nantheta^2 omega + nantheta omega^2 + nanomega^3

--- Chunk 6070 (113/993) | Start: 2024-09-05 04:45:00 ---
    RMSE omega: 0.000521 | RMSE theta: 0.011013 | Loss: -1.4479 | Epoch: 7831
    Eq theta: 1.00000omega
    Eq omega: -0.203081 + -0.07698theta + 0.02299omega + -0.01889theta^2 + -0.00002theta omega + 0.00641omega^2 + -0.00020theta^3 + -0.00008theta^2 omega + -0.00237theta omega^2 + -0.00311omega^3

--- Chunk 6071 (114/993) | Start: 2024-09-05 04:50:00 ---
[2026-03-09T17:31:39.003] error: *** JOB 3439120 ON uc3n026 CANCELLED AT 2026-03-09T17:31:39 DUE TO TIME LIMIT ***

============================= JOB FEEDBACK =============================

NodeName=uc3n026
Job ID: 3439120
Array Job ID: 3439112_6
Cluster: uc3
User/Group: ka_bj2362/ka_iai
State: TIMEOUT (exit code 0)
Nodes: 1
Cores per node: 70
CPU Utilized: 00:00:00
CPU Efficiency: 0.00% of 140-00:04:40 core-walltime
Job Wall-clock time: 2-00:00:04
Memory Utilized: 947.64 MB
Memory Efficiency: 2.89% of 32.00 GB (32.00 GB/node)
